HTTP/1.1 201 CREATED
Server: nginx/1.10.2
Date: Fri, 09 Jun 2017 21:14:05 GMT
Content-Type: application/json
Content-Length: 2006
ETag: "0"
Last-Modified: Fri, 09 Jun 2017 21:14:05 GMT
Link: <https://zenodo.org/api/deposit/depositions/805030/files>; rel="files", <https://zenodo.org/api/deposit/depositions/805030/actions/edit>; rel="edit", <https://zenodo.org/api/deposit/depositions/805030>; rel="self", <https://zenodo.org/api/deposit/depositions/805030/actions/publish>; rel="publish", <https://zenodo.org/deposit/805030>; rel="html", <https://zenodo.org/api/deposit/depositions/805030/actions/discard>; rel="discard"
location: https://zenodo.org/api/deposit/depositions/805030
X-RateLimit-Limit: 5000
X-RateLimit-Remaining: 4999
X-RateLimit-Reset: 1497046445
Retry-After: 3599
Access-Control-Allow-Origin: *
Access-Control-Expose-Headers: Content-Type, ETag, Link, X-RateLimit-Limit, X-RateLimit-Remaining, X-RateLimit-Reset
X-Sentry-ID: None
Strict-Transport-Security: max-age=31536000

{
  "conceptrecid": "805029", 
  "created": "2017-06-09T21:14:05.124827+00:00", 
  "files": [], 
  "id": 805030, 
  "links": {
    "bucket": "https://zenodo.org/api/files/7e8727be-916a-4db2-a0d2-bd7df8556983", 
    "discard": "https://zenodo.org/api/deposit/depositions/805030/actions/discard", 
    "edit": "https://zenodo.org/api/deposit/depositions/805030/actions/edit", 
    "files": "https://zenodo.org/api/deposit/depositions/805030/files", 
    "html": "https://zenodo.org/deposit/805030", 
    "latest_draft": "https://zenodo.org/api/deposit/depositions/805030", 
    "latest_draft_html": "https://zenodo.org/deposit/805030", 
    "publish": "https://zenodo.org/api/deposit/depositions/805030/actions/publish", 
    "self": "https://zenodo.org/api/deposit/depositions/805030"
  }, 
  "metadata": {
    "access_right": "open", 
    "communities": [
      {
        "identifier": "biosyslit"
      }
    ], 
    "creators": [
      {
        "name": "Aboim, A.N."
      }
    ], 
    "description": "uploaded by Plazi from Taxodros", 
    "journal_pages": "53-154", 
    "journal_title": "Revue suisse Zool.", 
    "journal_volume": "52", 
    "keywords": [
      "Biodiversity", 
      "Taxonomy", 
      "Animalia", 
      "Arthropoda", 
      "Insecta", 
      "Diptera", 
      "Drosophilidae", 
      "flies", 
      "fruit flies", 
      "terrestrial"
    ], 
    "license": "CC-BY-4.0", 
    "prereserve_doi": {
      "doi": "10.5281/zenodo.805030", 
      "recid": 805030
    }, 
    "publication_date": "1945-12-31", 
    "publication_type": "article", 
    "title": "Developpement embryonnaire et post-embryonnaire des gonades normales et agametiques de Drosophila melanogaster.", 
    "upload_type": "publication"
  }, 
  "modified": "2017-06-09T21:14:05.124833+00:00", 
  "owner": 1161, 
  "record_id": 805030, 
  "state": "unsubmitted", 
  "submitted": false, 
  "title": "Developpement embryonnaire et post-embryonnaire des gonades normales et agametiques de Drosophila melanogaster."
}HTTP/1.1 100 Continue

HTTP/1.1 405 METHOD NOT ALLOWED
Server: nginx/1.10.2
Date: Fri, 09 Jun 2017 21:14:07 GMT
Content-Type: application/json
Content-Length: 86
Access-Control-Allow-Origin: *
Access-Control-Expose-Headers: Content-Type, ETag, Link, X-RateLimit-Limit, X-RateLimit-Remaining, X-RateLimit-Reset
X-Sentry-ID: None

{
  "message": "The method is not allowed for the requested URL.", 
  "status": 405
}
HTTP/1.1 404 NOT FOUND
Server: nginx/1.10.2
Date: Fri, 09 Jun 2017 21:14:08 GMT
Content-Type: application/json
Content-Length: 159
Vary: Accept-Encoding
Access-Control-Allow-Origin: *
Access-Control-Expose-Headers: Content-Type, ETag, Link, X-RateLimit-Limit, X-RateLimit-Remaining, X-RateLimit-Reset
X-Sentry-ID: None

{
  "message": "The requested URL was not found on the server.  If you entered the URL manually please check your spelling and try again.", 
  "status": 404
}
{
  "conceptrecid": "805035", 
  "created": "2017-06-09T21:16:06.518244+00:00", 
  "files": [], 
  "id": 805036, 
  "links": {
    "bucket": "https://zenodo.org/api/files/a3e2323e-89e2-4bce-b209-30cee349f7bb", 
    "discard": "https://zenodo.org/api/deposit/depositions/805036/actions/discard", 
    "edit": "https://zenodo.org/api/deposit/depositions/805036/actions/edit", 
    "files": "https://zenodo.org/api/deposit/depositions/805036/files", 
    "html": "https://zenodo.org/deposit/805036", 
    "latest_draft": "https://zenodo.org/api/deposit/depositions/805036", 
    "latest_draft_html": "https://zenodo.org/deposit/805036", 
    "publish": "https://zenodo.org/api/deposit/depositions/805036/actions/publish", 
    "self": "https://zenodo.org/api/deposit/depositions/805036"
  }, 
  "metadata": {
    "access_right": "open", 
    "communities": [
      {
        "identifier": "biosyslit"
      }
    ], 
    "creators": [
      {
        "name": "Aboim, A.N."
      }
    ], 
    "description": "uploaded by Plazi from Taxodros", 
    "journal_pages": "53-154", 
    "journal_title": "Revue suisse Zool.", 
    "journal_volume": "52", 
    "keywords": [
      "Biodiversity", 
      "Taxonomy", 
      "Animalia", 
      "Arthropoda", 
      "Insecta", 
      "Diptera", 
      "Drosophilidae", 
      "flies", 
      "fruit flies", 
      "terrestrial"
    ], 
    "license": "CC-BY-4.0", 
    "prereserve_doi": {
      "doi": "10.5281/zenodo.805036", 
      "recid": 805036
    }, 
    "publication_date": "1945-12-31", 
    "publication_type": "article", 
    "title": "Developpement embryonnaire et post-embryonnaire des gonades normales et agametiques de Drosophila melanogaster.", 
    "upload_type": "publication"
  }, 
  "modified": "2017-06-09T21:16:06.518251+00:00", 
  "owner": 1161, 
  "record_id": 805036, 
  "state": "unsubmitted", 
  "submitted": false, 
  "title": "Developpement embryonnaire et post-embryonnaire des gonades normales et agametiques de Drosophila melanogaster."
}HTTP/1.1 100 Continue

HTTP/1.1 201 CREATED
Server: nginx/1.10.2
Date: Fri, 09 Jun 2017 21:16:09 GMT
Content-Type: application/json
Content-Length: 355
X-RateLimit-Limit: 5000
X-RateLimit-Remaining: 4999
X-RateLimit-Reset: 1497046567
Retry-After: 3597
Access-Control-Allow-Origin: *
Access-Control-Expose-Headers: Content-Type, ETag, Link, X-RateLimit-Limit, X-RateLimit-Remaining, X-RateLimit-Reset
X-Sentry-ID: None
Strict-Transport-Security: max-age=31536000

{"checksum": "d86ae28b77e1da1737b95bd32b631771", "filename": "aboim_1945.pdf", "filesize": 123513, "id": "e506b661-2cd6-4265-9ae2-5ae573e5eeec", "links": {"download": "https://zenodo.org/api/files/a3e2323e-89e2-4bce-b209-30cee349f7bb/aboim_1945.pdf", "self": "https://zenodo.org/api/deposit/depositions/805036/files/e506b661-2cd6-4265-9ae2-5ae573e5eeec"}}HTTP/1.1 202 ACCEPTED
Server: nginx/1.10.2
Date: Fri, 09 Jun 2017 21:16:11 GMT
Content-Type: application/json
Content-Length: 2557
ETag: "2"
Last-Modified: Fri, 09 Jun 2017 21:16:10 GMT
Location: https://zenodo.org/api/deposit/depositions/805036
X-RateLimit-Limit: 5000
X-RateLimit-Remaining: 4999
X-RateLimit-Reset: 1497046570
Retry-After: 3598
Access-Control-Allow-Origin: *
Access-Control-Expose-Headers: Content-Type, ETag, Link, X-RateLimit-Limit, X-RateLimit-Remaining, X-RateLimit-Reset
X-Sentry-ID: None

{
  "conceptdoi": "10.5281/zenodo.805035", 
  "conceptrecid": "805035", 
  "created": "2017-06-09T21:16:06.518244+00:00", 
  "doi": "10.5281/zenodo.805036", 
  "doi_url": "https://doi.org/10.5281/zenodo.805036", 
  "files": [
    {
      "checksum": "d86ae28b77e1da1737b95bd32b631771", 
      "filename": "aboim_1945.pdf", 
      "filesize": 123513, 
      "id": "e506b661-2cd6-4265-9ae2-5ae573e5eeec", 
      "links": {
        "download": "https://zenodo.org/api/files/a3e2323e-89e2-4bce-b209-30cee349f7bb/aboim_1945.pdf", 
        "self": "https://zenodo.org/api/deposit/depositions/804687/files/e506b661-2cd6-4265-9ae2-5ae573e5eeec"
      }
    }
  ], 
  "id": 805036, 
  "links": {
    "badge": "https://zenodo.org/badge/doi/10.5281/zenodo.805036.svg", 
    "bucket": "https://zenodo.org/api/files/a3e2323e-89e2-4bce-b209-30cee349f7bb", 
    "conceptbadge": "https://zenodo.org/badge/doi/10.5281/zenodo.805035.svg", 
    "conceptdoi": "https://doi.org/10.5281/zenodo.805035", 
    "doi": "https://doi.org/10.5281/zenodo.805036", 
    "latest": "https://zenodo.org/api/records/805036", 
    "latest_html": "https://zenodo.org/record/805036", 
    "record": "https://zenodo.org/api/records/805036", 
    "record_html": "https://zenodo.org/record/805036"
  }, 
  "metadata": {
    "access_right": "open", 
    "communities": [
      {
        "identifier": "biosyslit"
      }, 
      {
        "identifier": "zenodo"
      }
    ], 
    "creators": [
      {
        "name": "Aboim, A.N."
      }
    ], 
    "description": "uploaded by Plazi from Taxodros", 
    "doi": "10.5281/zenodo.805036", 
    "journal_pages": "53-154", 
    "journal_title": "Revue suisse Zool.", 
    "journal_volume": "52", 
    "keywords": [
      "Biodiversity", 
      "Taxonomy", 
      "Animalia", 
      "Arthropoda", 
      "Insecta", 
      "Diptera", 
      "Drosophilidae", 
      "flies", 
      "fruit flies", 
      "terrestrial"
    ], 
    "license": "CC-BY-4.0", 
    "prereserve_doi": {
      "doi": "10.5281/zenodo.805036", 
      "recid": 805036
    }, 
    "publication_date": "1945-12-31", 
    "publication_type": "article", 
    "title": "Developpement embryonnaire et post-embryonnaire des gonades normales et agametiques de Drosophila melanogaster.", 
    "upload_type": "publication"
  }, 
  "modified": "2017-06-09T21:16:10.891463+00:00", 
  "owner": 1161, 
  "record_id": 805036, 
  "state": "done", 
  "submitted": true, 
  "title": "Developpement embryonnaire et post-embryonnaire des gonades normales et agametiques de Drosophila melanogaster."
}