HTTP/1.1 201 CREATED
Server: nginx/1.10.2
Date: Fri, 09 Jun 2017 21:14:09 GMT
Content-Type: application/json
Content-Length: 2097
ETag: "0"
Last-Modified: Fri, 09 Jun 2017 21:14:09 GMT
Link: <https://zenodo.org/api/deposit/depositions/805032/files>; rel="files", <https://zenodo.org/api/deposit/depositions/805032/actions/edit>; rel="edit", <https://zenodo.org/api/deposit/depositions/805032>; rel="self", <https://zenodo.org/api/deposit/depositions/805032/actions/publish>; rel="publish", <https://zenodo.org/deposit/805032>; rel="html", <https://zenodo.org/api/deposit/depositions/805032/actions/discard>; rel="discard"
location: https://zenodo.org/api/deposit/depositions/805032
X-RateLimit-Limit: 5000
X-RateLimit-Remaining: 4998
X-RateLimit-Reset: 1497045664
Retry-After: 2814
Access-Control-Allow-Origin: *
Access-Control-Expose-Headers: Content-Type, ETag, Link, X-RateLimit-Limit, X-RateLimit-Remaining, X-RateLimit-Reset
X-Sentry-ID: None
Strict-Transport-Security: max-age=31536000

{
  "conceptrecid": "805031", 
  "created": "2017-06-09T21:14:09.190293+00:00", 
  "files": [], 
  "id": 805032, 
  "links": {
    "bucket": "https://zenodo.org/api/files/e3c0d106-59f4-457f-abcb-c63cf7396e59", 
    "discard": "https://zenodo.org/api/deposit/depositions/805032/actions/discard", 
    "edit": "https://zenodo.org/api/deposit/depositions/805032/actions/edit", 
    "files": "https://zenodo.org/api/deposit/depositions/805032/files", 
    "html": "https://zenodo.org/deposit/805032", 
    "latest_draft": "https://zenodo.org/api/deposit/depositions/805032", 
    "latest_draft_html": "https://zenodo.org/deposit/805032", 
    "publish": "https://zenodo.org/api/deposit/depositions/805032/actions/publish", 
    "self": "https://zenodo.org/api/deposit/depositions/805032"
  }, 
  "metadata": {
    "access_right": "open", 
    "communities": [
      {
        "identifier": "biosyslit"
      }
    ], 
    "creators": [
      {
        "name": "Aboim, A.N."
      }, 
      {
        "name": "Tordo, G.C."
      }, 
      {
        "name": "Ferreira, G.V."
      }
    ], 
    "description": "uploaded by Plazi from Taxodros", 
    "journal_pages": "34-52", 
    "journal_title": "Bolm Soc. port. Cienc. nat.", 
    "journal_volume": "17", 
    "keywords": [
      "Biodiversity", 
      "Taxonomy", 
      "Animalia", 
      "Arthropoda", 
      "Insecta", 
      "Diptera", 
      "Drosophilidae", 
      "flies", 
      "fruit flies", 
      "terrestrial"
    ], 
    "license": "CC-BY-4.0", 
    "prereserve_doi": {
      "doi": "10.5281/zenodo.805032", 
      "recid": 805032
    }, 
    "publication_date": "1949-12-31", 
    "publication_type": "article", 
    "title": "Toxicite du chlordane (Velsicole 1068) sur plusieurs insectes qui ravagent les substances emmagasinees.", 
    "upload_type": "publication"
  }, 
  "modified": "2017-06-09T21:14:09.190299+00:00", 
  "owner": 1161, 
  "record_id": 805032, 
  "state": "unsubmitted", 
  "submitted": false, 
  "title": "Toxicite du chlordane (Velsicole 1068) sur plusieurs insectes qui ravagent les substances emmagasinees."
}HTTP/1.1 100 Continue

HTTP/1.1 405 METHOD NOT ALLOWED
Server: nginx/1.10.2
Date: Fri, 09 Jun 2017 21:14:11 GMT
Content-Type: application/json
Content-Length: 86
Access-Control-Allow-Origin: *
Access-Control-Expose-Headers: Content-Type, ETag, Link, X-RateLimit-Limit, X-RateLimit-Remaining, X-RateLimit-Reset
X-Sentry-ID: None

{
  "message": "The method is not allowed for the requested URL.", 
  "status": 405
}
HTTP/1.1 404 NOT FOUND
Server: nginx/1.10.2
Date: Fri, 09 Jun 2017 21:14:12 GMT
Content-Type: application/json
Content-Length: 159
Vary: Accept-Encoding
Access-Control-Allow-Origin: *
Access-Control-Expose-Headers: Content-Type, ETag, Link, X-RateLimit-Limit, X-RateLimit-Remaining, X-RateLimit-Reset
X-Sentry-ID: None

{
  "message": "The requested URL was not found on the server.  If you entered the URL manually please check your spelling and try again.", 
  "status": 404
}
{
  "conceptrecid": "805037", 
  "created": "2017-06-09T21:16:12.230611+00:00", 
  "files": [], 
  "id": 805038, 
  "links": {
    "bucket": "https://zenodo.org/api/files/4fa02a1d-d999-44d4-a36d-a4c79c7e9a15", 
    "discard": "https://zenodo.org/api/deposit/depositions/805038/actions/discard", 
    "edit": "https://zenodo.org/api/deposit/depositions/805038/actions/edit", 
    "files": "https://zenodo.org/api/deposit/depositions/805038/files", 
    "html": "https://zenodo.org/deposit/805038", 
    "latest_draft": "https://zenodo.org/api/deposit/depositions/805038", 
    "latest_draft_html": "https://zenodo.org/deposit/805038", 
    "publish": "https://zenodo.org/api/deposit/depositions/805038/actions/publish", 
    "self": "https://zenodo.org/api/deposit/depositions/805038"
  }, 
  "metadata": {
    "access_right": "open", 
    "communities": [
      {
        "identifier": "biosyslit"
      }
    ], 
    "creators": [
      {
        "name": "Aboim, A.N."
      }, 
      {
        "name": "Tordo, G.C."
      }, 
      {
        "name": "Ferreira, G.V."
      }
    ], 
    "description": "uploaded by Plazi from Taxodros", 
    "journal_pages": "34-52", 
    "journal_title": "Bolm Soc. port. Cienc. nat.", 
    "journal_volume": "17", 
    "keywords": [
      "Biodiversity", 
      "Taxonomy", 
      "Animalia", 
      "Arthropoda", 
      "Insecta", 
      "Diptera", 
      "Drosophilidae", 
      "flies", 
      "fruit flies", 
      "terrestrial"
    ], 
    "license": "CC-BY-4.0", 
    "prereserve_doi": {
      "doi": "10.5281/zenodo.805038", 
      "recid": 805038
    }, 
    "publication_date": "1949-12-31", 
    "publication_type": "article", 
    "title": "Toxicite du chlordane (Velsicole 1068) sur plusieurs insectes qui ravagent les substances emmagasinees.", 
    "upload_type": "publication"
  }, 
  "modified": "2017-06-09T21:16:12.230617+00:00", 
  "owner": 1161, 
  "record_id": 805038, 
  "state": "unsubmitted", 
  "submitted": false, 
  "title": "Toxicite du chlordane (Velsicole 1068) sur plusieurs insectes qui ravagent les substances emmagasinees."
}HTTP/1.1 100 Continue

HTTP/1.1 201 CREATED
Server: nginx/1.10.2
Date: Fri, 09 Jun 2017 21:16:14 GMT
Content-Type: application/json
Content-Length: 368
X-RateLimit-Limit: 5000
X-RateLimit-Remaining: 4999
X-RateLimit-Reset: 1497046573
Retry-After: 3598
Access-Control-Allow-Origin: *
Access-Control-Expose-Headers: Content-Type, ETag, Link, X-RateLimit-Limit, X-RateLimit-Remaining, X-RateLimit-Reset
X-Sentry-ID: None
Strict-Transport-Security: max-age=31536000

{"checksum": "8f09ec2004c0a161e70e714eaef68325", "filename": "aboim_et_al__1949.pdf", "filesize": 84091, "id": "86290d99-3777-45ca-af9c-344cbe7ff825", "links": {"download": "https://zenodo.org/api/files/4fa02a1d-d999-44d4-a36d-a4c79c7e9a15/aboim_et_al__1949.pdf", "self": "https://zenodo.org/api/deposit/depositions/805038/files/86290d99-3777-45ca-af9c-344cbe7ff825"}}HTTP/1.1 202 ACCEPTED
Server: nginx/1.10.2
Date: Fri, 09 Jun 2017 21:16:17 GMT
Content-Type: application/json
Content-Length: 2661
ETag: "2"
Last-Modified: Fri, 09 Jun 2017 21:16:17 GMT
Location: https://zenodo.org/api/deposit/depositions/805038
X-RateLimit-Limit: 5000
X-RateLimit-Remaining: 4999
X-RateLimit-Reset: 1497046575
Retry-After: 3597
Access-Control-Allow-Origin: *
Access-Control-Expose-Headers: Content-Type, ETag, Link, X-RateLimit-Limit, X-RateLimit-Remaining, X-RateLimit-Reset
X-Sentry-ID: None

{
  "conceptdoi": "10.5281/zenodo.805037", 
  "conceptrecid": "805037", 
  "created": "2017-06-09T21:16:12.230611+00:00", 
  "doi": "10.5281/zenodo.805038", 
  "doi_url": "https://doi.org/10.5281/zenodo.805038", 
  "files": [
    {
      "checksum": "8f09ec2004c0a161e70e714eaef68325", 
      "filename": "aboim_et_al__1949.pdf", 
      "filesize": 84091, 
      "id": "86290d99-3777-45ca-af9c-344cbe7ff825", 
      "links": {
        "download": "https://zenodo.org/api/files/4fa02a1d-d999-44d4-a36d-a4c79c7e9a15/aboim_et_al__1949.pdf", 
        "self": "https://zenodo.org/api/deposit/depositions/804610/files/86290d99-3777-45ca-af9c-344cbe7ff825"
      }
    }
  ], 
  "id": 805038, 
  "links": {
    "badge": "https://zenodo.org/badge/doi/10.5281/zenodo.805038.svg", 
    "bucket": "https://zenodo.org/api/files/4fa02a1d-d999-44d4-a36d-a4c79c7e9a15", 
    "conceptbadge": "https://zenodo.org/badge/doi/10.5281/zenodo.805037.svg", 
    "conceptdoi": "https://doi.org/10.5281/zenodo.805037", 
    "doi": "https://doi.org/10.5281/zenodo.805038", 
    "latest": "https://zenodo.org/api/records/805038", 
    "latest_html": "https://zenodo.org/record/805038", 
    "record": "https://zenodo.org/api/records/805038", 
    "record_html": "https://zenodo.org/record/805038"
  }, 
  "metadata": {
    "access_right": "open", 
    "communities": [
      {
        "identifier": "biosyslit"
      }, 
      {
        "identifier": "zenodo"
      }
    ], 
    "creators": [
      {
        "name": "Aboim, A.N."
      }, 
      {
        "name": "Tordo, G.C."
      }, 
      {
        "name": "Ferreira, G.V."
      }
    ], 
    "description": "uploaded by Plazi from Taxodros", 
    "doi": "10.5281/zenodo.805038", 
    "journal_pages": "34-52", 
    "journal_title": "Bolm Soc. port. Cienc. nat.", 
    "journal_volume": "17", 
    "keywords": [
      "Biodiversity", 
      "Taxonomy", 
      "Animalia", 
      "Arthropoda", 
      "Insecta", 
      "Diptera", 
      "Drosophilidae", 
      "flies", 
      "fruit flies", 
      "terrestrial"
    ], 
    "license": "CC-BY-4.0", 
    "prereserve_doi": {
      "doi": "10.5281/zenodo.805038", 
      "recid": 805038
    }, 
    "publication_date": "1949-12-31", 
    "publication_type": "article", 
    "title": "Toxicite du chlordane (Velsicole 1068) sur plusieurs insectes qui ravagent les substances emmagasinees.", 
    "upload_type": "publication"
  }, 
  "modified": "2017-06-09T21:16:17.004392+00:00", 
  "owner": 1161, 
  "record_id": 805038, 
  "state": "done", 
  "submitted": true, 
  "title": "Toxicite du chlordane (Velsicole 1068) sur plusieurs insectes qui ravagent les substances emmagasinees."
}