{
  "conceptrecid": "805049", 
  "created": "2017-06-09T21:31:37.572664+00:00", 
  "files": [], 
  "id": 805050, 
  "links": {
    "bucket": "https://zenodo.org/api/files/6120131b-7e8d-49c5-a8ee-c59c66afdbba", 
    "discard": "https://zenodo.org/api/deposit/depositions/805050/actions/discard", 
    "edit": "https://zenodo.org/api/deposit/depositions/805050/actions/edit", 
    "files": "https://zenodo.org/api/deposit/depositions/805050/files", 
    "html": "https://zenodo.org/deposit/805050", 
    "latest_draft": "https://zenodo.org/api/deposit/depositions/805050", 
    "latest_draft_html": "https://zenodo.org/deposit/805050", 
    "publish": "https://zenodo.org/api/deposit/depositions/805050/actions/publish", 
    "self": "https://zenodo.org/api/deposit/depositions/805050"
  }, 
  "metadata": {
    "access_right": "open", 
    "communities": [
      {
        "identifier": "biosyslit"
      }
    ], 
    "creators": [
      {
        "name": "Aboul-Nasr, A."
      }
    ], 
    "description": "uploaded by Plazi from Taxodros", 
    "journal_pages": "19-31", 
    "journal_title": "Bull. Soc. Fouad Ent.", 
    "journal_volume": "38", 
    "keywords": [
      "Biodiversity", 
      "Taxonomy", 
      "Animalia", 
      "Arthropoda", 
      "Insecta", 
      "Diptera", 
      "Drosophilidae", 
      "flies", 
      "fruit flies", 
      "terrestrial"
    ], 
    "license": "CC-BY-4.0", 
    "prereserve_doi": {
      "doi": "10.5281/zenodo.805050", 
      "recid": 805050
    }, 
    "publication_date": "1954-12-31", 
    "publication_type": "article", 
    "title": "The effect of carbon-tetrachloride upon the wing-beat frequency of Drosophila virilis Sturtevant (1916).", 
    "upload_type": "publication"
  }, 
  "modified": "2017-06-09T21:31:37.572670+00:00", 
  "owner": 1161, 
  "record_id": 805050, 
  "state": "unsubmitted", 
  "submitted": false, 
  "title": "The effect of carbon-tetrachloride upon the wing-beat frequency of Drosophila virilis Sturtevant (1916)."
}HTTP/1.1 100 Continue

HTTP/1.1 201 CREATED
Server: nginx/1.10.2
Date: Fri, 09 Jun 2017 21:31:39 GMT
Content-Type: application/json
Content-Length: 366
X-RateLimit-Limit: 5000
X-RateLimit-Remaining: 4998
X-RateLimit-Reset: 1497047481
Retry-After: 3581
Access-Control-Allow-Origin: *
Access-Control-Expose-Headers: Content-Type, ETag, Link, X-RateLimit-Limit, X-RateLimit-Remaining, X-RateLimit-Reset
X-Sentry-ID: None
Strict-Transport-Security: max-age=31536000

{"checksum": "376abdf070b4cae5a097846aa568d6d3", "filename": "aboul-nasr_1954b.pdf", "filesize": 30777, "id": "d9b27486-ff8d-4920-8bda-4924292d88f5", "links": {"download": "https://zenodo.org/api/files/6120131b-7e8d-49c5-a8ee-c59c66afdbba/aboul-nasr_1954b.pdf", "self": "https://zenodo.org/api/deposit/depositions/805050/files/d9b27486-ff8d-4920-8bda-4924292d88f5"}}HTTP/1.1 202 ACCEPTED
Server: nginx/1.10.2
Date: Fri, 09 Jun 2017 21:31:41 GMT
Content-Type: application/json
Content-Length: 2559
ETag: "2"
Last-Modified: Fri, 09 Jun 2017 21:31:41 GMT
Location: https://zenodo.org/api/deposit/depositions/805050
X-RateLimit-Limit: 5000
X-RateLimit-Remaining: 4999
X-RateLimit-Reset: 1497047500
Retry-After: 3598
Access-Control-Allow-Origin: *
Access-Control-Expose-Headers: Content-Type, ETag, Link, X-RateLimit-Limit, X-RateLimit-Remaining, X-RateLimit-Reset
X-Sentry-ID: None

{
  "conceptdoi": "10.5281/zenodo.805049", 
  "conceptrecid": "805049", 
  "created": "2017-06-09T21:31:37.572664+00:00", 
  "doi": "10.5281/zenodo.805050", 
  "doi_url": "https://doi.org/10.5281/zenodo.805050", 
  "files": [
    {
      "checksum": "376abdf070b4cae5a097846aa568d6d3", 
      "filename": "aboul-nasr_1954b.pdf", 
      "filesize": 30777, 
      "id": "d9b27486-ff8d-4920-8bda-4924292d88f5", 
      "links": {
        "download": "https://zenodo.org/api/files/6120131b-7e8d-49c5-a8ee-c59c66afdbba/aboul-nasr_1954b.pdf", 
        "self": "https://zenodo.org/api/deposit/depositions/804352/files/d9b27486-ff8d-4920-8bda-4924292d88f5"
      }
    }
  ], 
  "id": 805050, 
  "links": {
    "badge": "https://zenodo.org/badge/doi/10.5281/zenodo.805050.svg", 
    "bucket": "https://zenodo.org/api/files/6120131b-7e8d-49c5-a8ee-c59c66afdbba", 
    "conceptbadge": "https://zenodo.org/badge/doi/10.5281/zenodo.805049.svg", 
    "conceptdoi": "https://doi.org/10.5281/zenodo.805049", 
    "doi": "https://doi.org/10.5281/zenodo.805050", 
    "latest": "https://zenodo.org/api/records/805050", 
    "latest_html": "https://zenodo.org/record/805050", 
    "record": "https://zenodo.org/api/records/805050", 
    "record_html": "https://zenodo.org/record/805050"
  }, 
  "metadata": {
    "access_right": "open", 
    "communities": [
      {
        "identifier": "biosyslit"
      }, 
      {
        "identifier": "zenodo"
      }
    ], 
    "creators": [
      {
        "name": "Aboul-Nasr, A."
      }
    ], 
    "description": "uploaded by Plazi from Taxodros", 
    "doi": "10.5281/zenodo.805050", 
    "journal_pages": "19-31", 
    "journal_title": "Bull. Soc. Fouad Ent.", 
    "journal_volume": "38", 
    "keywords": [
      "Biodiversity", 
      "Taxonomy", 
      "Animalia", 
      "Arthropoda", 
      "Insecta", 
      "Diptera", 
      "Drosophilidae", 
      "flies", 
      "fruit flies", 
      "terrestrial"
    ], 
    "license": "CC-BY-4.0", 
    "prereserve_doi": {
      "doi": "10.5281/zenodo.805050", 
      "recid": 805050
    }, 
    "publication_date": "1954-12-31", 
    "publication_type": "article", 
    "title": "The effect of carbon-tetrachloride upon the wing-beat frequency of Drosophila virilis Sturtevant (1916).", 
    "upload_type": "publication"
  }, 
  "modified": "2017-06-09T21:31:41.304226+00:00", 
  "owner": 1161, 
  "record_id": 805050, 
  "state": "done", 
  "submitted": true, 
  "title": "The effect of carbon-tetrachloride upon the wing-beat frequency of Drosophila virilis Sturtevant (1916)."
}