{
  "conceptrecid": "805041", 
  "created": "2017-06-09T21:31:13.158108+00:00", 
  "files": [], 
  "id": 805042, 
  "links": {
    "bucket": "https://zenodo.org/api/files/395ce636-08f2-4654-92a7-b9b6f7f06cf9", 
    "discard": "https://zenodo.org/api/deposit/depositions/805042/actions/discard", 
    "edit": "https://zenodo.org/api/deposit/depositions/805042/actions/edit", 
    "files": "https://zenodo.org/api/deposit/depositions/805042/files", 
    "html": "https://zenodo.org/deposit/805042", 
    "latest_draft": "https://zenodo.org/api/deposit/depositions/805042", 
    "latest_draft_html": "https://zenodo.org/deposit/805042", 
    "publish": "https://zenodo.org/api/deposit/depositions/805042/actions/publish", 
    "self": "https://zenodo.org/api/deposit/depositions/805042"
  }, 
  "metadata": {
    "access_right": "open", 
    "communities": [
      {
        "identifier": "biosyslit"
      }
    ], 
    "creators": [
      {
        "name": "Abou-Youssef, A.Y."
      }
    ], 
    "description": "uploaded by Plazi from Taxodros", 
    "journal_pages": "80-94", 
    "journal_title": "Egypt. J. Genet. Cytol.", 
    "journal_volume": "8", 
    "keywords": [
      "Biodiversity", 
      "Taxonomy", 
      "Animalia", 
      "Arthropoda", 
      "Insecta", 
      "Diptera", 
      "Drosophilidae", 
      "flies", 
      "fruit flies", 
      "terrestrial"
    ], 
    "license": "CC-BY-4.0", 
    "prereserve_doi": {
      "doi": "10.5281/zenodo.805042", 
      "recid": 805042
    }, 
    "publication_date": "1979-01-31", 
    "publication_type": "article", 
    "title": "Genetic studies on isozyme polymorphism in Drosophila. II. Gene frequency changes at the amylase locus in cage population of D. virilis.", 
    "upload_type": "publication"
  }, 
  "modified": "2017-06-09T21:31:13.158115+00:00", 
  "owner": 1161, 
  "record_id": 805042, 
  "state": "unsubmitted", 
  "submitted": false, 
  "title": "Genetic studies on isozyme polymorphism in Drosophila. II. Gene frequency changes at the amylase locus in cage population of D. virilis."
}HTTP/1.1 100 Continue

HTTP/1.1 201 CREATED
Server: nginx/1.10.2
Date: Fri, 09 Jun 2017 21:31:16 GMT
Content-Type: application/json
Content-Length: 353
X-RateLimit-Limit: 5000
X-RateLimit-Remaining: 4998
X-RateLimit-Reset: 1497044437
Retry-After: 560
Access-Control-Allow-Origin: *
Access-Control-Expose-Headers: Content-Type, ETag, Link, X-RateLimit-Limit, X-RateLimit-Remaining, X-RateLimit-Reset
X-Sentry-ID: None
Strict-Transport-Security: max-age=31536000

{"checksum": "b1ff47756d4b1f967bc2f010e6e01c27", "filename": "abou_1979.pdf", "filesize": 374157, "id": "3541e975-5a33-4367-a7ed-5695391dbeed", "links": {"download": "https://zenodo.org/api/files/395ce636-08f2-4654-92a7-b9b6f7f06cf9/abou_1979.pdf", "self": "https://zenodo.org/api/deposit/depositions/805042/files/3541e975-5a33-4367-a7ed-5695391dbeed"}}HTTP/1.1 202 ACCEPTED
Server: nginx/1.10.2
Date: Fri, 09 Jun 2017 21:31:19 GMT
Content-Type: application/json
Content-Length: 2615
ETag: "2"
Last-Modified: Fri, 09 Jun 2017 21:31:19 GMT
Location: https://zenodo.org/api/deposit/depositions/805042
X-RateLimit-Limit: 5000
X-RateLimit-Remaining: 4999
X-RateLimit-Reset: 1497047478
Retry-After: 3598
Access-Control-Allow-Origin: *
Access-Control-Expose-Headers: Content-Type, ETag, Link, X-RateLimit-Limit, X-RateLimit-Remaining, X-RateLimit-Reset
X-Sentry-ID: None

{
  "conceptdoi": "10.5281/zenodo.805041", 
  "conceptrecid": "805041", 
  "created": "2017-06-09T21:31:13.158108+00:00", 
  "doi": "10.5281/zenodo.805042", 
  "doi_url": "https://doi.org/10.5281/zenodo.805042", 
  "files": [
    {
      "checksum": "b1ff47756d4b1f967bc2f010e6e01c27", 
      "filename": "abou_1979.pdf", 
      "filesize": 374157, 
      "id": "3541e975-5a33-4367-a7ed-5695391dbeed", 
      "links": {
        "download": "https://zenodo.org/api/files/395ce636-08f2-4654-92a7-b9b6f7f06cf9/abou_1979.pdf", 
        "self": "https://zenodo.org/api/deposit/depositions/804352/files/3541e975-5a33-4367-a7ed-5695391dbeed"
      }
    }
  ], 
  "id": 805042, 
  "links": {
    "badge": "https://zenodo.org/badge/doi/10.5281/zenodo.805042.svg", 
    "bucket": "https://zenodo.org/api/files/395ce636-08f2-4654-92a7-b9b6f7f06cf9", 
    "conceptbadge": "https://zenodo.org/badge/doi/10.5281/zenodo.805041.svg", 
    "conceptdoi": "https://doi.org/10.5281/zenodo.805041", 
    "doi": "https://doi.org/10.5281/zenodo.805042", 
    "latest": "https://zenodo.org/api/records/805042", 
    "latest_html": "https://zenodo.org/record/805042", 
    "record": "https://zenodo.org/api/records/805042", 
    "record_html": "https://zenodo.org/record/805042"
  }, 
  "metadata": {
    "access_right": "open", 
    "communities": [
      {
        "identifier": "biosyslit"
      }, 
      {
        "identifier": "zenodo"
      }
    ], 
    "creators": [
      {
        "name": "Abou-Youssef, A.Y."
      }
    ], 
    "description": "uploaded by Plazi from Taxodros", 
    "doi": "10.5281/zenodo.805042", 
    "journal_pages": "80-94", 
    "journal_title": "Egypt. J. Genet. Cytol.", 
    "journal_volume": "8", 
    "keywords": [
      "Biodiversity", 
      "Taxonomy", 
      "Animalia", 
      "Arthropoda", 
      "Insecta", 
      "Diptera", 
      "Drosophilidae", 
      "flies", 
      "fruit flies", 
      "terrestrial"
    ], 
    "license": "CC-BY-4.0", 
    "prereserve_doi": {
      "doi": "10.5281/zenodo.805042", 
      "recid": 805042
    }, 
    "publication_date": "1979-01-31", 
    "publication_type": "article", 
    "title": "Genetic studies on isozyme polymorphism in Drosophila. II. Gene frequency changes at the amylase locus in cage population of D. virilis.", 
    "upload_type": "publication"
  }, 
  "modified": "2017-06-09T21:31:19.034391+00:00", 
  "owner": 1161, 
  "record_id": 805042, 
  "state": "done", 
  "submitted": true, 
  "title": "Genetic studies on isozyme polymorphism in Drosophila. II. Gene frequency changes at the amylase locus in cage population of D. virilis."
}