{
  "conceptrecid": "805051", 
  "created": "2017-06-09T21:31:42.885529+00:00", 
  "files": [], 
  "id": 805052, 
  "links": {
    "bucket": "https://zenodo.org/api/files/01e87e8f-7a41-4402-9352-778e3b6cba51", 
    "discard": "https://zenodo.org/api/deposit/depositions/805052/actions/discard", 
    "edit": "https://zenodo.org/api/deposit/depositions/805052/actions/edit", 
    "files": "https://zenodo.org/api/deposit/depositions/805052/files", 
    "html": "https://zenodo.org/deposit/805052", 
    "latest_draft": "https://zenodo.org/api/deposit/depositions/805052", 
    "latest_draft_html": "https://zenodo.org/deposit/805052", 
    "publish": "https://zenodo.org/api/deposit/depositions/805052/actions/publish", 
    "self": "https://zenodo.org/api/deposit/depositions/805052"
  }, 
  "metadata": {
    "access_right": "open", 
    "communities": [
      {
        "identifier": "biosyslit"
      }
    ], 
    "creators": [
      {
        "name": "Abrusan, G."
      }, 
      {
        "name": "Krambeck, H.-J."
      }
    ], 
    "description": "uploaded by Plazi from Taxodros", 
    "journal_pages": "364-375", 
    "journal_title": "Theoret. Pop. Biol.", 
    "journal_volume": "70", 
    "keywords": [
      "Biodiversity", 
      "Taxonomy", 
      "Animalia", 
      "Arthropoda", 
      "Insecta", 
      "Diptera", 
      "Drosophilidae", 
      "flies", 
      "fruit flies", 
      "terrestrial"
    ], 
    "license": "CC-BY-4.0", 
    "prereserve_doi": {
      "doi": "10.5281/zenodo.805052", 
      "recid": 805052
    }, 
    "publication_date": "2006-12-31", 
    "publication_type": "article", 
    "title": "Competition may determine the diversity of transposable elements.", 
    "upload_type": "publication"
  }, 
  "modified": "2017-06-09T21:31:42.885534+00:00", 
  "owner": 1161, 
  "record_id": 805052, 
  "state": "unsubmitted", 
  "submitted": false, 
  "title": "Competition may determine the diversity of transposable elements."
}HTTP/1.1 100 Continue

HTTP/1.1 201 CREATED
Server: nginx/1.10.2
Date: Fri, 09 Jun 2017 21:31:47 GMT
Content-Type: application/json
Content-Length: 379
X-RateLimit-Limit: 5000
X-RateLimit-Remaining: 4999
X-RateLimit-Reset: 1497047504
Retry-After: 3596
Access-Control-Allow-Origin: *
Access-Control-Expose-Headers: Content-Type, ETag, Link, X-RateLimit-Limit, X-RateLimit-Remaining, X-RateLimit-Reset
X-Sentry-ID: None
Strict-Transport-Security: max-age=31536000

{"checksum": "d9ae48d4a06483e80f4099250970a707", "filename": "abrusan__krambeck_2006.pdf", "filesize": 676556, "id": "a9000f86-275f-4604-8f70-0ecf34b4ded7", "links": {"download": "https://zenodo.org/api/files/01e87e8f-7a41-4402-9352-778e3b6cba51/abrusan__krambeck_2006.pdf", "self": "https://zenodo.org/api/deposit/depositions/805052/files/a9000f86-275f-4604-8f70-0ecf34b4ded7"}}HTTP/1.1 202 ACCEPTED
Server: nginx/1.10.2
Date: Fri, 09 Jun 2017 21:31:49 GMT
Content-Type: application/json
Content-Length: 2543
ETag: "2"
Last-Modified: Fri, 09 Jun 2017 21:31:49 GMT
Location: https://zenodo.org/api/deposit/depositions/805052
X-RateLimit-Limit: 5000
X-RateLimit-Remaining: 4999
X-RateLimit-Reset: 1497047508
Retry-After: 3598
Access-Control-Allow-Origin: *
Access-Control-Expose-Headers: Content-Type, ETag, Link, X-RateLimit-Limit, X-RateLimit-Remaining, X-RateLimit-Reset
X-Sentry-ID: None

{
  "conceptdoi": "10.5281/zenodo.805051", 
  "conceptrecid": "805051", 
  "created": "2017-06-09T21:31:42.885529+00:00", 
  "doi": "10.5281/zenodo.805052", 
  "doi_url": "https://doi.org/10.5281/zenodo.805052", 
  "files": [
    {
      "checksum": "d9ae48d4a06483e80f4099250970a707", 
      "filename": "abrusan__krambeck_2006.pdf", 
      "filesize": 676556, 
      "id": "a9000f86-275f-4604-8f70-0ecf34b4ded7", 
      "links": {
        "download": "https://zenodo.org/api/files/01e87e8f-7a41-4402-9352-778e3b6cba51/abrusan__krambeck_2006.pdf", 
        "self": "https://zenodo.org/api/deposit/depositions/376790/files/a9000f86-275f-4604-8f70-0ecf34b4ded7"
      }
    }
  ], 
  "id": 805052, 
  "links": {
    "badge": "https://zenodo.org/badge/doi/10.5281/zenodo.805052.svg", 
    "bucket": "https://zenodo.org/api/files/01e87e8f-7a41-4402-9352-778e3b6cba51", 
    "conceptbadge": "https://zenodo.org/badge/doi/10.5281/zenodo.805051.svg", 
    "conceptdoi": "https://doi.org/10.5281/zenodo.805051", 
    "doi": "https://doi.org/10.5281/zenodo.805052", 
    "latest": "https://zenodo.org/api/records/805052", 
    "latest_html": "https://zenodo.org/record/805052", 
    "record": "https://zenodo.org/api/records/805052", 
    "record_html": "https://zenodo.org/record/805052"
  }, 
  "metadata": {
    "access_right": "open", 
    "communities": [
      {
        "identifier": "biosyslit"
      }, 
      {
        "identifier": "zenodo"
      }
    ], 
    "creators": [
      {
        "name": "Abrusan, G."
      }, 
      {
        "name": "Krambeck, H.-J."
      }
    ], 
    "description": "uploaded by Plazi from Taxodros", 
    "doi": "10.5281/zenodo.805052", 
    "journal_pages": "364-375", 
    "journal_title": "Theoret. Pop. Biol.", 
    "journal_volume": "70", 
    "keywords": [
      "Biodiversity", 
      "Taxonomy", 
      "Animalia", 
      "Arthropoda", 
      "Insecta", 
      "Diptera", 
      "Drosophilidae", 
      "flies", 
      "fruit flies", 
      "terrestrial"
    ], 
    "license": "CC-BY-4.0", 
    "prereserve_doi": {
      "doi": "10.5281/zenodo.805052", 
      "recid": 805052
    }, 
    "publication_date": "2006-12-31", 
    "publication_type": "article", 
    "title": "Competition may determine the diversity of transposable elements.", 
    "upload_type": "publication"
  }, 
  "modified": "2017-06-09T21:31:49.166296+00:00", 
  "owner": 1161, 
  "record_id": 805052, 
  "state": "done", 
  "submitted": true, 
  "title": "Competition may determine the diversity of transposable elements."
}