{
  "conceptrecid": "805054", 
  "created": "2017-06-09T21:38:41.649365+00:00", 
  "files": [], 
  "id": 805055, 
  "links": {
    "bucket": "https://zenodo.org/api/files/729723ee-3d5b-43a0-94cb-b4b2fbdbb08a", 
    "discard": "https://zenodo.org/api/deposit/depositions/805055/actions/discard", 
    "edit": "https://zenodo.org/api/deposit/depositions/805055/actions/edit", 
    "files": "https://zenodo.org/api/deposit/depositions/805055/files", 
    "html": "https://zenodo.org/deposit/805055", 
    "latest_draft": "https://zenodo.org/api/deposit/depositions/805055", 
    "latest_draft_html": "https://zenodo.org/deposit/805055", 
    "publish": "https://zenodo.org/api/deposit/depositions/805055/actions/publish", 
    "self": "https://zenodo.org/api/deposit/depositions/805055"
  }, 
  "metadata": {
    "access_right": "open", 
    "communities": [
      {
        "identifier": "biosyslit"
      }
    ], 
    "creators": [
      {
        "name": "van Achterberg, C."
      }
    ], 
    "description": "uploaded by Plazi from Taxodros", 
    "journal_pages": "12-15", 
    "journal_title": "Ent. Ber., Amst.", 
    "journal_volume": "36", 
    "keywords": [
      "Biodiversity", 
      "Taxonomy", 
      "Animalia", 
      "Arthropoda", 
      "Insecta", 
      "Diptera", 
      "Drosophilidae", 
      "flies", 
      "fruit flies", 
      "terrestrial"
    ], 
    "license": "CC-BY-4.0", 
    "prereserve_doi": {
      "doi": "10.5281/zenodo.805055", 
      "recid": 805055
    }, 
    "publication_date": "1976-01-01", 
    "publication_type": "article", 
    "title": "A new species of Tanycarpa Foerster from England (Hymenoptera, Braconidae, Alysiinae).", 
    "upload_type": "publication"
  }, 
  "modified": "2017-06-09T21:38:41.649371+00:00", 
  "owner": 1161, 
  "record_id": 805055, 
  "state": "unsubmitted", 
  "submitted": false, 
  "title": "A new species of Tanycarpa Foerster from England (Hymenoptera, Braconidae, Alysiinae)."
}HTTP/1.1 100 Continue

HTTP/1.1 201 CREATED
Server: nginx/1.10.2
Date: Fri, 09 Jun 2017 21:38:45 GMT
Content-Type: application/json
Content-Length: 364
X-RateLimit-Limit: 5000
X-RateLimit-Remaining: 4999
X-RateLimit-Reset: 1497047923
Retry-After: 3597
Access-Control-Allow-Origin: *
Access-Control-Expose-Headers: Content-Type, ETag, Link, X-RateLimit-Limit, X-RateLimit-Remaining, X-RateLimit-Reset
X-Sentry-ID: None
Strict-Transport-Security: max-age=31536000

{"checksum": "43667a51cbc4065662274b585ff5cc3b", "filename": "achterberg_1976.pdf", "filesize": 95106, "id": "16e03b89-d56d-4372-81b4-4ffa2a255370", "links": {"download": "https://zenodo.org/api/files/729723ee-3d5b-43a0-94cb-b4b2fbdbb08a/achterberg_1976.pdf", "self": "https://zenodo.org/api/deposit/depositions/805055/files/16e03b89-d56d-4372-81b4-4ffa2a255370"}}HTTP/1.1 202 ACCEPTED
Server: nginx/1.10.2
Date: Fri, 09 Jun 2017 21:38:47 GMT
Content-Type: application/json
Content-Length: 2520
ETag: "2"
Last-Modified: Fri, 09 Jun 2017 21:38:46 GMT
Location: https://zenodo.org/api/deposit/depositions/805055
X-RateLimit-Limit: 5000
X-RateLimit-Remaining: 4997
X-RateLimit-Reset: 1497045333
Retry-After: 1005
Access-Control-Allow-Origin: *
Access-Control-Expose-Headers: Content-Type, ETag, Link, X-RateLimit-Limit, X-RateLimit-Remaining, X-RateLimit-Reset
X-Sentry-ID: None

{
  "conceptdoi": "10.5281/zenodo.805054", 
  "conceptrecid": "805054", 
  "created": "2017-06-09T21:38:41.649365+00:00", 
  "doi": "10.5281/zenodo.805055", 
  "doi_url": "https://doi.org/10.5281/zenodo.805055", 
  "files": [
    {
      "checksum": "43667a51cbc4065662274b585ff5cc3b", 
      "filename": "achterberg_1976.pdf", 
      "filesize": 95106, 
      "id": "16e03b89-d56d-4372-81b4-4ffa2a255370", 
      "links": {
        "download": "https://zenodo.org/api/files/729723ee-3d5b-43a0-94cb-b4b2fbdbb08a/achterberg_1976.pdf", 
        "self": "https://zenodo.org/api/deposit/depositions/128482/files/16e03b89-d56d-4372-81b4-4ffa2a255370"
      }
    }
  ], 
  "id": 805055, 
  "links": {
    "badge": "https://zenodo.org/badge/doi/10.5281/zenodo.805055.svg", 
    "bucket": "https://zenodo.org/api/files/729723ee-3d5b-43a0-94cb-b4b2fbdbb08a", 
    "conceptbadge": "https://zenodo.org/badge/doi/10.5281/zenodo.805054.svg", 
    "conceptdoi": "https://doi.org/10.5281/zenodo.805054", 
    "doi": "https://doi.org/10.5281/zenodo.805055", 
    "latest": "https://zenodo.org/api/records/805055", 
    "latest_html": "https://zenodo.org/record/805055", 
    "record": "https://zenodo.org/api/records/805055", 
    "record_html": "https://zenodo.org/record/805055"
  }, 
  "metadata": {
    "access_right": "open", 
    "communities": [
      {
        "identifier": "biosyslit"
      }, 
      {
        "identifier": "zenodo"
      }
    ], 
    "creators": [
      {
        "name": "van Achterberg, C."
      }
    ], 
    "description": "uploaded by Plazi from Taxodros", 
    "doi": "10.5281/zenodo.805055", 
    "journal_pages": "12-15", 
    "journal_title": "Ent. Ber., Amst.", 
    "journal_volume": "36", 
    "keywords": [
      "Biodiversity", 
      "Taxonomy", 
      "Animalia", 
      "Arthropoda", 
      "Insecta", 
      "Diptera", 
      "Drosophilidae", 
      "flies", 
      "fruit flies", 
      "terrestrial"
    ], 
    "license": "CC-BY-4.0", 
    "prereserve_doi": {
      "doi": "10.5281/zenodo.805055", 
      "recid": 805055
    }, 
    "publication_date": "1976-01-01", 
    "publication_type": "article", 
    "title": "A new species of Tanycarpa Foerster from England (Hymenoptera, Braconidae, Alysiinae).", 
    "upload_type": "publication"
  }, 
  "modified": "2017-06-09T21:38:46.708888+00:00", 
  "owner": 1161, 
  "record_id": 805055, 
  "state": "done", 
  "submitted": true, 
  "title": "A new species of Tanycarpa Foerster from England (Hymenoptera, Braconidae, Alysiinae)."
}