{
  "conceptrecid": "805058", 
  "created": "2017-06-09T21:38:51.871304+00:00", 
  "files": [], 
  "id": 805059, 
  "links": {
    "bucket": "https://zenodo.org/api/files/f5613832-5ec0-4d3e-a962-b830b1536dd1", 
    "discard": "https://zenodo.org/api/deposit/depositions/805059/actions/discard", 
    "edit": "https://zenodo.org/api/deposit/depositions/805059/actions/edit", 
    "files": "https://zenodo.org/api/deposit/depositions/805059/files", 
    "html": "https://zenodo.org/deposit/805059", 
    "latest_draft": "https://zenodo.org/api/deposit/depositions/805059", 
    "latest_draft_html": "https://zenodo.org/deposit/805059", 
    "publish": "https://zenodo.org/api/deposit/depositions/805059/actions/publish", 
    "self": "https://zenodo.org/api/deposit/depositions/805059"
  }, 
  "metadata": {
    "access_right": "open", 
    "communities": [
      {
        "identifier": "biosyslit"
      }
    ], 
    "creators": [
      {
        "name": "Achumi, B."
      }, 
      {
        "name": "Hegde, S.N."
      }, 
      {
        "name": "Lal, P."
      }, 
      {
        "name": "Yenisetti, S.C."
      }
    ], 
    "description": "uploaded by Plazi from Taxodros", 
    "journal_pages": "1-12", 
    "journal_title": "J. Insect Sci.", 
    "journal_volume": "13", 
    "keywords": [
      "Biodiversity", 
      "Taxonomy", 
      "Animalia", 
      "Arthropoda", 
      "Insecta", 
      "Diptera", 
      "Drosophilidae", 
      "flies", 
      "fruit flies", 
      "terrestrial"
    ], 
    "license": "CC-BY-4.0", 
    "prereserve_doi": {
      "doi": "10.5281/zenodo.805059", 
      "recid": 805059
    }, 
    "publication_date": "2013-12-31", 
    "publication_type": "article", 
    "title": "Altitudinal and seasonal variation in Drosophila species on mount Japfu of Nagaland, a sub-Himalayan hilly state of India.", 
    "upload_type": "publication"
  }, 
  "modified": "2017-06-09T21:38:51.871312+00:00", 
  "owner": 1161, 
  "record_id": 805059, 
  "state": "unsubmitted", 
  "submitted": false, 
  "title": "Altitudinal and seasonal variation in Drosophila species on mount Japfu of Nagaland, a sub-Himalayan hilly state of India."
}HTTP/1.1 100 Continue

HTTP/1.1 201 CREATED
Server: nginx/1.10.2
Date: Fri, 09 Jun 2017 21:38:55 GMT
Content-Type: application/json
Content-Length: 371
X-RateLimit-Limit: 5000
X-RateLimit-Remaining: 4999
X-RateLimit-Reset: 1497047933
Retry-After: 3597
Access-Control-Allow-Origin: *
Access-Control-Expose-Headers: Content-Type, ETag, Link, X-RateLimit-Limit, X-RateLimit-Remaining, X-RateLimit-Reset
X-Sentry-ID: None
Strict-Transport-Security: max-age=31536000

{"checksum": "59c1af3ffa0328f1aa5b69f319effa32", "filename": "achumi_et_al__2013.pdf", "filesize": 530932, "id": "9529c5f1-7b20-4f47-8fb0-ce44e11b8fd1", "links": {"download": "https://zenodo.org/api/files/f5613832-5ec0-4d3e-a962-b830b1536dd1/achumi_et_al__2013.pdf", "self": "https://zenodo.org/api/deposit/depositions/805059/files/9529c5f1-7b20-4f47-8fb0-ce44e11b8fd1"}}HTTP/1.1 202 ACCEPTED
Server: nginx/1.10.2
Date: Fri, 09 Jun 2017 21:38:57 GMT
Content-Type: application/json
Content-Length: 2732
ETag: "2"
Last-Modified: Fri, 09 Jun 2017 21:38:56 GMT
Location: https://zenodo.org/api/deposit/depositions/805059
X-RateLimit-Limit: 5000
X-RateLimit-Remaining: 4999
X-RateLimit-Reset: 1497047936
Retry-After: 3598
Access-Control-Allow-Origin: *
Access-Control-Expose-Headers: Content-Type, ETag, Link, X-RateLimit-Limit, X-RateLimit-Remaining, X-RateLimit-Reset
X-Sentry-ID: None

{
  "conceptdoi": "10.5281/zenodo.805058", 
  "conceptrecid": "805058", 
  "created": "2017-06-09T21:38:51.871304+00:00", 
  "doi": "10.5281/zenodo.805059", 
  "doi_url": "https://doi.org/10.5281/zenodo.805059", 
  "files": [
    {
      "checksum": "59c1af3ffa0328f1aa5b69f319effa32", 
      "filename": "achumi_et_al__2013.pdf", 
      "filesize": 530932, 
      "id": "9529c5f1-7b20-4f47-8fb0-ce44e11b8fd1", 
      "links": {
        "download": "https://zenodo.org/api/files/f5613832-5ec0-4d3e-a962-b830b1536dd1/achumi_et_al__2013.pdf", 
        "self": "https://zenodo.org/api/deposit/depositions/804617/files/9529c5f1-7b20-4f47-8fb0-ce44e11b8fd1"
      }
    }
  ], 
  "id": 805059, 
  "links": {
    "badge": "https://zenodo.org/badge/doi/10.5281/zenodo.805059.svg", 
    "bucket": "https://zenodo.org/api/files/f5613832-5ec0-4d3e-a962-b830b1536dd1", 
    "conceptbadge": "https://zenodo.org/badge/doi/10.5281/zenodo.805058.svg", 
    "conceptdoi": "https://doi.org/10.5281/zenodo.805058", 
    "doi": "https://doi.org/10.5281/zenodo.805059", 
    "latest": "https://zenodo.org/api/records/805059", 
    "latest_html": "https://zenodo.org/record/805059", 
    "record": "https://zenodo.org/api/records/805059", 
    "record_html": "https://zenodo.org/record/805059"
  }, 
  "metadata": {
    "access_right": "open", 
    "communities": [
      {
        "identifier": "biosyslit"
      }, 
      {
        "identifier": "zenodo"
      }
    ], 
    "creators": [
      {
        "name": "Achumi, B."
      }, 
      {
        "name": "Hegde, S.N."
      }, 
      {
        "name": "Lal, P."
      }, 
      {
        "name": "Yenisetti, S.C."
      }
    ], 
    "description": "uploaded by Plazi from Taxodros", 
    "doi": "10.5281/zenodo.805059", 
    "journal_pages": "1-12", 
    "journal_title": "J. Insect Sci.", 
    "journal_volume": "13", 
    "keywords": [
      "Biodiversity", 
      "Taxonomy", 
      "Animalia", 
      "Arthropoda", 
      "Insecta", 
      "Diptera", 
      "Drosophilidae", 
      "flies", 
      "fruit flies", 
      "terrestrial"
    ], 
    "license": "CC-BY-4.0", 
    "prereserve_doi": {
      "doi": "10.5281/zenodo.805059", 
      "recid": 805059
    }, 
    "publication_date": "2013-12-31", 
    "publication_type": "article", 
    "title": "Altitudinal and seasonal variation in Drosophila species on mount Japfu of Nagaland, a sub-Himalayan hilly state of India.", 
    "upload_type": "publication"
  }, 
  "modified": "2017-06-09T21:38:56.836742+00:00", 
  "owner": 1161, 
  "record_id": 805059, 
  "state": "done", 
  "submitted": true, 
  "title": "Altitudinal and seasonal variation in Drosophila species on mount Japfu of Nagaland, a sub-Himalayan hilly state of India."
}