{
  "conceptrecid": "805060", 
  "created": "2017-06-09T21:38:58.312738+00:00", 
  "files": [], 
  "id": 805061, 
  "links": {
    "bucket": "https://zenodo.org/api/files/6b5ea7b4-36cd-4e7d-942b-bf1141ab925d", 
    "discard": "https://zenodo.org/api/deposit/depositions/805061/actions/discard", 
    "edit": "https://zenodo.org/api/deposit/depositions/805061/actions/edit", 
    "files": "https://zenodo.org/api/deposit/depositions/805061/files", 
    "html": "https://zenodo.org/deposit/805061", 
    "latest_draft": "https://zenodo.org/api/deposit/depositions/805061", 
    "latest_draft_html": "https://zenodo.org/deposit/805061", 
    "publish": "https://zenodo.org/api/deposit/depositions/805061/actions/publish", 
    "self": "https://zenodo.org/api/deposit/depositions/805061"
  }, 
  "metadata": {
    "access_right": "open", 
    "communities": [
      {
        "identifier": "biosyslit"
      }
    ], 
    "creators": [
      {
        "name": "Ackerman, J.K."
      }, 
      {
        "name": "Shenefelt, R.D."
      }
    ], 
    "description": "uploaded by Plazi from Taxodros", 
    "journal_pages": "185-206", 
    "journal_title": "Trans. Wisc. Acad. Sci.", 
    "journal_volume": "61", 
    "keywords": [
      "Biodiversity", 
      "Taxonomy", 
      "Animalia", 
      "Arthropoda", 
      "Insecta", 
      "Diptera", 
      "Drosophilidae", 
      "flies", 
      "fruit flies", 
      "terrestrial"
    ], 
    "license": "CC-BY-4.0", 
    "prereserve_doi": {
      "doi": "10.5281/zenodo.805061", 
      "recid": 805061
    }, 
    "publication_date": "1973-12-31", 
    "publication_type": "article", 
    "title": "Organisms, especially insects, associated with wood rotting higher fungi (Basidiomycetes) in Wisconsin forests.", 
    "upload_type": "publication"
  }, 
  "modified": "2017-06-09T21:38:58.312746+00:00", 
  "owner": 1161, 
  "record_id": 805061, 
  "state": "unsubmitted", 
  "submitted": false, 
  "title": "Organisms, especially insects, associated with wood rotting higher fungi (Basidiomycetes) in Wisconsin forests."
}HTTP/1.1 100 Continue

HTTP/1.1 201 CREATED
Server: nginx/1.10.2
Date: Fri, 09 Jun 2017 21:39:01 GMT
Content-Type: application/json
Content-Length: 383
X-RateLimit-Limit: 5000
X-RateLimit-Remaining: 4999
X-RateLimit-Reset: 1497047939
Retry-After: 3597
Access-Control-Allow-Origin: *
Access-Control-Expose-Headers: Content-Type, ETag, Link, X-RateLimit-Limit, X-RateLimit-Remaining, X-RateLimit-Reset
X-Sentry-ID: None
Strict-Transport-Security: max-age=31536000

{"checksum": "ee46c6768b689478a12292384b86ec06", "filename": "ackerman__shenefelt_1973.pdf", "filesize": 373090, "id": "98e5bae6-9bcf-4d80-959e-d270e1259c5a", "links": {"download": "https://zenodo.org/api/files/6b5ea7b4-36cd-4e7d-942b-bf1141ab925d/ackerman__shenefelt_1973.pdf", "self": "https://zenodo.org/api/deposit/depositions/805061/files/98e5bae6-9bcf-4d80-959e-d270e1259c5a"}}HTTP/1.1 202 ACCEPTED
Server: nginx/1.10.2
Date: Fri, 09 Jun 2017 21:39:03 GMT
Content-Type: application/json
Content-Length: 2646
ETag: "2"
Last-Modified: Fri, 09 Jun 2017 21:39:02 GMT
Location: https://zenodo.org/api/deposit/depositions/805061
X-RateLimit-Limit: 5000
X-RateLimit-Remaining: 4999
X-RateLimit-Reset: 1497047942
Retry-After: 3598
Access-Control-Allow-Origin: *
Access-Control-Expose-Headers: Content-Type, ETag, Link, X-RateLimit-Limit, X-RateLimit-Remaining, X-RateLimit-Reset
X-Sentry-ID: None

{
  "conceptdoi": "10.5281/zenodo.805060", 
  "conceptrecid": "805060", 
  "created": "2017-06-09T21:38:58.312738+00:00", 
  "doi": "10.5281/zenodo.805061", 
  "doi_url": "https://doi.org/10.5281/zenodo.805061", 
  "files": [
    {
      "checksum": "ee46c6768b689478a12292384b86ec06", 
      "filename": "ackerman__shenefelt_1973.pdf", 
      "filesize": 373090, 
      "id": "98e5bae6-9bcf-4d80-959e-d270e1259c5a", 
      "links": {
        "download": "https://zenodo.org/api/files/6b5ea7b4-36cd-4e7d-942b-bf1141ab925d/ackerman__shenefelt_1973.pdf", 
        "self": "https://zenodo.org/api/deposit/depositions/804529/files/98e5bae6-9bcf-4d80-959e-d270e1259c5a"
      }
    }
  ], 
  "id": 805061, 
  "links": {
    "badge": "https://zenodo.org/badge/doi/10.5281/zenodo.805061.svg", 
    "bucket": "https://zenodo.org/api/files/6b5ea7b4-36cd-4e7d-942b-bf1141ab925d", 
    "conceptbadge": "https://zenodo.org/badge/doi/10.5281/zenodo.805060.svg", 
    "conceptdoi": "https://doi.org/10.5281/zenodo.805060", 
    "doi": "https://doi.org/10.5281/zenodo.805061", 
    "latest": "https://zenodo.org/api/records/805061", 
    "latest_html": "https://zenodo.org/record/805061", 
    "record": "https://zenodo.org/api/records/805061", 
    "record_html": "https://zenodo.org/record/805061"
  }, 
  "metadata": {
    "access_right": "open", 
    "communities": [
      {
        "identifier": "biosyslit"
      }, 
      {
        "identifier": "zenodo"
      }
    ], 
    "creators": [
      {
        "name": "Ackerman, J.K."
      }, 
      {
        "name": "Shenefelt, R.D."
      }
    ], 
    "description": "uploaded by Plazi from Taxodros", 
    "doi": "10.5281/zenodo.805061", 
    "journal_pages": "185-206", 
    "journal_title": "Trans. Wisc. Acad. Sci.", 
    "journal_volume": "61", 
    "keywords": [
      "Biodiversity", 
      "Taxonomy", 
      "Animalia", 
      "Arthropoda", 
      "Insecta", 
      "Diptera", 
      "Drosophilidae", 
      "flies", 
      "fruit flies", 
      "terrestrial"
    ], 
    "license": "CC-BY-4.0", 
    "prereserve_doi": {
      "doi": "10.5281/zenodo.805061", 
      "recid": 805061
    }, 
    "publication_date": "1973-12-31", 
    "publication_type": "article", 
    "title": "Organisms, especially insects, associated with wood rotting higher fungi (Basidiomycetes) in Wisconsin forests.", 
    "upload_type": "publication"
  }, 
  "modified": "2017-06-09T21:39:02.696129+00:00", 
  "owner": 1161, 
  "record_id": 805061, 
  "state": "done", 
  "submitted": true, 
  "title": "Organisms, especially insects, associated with wood rotting higher fungi (Basidiomycetes) in Wisconsin forests."
}