{
  "conceptrecid": "805062", 
  "created": "2017-06-09T21:39:03.984366+00:00", 
  "files": [], 
  "id": 805063, 
  "links": {
    "bucket": "https://zenodo.org/api/files/302bfd15-59c4-484e-bf4f-da84c9ab9915", 
    "discard": "https://zenodo.org/api/deposit/depositions/805063/actions/discard", 
    "edit": "https://zenodo.org/api/deposit/depositions/805063/actions/edit", 
    "files": "https://zenodo.org/api/deposit/depositions/805063/files", 
    "html": "https://zenodo.org/deposit/805063", 
    "latest_draft": "https://zenodo.org/api/deposit/depositions/805063", 
    "latest_draft_html": "https://zenodo.org/deposit/805063", 
    "publish": "https://zenodo.org/api/deposit/depositions/805063/actions/publish", 
    "self": "https://zenodo.org/api/deposit/depositions/805063"
  }, 
  "metadata": {
    "access_right": "open", 
    "communities": [
      {
        "identifier": "biosyslit"
      }
    ], 
    "creators": [
      {
        "name": "Ackland, D.M."
      }, 
      {
        "name": "Taylor, E."
      }
    ], 
    "description": "uploaded by Plazi from Taxodros", 
    "journal_pages": "12-15", 
    "journal_title": "Ent. mon. Mag.", 
    "journal_volume": "108", 
    "keywords": [
      "Biodiversity", 
      "Taxonomy", 
      "Animalia", 
      "Arthropoda", 
      "Insecta", 
      "Diptera", 
      "Drosophilidae", 
      "flies", 
      "fruit flies", 
      "terrestrial"
    ], 
    "license": "CC-BY-4.0", 
    "prereserve_doi": {
      "doi": "10.5281/zenodo.805063", 
      "recid": 805063
    }, 
    "publication_date": "1972-09-27", 
    "publication_type": "article", 
    "title": "Notes on the Verrall-Collin collection of Diptera in the Hope Department of Entomology, University Museum, Oxford.", 
    "upload_type": "publication"
  }, 
  "modified": "2017-06-09T21:39:03.984373+00:00", 
  "owner": 1161, 
  "record_id": 805063, 
  "state": "unsubmitted", 
  "submitted": false, 
  "title": "Notes on the Verrall-Collin collection of Diptera in the Hope Department of Entomology, University Museum, Oxford."
}HTTP/1.1 100 Continue

HTTP/1.1 201 CREATED
Server: nginx/1.10.2
Date: Fri, 09 Jun 2017 21:39:07 GMT
Content-Type: application/json
Content-Length: 375
X-RateLimit-Limit: 5000
X-RateLimit-Remaining: 4999
X-RateLimit-Reset: 1497047945
Retry-After: 3597
Access-Control-Allow-Origin: *
Access-Control-Expose-Headers: Content-Type, ETag, Link, X-RateLimit-Limit, X-RateLimit-Remaining, X-RateLimit-Reset
X-Sentry-ID: None
Strict-Transport-Security: max-age=31536000

{"checksum": "125fd201cad3b680acae0715c6014b7f", "filename": "ackland__taylor_1972.pdf", "filesize": 125306, "id": "99cb0926-d6a0-49f6-bcd1-cbfef1003732", "links": {"download": "https://zenodo.org/api/files/302bfd15-59c4-484e-bf4f-da84c9ab9915/ackland__taylor_1972.pdf", "self": "https://zenodo.org/api/deposit/depositions/805063/files/99cb0926-d6a0-49f6-bcd1-cbfef1003732"}}HTTP/1.1 202 ACCEPTED
Server: nginx/1.10.2
Date: Fri, 09 Jun 2017 21:39:09 GMT
Content-Type: application/json
Content-Length: 2628
ETag: "2"
Last-Modified: Fri, 09 Jun 2017 21:39:08 GMT
Location: https://zenodo.org/api/deposit/depositions/805063
X-RateLimit-Limit: 5000
X-RateLimit-Remaining: 4998
X-RateLimit-Reset: 1497045274
Retry-After: 924
Access-Control-Allow-Origin: *
Access-Control-Expose-Headers: Content-Type, ETag, Link, X-RateLimit-Limit, X-RateLimit-Remaining, X-RateLimit-Reset
X-Sentry-ID: None

{
  "conceptdoi": "10.5281/zenodo.805062", 
  "conceptrecid": "805062", 
  "created": "2017-06-09T21:39:03.984366+00:00", 
  "doi": "10.5281/zenodo.805063", 
  "doi_url": "https://doi.org/10.5281/zenodo.805063", 
  "files": [
    {
      "checksum": "125fd201cad3b680acae0715c6014b7f", 
      "filename": "ackland__taylor_1972.pdf", 
      "filesize": 125306, 
      "id": "99cb0926-d6a0-49f6-bcd1-cbfef1003732", 
      "links": {
        "download": "https://zenodo.org/api/files/302bfd15-59c4-484e-bf4f-da84c9ab9915/ackland__taylor_1972.pdf", 
        "self": "https://zenodo.org/api/deposit/depositions/804705/files/99cb0926-d6a0-49f6-bcd1-cbfef1003732"
      }
    }
  ], 
  "id": 805063, 
  "links": {
    "badge": "https://zenodo.org/badge/doi/10.5281/zenodo.805063.svg", 
    "bucket": "https://zenodo.org/api/files/302bfd15-59c4-484e-bf4f-da84c9ab9915", 
    "conceptbadge": "https://zenodo.org/badge/doi/10.5281/zenodo.805062.svg", 
    "conceptdoi": "https://doi.org/10.5281/zenodo.805062", 
    "doi": "https://doi.org/10.5281/zenodo.805063", 
    "latest": "https://zenodo.org/api/records/805063", 
    "latest_html": "https://zenodo.org/record/805063", 
    "record": "https://zenodo.org/api/records/805063", 
    "record_html": "https://zenodo.org/record/805063"
  }, 
  "metadata": {
    "access_right": "open", 
    "communities": [
      {
        "identifier": "biosyslit"
      }, 
      {
        "identifier": "zenodo"
      }
    ], 
    "creators": [
      {
        "name": "Ackland, D.M."
      }, 
      {
        "name": "Taylor, E."
      }
    ], 
    "description": "uploaded by Plazi from Taxodros", 
    "doi": "10.5281/zenodo.805063", 
    "journal_pages": "12-15", 
    "journal_title": "Ent. mon. Mag.", 
    "journal_volume": "108", 
    "keywords": [
      "Biodiversity", 
      "Taxonomy", 
      "Animalia", 
      "Arthropoda", 
      "Insecta", 
      "Diptera", 
      "Drosophilidae", 
      "flies", 
      "fruit flies", 
      "terrestrial"
    ], 
    "license": "CC-BY-4.0", 
    "prereserve_doi": {
      "doi": "10.5281/zenodo.805063", 
      "recid": 805063
    }, 
    "publication_date": "1972-09-27", 
    "publication_type": "article", 
    "title": "Notes on the Verrall-Collin collection of Diptera in the Hope Department of Entomology, University Museum, Oxford.", 
    "upload_type": "publication"
  }, 
  "modified": "2017-06-09T21:39:08.982811+00:00", 
  "owner": 1161, 
  "record_id": 805063, 
  "state": "done", 
  "submitted": true, 
  "title": "Notes on the Verrall-Collin collection of Diptera in the Hope Department of Entomology, University Museum, Oxford."
}