{
  "conceptrecid": "805064", 
  "created": "2017-06-09T21:39:10.529224+00:00", 
  "files": [], 
  "id": 805065, 
  "links": {
    "bucket": "https://zenodo.org/api/files/81734ed0-675e-4dd6-9436-7c813ca08084", 
    "discard": "https://zenodo.org/api/deposit/depositions/805065/actions/discard", 
    "edit": "https://zenodo.org/api/deposit/depositions/805065/actions/edit", 
    "files": "https://zenodo.org/api/deposit/depositions/805065/files", 
    "html": "https://zenodo.org/deposit/805065", 
    "latest_draft": "https://zenodo.org/api/deposit/depositions/805065", 
    "latest_draft_html": "https://zenodo.org/deposit/805065", 
    "publish": "https://zenodo.org/api/deposit/depositions/805065/actions/publish", 
    "self": "https://zenodo.org/api/deposit/depositions/805065"
  }, 
  "metadata": {
    "access_right": "open", 
    "communities": [
      {
        "identifier": "biosyslit"
      }
    ], 
    "creators": [
      {
        "name": "Acosta, T."
      }, 
      {
        "name": "Pinto, F."
      }, 
      {
        "name": "Hernandez, M."
      }, 
      {
        "name": "Gonzalez, A.M."
      }, 
      {
        "name": "Cabrera, V.M."
      }, 
      {
        "name": "Larruga, J.M."
      }
    ], 
    "description": "uploaded by Plazi from Taxodros", 
    "journal_pages": "101-108", 
    "journal_title": "J. Zool. Syst. Evol. Res.", 
    "journal_volume": "33", 
    "keywords": [
      "Biodiversity", 
      "Taxonomy", 
      "Animalia", 
      "Arthropoda", 
      "Insecta", 
      "Diptera", 
      "Drosophilidae", 
      "flies", 
      "fruit flies", 
      "terrestrial"
    ], 
    "license": "CC-BY-4.0", 
    "prereserve_doi": {
      "doi": "10.5281/zenodo.805065", 
      "recid": 805065
    }, 
    "publication_date": "1995-12-31", 
    "publication_type": "article", 
    "title": "Phylogeny of the Drosophila obscura group as inferred from one- and two-dimensional protein electrophoresis.", 
    "upload_type": "publication"
  }, 
  "modified": "2017-06-09T21:39:10.529235+00:00", 
  "owner": 1161, 
  "record_id": 805065, 
  "state": "unsubmitted", 
  "submitted": false, 
  "title": "Phylogeny of the Drosophila obscura group as inferred from one- and two-dimensional protein electrophoresis."
}HTTP/1.1 100 Continue

HTTP/1.1 201 CREATED
Server: nginx/1.10.2
Date: Fri, 09 Jun 2017 21:39:15 GMT
Content-Type: application/json
Content-Length: 371
X-RateLimit-Limit: 5000
X-RateLimit-Remaining: 4998
X-RateLimit-Reset: 1497047466
Retry-After: 3110
Access-Control-Allow-Origin: *
Access-Control-Expose-Headers: Content-Type, ETag, Link, X-RateLimit-Limit, X-RateLimit-Remaining, X-RateLimit-Reset
X-Sentry-ID: None
Strict-Transport-Security: max-age=31536000

{"checksum": "3bbc1393480b533115ae9cdca113c2f2", "filename": "acosta_et_al__1995.pdf", "filesize": 379809, "id": "8b234781-41ed-4d98-a9d4-3506a7d6f17e", "links": {"download": "https://zenodo.org/api/files/81734ed0-675e-4dd6-9436-7c813ca08084/acosta_et_al__1995.pdf", "self": "https://zenodo.org/api/deposit/depositions/805065/files/8b234781-41ed-4d98-a9d4-3506a7d6f17e"}}HTTP/1.1 202 ACCEPTED
Server: nginx/1.10.2
Date: Fri, 09 Jun 2017 21:39:16 GMT
Content-Type: application/json
Content-Length: 2821
ETag: "2"
Last-Modified: Fri, 09 Jun 2017 21:39:16 GMT
Location: https://zenodo.org/api/deposit/depositions/805065
X-RateLimit-Limit: 5000
X-RateLimit-Remaining: 4999
X-RateLimit-Reset: 1497047955
Retry-After: 3598
Access-Control-Allow-Origin: *
Access-Control-Expose-Headers: Content-Type, ETag, Link, X-RateLimit-Limit, X-RateLimit-Remaining, X-RateLimit-Reset
X-Sentry-ID: None

{
  "conceptdoi": "10.5281/zenodo.805064", 
  "conceptrecid": "805064", 
  "created": "2017-06-09T21:39:10.529224+00:00", 
  "doi": "10.5281/zenodo.805065", 
  "doi_url": "https://doi.org/10.5281/zenodo.805065", 
  "files": [
    {
      "checksum": "3bbc1393480b533115ae9cdca113c2f2", 
      "filename": "acosta_et_al__1995.pdf", 
      "filesize": 379809, 
      "id": "8b234781-41ed-4d98-a9d4-3506a7d6f17e", 
      "links": {
        "download": "https://zenodo.org/api/files/81734ed0-675e-4dd6-9436-7c813ca08084/acosta_et_al__1995.pdf", 
        "self": "https://zenodo.org/api/deposit/depositions/804689/files/8b234781-41ed-4d98-a9d4-3506a7d6f17e"
      }
    }
  ], 
  "id": 805065, 
  "links": {
    "badge": "https://zenodo.org/badge/doi/10.5281/zenodo.805065.svg", 
    "bucket": "https://zenodo.org/api/files/81734ed0-675e-4dd6-9436-7c813ca08084", 
    "conceptbadge": "https://zenodo.org/badge/doi/10.5281/zenodo.805064.svg", 
    "conceptdoi": "https://doi.org/10.5281/zenodo.805064", 
    "doi": "https://doi.org/10.5281/zenodo.805065", 
    "latest": "https://zenodo.org/api/records/805065", 
    "latest_html": "https://zenodo.org/record/805065", 
    "record": "https://zenodo.org/api/records/805065", 
    "record_html": "https://zenodo.org/record/805065"
  }, 
  "metadata": {
    "access_right": "open", 
    "communities": [
      {
        "identifier": "biosyslit"
      }, 
      {
        "identifier": "zenodo"
      }
    ], 
    "creators": [
      {
        "name": "Acosta, T."
      }, 
      {
        "name": "Pinto, F."
      }, 
      {
        "name": "Hernandez, M."
      }, 
      {
        "name": "Gonzalez, A.M."
      }, 
      {
        "name": "Cabrera, V.M."
      }, 
      {
        "name": "Larruga, J.M."
      }
    ], 
    "description": "uploaded by Plazi from Taxodros", 
    "doi": "10.5281/zenodo.805065", 
    "journal_pages": "101-108", 
    "journal_title": "J. Zool. Syst. Evol. Res.", 
    "journal_volume": "33", 
    "keywords": [
      "Biodiversity", 
      "Taxonomy", 
      "Animalia", 
      "Arthropoda", 
      "Insecta", 
      "Diptera", 
      "Drosophilidae", 
      "flies", 
      "fruit flies", 
      "terrestrial"
    ], 
    "license": "CC-BY-4.0", 
    "prereserve_doi": {
      "doi": "10.5281/zenodo.805065", 
      "recid": 805065
    }, 
    "publication_date": "1995-12-31", 
    "publication_type": "article", 
    "title": "Phylogeny of the Drosophila obscura group as inferred from one- and two-dimensional protein electrophoresis.", 
    "upload_type": "publication"
  }, 
  "modified": "2017-06-09T21:39:16.366815+00:00", 
  "owner": 1161, 
  "record_id": 805065, 
  "state": "done", 
  "submitted": true, 
  "title": "Phylogeny of the Drosophila obscura group as inferred from one- and two-dimensional protein electrophoresis."
}