{
  "conceptrecid": "805070", 
  "created": "2017-06-09T21:39:32.768571+00:00", 
  "files": [], 
  "id": 805071, 
  "links": {
    "bucket": "https://zenodo.org/api/files/6b0e2241-f7bd-4739-8086-cdfd1cea0d77", 
    "discard": "https://zenodo.org/api/deposit/depositions/805071/actions/discard", 
    "edit": "https://zenodo.org/api/deposit/depositions/805071/actions/edit", 
    "files": "https://zenodo.org/api/deposit/depositions/805071/files", 
    "html": "https://zenodo.org/deposit/805071", 
    "latest_draft": "https://zenodo.org/api/deposit/depositions/805071", 
    "latest_draft_html": "https://zenodo.org/deposit/805071", 
    "publish": "https://zenodo.org/api/deposit/depositions/805071/actions/publish", 
    "self": "https://zenodo.org/api/deposit/depositions/805071"
  }, 
  "metadata": {
    "access_right": "open", 
    "communities": [
      {
        "identifier": "biosyslit"
      }
    ], 
    "creators": [
      {
        "name": "Acurio, A."
      }, 
      {
        "name": "Rafael, V."
      }, 
      {
        "name": "Dangles, O."
      }
    ], 
    "description": "uploaded by Plazi from Taxodros", 
    "journal_pages": "717-723", 
    "journal_title": "Biotropica", 
    "journal_volume": "42", 
    "keywords": [
      "Biodiversity", 
      "Taxonomy", 
      "Animalia", 
      "Arthropoda", 
      "Insecta", 
      "Diptera", 
      "Drosophilidae", 
      "flies", 
      "fruit flies", 
      "terrestrial"
    ], 
    "license": "CC-BY-4.0", 
    "prereserve_doi": {
      "doi": "10.5281/zenodo.805071", 
      "recid": 805071
    }, 
    "publication_date": "2010-12-31", 
    "publication_type": "article", 
    "title": "Biological Invasions in the Amazonian Tropical Rain Forest: The Case of Drosophilidae (Insecta, Diptera) in Ecuador, South America.", 
    "upload_type": "publication"
  }, 
  "modified": "2017-06-09T21:39:32.768579+00:00", 
  "owner": 1161, 
  "record_id": 805071, 
  "state": "unsubmitted", 
  "submitted": false, 
  "title": "Biological Invasions in the Amazonian Tropical Rain Forest: The Case of Drosophilidae (Insecta, Diptera) in Ecuador, South America."
}HTTP/1.1 100 Continue

HTTP/1.1 201 CREATED
Server: nginx/1.10.2
Date: Fri, 09 Jun 2017 21:39:36 GMT
Content-Type: application/json
Content-Length: 371
X-RateLimit-Limit: 5000
X-RateLimit-Remaining: 4998
X-RateLimit-Reset: 1497047939
Retry-After: 3562
Access-Control-Allow-Origin: *
Access-Control-Expose-Headers: Content-Type, ETag, Link, X-RateLimit-Limit, X-RateLimit-Remaining, X-RateLimit-Reset
X-Sentry-ID: None
Strict-Transport-Security: max-age=31536000

{"checksum": "a40ddbc57c752756787ff65923a79ed5", "filename": "acurio_et_al__2010.pdf", "filesize": 216333, "id": "f31d3a67-36aa-4100-a98a-2be81eac3066", "links": {"download": "https://zenodo.org/api/files/6b0e2241-f7bd-4739-8086-cdfd1cea0d77/acurio_et_al__2010.pdf", "self": "https://zenodo.org/api/deposit/depositions/805071/files/f31d3a67-36aa-4100-a98a-2be81eac3066"}}HTTP/1.1 202 ACCEPTED
Server: nginx/1.10.2
Date: Fri, 09 Jun 2017 21:39:38 GMT
Content-Type: application/json
Content-Length: 2700
ETag: "2"
Last-Modified: Fri, 09 Jun 2017 21:39:37 GMT
Location: https://zenodo.org/api/deposit/depositions/805071
X-RateLimit-Limit: 5000
X-RateLimit-Remaining: 4998
X-RateLimit-Reset: 1497047970
Retry-After: 3591
Access-Control-Allow-Origin: *
Access-Control-Expose-Headers: Content-Type, ETag, Link, X-RateLimit-Limit, X-RateLimit-Remaining, X-RateLimit-Reset
X-Sentry-ID: None

{
  "conceptdoi": "10.5281/zenodo.805070", 
  "conceptrecid": "805070", 
  "created": "2017-06-09T21:39:32.768571+00:00", 
  "doi": "10.5281/zenodo.805071", 
  "doi_url": "https://doi.org/10.5281/zenodo.805071", 
  "files": [
    {
      "checksum": "a40ddbc57c752756787ff65923a79ed5", 
      "filename": "acurio_et_al__2010.pdf", 
      "filesize": 216333, 
      "id": "f31d3a67-36aa-4100-a98a-2be81eac3066", 
      "links": {
        "download": "https://zenodo.org/api/files/6b0e2241-f7bd-4739-8086-cdfd1cea0d77/acurio_et_al__2010.pdf", 
        "self": "https://zenodo.org/api/deposit/depositions/804610/files/f31d3a67-36aa-4100-a98a-2be81eac3066"
      }
    }
  ], 
  "id": 805071, 
  "links": {
    "badge": "https://zenodo.org/badge/doi/10.5281/zenodo.805071.svg", 
    "bucket": "https://zenodo.org/api/files/6b0e2241-f7bd-4739-8086-cdfd1cea0d77", 
    "conceptbadge": "https://zenodo.org/badge/doi/10.5281/zenodo.805070.svg", 
    "conceptdoi": "https://doi.org/10.5281/zenodo.805070", 
    "doi": "https://doi.org/10.5281/zenodo.805071", 
    "latest": "https://zenodo.org/api/records/805071", 
    "latest_html": "https://zenodo.org/record/805071", 
    "record": "https://zenodo.org/api/records/805071", 
    "record_html": "https://zenodo.org/record/805071"
  }, 
  "metadata": {
    "access_right": "open", 
    "communities": [
      {
        "identifier": "biosyslit"
      }, 
      {
        "identifier": "zenodo"
      }
    ], 
    "creators": [
      {
        "name": "Acurio, A."
      }, 
      {
        "name": "Rafael, V."
      }, 
      {
        "name": "Dangles, O."
      }
    ], 
    "description": "uploaded by Plazi from Taxodros", 
    "doi": "10.5281/zenodo.805071", 
    "journal_pages": "717-723", 
    "journal_title": "Biotropica", 
    "journal_volume": "42", 
    "keywords": [
      "Biodiversity", 
      "Taxonomy", 
      "Animalia", 
      "Arthropoda", 
      "Insecta", 
      "Diptera", 
      "Drosophilidae", 
      "flies", 
      "fruit flies", 
      "terrestrial"
    ], 
    "license": "CC-BY-4.0", 
    "prereserve_doi": {
      "doi": "10.5281/zenodo.805071", 
      "recid": 805071
    }, 
    "publication_date": "2010-12-31", 
    "publication_type": "article", 
    "title": "Biological Invasions in the Amazonian Tropical Rain Forest: The Case of Drosophilidae (Insecta, Diptera) in Ecuador, South America.", 
    "upload_type": "publication"
  }, 
  "modified": "2017-06-09T21:39:37.566151+00:00", 
  "owner": 1161, 
  "record_id": 805071, 
  "state": "done", 
  "submitted": true, 
  "title": "Biological Invasions in the Amazonian Tropical Rain Forest: The Case of Drosophilidae (Insecta, Diptera) in Ecuador, South America."
}