{
  "conceptrecid": "805076", 
  "created": "2017-06-09T21:40:03.319759+00:00", 
  "files": [], 
  "id": 805077, 
  "links": {
    "bucket": "https://zenodo.org/api/files/74a641e7-0080-4a8b-8e62-0d1e03bb4bb7", 
    "discard": "https://zenodo.org/api/deposit/depositions/805077/actions/discard", 
    "edit": "https://zenodo.org/api/deposit/depositions/805077/actions/edit", 
    "files": "https://zenodo.org/api/deposit/depositions/805077/files", 
    "html": "https://zenodo.org/deposit/805077", 
    "latest_draft": "https://zenodo.org/api/deposit/depositions/805077", 
    "latest_draft_html": "https://zenodo.org/deposit/805077", 
    "publish": "https://zenodo.org/api/deposit/depositions/805077/actions/publish", 
    "self": "https://zenodo.org/api/deposit/depositions/805077"
  }, 
  "metadata": {
    "access_right": "open", 
    "communities": [
      {
        "identifier": "biosyslit"
      }
    ], 
    "creators": [
      {
        "name": "Adams, F.C."
      }
    ], 
    "description": "uploaded by Plazi from Taxodros", 
    "journal_pages": "42-43", 
    "journal_title": "Ent. mon. Mag.", 
    "journal_volume": "34", 
    "keywords": [
      "Biodiversity", 
      "Taxonomy", 
      "Animalia", 
      "Arthropoda", 
      "Insecta", 
      "Diptera", 
      "Drosophilidae", 
      "flies", 
      "fruit flies", 
      "terrestrial"
    ], 
    "license": "CC-BY-4.0", 
    "prereserve_doi": {
      "doi": "10.5281/zenodo.805077", 
      "recid": 805077
    }, 
    "publication_date": "1898-12-31", 
    "publication_type": "article", 
    "title": "Diptera taken in the New Forest.", 
    "upload_type": "publication"
  }, 
  "modified": "2017-06-09T21:40:03.319767+00:00", 
  "owner": 1161, 
  "record_id": 805077, 
  "state": "unsubmitted", 
  "submitted": false, 
  "title": "Diptera taken in the New Forest."
}HTTP/1.1 100 Continue

HTTP/1.1 201 CREATED
Server: nginx/1.10.2
Date: Fri, 09 Jun 2017 21:40:06 GMT
Content-Type: application/json
Content-Length: 354
X-RateLimit-Limit: 5000
X-RateLimit-Remaining: 4997
X-RateLimit-Reset: 1497047939
Retry-After: 3532
Access-Control-Allow-Origin: *
Access-Control-Expose-Headers: Content-Type, ETag, Link, X-RateLimit-Limit, X-RateLimit-Remaining, X-RateLimit-Reset
X-Sentry-ID: None
Strict-Transport-Security: max-age=31536000

{"checksum": "e9b18539d92dc923dba4293102dc3982", "filename": "adams_1898.pdf", "filesize": 72104, "id": "5613cc37-a6e5-4a0a-8b9f-f32f9cf21832", "links": {"download": "https://zenodo.org/api/files/74a641e7-0080-4a8b-8e62-0d1e03bb4bb7/adams_1898.pdf", "self": "https://zenodo.org/api/deposit/depositions/805077/files/5613cc37-a6e5-4a0a-8b9f-f32f9cf21832"}}HTTP/1.1 202 ACCEPTED
Server: nginx/1.10.2
Date: Fri, 09 Jun 2017 21:40:07 GMT
Content-Type: application/json
Content-Length: 2393
ETag: "2"
Last-Modified: Fri, 09 Jun 2017 21:40:07 GMT
Location: https://zenodo.org/api/deposit/depositions/805077
X-RateLimit-Limit: 5000
X-RateLimit-Remaining: 4998
X-RateLimit-Reset: 1497045270
Retry-After: 862
Access-Control-Allow-Origin: *
Access-Control-Expose-Headers: Content-Type, ETag, Link, X-RateLimit-Limit, X-RateLimit-Remaining, X-RateLimit-Reset
X-Sentry-ID: None

{
  "conceptdoi": "10.5281/zenodo.805076", 
  "conceptrecid": "805076", 
  "created": "2017-06-09T21:40:03.319759+00:00", 
  "doi": "10.5281/zenodo.805077", 
  "doi_url": "https://doi.org/10.5281/zenodo.805077", 
  "files": [
    {
      "checksum": "e9b18539d92dc923dba4293102dc3982", 
      "filename": "adams_1898.pdf", 
      "filesize": 72104, 
      "id": "5613cc37-a6e5-4a0a-8b9f-f32f9cf21832", 
      "links": {
        "download": "https://zenodo.org/api/files/74a641e7-0080-4a8b-8e62-0d1e03bb4bb7/adams_1898.pdf", 
        "self": "https://zenodo.org/api/deposit/depositions/804689/files/5613cc37-a6e5-4a0a-8b9f-f32f9cf21832"
      }
    }
  ], 
  "id": 805077, 
  "links": {
    "badge": "https://zenodo.org/badge/doi/10.5281/zenodo.805077.svg", 
    "bucket": "https://zenodo.org/api/files/74a641e7-0080-4a8b-8e62-0d1e03bb4bb7", 
    "conceptbadge": "https://zenodo.org/badge/doi/10.5281/zenodo.805076.svg", 
    "conceptdoi": "https://doi.org/10.5281/zenodo.805076", 
    "doi": "https://doi.org/10.5281/zenodo.805077", 
    "latest": "https://zenodo.org/api/records/805077", 
    "latest_html": "https://zenodo.org/record/805077", 
    "record": "https://zenodo.org/api/records/805077", 
    "record_html": "https://zenodo.org/record/805077"
  }, 
  "metadata": {
    "access_right": "open", 
    "communities": [
      {
        "identifier": "biosyslit"
      }, 
      {
        "identifier": "zenodo"
      }
    ], 
    "creators": [
      {
        "name": "Adams, F.C."
      }
    ], 
    "description": "uploaded by Plazi from Taxodros", 
    "doi": "10.5281/zenodo.805077", 
    "journal_pages": "42-43", 
    "journal_title": "Ent. mon. Mag.", 
    "journal_volume": "34", 
    "keywords": [
      "Biodiversity", 
      "Taxonomy", 
      "Animalia", 
      "Arthropoda", 
      "Insecta", 
      "Diptera", 
      "Drosophilidae", 
      "flies", 
      "fruit flies", 
      "terrestrial"
    ], 
    "license": "CC-BY-4.0", 
    "prereserve_doi": {
      "doi": "10.5281/zenodo.805077", 
      "recid": 805077
    }, 
    "publication_date": "1898-12-31", 
    "publication_type": "article", 
    "title": "Diptera taken in the New Forest.", 
    "upload_type": "publication"
  }, 
  "modified": "2017-06-09T21:40:07.452117+00:00", 
  "owner": 1161, 
  "record_id": 805077, 
  "state": "done", 
  "submitted": true, 
  "title": "Diptera taken in the New Forest."
}