{
  "conceptrecid": "805082", 
  "created": "2017-06-09T21:53:37.845902+00:00", 
  "files": [], 
  "id": 805083, 
  "links": {
    "bucket": "https://zenodo.org/api/files/8b867b1d-e75f-4574-8841-b60ad789f63e", 
    "discard": "https://zenodo.org/api/deposit/depositions/805083/actions/discard", 
    "edit": "https://zenodo.org/api/deposit/depositions/805083/actions/edit", 
    "files": "https://zenodo.org/api/deposit/depositions/805083/files", 
    "html": "https://zenodo.org/deposit/805083", 
    "latest_draft": "https://zenodo.org/api/deposit/depositions/805083", 
    "latest_draft_html": "https://zenodo.org/deposit/805083", 
    "publish": "https://zenodo.org/api/deposit/depositions/805083/actions/publish", 
    "self": "https://zenodo.org/api/deposit/depositions/805083"
  }, 
  "metadata": {
    "access_right": "open", 
    "communities": [
      {
        "identifier": "biosyslit"
      }
    ], 
    "creators": [
      {
        "name": "Adams, F.C."
      }
    ], 
    "description": "uploaded by Plazi from Taxodros", 
    "journal_pages": "116-117", 
    "journal_title": "Ent. mon. Mag.", 
    "journal_volume": "42", 
    "keywords": [
      "Biodiversity", 
      "Taxonomy", 
      "Animalia", 
      "Arthropoda", 
      "Insecta", 
      "Diptera", 
      "Drosophilidae", 
      "flies", 
      "fruit flies", 
      "terrestrial"
    ], 
    "license": "CC-BY-4.0", 
    "prereserve_doi": {
      "doi": "10.5281/zenodo.805083", 
      "recid": 805083
    }, 
    "publication_date": "1906-05-31", 
    "publication_type": "article", 
    "title": "Notes on Diptera in the New Forest, 1905.", 
    "upload_type": "publication"
  }, 
  "modified": "2017-06-09T21:53:37.845909+00:00", 
  "owner": 1161, 
  "record_id": 805083, 
  "state": "unsubmitted", 
  "submitted": false, 
  "title": "Notes on Diptera in the New Forest, 1905."
}HTTP/1.1 100 Continue

HTTP/1.1 201 CREATED
Server: nginx/1.10.2
Date: Fri, 09 Jun 2017 21:53:40 GMT
Content-Type: application/json
Content-Length: 354
X-RateLimit-Limit: 5000
X-RateLimit-Remaining: 4996
X-RateLimit-Reset: 1497047466
Retry-After: 2245
Access-Control-Allow-Origin: *
Access-Control-Expose-Headers: Content-Type, ETag, Link, X-RateLimit-Limit, X-RateLimit-Remaining, X-RateLimit-Reset
X-Sentry-ID: None
Strict-Transport-Security: max-age=31536000

{"checksum": "e312519ee693f633e622347a7dff3e6b", "filename": "adams_1906.pdf", "filesize": 37919, "id": "d434f781-e2e8-454a-9d74-2e21f5006a45", "links": {"download": "https://zenodo.org/api/files/8b867b1d-e75f-4574-8841-b60ad789f63e/adams_1906.pdf", "self": "https://zenodo.org/api/deposit/depositions/805083/files/d434f781-e2e8-454a-9d74-2e21f5006a45"}}HTTP/1.1 202 ACCEPTED
Server: nginx/1.10.2
Date: Fri, 09 Jun 2017 21:53:42 GMT
Content-Type: application/json
Content-Length: 2413
ETag: "2"
Last-Modified: Fri, 09 Jun 2017 21:53:41 GMT
Location: https://zenodo.org/api/deposit/depositions/805083
X-RateLimit-Limit: 5000
X-RateLimit-Remaining: 4999
X-RateLimit-Reset: 1497048821
Retry-After: 3598
Access-Control-Allow-Origin: *
Access-Control-Expose-Headers: Content-Type, ETag, Link, X-RateLimit-Limit, X-RateLimit-Remaining, X-RateLimit-Reset
X-Sentry-ID: None

{
  "conceptdoi": "10.5281/zenodo.805082", 
  "conceptrecid": "805082", 
  "created": "2017-06-09T21:53:37.845902+00:00", 
  "doi": "10.5281/zenodo.805083", 
  "doi_url": "https://doi.org/10.5281/zenodo.805083", 
  "files": [
    {
      "checksum": "e312519ee693f633e622347a7dff3e6b", 
      "filename": "adams_1906.pdf", 
      "filesize": 37919, 
      "id": "d434f781-e2e8-454a-9d74-2e21f5006a45", 
      "links": {
        "download": "https://zenodo.org/api/files/8b867b1d-e75f-4574-8841-b60ad789f63e/adams_1906.pdf", 
        "self": "https://zenodo.org/api/deposit/depositions/804695/files/d434f781-e2e8-454a-9d74-2e21f5006a45"
      }
    }
  ], 
  "id": 805083, 
  "links": {
    "badge": "https://zenodo.org/badge/doi/10.5281/zenodo.805083.svg", 
    "bucket": "https://zenodo.org/api/files/8b867b1d-e75f-4574-8841-b60ad789f63e", 
    "conceptbadge": "https://zenodo.org/badge/doi/10.5281/zenodo.805082.svg", 
    "conceptdoi": "https://doi.org/10.5281/zenodo.805082", 
    "doi": "https://doi.org/10.5281/zenodo.805083", 
    "latest": "https://zenodo.org/api/records/805083", 
    "latest_html": "https://zenodo.org/record/805083", 
    "record": "https://zenodo.org/api/records/805083", 
    "record_html": "https://zenodo.org/record/805083"
  }, 
  "metadata": {
    "access_right": "open", 
    "communities": [
      {
        "identifier": "biosyslit"
      }, 
      {
        "identifier": "zenodo"
      }
    ], 
    "creators": [
      {
        "name": "Adams, F.C."
      }
    ], 
    "description": "uploaded by Plazi from Taxodros", 
    "doi": "10.5281/zenodo.805083", 
    "journal_pages": "116-117", 
    "journal_title": "Ent. mon. Mag.", 
    "journal_volume": "42", 
    "keywords": [
      "Biodiversity", 
      "Taxonomy", 
      "Animalia", 
      "Arthropoda", 
      "Insecta", 
      "Diptera", 
      "Drosophilidae", 
      "flies", 
      "fruit flies", 
      "terrestrial"
    ], 
    "license": "CC-BY-4.0", 
    "prereserve_doi": {
      "doi": "10.5281/zenodo.805083", 
      "recid": 805083
    }, 
    "publication_date": "1906-05-31", 
    "publication_type": "article", 
    "title": "Notes on Diptera in the New Forest, 1905.", 
    "upload_type": "publication"
  }, 
  "modified": "2017-06-09T21:53:41.995856+00:00", 
  "owner": 1161, 
  "record_id": 805083, 
  "state": "done", 
  "submitted": true, 
  "title": "Notes on Diptera in the New Forest, 1905."
}