{
  "conceptrecid": "805084", 
  "created": "2017-06-09T21:53:43.365145+00:00", 
  "files": [], 
  "id": 805085, 
  "links": {
    "bucket": "https://zenodo.org/api/files/d36cda9a-2f99-44af-8963-51def821abef", 
    "discard": "https://zenodo.org/api/deposit/depositions/805085/actions/discard", 
    "edit": "https://zenodo.org/api/deposit/depositions/805085/actions/edit", 
    "files": "https://zenodo.org/api/deposit/depositions/805085/files", 
    "html": "https://zenodo.org/deposit/805085", 
    "latest_draft": "https://zenodo.org/api/deposit/depositions/805085", 
    "latest_draft_html": "https://zenodo.org/deposit/805085", 
    "publish": "https://zenodo.org/api/deposit/depositions/805085/actions/publish", 
    "self": "https://zenodo.org/api/deposit/depositions/805085"
  }, 
  "metadata": {
    "access_right": "open", 
    "communities": [
      {
        "identifier": "biosyslit"
      }
    ], 
    "creators": [
      {
        "name": "Adamson, A.M."
      }
    ], 
    "description": "uploaded by Plazi from Taxodros", 
    "journal_pages": "1-93", 
    "journal_title": "Bull. Bernice P. Bishop Mus.", 
    "journal_volume": "159", 
    "keywords": [
      "Biodiversity", 
      "Taxonomy", 
      "Animalia", 
      "Arthropoda", 
      "Insecta", 
      "Diptera", 
      "Drosophilidae", 
      "flies", 
      "fruit flies", 
      "terrestrial"
    ], 
    "license": "CC-BY-4.0", 
    "prereserve_doi": {
      "doi": "10.5281/zenodo.805085", 
      "recid": 805085
    }, 
    "publication_date": "1939-12-31", 
    "publication_type": "article", 
    "title": "Review of the fauna of the Marquesas Islands and discussion of its origin.", 
    "upload_type": "publication"
  }, 
  "modified": "2017-06-09T21:53:43.365153+00:00", 
  "owner": 1161, 
  "record_id": 805085, 
  "state": "unsubmitted", 
  "submitted": false, 
  "title": "Review of the fauna of the Marquesas Islands and discussion of its origin."
}HTTP/1.1 100 Continue

HTTP/1.1 201 CREATED
Server: nginx/1.10.2
Date: Fri, 09 Jun 2017 21:53:58 GMT
Content-Type: application/json
Content-Length: 360
X-RateLimit-Limit: 5000
X-RateLimit-Remaining: 4999
X-RateLimit-Reset: 1497048824
Retry-After: 3585
Access-Control-Allow-Origin: *
Access-Control-Expose-Headers: Content-Type, ETag, Link, X-RateLimit-Limit, X-RateLimit-Remaining, X-RateLimit-Reset
X-Sentry-ID: None
Strict-Transport-Security: max-age=31536000

{"checksum": "9f838fbffb4b709e0e70b195583bf19b", "filename": "adamson_1939.pdf", "filesize": 5529010, "id": "947f96b1-440e-40aa-b207-348073acdd51", "links": {"download": "https://zenodo.org/api/files/d36cda9a-2f99-44af-8963-51def821abef/adamson_1939.pdf", "self": "https://zenodo.org/api/deposit/depositions/805085/files/947f96b1-440e-40aa-b207-348073acdd51"}}HTTP/1.1 202 ACCEPTED
Server: nginx/1.10.2
Date: Fri, 09 Jun 2017 21:53:59 GMT
Content-Type: application/json
Content-Length: 2499
ETag: "2"
Last-Modified: Fri, 09 Jun 2017 21:53:59 GMT
Location: https://zenodo.org/api/deposit/depositions/805085
X-RateLimit-Limit: 5000
X-RateLimit-Remaining: 4999
X-RateLimit-Reset: 1497048839
Retry-After: 3599
Access-Control-Allow-Origin: *
Access-Control-Expose-Headers: Content-Type, ETag, Link, X-RateLimit-Limit, X-RateLimit-Remaining, X-RateLimit-Reset
X-Sentry-ID: None

{
  "conceptdoi": "10.5281/zenodo.805084", 
  "conceptrecid": "805084", 
  "created": "2017-06-09T21:53:43.365145+00:00", 
  "doi": "10.5281/zenodo.805085", 
  "doi_url": "https://doi.org/10.5281/zenodo.805085", 
  "files": [
    {
      "checksum": "9f838fbffb4b709e0e70b195583bf19b", 
      "filename": "adamson_1939.pdf", 
      "filesize": 5529010, 
      "id": "947f96b1-440e-40aa-b207-348073acdd51", 
      "links": {
        "download": "https://zenodo.org/api/files/d36cda9a-2f99-44af-8963-51def821abef/adamson_1939.pdf", 
        "self": "https://zenodo.org/api/deposit/depositions/804865/files/947f96b1-440e-40aa-b207-348073acdd51"
      }
    }
  ], 
  "id": 805085, 
  "links": {
    "badge": "https://zenodo.org/badge/doi/10.5281/zenodo.805085.svg", 
    "bucket": "https://zenodo.org/api/files/d36cda9a-2f99-44af-8963-51def821abef", 
    "conceptbadge": "https://zenodo.org/badge/doi/10.5281/zenodo.805084.svg", 
    "conceptdoi": "https://doi.org/10.5281/zenodo.805084", 
    "doi": "https://doi.org/10.5281/zenodo.805085", 
    "latest": "https://zenodo.org/api/records/805085", 
    "latest_html": "https://zenodo.org/record/805085", 
    "record": "https://zenodo.org/api/records/805085", 
    "record_html": "https://zenodo.org/record/805085"
  }, 
  "metadata": {
    "access_right": "open", 
    "communities": [
      {
        "identifier": "biosyslit"
      }, 
      {
        "identifier": "zenodo"
      }
    ], 
    "creators": [
      {
        "name": "Adamson, A.M."
      }
    ], 
    "description": "uploaded by Plazi from Taxodros", 
    "doi": "10.5281/zenodo.805085", 
    "journal_pages": "1-93", 
    "journal_title": "Bull. Bernice P. Bishop Mus.", 
    "journal_volume": "159", 
    "keywords": [
      "Biodiversity", 
      "Taxonomy", 
      "Animalia", 
      "Arthropoda", 
      "Insecta", 
      "Diptera", 
      "Drosophilidae", 
      "flies", 
      "fruit flies", 
      "terrestrial"
    ], 
    "license": "CC-BY-4.0", 
    "prereserve_doi": {
      "doi": "10.5281/zenodo.805085", 
      "recid": 805085
    }, 
    "publication_date": "1939-12-31", 
    "publication_type": "article", 
    "title": "Review of the fauna of the Marquesas Islands and discussion of its origin.", 
    "upload_type": "publication"
  }, 
  "modified": "2017-06-09T21:53:59.647898+00:00", 
  "owner": 1161, 
  "record_id": 805085, 
  "state": "done", 
  "submitted": true, 
  "title": "Review of the fauna of the Marquesas Islands and discussion of its origin."
}