{
  "conceptrecid": "805074", 
  "created": "2017-06-09T21:39:52.378397+00:00", 
  "files": [], 
  "id": 805075, 
  "links": {
    "bucket": "https://zenodo.org/api/files/f994014a-3105-4a14-9ecc-8f072000a0f3", 
    "discard": "https://zenodo.org/api/deposit/depositions/805075/actions/discard", 
    "edit": "https://zenodo.org/api/deposit/depositions/805075/actions/edit", 
    "files": "https://zenodo.org/api/deposit/depositions/805075/files", 
    "html": "https://zenodo.org/deposit/805075", 
    "latest_draft": "https://zenodo.org/api/deposit/depositions/805075", 
    "latest_draft_html": "https://zenodo.org/deposit/805075", 
    "publish": "https://zenodo.org/api/deposit/depositions/805075/actions/publish", 
    "self": "https://zenodo.org/api/deposit/depositions/805075"
  }, 
  "metadata": {
    "access_right": "open", 
    "communities": [
      {
        "identifier": "biosyslit"
      }
    ], 
    "creators": [
      {
        "name": "Adams, E.A."
      }, 
      {
        "name": "Wolfner, M.F."
      }
    ], 
    "description": "uploaded by Plazi from Taxodros", 
    "journal_pages": "319-331", 
    "journal_title": "J. Insect Physiol.", 
    "journal_volume": "53", 
    "keywords": [
      "Biodiversity", 
      "Taxonomy", 
      "Animalia", 
      "Arthropoda", 
      "Insecta", 
      "Diptera", 
      "Drosophilidae", 
      "flies", 
      "fruit flies", 
      "terrestrial"
    ], 
    "license": "CC-BY-4.0", 
    "prereserve_doi": {
      "doi": "10.5281/zenodo.805075", 
      "recid": 805075
    }, 
    "publication_date": "2007-12-31", 
    "publication_type": "article", 
    "title": "Seminal proteins but not sperm induce morphological changes in the Drosophila melanogaster female reproductive tract during sperm storage.", 
    "upload_type": "publication"
  }, 
  "modified": "2017-06-09T21:39:52.378404+00:00", 
  "owner": 1161, 
  "record_id": 805075, 
  "state": "unsubmitted", 
  "submitted": false, 
  "title": "Seminal proteins but not sperm induce morphological changes in the Drosophila melanogaster female reproductive tract during sperm storage."
}HTTP/1.1 100 Continue

HTTP/1.1 201 CREATED
Server: nginx/1.10.2
Date: Fri, 09 Jun 2017 21:39:59 GMT
Content-Type: application/json
Content-Length: 373
X-RateLimit-Limit: 5000
X-RateLimit-Remaining: 4999
X-RateLimit-Reset: 1497047993
Retry-After: 3593
Access-Control-Allow-Origin: *
Access-Control-Expose-Headers: Content-Type, ETag, Link, X-RateLimit-Limit, X-RateLimit-Remaining, X-RateLimit-Reset
X-Sentry-ID: None
Strict-Transport-Security: max-age=31536000

{"checksum": "d316c2bcbab4a780e5508feac91a998e", "filename": "adams__wolfner_2007.pdf", "filesize": 758753, "id": "d6e8e1ff-3f1c-4b86-9a1f-266646eb1a91", "links": {"download": "https://zenodo.org/api/files/f994014a-3105-4a14-9ecc-8f072000a0f3/adams__wolfner_2007.pdf", "self": "https://zenodo.org/api/deposit/depositions/805075/files/d6e8e1ff-3f1c-4b86-9a1f-266646eb1a91"}}HTTP/1.1 202 ACCEPTED
Server: nginx/1.10.2
Date: Fri, 09 Jun 2017 21:40:02 GMT
Content-Type: application/json
Content-Length: 2680
ETag: "2"
Last-Modified: Fri, 09 Jun 2017 21:40:00 GMT
Location: https://zenodo.org/api/deposit/depositions/805075
X-RateLimit-Limit: 5000
X-RateLimit-Remaining: 4997
X-RateLimit-Reset: 1497045274
Retry-After: 871
Access-Control-Allow-Origin: *
Access-Control-Expose-Headers: Content-Type, ETag, Link, X-RateLimit-Limit, X-RateLimit-Remaining, X-RateLimit-Reset
X-Sentry-ID: None

{
  "conceptdoi": "10.5281/zenodo.805074", 
  "conceptrecid": "805074", 
  "created": "2017-06-09T21:39:52.378397+00:00", 
  "doi": "10.5281/zenodo.805075", 
  "doi_url": "https://doi.org/10.5281/zenodo.805075", 
  "files": [
    {
      "checksum": "d316c2bcbab4a780e5508feac91a998e", 
      "filename": "adams__wolfner_2007.pdf", 
      "filesize": 758753, 
      "id": "d6e8e1ff-3f1c-4b86-9a1f-266646eb1a91", 
      "links": {
        "download": "https://zenodo.org/api/files/f994014a-3105-4a14-9ecc-8f072000a0f3/adams__wolfner_2007.pdf", 
        "self": "https://zenodo.org/api/deposit/depositions/804705/files/d6e8e1ff-3f1c-4b86-9a1f-266646eb1a91"
      }
    }
  ], 
  "id": 805075, 
  "links": {
    "badge": "https://zenodo.org/badge/doi/10.5281/zenodo.805075.svg", 
    "bucket": "https://zenodo.org/api/files/f994014a-3105-4a14-9ecc-8f072000a0f3", 
    "conceptbadge": "https://zenodo.org/badge/doi/10.5281/zenodo.805074.svg", 
    "conceptdoi": "https://doi.org/10.5281/zenodo.805074", 
    "doi": "https://doi.org/10.5281/zenodo.805075", 
    "latest": "https://zenodo.org/api/records/805075", 
    "latest_html": "https://zenodo.org/record/805075", 
    "record": "https://zenodo.org/api/records/805075", 
    "record_html": "https://zenodo.org/record/805075"
  }, 
  "metadata": {
    "access_right": "open", 
    "communities": [
      {
        "identifier": "biosyslit"
      }, 
      {
        "identifier": "zenodo"
      }
    ], 
    "creators": [
      {
        "name": "Adams, E.A."
      }, 
      {
        "name": "Wolfner, M.F."
      }
    ], 
    "description": "uploaded by Plazi from Taxodros", 
    "doi": "10.5281/zenodo.805075", 
    "journal_pages": "319-331", 
    "journal_title": "J. Insect Physiol.", 
    "journal_volume": "53", 
    "keywords": [
      "Biodiversity", 
      "Taxonomy", 
      "Animalia", 
      "Arthropoda", 
      "Insecta", 
      "Diptera", 
      "Drosophilidae", 
      "flies", 
      "fruit flies", 
      "terrestrial"
    ], 
    "license": "CC-BY-4.0", 
    "prereserve_doi": {
      "doi": "10.5281/zenodo.805075", 
      "recid": 805075
    }, 
    "publication_date": "2007-12-31", 
    "publication_type": "article", 
    "title": "Seminal proteins but not sperm induce morphological changes in the Drosophila melanogaster female reproductive tract during sperm storage.", 
    "upload_type": "publication"
  }, 
  "modified": "2017-06-09T21:40:00.566710+00:00", 
  "owner": 1161, 
  "record_id": 805075, 
  "state": "done", 
  "submitted": true, 
  "title": "Seminal proteins but not sperm induce morphological changes in the Drosophila melanogaster female reproductive tract during sperm storage."
}