{
  "conceptrecid": "805088", 
  "created": "2017-06-09T21:54:10.529682+00:00", 
  "files": [], 
  "id": 805089, 
  "links": {
    "bucket": "https://zenodo.org/api/files/5a976098-5dce-49e0-9676-02f8ef5a1eb4", 
    "discard": "https://zenodo.org/api/deposit/depositions/805089/actions/discard", 
    "edit": "https://zenodo.org/api/deposit/depositions/805089/actions/edit", 
    "files": "https://zenodo.org/api/deposit/depositions/805089/files", 
    "html": "https://zenodo.org/deposit/805089", 
    "latest_draft": "https://zenodo.org/api/deposit/depositions/805089", 
    "latest_draft_html": "https://zenodo.org/deposit/805089", 
    "publish": "https://zenodo.org/api/deposit/depositions/805089/actions/publish", 
    "self": "https://zenodo.org/api/deposit/depositions/805089"
  }, 
  "metadata": {
    "access_right": "open", 
    "communities": [
      {
        "identifier": "biosyslit"
      }
    ], 
    "creators": [
      {
        "name": "Aders, W.M."
      }
    ], 
    "description": "uploaded by Plazi from Taxodros", 
    "journal_pages": "391-403", 
    "journal_title": "Bull. Ent. Res.", 
    "journal_volume": "7", 
    "keywords": [
      "Biodiversity", 
      "Taxonomy", 
      "Animalia", 
      "Arthropoda", 
      "Insecta", 
      "Diptera", 
      "Drosophilidae", 
      "flies", 
      "fruit flies", 
      "terrestrial"
    ], 
    "license": "CC-BY-4.0", 
    "prereserve_doi": {
      "doi": "10.5281/zenodo.805089", 
      "recid": 805089
    }, 
    "publication_date": "1916-12-31", 
    "publication_type": "article", 
    "title": "Insects injurious to man and stock in Zanzibar.", 
    "upload_type": "publication"
  }, 
  "modified": "2017-06-09T21:54:10.529690+00:00", 
  "owner": 1161, 
  "record_id": 805089, 
  "state": "unsubmitted", 
  "submitted": false, 
  "title": "Insects injurious to man and stock in Zanzibar."
}HTTP/1.1 100 Continue

HTTP/1.1 201 CREATED
Server: nginx/1.10.2
Date: Fri, 09 Jun 2017 21:55:30 GMT
Content-Type: application/json
Content-Length: 357
X-RateLimit-Limit: 5000
X-RateLimit-Remaining: 4998
X-RateLimit-Reset: 1497047493
Retry-After: 2162
Access-Control-Allow-Origin: *
Access-Control-Expose-Headers: Content-Type, ETag, Link, X-RateLimit-Limit, X-RateLimit-Remaining, X-RateLimit-Reset
X-Sentry-ID: None
Strict-Transport-Security: max-age=31536000

{"checksum": "d1d4f36de1d65506cba32afe65606936", "filename": "aders_1916.pdf", "filesize": 36616990, "id": "35a7132d-ff8e-4957-b2bd-33c85d14e516", "links": {"download": "https://zenodo.org/api/files/5a976098-5dce-49e0-9676-02f8ef5a1eb4/aders_1916.pdf", "self": "https://zenodo.org/api/deposit/depositions/805089/files/35a7132d-ff8e-4957-b2bd-33c85d14e516"}}HTTP/1.1 202 ACCEPTED
Server: nginx/1.10.2
Date: Fri, 09 Jun 2017 21:55:32 GMT
Content-Type: application/json
Content-Length: 2428
ETag: "2"
Last-Modified: Fri, 09 Jun 2017 21:55:32 GMT
Location: https://zenodo.org/api/deposit/depositions/805089
X-RateLimit-Limit: 5000
X-RateLimit-Remaining: 4999
X-RateLimit-Reset: 1497048931
Retry-After: 3598
Access-Control-Allow-Origin: *
Access-Control-Expose-Headers: Content-Type, ETag, Link, X-RateLimit-Limit, X-RateLimit-Remaining, X-RateLimit-Reset
X-Sentry-ID: None

{
  "conceptdoi": "10.5281/zenodo.805088", 
  "conceptrecid": "805088", 
  "created": "2017-06-09T21:54:10.529682+00:00", 
  "doi": "10.5281/zenodo.805089", 
  "doi_url": "https://doi.org/10.5281/zenodo.805089", 
  "files": [
    {
      "checksum": "d1d4f36de1d65506cba32afe65606936", 
      "filename": "aders_1916.pdf", 
      "filesize": 36616990, 
      "id": "35a7132d-ff8e-4957-b2bd-33c85d14e516", 
      "links": {
        "download": "https://zenodo.org/api/files/5a976098-5dce-49e0-9676-02f8ef5a1eb4/aders_1916.pdf", 
        "self": "https://zenodo.org/api/deposit/depositions/804703/files/35a7132d-ff8e-4957-b2bd-33c85d14e516"
      }
    }
  ], 
  "id": 805089, 
  "links": {
    "badge": "https://zenodo.org/badge/doi/10.5281/zenodo.805089.svg", 
    "bucket": "https://zenodo.org/api/files/5a976098-5dce-49e0-9676-02f8ef5a1eb4", 
    "conceptbadge": "https://zenodo.org/badge/doi/10.5281/zenodo.805088.svg", 
    "conceptdoi": "https://doi.org/10.5281/zenodo.805088", 
    "doi": "https://doi.org/10.5281/zenodo.805089", 
    "latest": "https://zenodo.org/api/records/805089", 
    "latest_html": "https://zenodo.org/record/805089", 
    "record": "https://zenodo.org/api/records/805089", 
    "record_html": "https://zenodo.org/record/805089"
  }, 
  "metadata": {
    "access_right": "open", 
    "communities": [
      {
        "identifier": "biosyslit"
      }, 
      {
        "identifier": "zenodo"
      }
    ], 
    "creators": [
      {
        "name": "Aders, W.M."
      }
    ], 
    "description": "uploaded by Plazi from Taxodros", 
    "doi": "10.5281/zenodo.805089", 
    "journal_pages": "391-403", 
    "journal_title": "Bull. Ent. Res.", 
    "journal_volume": "7", 
    "keywords": [
      "Biodiversity", 
      "Taxonomy", 
      "Animalia", 
      "Arthropoda", 
      "Insecta", 
      "Diptera", 
      "Drosophilidae", 
      "flies", 
      "fruit flies", 
      "terrestrial"
    ], 
    "license": "CC-BY-4.0", 
    "prereserve_doi": {
      "doi": "10.5281/zenodo.805089", 
      "recid": 805089
    }, 
    "publication_date": "1916-12-31", 
    "publication_type": "article", 
    "title": "Insects injurious to man and stock in Zanzibar.", 
    "upload_type": "publication"
  }, 
  "modified": "2017-06-09T21:55:32.169842+00:00", 
  "owner": 1161, 
  "record_id": 805089, 
  "state": "done", 
  "submitted": true, 
  "title": "Insects injurious to man and stock in Zanzibar."
}