{
  "conceptrecid": "805096", 
  "created": "2017-06-09T21:55:46.549376+00:00", 
  "files": [], 
  "id": 805097, 
  "links": {
    "bucket": "https://zenodo.org/api/files/169f68aa-0f61-4419-9e3c-1c36d0402e55", 
    "discard": "https://zenodo.org/api/deposit/depositions/805097/actions/discard", 
    "edit": "https://zenodo.org/api/deposit/depositions/805097/actions/edit", 
    "files": "https://zenodo.org/api/deposit/depositions/805097/files", 
    "html": "https://zenodo.org/deposit/805097", 
    "latest_draft": "https://zenodo.org/api/deposit/depositions/805097", 
    "latest_draft_html": "https://zenodo.org/deposit/805097", 
    "publish": "https://zenodo.org/api/deposit/depositions/805097/actions/publish", 
    "self": "https://zenodo.org/api/deposit/depositions/805097"
  }, 
  "metadata": {
    "access_right": "open", 
    "communities": [
      {
        "identifier": "biosyslit"
      }
    ], 
    "creators": [
      {
        "name": "Afonso, J.M."
      }, 
      {
        "name": "Volz, A."
      }, 
      {
        "name": "Hernandez, M."
      }, 
      {
        "name": "Ruttkay, H."
      }, 
      {
        "name": "Gonzalez, M."
      }, 
      {
        "name": "Larruga, J.M."
      }, 
      {
        "name": "Cabrera, V.M."
      }, 
      {
        "name": "Sperlich, D."
      }
    ], 
    "description": "uploaded by Plazi from Taxodros", 
    "journal_pages": "123-142", 
    "journal_title": "Molec. Biol. Evol.", 
    "journal_volume": "7", 
    "keywords": [
      "Biodiversity", 
      "Taxonomy", 
      "Animalia", 
      "Arthropoda", 
      "Insecta", 
      "Diptera", 
      "Drosophilidae", 
      "flies", 
      "fruit flies", 
      "terrestrial"
    ], 
    "license": "CC-BY-4.0", 
    "prereserve_doi": {
      "doi": "10.5281/zenodo.805097", 
      "recid": 805097
    }, 
    "publication_date": "1990-03-31", 
    "publication_type": "article", 
    "title": "Mitochondrial DNA Variation and Genetic Structure in Old-World Populations of Drosophila subobscura.", 
    "upload_type": "publication"
  }, 
  "modified": "2017-06-09T21:55:46.549383+00:00", 
  "owner": 1161, 
  "record_id": 805097, 
  "state": "unsubmitted", 
  "submitted": false, 
  "title": "Mitochondrial DNA Variation and Genetic Structure in Old-World Populations of Drosophila subobscura."
}HTTP/1.1 100 Continue

HTTP/1.1 201 CREATED
Server: nginx/1.10.2
Date: Fri, 09 Jun 2017 21:55:53 GMT
Content-Type: application/json
Content-Length: 372
X-RateLimit-Limit: 5000
X-RateLimit-Remaining: 4998
X-RateLimit-Reset: 1497047504
Retry-After: 2150
Access-Control-Allow-Origin: *
Access-Control-Expose-Headers: Content-Type, ETag, Link, X-RateLimit-Limit, X-RateLimit-Remaining, X-RateLimit-Reset
X-Sentry-ID: None
Strict-Transport-Security: max-age=31536000

{"checksum": "45931af8363306f12d8a31cb7fe0a88f", "filename": "afonso_et_al__1990.pdf", "filesize": 1643400, "id": "9838cdb8-6492-4285-ad1f-76e3f23971c2", "links": {"download": "https://zenodo.org/api/files/169f68aa-0f61-4419-9e3c-1c36d0402e55/afonso_et_al__1990.pdf", "self": "https://zenodo.org/api/deposit/depositions/805097/files/9838cdb8-6492-4285-ad1f-76e3f23971c2"}}HTTP/1.1 202 ACCEPTED
Server: nginx/1.10.2
Date: Fri, 09 Jun 2017 21:55:55 GMT
Content-Type: application/json
Content-Length: 2894
ETag: "2"
Last-Modified: Fri, 09 Jun 2017 21:55:55 GMT
Location: https://zenodo.org/api/deposit/depositions/805097
X-RateLimit-Limit: 5000
X-RateLimit-Remaining: 4999
X-RateLimit-Reset: 1497048954
Retry-After: 3598
Access-Control-Allow-Origin: *
Access-Control-Expose-Headers: Content-Type, ETag, Link, X-RateLimit-Limit, X-RateLimit-Remaining, X-RateLimit-Reset
X-Sentry-ID: None

{
  "conceptdoi": "10.5281/zenodo.805096", 
  "conceptrecid": "805096", 
  "created": "2017-06-09T21:55:46.549376+00:00", 
  "doi": "10.5281/zenodo.805097", 
  "doi_url": "https://doi.org/10.5281/zenodo.805097", 
  "files": [
    {
      "checksum": "45931af8363306f12d8a31cb7fe0a88f", 
      "filename": "afonso_et_al__1990.pdf", 
      "filesize": 1643400, 
      "id": "9838cdb8-6492-4285-ad1f-76e3f23971c2", 
      "links": {
        "download": "https://zenodo.org/api/files/169f68aa-0f61-4419-9e3c-1c36d0402e55/afonso_et_al__1990.pdf", 
        "self": "https://zenodo.org/api/deposit/depositions/128482/files/9838cdb8-6492-4285-ad1f-76e3f23971c2"
      }
    }
  ], 
  "id": 805097, 
  "links": {
    "badge": "https://zenodo.org/badge/doi/10.5281/zenodo.805097.svg", 
    "bucket": "https://zenodo.org/api/files/169f68aa-0f61-4419-9e3c-1c36d0402e55", 
    "conceptbadge": "https://zenodo.org/badge/doi/10.5281/zenodo.805096.svg", 
    "conceptdoi": "https://doi.org/10.5281/zenodo.805096", 
    "doi": "https://doi.org/10.5281/zenodo.805097", 
    "latest": "https://zenodo.org/api/records/805097", 
    "latest_html": "https://zenodo.org/record/805097", 
    "record": "https://zenodo.org/api/records/805097", 
    "record_html": "https://zenodo.org/record/805097"
  }, 
  "metadata": {
    "access_right": "open", 
    "communities": [
      {
        "identifier": "biosyslit"
      }, 
      {
        "identifier": "zenodo"
      }
    ], 
    "creators": [
      {
        "name": "Afonso, J.M."
      }, 
      {
        "name": "Volz, A."
      }, 
      {
        "name": "Hernandez, M."
      }, 
      {
        "name": "Ruttkay, H."
      }, 
      {
        "name": "Gonzalez, M."
      }, 
      {
        "name": "Larruga, J.M."
      }, 
      {
        "name": "Cabrera, V.M."
      }, 
      {
        "name": "Sperlich, D."
      }
    ], 
    "description": "uploaded by Plazi from Taxodros", 
    "doi": "10.5281/zenodo.805097", 
    "journal_pages": "123-142", 
    "journal_title": "Molec. Biol. Evol.", 
    "journal_volume": "7", 
    "keywords": [
      "Biodiversity", 
      "Taxonomy", 
      "Animalia", 
      "Arthropoda", 
      "Insecta", 
      "Diptera", 
      "Drosophilidae", 
      "flies", 
      "fruit flies", 
      "terrestrial"
    ], 
    "license": "CC-BY-4.0", 
    "prereserve_doi": {
      "doi": "10.5281/zenodo.805097", 
      "recid": 805097
    }, 
    "publication_date": "1990-03-31", 
    "publication_type": "article", 
    "title": "Mitochondrial DNA Variation and Genetic Structure in Old-World Populations of Drosophila subobscura.", 
    "upload_type": "publication"
  }, 
  "modified": "2017-06-09T21:55:55.042246+00:00", 
  "owner": 1161, 
  "record_id": 805097, 
  "state": "done", 
  "submitted": true, 
  "title": "Mitochondrial DNA Variation and Genetic Structure in Old-World Populations of Drosophila subobscura."
}