{
  "conceptrecid": "805094", 
  "created": "2017-06-09T21:55:41.632728+00:00", 
  "files": [], 
  "id": 805095, 
  "links": {
    "bucket": "https://zenodo.org/api/files/392f3d67-aefb-48dc-9128-2ea7d3c5879b", 
    "discard": "https://zenodo.org/api/deposit/depositions/805095/actions/discard", 
    "edit": "https://zenodo.org/api/deposit/depositions/805095/actions/edit", 
    "files": "https://zenodo.org/api/deposit/depositions/805095/files", 
    "html": "https://zenodo.org/deposit/805095", 
    "latest_draft": "https://zenodo.org/api/deposit/depositions/805095", 
    "latest_draft_html": "https://zenodo.org/deposit/805095", 
    "publish": "https://zenodo.org/api/deposit/depositions/805095/actions/publish", 
    "self": "https://zenodo.org/api/deposit/depositions/805095"
  }, 
  "metadata": {
    "access_right": "open", 
    "communities": [
      {
        "identifier": "biosyslit"
      }
    ], 
    "creators": [
      {
        "name": "Afonso, J.M."
      }, 
      {
        "name": "Hernandez, M."
      }, 
      {
        "name": "Padron, G."
      }, 
      {
        "name": "Gonzalez, A.M."
      }
    ], 
    "description": "uploaded by Plazi from Taxodros", 
    "journal_pages": "3-11", 
    "journal_title": "Genetica", 
    "journal_volume": "67", 
    "keywords": [
      "Biodiversity", 
      "Taxonomy", 
      "Animalia", 
      "Arthropoda", 
      "Insecta", 
      "Diptera", 
      "Drosophilidae", 
      "flies", 
      "fruit flies", 
      "terrestrial"
    ], 
    "license": "CC-BY-4.0", 
    "prereserve_doi": {
      "doi": "10.5281/zenodo.805095", 
      "recid": 805095
    }, 
    "publication_date": "1985-07-31", 
    "publication_type": "article", 
    "title": "Gametic non-random associations in North-West African populations of Drosophila melanogaster.", 
    "upload_type": "publication"
  }, 
  "modified": "2017-06-09T21:55:41.632748+00:00", 
  "owner": 1161, 
  "record_id": 805095, 
  "state": "unsubmitted", 
  "submitted": false, 
  "title": "Gametic non-random associations in North-West African populations of Drosophila melanogaster."
}HTTP/1.1 100 Continue

HTTP/1.1 201 CREATED
Server: nginx/1.10.2
Date: Fri, 09 Jun 2017 21:55:44 GMT
Content-Type: application/json
Content-Length: 370
X-RateLimit-Limit: 5000
X-RateLimit-Remaining: 4999
X-RateLimit-Reset: 1497048942
Retry-After: 3597
Access-Control-Allow-Origin: *
Access-Control-Expose-Headers: Content-Type, ETag, Link, X-RateLimit-Limit, X-RateLimit-Remaining, X-RateLimit-Reset
X-Sentry-ID: None
Strict-Transport-Security: max-age=31536000

{"checksum": "81a578217ecb846446693f79207c4ffe", "filename": "afonso_et_al__1985.pdf", "filesize": 30955, "id": "c2d099d6-31f2-4222-b527-d10b5491418e", "links": {"download": "https://zenodo.org/api/files/392f3d67-aefb-48dc-9128-2ea7d3c5879b/afonso_et_al__1985.pdf", "self": "https://zenodo.org/api/deposit/depositions/805095/files/c2d099d6-31f2-4222-b527-d10b5491418e"}}HTTP/1.1 202 ACCEPTED
Server: nginx/1.10.2
Date: Fri, 09 Jun 2017 21:55:45 GMT
Content-Type: application/json
Content-Length: 2673
ETag: "2"
Last-Modified: Fri, 09 Jun 2017 21:55:45 GMT
Location: https://zenodo.org/api/deposit/depositions/805095
X-RateLimit-Limit: 5000
X-RateLimit-Remaining: 4997
X-RateLimit-Reset: 1497047970
Retry-After: 2624
Access-Control-Allow-Origin: *
Access-Control-Expose-Headers: Content-Type, ETag, Link, X-RateLimit-Limit, X-RateLimit-Remaining, X-RateLimit-Reset
X-Sentry-ID: None

{
  "conceptdoi": "10.5281/zenodo.805094", 
  "conceptrecid": "805094", 
  "created": "2017-06-09T21:55:41.632728+00:00", 
  "doi": "10.5281/zenodo.805095", 
  "doi_url": "https://doi.org/10.5281/zenodo.805095", 
  "files": [
    {
      "checksum": "81a578217ecb846446693f79207c4ffe", 
      "filename": "afonso_et_al__1985.pdf", 
      "filesize": 30955, 
      "id": "c2d099d6-31f2-4222-b527-d10b5491418e", 
      "links": {
        "download": "https://zenodo.org/api/files/392f3d67-aefb-48dc-9128-2ea7d3c5879b/afonso_et_al__1985.pdf", 
        "self": "https://zenodo.org/api/deposit/depositions/804610/files/c2d099d6-31f2-4222-b527-d10b5491418e"
      }
    }
  ], 
  "id": 805095, 
  "links": {
    "badge": "https://zenodo.org/badge/doi/10.5281/zenodo.805095.svg", 
    "bucket": "https://zenodo.org/api/files/392f3d67-aefb-48dc-9128-2ea7d3c5879b", 
    "conceptbadge": "https://zenodo.org/badge/doi/10.5281/zenodo.805094.svg", 
    "conceptdoi": "https://doi.org/10.5281/zenodo.805094", 
    "doi": "https://doi.org/10.5281/zenodo.805095", 
    "latest": "https://zenodo.org/api/records/805095", 
    "latest_html": "https://zenodo.org/record/805095", 
    "record": "https://zenodo.org/api/records/805095", 
    "record_html": "https://zenodo.org/record/805095"
  }, 
  "metadata": {
    "access_right": "open", 
    "communities": [
      {
        "identifier": "biosyslit"
      }, 
      {
        "identifier": "zenodo"
      }
    ], 
    "creators": [
      {
        "name": "Afonso, J.M."
      }, 
      {
        "name": "Hernandez, M."
      }, 
      {
        "name": "Padron, G."
      }, 
      {
        "name": "Gonzalez, A.M."
      }
    ], 
    "description": "uploaded by Plazi from Taxodros", 
    "doi": "10.5281/zenodo.805095", 
    "journal_pages": "3-11", 
    "journal_title": "Genetica", 
    "journal_volume": "67", 
    "keywords": [
      "Biodiversity", 
      "Taxonomy", 
      "Animalia", 
      "Arthropoda", 
      "Insecta", 
      "Diptera", 
      "Drosophilidae", 
      "flies", 
      "fruit flies", 
      "terrestrial"
    ], 
    "license": "CC-BY-4.0", 
    "prereserve_doi": {
      "doi": "10.5281/zenodo.805095", 
      "recid": 805095
    }, 
    "publication_date": "1985-07-31", 
    "publication_type": "article", 
    "title": "Gametic non-random associations in North-West African populations of Drosophila melanogaster.", 
    "upload_type": "publication"
  }, 
  "modified": "2017-06-09T21:55:45.365578+00:00", 
  "owner": 1161, 
  "record_id": 805095, 
  "state": "done", 
  "submitted": true, 
  "title": "Gametic non-random associations in North-West African populations of Drosophila melanogaster."
}