{
  "conceptrecid": "805100", 
  "created": "2017-06-09T21:56:03.139132+00:00", 
  "files": [], 
  "id": 805101, 
  "links": {
    "bucket": "https://zenodo.org/api/files/be097368-86a9-429d-a5fe-417f735e39e1", 
    "discard": "https://zenodo.org/api/deposit/depositions/805101/actions/discard", 
    "edit": "https://zenodo.org/api/deposit/depositions/805101/actions/edit", 
    "files": "https://zenodo.org/api/deposit/depositions/805101/files", 
    "html": "https://zenodo.org/deposit/805101", 
    "latest_draft": "https://zenodo.org/api/deposit/depositions/805101", 
    "latest_draft_html": "https://zenodo.org/deposit/805101", 
    "publish": "https://zenodo.org/api/deposit/depositions/805101/actions/publish", 
    "self": "https://zenodo.org/api/deposit/depositions/805101"
  }, 
  "metadata": {
    "access_right": "open", 
    "communities": [
      {
        "identifier": "biosyslit"
      }
    ], 
    "creators": [
      {
        "name": "Agis, M."
      }, 
      {
        "name": "Schlotterer, C."
      }
    ], 
    "description": "uploaded by Plazi from Taxodros", 
    "journal_pages": "1197-1205", 
    "journal_title": "Molec. Ecol.", 
    "journal_volume": "10", 
    "keywords": [
      "Biodiversity", 
      "Taxonomy", 
      "Animalia", 
      "Arthropoda", 
      "Insecta", 
      "Diptera", 
      "Drosophilidae", 
      "flies", 
      "fruit flies", 
      "terrestrial"
    ], 
    "license": "CC-BY-4.0", 
    "prereserve_doi": {
      "doi": "10.5281/zenodo.805101", 
      "recid": 805101
    }, 
    "publication_date": "2001-12-31", 
    "publication_type": "article", 
    "title": "Microsatellite variation in natural Drosophila melanogaster populations from New South Wales (Australia) and Tasmania.", 
    "upload_type": "publication"
  }, 
  "modified": "2017-06-09T21:56:03.139140+00:00", 
  "owner": 1161, 
  "record_id": 805101, 
  "state": "unsubmitted", 
  "submitted": false, 
  "title": "Microsatellite variation in natural Drosophila melanogaster populations from New South Wales (Australia) and Tasmania."
}HTTP/1.1 100 Continue

HTTP/1.1 201 CREATED
Server: nginx/1.10.2
Date: Fri, 09 Jun 2017 21:56:06 GMT
Content-Type: application/json
Content-Length: 381
X-RateLimit-Limit: 5000
X-RateLimit-Remaining: 4998
X-RateLimit-Reset: 1497048845
Retry-After: 3478
Access-Control-Allow-Origin: *
Access-Control-Expose-Headers: Content-Type, ETag, Link, X-RateLimit-Limit, X-RateLimit-Remaining, X-RateLimit-Reset
X-Sentry-ID: None
Strict-Transport-Security: max-age=31536000

{"checksum": "c2e2271eda713f5656518a86d6c3fa67", "filename": "agis__schloetterer_2001.pdf", "filesize": 229965, "id": "deacf445-6a50-4ddf-9d60-eb4f531c1a34", "links": {"download": "https://zenodo.org/api/files/be097368-86a9-429d-a5fe-417f735e39e1/agis__schloetterer_2001.pdf", "self": "https://zenodo.org/api/deposit/depositions/805101/files/deacf445-6a50-4ddf-9d60-eb4f531c1a34"}}HTTP/1.1 202 ACCEPTED
Server: nginx/1.10.2
Date: Fri, 09 Jun 2017 21:56:08 GMT
Content-Type: application/json
Content-Length: 2643
ETag: "2"
Last-Modified: Fri, 09 Jun 2017 21:56:07 GMT
Location: https://zenodo.org/api/deposit/depositions/805101
X-RateLimit-Limit: 5000
X-RateLimit-Remaining: 4997
X-RateLimit-Reset: 1497047484
Retry-After: 2115
Access-Control-Allow-Origin: *
Access-Control-Expose-Headers: Content-Type, ETag, Link, X-RateLimit-Limit, X-RateLimit-Remaining, X-RateLimit-Reset
X-Sentry-ID: None

{
  "conceptdoi": "10.5281/zenodo.805100", 
  "conceptrecid": "805100", 
  "created": "2017-06-09T21:56:03.139132+00:00", 
  "doi": "10.5281/zenodo.805101", 
  "doi_url": "https://doi.org/10.5281/zenodo.805101", 
  "files": [
    {
      "checksum": "c2e2271eda713f5656518a86d6c3fa67", 
      "filename": "agis__schloetterer_2001.pdf", 
      "filesize": 229965, 
      "id": "deacf445-6a50-4ddf-9d60-eb4f531c1a34", 
      "links": {
        "download": "https://zenodo.org/api/files/be097368-86a9-429d-a5fe-417f735e39e1/agis__schloetterer_2001.pdf", 
        "self": "https://zenodo.org/api/deposit/depositions/804865/files/deacf445-6a50-4ddf-9d60-eb4f531c1a34"
      }
    }
  ], 
  "id": 805101, 
  "links": {
    "badge": "https://zenodo.org/badge/doi/10.5281/zenodo.805101.svg", 
    "bucket": "https://zenodo.org/api/files/be097368-86a9-429d-a5fe-417f735e39e1", 
    "conceptbadge": "https://zenodo.org/badge/doi/10.5281/zenodo.805100.svg", 
    "conceptdoi": "https://doi.org/10.5281/zenodo.805100", 
    "doi": "https://doi.org/10.5281/zenodo.805101", 
    "latest": "https://zenodo.org/api/records/805101", 
    "latest_html": "https://zenodo.org/record/805101", 
    "record": "https://zenodo.org/api/records/805101", 
    "record_html": "https://zenodo.org/record/805101"
  }, 
  "metadata": {
    "access_right": "open", 
    "communities": [
      {
        "identifier": "biosyslit"
      }, 
      {
        "identifier": "zenodo"
      }
    ], 
    "creators": [
      {
        "name": "Agis, M."
      }, 
      {
        "name": "Schlotterer, C."
      }
    ], 
    "description": "uploaded by Plazi from Taxodros", 
    "doi": "10.5281/zenodo.805101", 
    "journal_pages": "1197-1205", 
    "journal_title": "Molec. Ecol.", 
    "journal_volume": "10", 
    "keywords": [
      "Biodiversity", 
      "Taxonomy", 
      "Animalia", 
      "Arthropoda", 
      "Insecta", 
      "Diptera", 
      "Drosophilidae", 
      "flies", 
      "fruit flies", 
      "terrestrial"
    ], 
    "license": "CC-BY-4.0", 
    "prereserve_doi": {
      "doi": "10.5281/zenodo.805101", 
      "recid": 805101
    }, 
    "publication_date": "2001-12-31", 
    "publication_type": "article", 
    "title": "Microsatellite variation in natural Drosophila melanogaster populations from New South Wales (Australia) and Tasmania.", 
    "upload_type": "publication"
  }, 
  "modified": "2017-06-09T21:56:07.763632+00:00", 
  "owner": 1161, 
  "record_id": 805101, 
  "state": "done", 
  "submitted": true, 
  "title": "Microsatellite variation in natural Drosophila melanogaster populations from New South Wales (Australia) and Tasmania."
}