{
  "conceptrecid": "805104", 
  "created": "2017-06-09T21:56:16.212099+00:00", 
  "files": [], 
  "id": 805105, 
  "links": {
    "bucket": "https://zenodo.org/api/files/41d8f4ff-e9ab-4b39-9091-d154e35cf805", 
    "discard": "https://zenodo.org/api/deposit/depositions/805105/actions/discard", 
    "edit": "https://zenodo.org/api/deposit/depositions/805105/actions/edit", 
    "files": "https://zenodo.org/api/deposit/depositions/805105/files", 
    "html": "https://zenodo.org/deposit/805105", 
    "latest_draft": "https://zenodo.org/api/deposit/depositions/805105", 
    "latest_draft_html": "https://zenodo.org/deposit/805105", 
    "publish": "https://zenodo.org/api/deposit/depositions/805105/actions/publish", 
    "self": "https://zenodo.org/api/deposit/depositions/805105"
  }, 
  "metadata": {
    "access_right": "open", 
    "communities": [
      {
        "identifier": "biosyslit"
      }
    ], 
    "creators": [
      {
        "name": "Agnew, J.D."
      }
    ], 
    "description": "uploaded by Plazi from Taxodros", 
    "journal_pages": "299-312", 
    "journal_title": "Genetica", 
    "journal_volume": "44", 
    "keywords": [
      "Biodiversity", 
      "Taxonomy", 
      "Animalia", 
      "Arthropoda", 
      "Insecta", 
      "Diptera", 
      "Drosophilidae", 
      "flies", 
      "fruit flies", 
      "terrestrial"
    ], 
    "license": "CC-BY-4.0", 
    "prereserve_doi": {
      "doi": "10.5281/zenodo.805105", 
      "recid": 805105
    }, 
    "publication_date": "1973-12-31", 
    "publication_type": "article", 
    "title": "A meristic trait in Drosophila melanogaster x simulans hybrids.", 
    "upload_type": "publication"
  }, 
  "modified": "2017-06-09T21:56:16.212107+00:00", 
  "owner": 1161, 
  "record_id": 805105, 
  "state": "unsubmitted", 
  "submitted": false, 
  "title": "A meristic trait in Drosophila melanogaster x simulans hybrids."
}HTTP/1.1 100 Continue

HTTP/1.1 201 CREATED
Server: nginx/1.10.2
Date: Fri, 09 Jun 2017 21:56:19 GMT
Content-Type: application/json
Content-Length: 357
X-RateLimit-Limit: 5000
X-RateLimit-Remaining: 4998
X-RateLimit-Reset: 1497048934
Retry-After: 3554
Access-Control-Allow-Origin: *
Access-Control-Expose-Headers: Content-Type, ETag, Link, X-RateLimit-Limit, X-RateLimit-Remaining, X-RateLimit-Reset
X-Sentry-ID: None
Strict-Transport-Security: max-age=31536000

{"checksum": "3f6bc04c81b33f589c5c509eb8ae2240", "filename": "agnew_1973a.pdf", "filesize": 290266, "id": "0894e7b6-0c79-4f50-b7f1-41c99005e5f8", "links": {"download": "https://zenodo.org/api/files/41d8f4ff-e9ab-4b39-9091-d154e35cf805/agnew_1973a.pdf", "self": "https://zenodo.org/api/deposit/depositions/805105/files/0894e7b6-0c79-4f50-b7f1-41c99005e5f8"}}HTTP/1.1 202 ACCEPTED
Server: nginx/1.10.2
Date: Fri, 09 Jun 2017 21:56:21 GMT
Content-Type: application/json
Content-Length: 2454
ETag: "2"
Last-Modified: Fri, 09 Jun 2017 21:56:20 GMT
Location: https://zenodo.org/api/deposit/depositions/805105
X-RateLimit-Limit: 5000
X-RateLimit-Remaining: 4998
X-RateLimit-Reset: 1497047500
Retry-After: 2118
Access-Control-Allow-Origin: *
Access-Control-Expose-Headers: Content-Type, ETag, Link, X-RateLimit-Limit, X-RateLimit-Remaining, X-RateLimit-Reset
X-Sentry-ID: None

{
  "conceptdoi": "10.5281/zenodo.805104", 
  "conceptrecid": "805104", 
  "created": "2017-06-09T21:56:16.212099+00:00", 
  "doi": "10.5281/zenodo.805105", 
  "doi_url": "https://doi.org/10.5281/zenodo.805105", 
  "files": [
    {
      "checksum": "3f6bc04c81b33f589c5c509eb8ae2240", 
      "filename": "agnew_1973a.pdf", 
      "filesize": 290266, 
      "id": "0894e7b6-0c79-4f50-b7f1-41c99005e5f8", 
      "links": {
        "download": "https://zenodo.org/api/files/41d8f4ff-e9ab-4b39-9091-d154e35cf805/agnew_1973a.pdf", 
        "self": "https://zenodo.org/api/deposit/depositions/804352/files/0894e7b6-0c79-4f50-b7f1-41c99005e5f8"
      }
    }
  ], 
  "id": 805105, 
  "links": {
    "badge": "https://zenodo.org/badge/doi/10.5281/zenodo.805105.svg", 
    "bucket": "https://zenodo.org/api/files/41d8f4ff-e9ab-4b39-9091-d154e35cf805", 
    "conceptbadge": "https://zenodo.org/badge/doi/10.5281/zenodo.805104.svg", 
    "conceptdoi": "https://doi.org/10.5281/zenodo.805104", 
    "doi": "https://doi.org/10.5281/zenodo.805105", 
    "latest": "https://zenodo.org/api/records/805105", 
    "latest_html": "https://zenodo.org/record/805105", 
    "record": "https://zenodo.org/api/records/805105", 
    "record_html": "https://zenodo.org/record/805105"
  }, 
  "metadata": {
    "access_right": "open", 
    "communities": [
      {
        "identifier": "biosyslit"
      }, 
      {
        "identifier": "zenodo"
      }
    ], 
    "creators": [
      {
        "name": "Agnew, J.D."
      }
    ], 
    "description": "uploaded by Plazi from Taxodros", 
    "doi": "10.5281/zenodo.805105", 
    "journal_pages": "299-312", 
    "journal_title": "Genetica", 
    "journal_volume": "44", 
    "keywords": [
      "Biodiversity", 
      "Taxonomy", 
      "Animalia", 
      "Arthropoda", 
      "Insecta", 
      "Diptera", 
      "Drosophilidae", 
      "flies", 
      "fruit flies", 
      "terrestrial"
    ], 
    "license": "CC-BY-4.0", 
    "prereserve_doi": {
      "doi": "10.5281/zenodo.805105", 
      "recid": 805105
    }, 
    "publication_date": "1973-12-31", 
    "publication_type": "article", 
    "title": "A meristic trait in Drosophila melanogaster x simulans hybrids.", 
    "upload_type": "publication"
  }, 
  "modified": "2017-06-09T21:56:20.745190+00:00", 
  "owner": 1161, 
  "record_id": 805105, 
  "state": "done", 
  "submitted": true, 
  "title": "A meristic trait in Drosophila melanogaster x simulans hybrids."
}