{
  "conceptrecid": "805106", 
  "created": "2017-06-09T21:56:22.109610+00:00", 
  "files": [], 
  "id": 805107, 
  "links": {
    "bucket": "https://zenodo.org/api/files/8ec3c531-8769-484a-b34e-7591c79a1419", 
    "discard": "https://zenodo.org/api/deposit/depositions/805107/actions/discard", 
    "edit": "https://zenodo.org/api/deposit/depositions/805107/actions/edit", 
    "files": "https://zenodo.org/api/deposit/depositions/805107/files", 
    "html": "https://zenodo.org/deposit/805107", 
    "latest_draft": "https://zenodo.org/api/deposit/depositions/805107", 
    "latest_draft_html": "https://zenodo.org/deposit/805107", 
    "publish": "https://zenodo.org/api/deposit/depositions/805107/actions/publish", 
    "self": "https://zenodo.org/api/deposit/depositions/805107"
  }, 
  "metadata": {
    "access_right": "open", 
    "communities": [
      {
        "identifier": "biosyslit"
      }
    ], 
    "creators": [
      {
        "name": "Agnew, J.D."
      }
    ], 
    "description": "uploaded by Plazi from Taxodros", 
    "journal_pages": "51-53", 
    "journal_title": "D. I. S.", 
    "journal_volume": "50", 
    "keywords": [
      "Biodiversity", 
      "Taxonomy", 
      "Animalia", 
      "Arthropoda", 
      "Insecta", 
      "Diptera", 
      "Drosophilidae", 
      "flies", 
      "fruit flies", 
      "terrestrial"
    ], 
    "license": "CC-BY-4.0", 
    "prereserve_doi": {
      "doi": "10.5281/zenodo.805107", 
      "recid": 805107
    }, 
    "publication_date": "1973-12-31", 
    "publication_type": "article", 
    "title": "Morphological differences in larval D. melanogaster and simulans.", 
    "upload_type": "publication"
  }, 
  "modified": "2017-06-09T21:56:22.109616+00:00", 
  "owner": 1161, 
  "record_id": 805107, 
  "state": "unsubmitted", 
  "submitted": false, 
  "title": "Morphological differences in larval D. melanogaster and simulans."
}HTTP/1.1 100 Continue

HTTP/1.1 201 CREATED
Server: nginx/1.10.2
Date: Fri, 09 Jun 2017 21:56:25 GMT
Content-Type: application/json
Content-Length: 357
X-RateLimit-Limit: 5000
X-RateLimit-Remaining: 4999
X-RateLimit-Reset: 1497048983
Retry-After: 3597
Access-Control-Allow-Origin: *
Access-Control-Expose-Headers: Content-Type, ETag, Link, X-RateLimit-Limit, X-RateLimit-Remaining, X-RateLimit-Reset
X-Sentry-ID: None
Strict-Transport-Security: max-age=31536000

{"checksum": "f5ca0eba43cb651c46b5887fbc8ac7ed", "filename": "agnew_1973b.pdf", "filesize": 282391, "id": "8ad4242f-064a-4a1f-861c-60defe836860", "links": {"download": "https://zenodo.org/api/files/8ec3c531-8769-484a-b34e-7591c79a1419/agnew_1973b.pdf", "self": "https://zenodo.org/api/deposit/depositions/805107/files/8ad4242f-064a-4a1f-861c-60defe836860"}}HTTP/1.1 202 ACCEPTED
Server: nginx/1.10.2
Date: Fri, 09 Jun 2017 21:56:26 GMT
Content-Type: application/json
Content-Length: 2456
ETag: "2"
Last-Modified: Fri, 09 Jun 2017 21:56:26 GMT
Location: https://zenodo.org/api/deposit/depositions/805107
X-RateLimit-Limit: 5000
X-RateLimit-Remaining: 4998
X-RateLimit-Reset: 1497048931
Retry-After: 3544
Access-Control-Allow-Origin: *
Access-Control-Expose-Headers: Content-Type, ETag, Link, X-RateLimit-Limit, X-RateLimit-Remaining, X-RateLimit-Reset
X-Sentry-ID: None

{
  "conceptdoi": "10.5281/zenodo.805106", 
  "conceptrecid": "805106", 
  "created": "2017-06-09T21:56:22.109610+00:00", 
  "doi": "10.5281/zenodo.805107", 
  "doi_url": "https://doi.org/10.5281/zenodo.805107", 
  "files": [
    {
      "checksum": "f5ca0eba43cb651c46b5887fbc8ac7ed", 
      "filename": "agnew_1973b.pdf", 
      "filesize": 282391, 
      "id": "8ad4242f-064a-4a1f-861c-60defe836860", 
      "links": {
        "download": "https://zenodo.org/api/files/8ec3c531-8769-484a-b34e-7591c79a1419/agnew_1973b.pdf", 
        "self": "https://zenodo.org/api/deposit/depositions/804703/files/8ad4242f-064a-4a1f-861c-60defe836860"
      }
    }
  ], 
  "id": 805107, 
  "links": {
    "badge": "https://zenodo.org/badge/doi/10.5281/zenodo.805107.svg", 
    "bucket": "https://zenodo.org/api/files/8ec3c531-8769-484a-b34e-7591c79a1419", 
    "conceptbadge": "https://zenodo.org/badge/doi/10.5281/zenodo.805106.svg", 
    "conceptdoi": "https://doi.org/10.5281/zenodo.805106", 
    "doi": "https://doi.org/10.5281/zenodo.805107", 
    "latest": "https://zenodo.org/api/records/805107", 
    "latest_html": "https://zenodo.org/record/805107", 
    "record": "https://zenodo.org/api/records/805107", 
    "record_html": "https://zenodo.org/record/805107"
  }, 
  "metadata": {
    "access_right": "open", 
    "communities": [
      {
        "identifier": "biosyslit"
      }, 
      {
        "identifier": "zenodo"
      }
    ], 
    "creators": [
      {
        "name": "Agnew, J.D."
      }
    ], 
    "description": "uploaded by Plazi from Taxodros", 
    "doi": "10.5281/zenodo.805107", 
    "journal_pages": "51-53", 
    "journal_title": "D. I. S.", 
    "journal_volume": "50", 
    "keywords": [
      "Biodiversity", 
      "Taxonomy", 
      "Animalia", 
      "Arthropoda", 
      "Insecta", 
      "Diptera", 
      "Drosophilidae", 
      "flies", 
      "fruit flies", 
      "terrestrial"
    ], 
    "license": "CC-BY-4.0", 
    "prereserve_doi": {
      "doi": "10.5281/zenodo.805107", 
      "recid": 805107
    }, 
    "publication_date": "1973-12-31", 
    "publication_type": "article", 
    "title": "Morphological differences in larval D. melanogaster and simulans.", 
    "upload_type": "publication"
  }, 
  "modified": "2017-06-09T21:56:26.611596+00:00", 
  "owner": 1161, 
  "record_id": 805107, 
  "state": "done", 
  "submitted": true, 
  "title": "Morphological differences in larval D. melanogaster and simulans."
}