{
  "conceptrecid": "805120", 
  "created": "2017-06-09T21:57:14.511760+00:00", 
  "files": [], 
  "id": 805121, 
  "links": {
    "bucket": "https://zenodo.org/api/files/d3973871-0947-4d56-b943-d84fdc92663d", 
    "discard": "https://zenodo.org/api/deposit/depositions/805121/actions/discard", 
    "edit": "https://zenodo.org/api/deposit/depositions/805121/actions/edit", 
    "files": "https://zenodo.org/api/deposit/depositions/805121/files", 
    "html": "https://zenodo.org/deposit/805121", 
    "latest_draft": "https://zenodo.org/api/deposit/depositions/805121", 
    "latest_draft_html": "https://zenodo.org/deposit/805121", 
    "publish": "https://zenodo.org/api/deposit/depositions/805121/actions/publish", 
    "self": "https://zenodo.org/api/deposit/depositions/805121"
  }, 
  "metadata": {
    "access_right": "open", 
    "communities": [
      {
        "identifier": "biosyslit"
      }
    ], 
    "creators": [
      {
        "name": "Aguade, M."
      }, 
      {
        "name": "Miyashita, N."
      }, 
      {
        "name": "Langley, C.H."
      }
    ], 
    "description": "uploaded by Plazi from Taxodros", 
    "journal_pages": "123-130", 
    "journal_title": "Molec. Biol. Evol.", 
    "journal_volume": "6", 
    "keywords": [
      "Biodiversity", 
      "Taxonomy", 
      "Animalia", 
      "Arthropoda", 
      "Insecta", 
      "Diptera", 
      "Drosophilidae", 
      "flies", 
      "fruit flies", 
      "terrestrial"
    ], 
    "license": "CC-BY-4.0", 
    "prereserve_doi": {
      "doi": "10.5281/zenodo.805121", 
      "recid": 805121
    }, 
    "publication_date": "1989-12-31", 
    "publication_type": "article", 
    "title": "Restriction-Map Variation at the Zeste-tko Region in Natural populations of Drosophila melanogaster.", 
    "upload_type": "publication"
  }, 
  "modified": "2017-06-09T21:57:14.511768+00:00", 
  "owner": 1161, 
  "record_id": 805121, 
  "state": "unsubmitted", 
  "submitted": false, 
  "title": "Restriction-Map Variation at the Zeste-tko Region in Natural populations of Drosophila melanogaster."
}HTTP/1.1 100 Continue

HTTP/1.1 201 CREATED
Server: nginx/1.10.2
Date: Fri, 09 Jun 2017 21:57:18 GMT
Content-Type: application/json
Content-Length: 371
X-RateLimit-Limit: 5000
X-RateLimit-Remaining: 4998
X-RateLimit-Reset: 1497048983
Retry-After: 3544
Access-Control-Allow-Origin: *
Access-Control-Expose-Headers: Content-Type, ETag, Link, X-RateLimit-Limit, X-RateLimit-Remaining, X-RateLimit-Reset
X-Sentry-ID: None
Strict-Transport-Security: max-age=31536000

{"checksum": "f05def39b4e9b642738732a52e97e510", "filename": "aguade_et_al__1989.pdf", "filesize": 764647, "id": "f77fc5ef-59a6-4a68-aeb4-1242b7afa8a9", "links": {"download": "https://zenodo.org/api/files/d3973871-0947-4d56-b943-d84fdc92663d/aguade_et_al__1989.pdf", "self": "https://zenodo.org/api/deposit/depositions/805121/files/f77fc5ef-59a6-4a68-aeb4-1242b7afa8a9"}}HTTP/1.1 202 ACCEPTED
Server: nginx/1.10.2
Date: Fri, 09 Jun 2017 21:57:21 GMT
Content-Type: application/json
Content-Length: 2650
ETag: "2"
Last-Modified: Fri, 09 Jun 2017 21:57:21 GMT
Location: https://zenodo.org/api/deposit/depositions/805121
X-RateLimit-Limit: 5000
X-RateLimit-Remaining: 4999
X-RateLimit-Reset: 1497049040
Retry-After: 3598
Access-Control-Allow-Origin: *
Access-Control-Expose-Headers: Content-Type, ETag, Link, X-RateLimit-Limit, X-RateLimit-Remaining, X-RateLimit-Reset
X-Sentry-ID: None

{
  "conceptdoi": "10.5281/zenodo.805120", 
  "conceptrecid": "805120", 
  "created": "2017-06-09T21:57:14.511760+00:00", 
  "doi": "10.5281/zenodo.805121", 
  "doi_url": "https://doi.org/10.5281/zenodo.805121", 
  "files": [
    {
      "checksum": "f05def39b4e9b642738732a52e97e510", 
      "filename": "aguade_et_al__1989.pdf", 
      "filesize": 764647, 
      "id": "f77fc5ef-59a6-4a68-aeb4-1242b7afa8a9", 
      "links": {
        "download": "https://zenodo.org/api/files/d3973871-0947-4d56-b943-d84fdc92663d/aguade_et_al__1989.pdf", 
        "self": "https://zenodo.org/api/deposit/depositions/804617/files/f77fc5ef-59a6-4a68-aeb4-1242b7afa8a9"
      }
    }
  ], 
  "id": 805121, 
  "links": {
    "badge": "https://zenodo.org/badge/doi/10.5281/zenodo.805121.svg", 
    "bucket": "https://zenodo.org/api/files/d3973871-0947-4d56-b943-d84fdc92663d", 
    "conceptbadge": "https://zenodo.org/badge/doi/10.5281/zenodo.805120.svg", 
    "conceptdoi": "https://doi.org/10.5281/zenodo.805120", 
    "doi": "https://doi.org/10.5281/zenodo.805121", 
    "latest": "https://zenodo.org/api/records/805121", 
    "latest_html": "https://zenodo.org/record/805121", 
    "record": "https://zenodo.org/api/records/805121", 
    "record_html": "https://zenodo.org/record/805121"
  }, 
  "metadata": {
    "access_right": "open", 
    "communities": [
      {
        "identifier": "biosyslit"
      }, 
      {
        "identifier": "zenodo"
      }
    ], 
    "creators": [
      {
        "name": "Aguade, M."
      }, 
      {
        "name": "Miyashita, N."
      }, 
      {
        "name": "Langley, C.H."
      }
    ], 
    "description": "uploaded by Plazi from Taxodros", 
    "doi": "10.5281/zenodo.805121", 
    "journal_pages": "123-130", 
    "journal_title": "Molec. Biol. Evol.", 
    "journal_volume": "6", 
    "keywords": [
      "Biodiversity", 
      "Taxonomy", 
      "Animalia", 
      "Arthropoda", 
      "Insecta", 
      "Diptera", 
      "Drosophilidae", 
      "flies", 
      "fruit flies", 
      "terrestrial"
    ], 
    "license": "CC-BY-4.0", 
    "prereserve_doi": {
      "doi": "10.5281/zenodo.805121", 
      "recid": 805121
    }, 
    "publication_date": "1989-12-31", 
    "publication_type": "article", 
    "title": "Restriction-Map Variation at the Zeste-tko Region in Natural populations of Drosophila melanogaster.", 
    "upload_type": "publication"
  }, 
  "modified": "2017-06-09T21:57:21.117937+00:00", 
  "owner": 1161, 
  "record_id": 805121, 
  "state": "done", 
  "submitted": true, 
  "title": "Restriction-Map Variation at the Zeste-tko Region in Natural populations of Drosophila melanogaster."
}