{
  "conceptrecid": "805114", 
  "created": "2017-06-09T21:56:51.367401+00:00", 
  "files": [], 
  "id": 805115, 
  "links": {
    "bucket": "https://zenodo.org/api/files/bef56955-17da-47d5-be60-2efd374110ce", 
    "discard": "https://zenodo.org/api/deposit/depositions/805115/actions/discard", 
    "edit": "https://zenodo.org/api/deposit/depositions/805115/actions/edit", 
    "files": "https://zenodo.org/api/deposit/depositions/805115/files", 
    "html": "https://zenodo.org/deposit/805115", 
    "latest_draft": "https://zenodo.org/api/deposit/depositions/805115", 
    "latest_draft_html": "https://zenodo.org/deposit/805115", 
    "publish": "https://zenodo.org/api/deposit/depositions/805115/actions/publish", 
    "self": "https://zenodo.org/api/deposit/depositions/805115"
  }, 
  "metadata": {
    "access_right": "open", 
    "communities": [
      {
        "identifier": "biosyslit"
      }
    ], 
    "creators": [
      {
        "name": "Agnew, M."
      }
    ], 
    "description": "uploaded by Plazi from Taxodros", 
    "journal_pages": "433-441", 
    "journal_title": "Molec. Biol. Evol.", 
    "journal_volume": "5", 
    "keywords": [
      "Biodiversity", 
      "Taxonomy", 
      "Animalia", 
      "Arthropoda", 
      "Insecta", 
      "Diptera", 
      "Drosophilidae", 
      "flies", 
      "fruit flies", 
      "terrestrial"
    ], 
    "license": "CC-BY-4.0", 
    "prereserve_doi": {
      "doi": "10.5281/zenodo.805115", 
      "recid": 805115
    }, 
    "publication_date": "1988-12-31", 
    "publication_type": "article", 
    "title": "Nucleotide Sequence Comparison of the rp49 Gene Region between Drosophila subobscura and D. melanogaster.", 
    "upload_type": "publication"
  }, 
  "modified": "2017-06-09T21:56:51.367408+00:00", 
  "owner": 1161, 
  "record_id": 805115, 
  "state": "unsubmitted", 
  "submitted": false, 
  "title": "Nucleotide Sequence Comparison of the rp49 Gene Region between Drosophila subobscura and D. melanogaster."
}HTTP/1.1 100 Continue

HTTP/1.1 201 CREATED
Server: nginx/1.10.2
Date: Fri, 09 Jun 2017 21:56:59 GMT
Content-Type: application/json
Content-Length: 357
X-RateLimit-Limit: 5000
X-RateLimit-Remaining: 4999
X-RateLimit-Reset: 1497049012
Retry-After: 3592
Access-Control-Allow-Origin: *
Access-Control-Expose-Headers: Content-Type, ETag, Link, X-RateLimit-Limit, X-RateLimit-Remaining, X-RateLimit-Reset
X-Sentry-ID: None
Strict-Transport-Security: max-age=31536000

{"checksum": "89537969decb557519f2036eaf18fa4f", "filename": "aguade_1988.pdf", "filesize": 985480, "id": "3f1e0ff3-5ad5-404d-bfb1-028c12aeec09", "links": {"download": "https://zenodo.org/api/files/bef56955-17da-47d5-be60-2efd374110ce/aguade_1988.pdf", "self": "https://zenodo.org/api/deposit/depositions/805115/files/3f1e0ff3-5ad5-404d-bfb1-028c12aeec09"}}HTTP/1.1 202 ACCEPTED
Server: nginx/1.10.2
Date: Fri, 09 Jun 2017 21:57:01 GMT
Content-Type: application/json
Content-Length: 2545
ETag: "2"
Last-Modified: Fri, 09 Jun 2017 21:57:01 GMT
Location: https://zenodo.org/api/deposit/depositions/805115
X-RateLimit-Limit: 5000
X-RateLimit-Remaining: 4999
X-RateLimit-Reset: 1497049020
Retry-After: 3598
Access-Control-Allow-Origin: *
Access-Control-Expose-Headers: Content-Type, ETag, Link, X-RateLimit-Limit, X-RateLimit-Remaining, X-RateLimit-Reset
X-Sentry-ID: None

{
  "conceptdoi": "10.5281/zenodo.805114", 
  "conceptrecid": "805114", 
  "created": "2017-06-09T21:56:51.367401+00:00", 
  "doi": "10.5281/zenodo.805115", 
  "doi_url": "https://doi.org/10.5281/zenodo.805115", 
  "files": [
    {
      "checksum": "89537969decb557519f2036eaf18fa4f", 
      "filename": "aguade_1988.pdf", 
      "filesize": 985480, 
      "id": "3f1e0ff3-5ad5-404d-bfb1-028c12aeec09", 
      "links": {
        "download": "https://zenodo.org/api/files/bef56955-17da-47d5-be60-2efd374110ce/aguade_1988.pdf", 
        "self": "https://zenodo.org/api/deposit/depositions/128482/files/3f1e0ff3-5ad5-404d-bfb1-028c12aeec09"
      }
    }
  ], 
  "id": 805115, 
  "links": {
    "badge": "https://zenodo.org/badge/doi/10.5281/zenodo.805115.svg", 
    "bucket": "https://zenodo.org/api/files/bef56955-17da-47d5-be60-2efd374110ce", 
    "conceptbadge": "https://zenodo.org/badge/doi/10.5281/zenodo.805114.svg", 
    "conceptdoi": "https://doi.org/10.5281/zenodo.805114", 
    "doi": "https://doi.org/10.5281/zenodo.805115", 
    "latest": "https://zenodo.org/api/records/805115", 
    "latest_html": "https://zenodo.org/record/805115", 
    "record": "https://zenodo.org/api/records/805115", 
    "record_html": "https://zenodo.org/record/805115"
  }, 
  "metadata": {
    "access_right": "open", 
    "communities": [
      {
        "identifier": "biosyslit"
      }, 
      {
        "identifier": "zenodo"
      }
    ], 
    "creators": [
      {
        "name": "Agnew, M."
      }
    ], 
    "description": "uploaded by Plazi from Taxodros", 
    "doi": "10.5281/zenodo.805115", 
    "journal_pages": "433-441", 
    "journal_title": "Molec. Biol. Evol.", 
    "journal_volume": "5", 
    "keywords": [
      "Biodiversity", 
      "Taxonomy", 
      "Animalia", 
      "Arthropoda", 
      "Insecta", 
      "Diptera", 
      "Drosophilidae", 
      "flies", 
      "fruit flies", 
      "terrestrial"
    ], 
    "license": "CC-BY-4.0", 
    "prereserve_doi": {
      "doi": "10.5281/zenodo.805115", 
      "recid": 805115
    }, 
    "publication_date": "1988-12-31", 
    "publication_type": "article", 
    "title": "Nucleotide Sequence Comparison of the rp49 Gene Region between Drosophila subobscura and D. melanogaster.", 
    "upload_type": "publication"
  }, 
  "modified": "2017-06-09T21:57:01.172081+00:00", 
  "owner": 1161, 
  "record_id": 805115, 
  "state": "done", 
  "submitted": true, 
  "title": "Nucleotide Sequence Comparison of the rp49 Gene Region between Drosophila subobscura and D. melanogaster."
}