{
  "conceptrecid": "805116", 
  "created": "2017-06-09T21:57:02.507674+00:00", 
  "files": [], 
  "id": 805117, 
  "links": {
    "bucket": "https://zenodo.org/api/files/b32da61c-ecd1-4ba4-84ee-56237348280f", 
    "discard": "https://zenodo.org/api/deposit/depositions/805117/actions/discard", 
    "edit": "https://zenodo.org/api/deposit/depositions/805117/actions/edit", 
    "files": "https://zenodo.org/api/deposit/depositions/805117/files", 
    "html": "https://zenodo.org/deposit/805117", 
    "latest_draft": "https://zenodo.org/api/deposit/depositions/805117", 
    "latest_draft_html": "https://zenodo.org/deposit/805117", 
    "publish": "https://zenodo.org/api/deposit/depositions/805117/actions/publish", 
    "self": "https://zenodo.org/api/deposit/depositions/805117"
  }, 
  "metadata": {
    "access_right": "open", 
    "communities": [
      {
        "identifier": "biosyslit"
      }
    ], 
    "creators": [
      {
        "name": "Aguade, M."
      }
    ], 
    "description": "uploaded by Plazi from Taxodros", 
    "journal_pages": "1079-1089", 
    "journal_title": "Genetics", 
    "journal_volume": "150", 
    "keywords": [
      "Biodiversity", 
      "Taxonomy", 
      "Animalia", 
      "Arthropoda", 
      "Insecta", 
      "Diptera", 
      "Drosophilidae", 
      "flies", 
      "fruit flies", 
      "terrestrial"
    ], 
    "license": "CC-BY-4.0", 
    "prereserve_doi": {
      "doi": "10.5281/zenodo.805117", 
      "recid": 805117
    }, 
    "publication_date": "1998-12-31", 
    "publication_type": "article", 
    "title": "Different Forces Drive the Evolution of the Acp26Aa and Acp26Ab Accessory Gland Genes in the Drosophila melanogaster Species Complex.", 
    "upload_type": "publication"
  }, 
  "modified": "2017-06-09T21:57:02.507687+00:00", 
  "owner": 1161, 
  "record_id": 805117, 
  "state": "unsubmitted", 
  "submitted": false, 
  "title": "Different Forces Drive the Evolution of the Acp26Aa and Acp26Ab Accessory Gland Genes in the Drosophila melanogaster Species Complex."
}HTTP/1.1 100 Continue

HTTP/1.1 201 CREATED
Server: nginx/1.10.2
Date: Fri, 09 Jun 2017 21:57:05 GMT
Content-Type: application/json
Content-Length: 357
X-RateLimit-Limit: 5000
X-RateLimit-Remaining: 4999
X-RateLimit-Reset: 1497049023
Retry-After: 3597
Access-Control-Allow-Origin: *
Access-Control-Expose-Headers: Content-Type, ETag, Link, X-RateLimit-Limit, X-RateLimit-Remaining, X-RateLimit-Reset
X-Sentry-ID: None
Strict-Transport-Security: max-age=31536000

{"checksum": "6693f9835992d1ff88a88e7087f156b2", "filename": "aguade_1998.pdf", "filesize": 155168, "id": "bd641047-66b3-4671-8682-0d5f934be975", "links": {"download": "https://zenodo.org/api/files/b32da61c-ecd1-4ba4-84ee-56237348280f/aguade_1998.pdf", "self": "https://zenodo.org/api/deposit/depositions/805117/files/bd641047-66b3-4671-8682-0d5f934be975"}}HTTP/1.1 202 ACCEPTED
Server: nginx/1.10.2
Date: Fri, 09 Jun 2017 21:57:07 GMT
Content-Type: application/json
Content-Length: 2596
ETag: "2"
Last-Modified: Fri, 09 Jun 2017 21:57:06 GMT
Location: https://zenodo.org/api/deposit/depositions/805117
X-RateLimit-Limit: 5000
X-RateLimit-Remaining: 4998
X-RateLimit-Reset: 1497047508
Retry-After: 2080
Access-Control-Allow-Origin: *
Access-Control-Expose-Headers: Content-Type, ETag, Link, X-RateLimit-Limit, X-RateLimit-Remaining, X-RateLimit-Reset
X-Sentry-ID: None

{
  "conceptdoi": "10.5281/zenodo.805116", 
  "conceptrecid": "805116", 
  "created": "2017-06-09T21:57:02.507674+00:00", 
  "doi": "10.5281/zenodo.805117", 
  "doi_url": "https://doi.org/10.5281/zenodo.805117", 
  "files": [
    {
      "checksum": "6693f9835992d1ff88a88e7087f156b2", 
      "filename": "aguade_1998.pdf", 
      "filesize": 155168, 
      "id": "bd641047-66b3-4671-8682-0d5f934be975", 
      "links": {
        "download": "https://zenodo.org/api/files/b32da61c-ecd1-4ba4-84ee-56237348280f/aguade_1998.pdf", 
        "self": "https://zenodo.org/api/deposit/depositions/376790/files/bd641047-66b3-4671-8682-0d5f934be975"
      }
    }
  ], 
  "id": 805117, 
  "links": {
    "badge": "https://zenodo.org/badge/doi/10.5281/zenodo.805117.svg", 
    "bucket": "https://zenodo.org/api/files/b32da61c-ecd1-4ba4-84ee-56237348280f", 
    "conceptbadge": "https://zenodo.org/badge/doi/10.5281/zenodo.805116.svg", 
    "conceptdoi": "https://doi.org/10.5281/zenodo.805116", 
    "doi": "https://doi.org/10.5281/zenodo.805117", 
    "latest": "https://zenodo.org/api/records/805117", 
    "latest_html": "https://zenodo.org/record/805117", 
    "record": "https://zenodo.org/api/records/805117", 
    "record_html": "https://zenodo.org/record/805117"
  }, 
  "metadata": {
    "access_right": "open", 
    "communities": [
      {
        "identifier": "biosyslit"
      }, 
      {
        "identifier": "zenodo"
      }
    ], 
    "creators": [
      {
        "name": "Aguade, M."
      }
    ], 
    "description": "uploaded by Plazi from Taxodros", 
    "doi": "10.5281/zenodo.805117", 
    "journal_pages": "1079-1089", 
    "journal_title": "Genetics", 
    "journal_volume": "150", 
    "keywords": [
      "Biodiversity", 
      "Taxonomy", 
      "Animalia", 
      "Arthropoda", 
      "Insecta", 
      "Diptera", 
      "Drosophilidae", 
      "flies", 
      "fruit flies", 
      "terrestrial"
    ], 
    "license": "CC-BY-4.0", 
    "prereserve_doi": {
      "doi": "10.5281/zenodo.805117", 
      "recid": 805117
    }, 
    "publication_date": "1998-12-31", 
    "publication_type": "article", 
    "title": "Different Forces Drive the Evolution of the Acp26Aa and Acp26Ab Accessory Gland Genes in the Drosophila melanogaster Species Complex.", 
    "upload_type": "publication"
  }, 
  "modified": "2017-06-09T21:57:06.800618+00:00", 
  "owner": 1161, 
  "record_id": 805117, 
  "state": "done", 
  "submitted": true, 
  "title": "Different Forces Drive the Evolution of the Acp26Aa and Acp26Ab Accessory Gland Genes in the Drosophila melanogaster Species Complex."
}