{
  "conceptrecid": "805110", 
  "created": "2017-06-09T21:56:34.968088+00:00", 
  "files": [], 
  "id": 805111, 
  "links": {
    "bucket": "https://zenodo.org/api/files/0a270d3c-6e60-4fd5-a0a4-957cfca3dde0", 
    "discard": "https://zenodo.org/api/deposit/depositions/805111/actions/discard", 
    "edit": "https://zenodo.org/api/deposit/depositions/805111/actions/edit", 
    "files": "https://zenodo.org/api/deposit/depositions/805111/files", 
    "html": "https://zenodo.org/deposit/805111", 
    "latest_draft": "https://zenodo.org/api/deposit/depositions/805111", 
    "latest_draft_html": "https://zenodo.org/deposit/805111", 
    "publish": "https://zenodo.org/api/deposit/depositions/805111/actions/publish", 
    "self": "https://zenodo.org/api/deposit/depositions/805111"
  }, 
  "metadata": {
    "access_right": "open", 
    "communities": [
      {
        "identifier": "biosyslit"
      }
    ], 
    "creators": [
      {
        "name": "Aguade, M."
      }, 
      {
        "name": "Serra, L."
      }
    ], 
    "description": "uploaded by Plazi from Taxodros", 
    "journal_pages": "111-120", 
    "journal_title": "Acta biol. jugosl., Genetika", 
    "journal_volume": "12", 
    "keywords": [
      "Biodiversity", 
      "Taxonomy", 
      "Animalia", 
      "Arthropoda", 
      "Insecta", 
      "Diptera", 
      "Drosophilidae", 
      "flies", 
      "fruit flies", 
      "terrestrial"
    ], 
    "license": "CC-BY-4.0", 
    "prereserve_doi": {
      "doi": "10.5281/zenodo.805111", 
      "recid": 805111
    }, 
    "publication_date": "1980-12-31", 
    "publication_type": "article", 
    "title": "Spanish cellar populations of Drosophila melanogaster. I. Study of variability at three different levels: quantitative, chromosomal and molecular.", 
    "upload_type": "publication"
  }, 
  "modified": "2017-06-09T21:56:34.968094+00:00", 
  "owner": 1161, 
  "record_id": 805111, 
  "state": "unsubmitted", 
  "submitted": false, 
  "title": "Spanish cellar populations of Drosophila melanogaster. I. Study of variability at three different levels: quantitative, chromosomal and molecular."
}HTTP/1.1 100 Continue

HTTP/1.1 201 CREATED
Server: nginx/1.10.2
Date: Fri, 09 Jun 2017 21:56:38 GMT
Content-Type: application/json
Content-Length: 371
X-RateLimit-Limit: 5000
X-RateLimit-Remaining: 4999
X-RateLimit-Reset: 1497048996
Retry-After: 3597
Access-Control-Allow-Origin: *
Access-Control-Expose-Headers: Content-Type, ETag, Link, X-RateLimit-Limit, X-RateLimit-Remaining, X-RateLimit-Reset
X-Sentry-ID: None
Strict-Transport-Security: max-age=31536000

{"checksum": "3353f1656f37b94f9e6c45517aa561d3", "filename": "aguade__serra_1980.pdf", "filesize": 372204, "id": "44bcf9cb-0b24-4bf9-9be0-ce6fef0f6005", "links": {"download": "https://zenodo.org/api/files/0a270d3c-6e60-4fd5-a0a4-957cfca3dde0/aguade__serra_1980.pdf", "self": "https://zenodo.org/api/deposit/depositions/805111/files/44bcf9cb-0b24-4bf9-9be0-ce6fef0f6005"}}HTTP/1.1 202 ACCEPTED
Server: nginx/1.10.2
Date: Fri, 09 Jun 2017 21:56:40 GMT
Content-Type: application/json
Content-Length: 2699
ETag: "2"
Last-Modified: Fri, 09 Jun 2017 21:56:39 GMT
Location: https://zenodo.org/api/deposit/depositions/805111
X-RateLimit-Limit: 5000
X-RateLimit-Remaining: 4998
X-RateLimit-Reset: 1497046570
Retry-After: 1169
Access-Control-Allow-Origin: *
Access-Control-Expose-Headers: Content-Type, ETag, Link, X-RateLimit-Limit, X-RateLimit-Remaining, X-RateLimit-Reset
X-Sentry-ID: None

{
  "conceptdoi": "10.5281/zenodo.805110", 
  "conceptrecid": "805110", 
  "created": "2017-06-09T21:56:34.968088+00:00", 
  "doi": "10.5281/zenodo.805111", 
  "doi_url": "https://doi.org/10.5281/zenodo.805111", 
  "files": [
    {
      "checksum": "3353f1656f37b94f9e6c45517aa561d3", 
      "filename": "aguade__serra_1980.pdf", 
      "filesize": 372204, 
      "id": "44bcf9cb-0b24-4bf9-9be0-ce6fef0f6005", 
      "links": {
        "download": "https://zenodo.org/api/files/0a270d3c-6e60-4fd5-a0a4-957cfca3dde0/aguade__serra_1980.pdf", 
        "self": "https://zenodo.org/api/deposit/depositions/804687/files/44bcf9cb-0b24-4bf9-9be0-ce6fef0f6005"
      }
    }
  ], 
  "id": 805111, 
  "links": {
    "badge": "https://zenodo.org/badge/doi/10.5281/zenodo.805111.svg", 
    "bucket": "https://zenodo.org/api/files/0a270d3c-6e60-4fd5-a0a4-957cfca3dde0", 
    "conceptbadge": "https://zenodo.org/badge/doi/10.5281/zenodo.805110.svg", 
    "conceptdoi": "https://doi.org/10.5281/zenodo.805110", 
    "doi": "https://doi.org/10.5281/zenodo.805111", 
    "latest": "https://zenodo.org/api/records/805111", 
    "latest_html": "https://zenodo.org/record/805111", 
    "record": "https://zenodo.org/api/records/805111", 
    "record_html": "https://zenodo.org/record/805111"
  }, 
  "metadata": {
    "access_right": "open", 
    "communities": [
      {
        "identifier": "biosyslit"
      }, 
      {
        "identifier": "zenodo"
      }
    ], 
    "creators": [
      {
        "name": "Aguade, M."
      }, 
      {
        "name": "Serra, L."
      }
    ], 
    "description": "uploaded by Plazi from Taxodros", 
    "doi": "10.5281/zenodo.805111", 
    "journal_pages": "111-120", 
    "journal_title": "Acta biol. jugosl., Genetika", 
    "journal_volume": "12", 
    "keywords": [
      "Biodiversity", 
      "Taxonomy", 
      "Animalia", 
      "Arthropoda", 
      "Insecta", 
      "Diptera", 
      "Drosophilidae", 
      "flies", 
      "fruit flies", 
      "terrestrial"
    ], 
    "license": "CC-BY-4.0", 
    "prereserve_doi": {
      "doi": "10.5281/zenodo.805111", 
      "recid": 805111
    }, 
    "publication_date": "1980-12-31", 
    "publication_type": "article", 
    "title": "Spanish cellar populations of Drosophila melanogaster. I. Study of variability at three different levels: quantitative, chromosomal and molecular.", 
    "upload_type": "publication"
  }, 
  "modified": "2017-06-09T21:56:39.805101+00:00", 
  "owner": 1161, 
  "record_id": 805111, 
  "state": "done", 
  "submitted": true, 
  "title": "Spanish cellar populations of Drosophila melanogaster. I. Study of variability at three different levels: quantitative, chromosomal and molecular."
}