{
  "conceptrecid": "805124", 
  "created": "2017-06-09T21:57:33.139945+00:00", 
  "files": [], 
  "id": 805125, 
  "links": {
    "bucket": "https://zenodo.org/api/files/c2ffc720-b266-45ee-afaf-b52255064065", 
    "discard": "https://zenodo.org/api/deposit/depositions/805125/actions/discard", 
    "edit": "https://zenodo.org/api/deposit/depositions/805125/actions/edit", 
    "files": "https://zenodo.org/api/deposit/depositions/805125/files", 
    "html": "https://zenodo.org/deposit/805125", 
    "latest_draft": "https://zenodo.org/api/deposit/depositions/805125", 
    "latest_draft_html": "https://zenodo.org/deposit/805125", 
    "publish": "https://zenodo.org/api/deposit/depositions/805125/actions/publish", 
    "self": "https://zenodo.org/api/deposit/depositions/805125"
  }, 
  "metadata": {
    "access_right": "open", 
    "communities": [
      {
        "identifier": "biosyslit"
      }
    ], 
    "creators": [
      {
        "name": "Ahearn, J.N."
      }, 
      {
        "name": "Kuhn, D.T."
      }
    ], 
    "description": "uploaded by Plazi from Taxodros", 
    "journal_pages": "635-646", 
    "journal_title": "Evolution", 
    "journal_volume": "35", 
    "keywords": [
      "Biodiversity", 
      "Taxonomy", 
      "Animalia", 
      "Arthropoda", 
      "Insecta", 
      "Diptera", 
      "Drosophilidae", 
      "flies", 
      "fruit flies", 
      "terrestrial"
    ], 
    "license": "CC-BY-4.0", 
    "prereserve_doi": {
      "doi": "10.5281/zenodo.805125", 
      "recid": 805125
    }, 
    "publication_date": "1981-07-21", 
    "publication_type": "article", 
    "title": "Aldehyde oxidase distribution in picture-winged Hawaiian Drosophila: evolutionary trends.", 
    "upload_type": "publication"
  }, 
  "modified": "2017-06-09T21:57:33.139950+00:00", 
  "owner": 1161, 
  "record_id": 805125, 
  "state": "unsubmitted", 
  "submitted": false, 
  "title": "Aldehyde oxidase distribution in picture-winged Hawaiian Drosophila: evolutionary trends."
}HTTP/1.1 100 Continue

HTTP/1.1 201 CREATED
Server: nginx/1.10.2
Date: Fri, 09 Jun 2017 21:57:36 GMT
Content-Type: application/json
Content-Length: 369
X-RateLimit-Limit: 5000
X-RateLimit-Remaining: 4997
X-RateLimit-Reset: 1497047923
Retry-After: 2466
Access-Control-Allow-Origin: *
Access-Control-Expose-Headers: Content-Type, ETag, Link, X-RateLimit-Limit, X-RateLimit-Remaining, X-RateLimit-Reset
X-Sentry-ID: None
Strict-Transport-Security: max-age=31536000

{"checksum": "fe1566a2e66087753abd3fcc9076cbf9", "filename": "ahearn__kuhn_1981.pdf", "filesize": 404338, "id": "08e7c098-3493-4c51-8155-c04ad3ef6ade", "links": {"download": "https://zenodo.org/api/files/c2ffc720-b266-45ee-afaf-b52255064065/ahearn__kuhn_1981.pdf", "self": "https://zenodo.org/api/deposit/depositions/805125/files/08e7c098-3493-4c51-8155-c04ad3ef6ade"}}HTTP/1.1 202 ACCEPTED
Server: nginx/1.10.2
Date: Fri, 09 Jun 2017 21:57:38 GMT
Content-Type: application/json
Content-Length: 2567
ETag: "2"
Last-Modified: Fri, 09 Jun 2017 21:57:38 GMT
Location: https://zenodo.org/api/deposit/depositions/805125
X-RateLimit-Limit: 5000
X-RateLimit-Remaining: 4999
X-RateLimit-Reset: 1497049057
Retry-After: 3598
Access-Control-Allow-Origin: *
Access-Control-Expose-Headers: Content-Type, ETag, Link, X-RateLimit-Limit, X-RateLimit-Remaining, X-RateLimit-Reset
X-Sentry-ID: None

{
  "conceptdoi": "10.5281/zenodo.805124", 
  "conceptrecid": "805124", 
  "created": "2017-06-09T21:57:33.139945+00:00", 
  "doi": "10.5281/zenodo.805125", 
  "doi_url": "https://doi.org/10.5281/zenodo.805125", 
  "files": [
    {
      "checksum": "fe1566a2e66087753abd3fcc9076cbf9", 
      "filename": "ahearn__kuhn_1981.pdf", 
      "filesize": 404338, 
      "id": "08e7c098-3493-4c51-8155-c04ad3ef6ade", 
      "links": {
        "download": "https://zenodo.org/api/files/c2ffc720-b266-45ee-afaf-b52255064065/ahearn__kuhn_1981.pdf", 
        "self": "https://zenodo.org/api/deposit/depositions/142767/files/08e7c098-3493-4c51-8155-c04ad3ef6ade"
      }
    }
  ], 
  "id": 805125, 
  "links": {
    "badge": "https://zenodo.org/badge/doi/10.5281/zenodo.805125.svg", 
    "bucket": "https://zenodo.org/api/files/c2ffc720-b266-45ee-afaf-b52255064065", 
    "conceptbadge": "https://zenodo.org/badge/doi/10.5281/zenodo.805124.svg", 
    "conceptdoi": "https://doi.org/10.5281/zenodo.805124", 
    "doi": "https://doi.org/10.5281/zenodo.805125", 
    "latest": "https://zenodo.org/api/records/805125", 
    "latest_html": "https://zenodo.org/record/805125", 
    "record": "https://zenodo.org/api/records/805125", 
    "record_html": "https://zenodo.org/record/805125"
  }, 
  "metadata": {
    "access_right": "open", 
    "communities": [
      {
        "identifier": "biosyslit"
      }, 
      {
        "identifier": "zenodo"
      }
    ], 
    "creators": [
      {
        "name": "Ahearn, J.N."
      }, 
      {
        "name": "Kuhn, D.T."
      }
    ], 
    "description": "uploaded by Plazi from Taxodros", 
    "doi": "10.5281/zenodo.805125", 
    "journal_pages": "635-646", 
    "journal_title": "Evolution", 
    "journal_volume": "35", 
    "keywords": [
      "Biodiversity", 
      "Taxonomy", 
      "Animalia", 
      "Arthropoda", 
      "Insecta", 
      "Diptera", 
      "Drosophilidae", 
      "flies", 
      "fruit flies", 
      "terrestrial"
    ], 
    "license": "CC-BY-4.0", 
    "prereserve_doi": {
      "doi": "10.5281/zenodo.805125", 
      "recid": 805125
    }, 
    "publication_date": "1981-07-21", 
    "publication_type": "article", 
    "title": "Aldehyde oxidase distribution in picture-winged Hawaiian Drosophila: evolutionary trends.", 
    "upload_type": "publication"
  }, 
  "modified": "2017-06-09T21:57:38.182994+00:00", 
  "owner": 1161, 
  "record_id": 805125, 
  "state": "done", 
  "submitted": true, 
  "title": "Aldehyde oxidase distribution in picture-winged Hawaiian Drosophila: evolutionary trends."
}