{
  "conceptrecid": "805126", 
  "created": "2017-06-09T21:57:39.478119+00:00", 
  "files": [], 
  "id": 805127, 
  "links": {
    "bucket": "https://zenodo.org/api/files/a9d0ad86-64fb-4d2e-a671-c6a08a55842d", 
    "discard": "https://zenodo.org/api/deposit/depositions/805127/actions/discard", 
    "edit": "https://zenodo.org/api/deposit/depositions/805127/actions/edit", 
    "files": "https://zenodo.org/api/deposit/depositions/805127/files", 
    "html": "https://zenodo.org/deposit/805127", 
    "latest_draft": "https://zenodo.org/api/deposit/depositions/805127", 
    "latest_draft_html": "https://zenodo.org/deposit/805127", 
    "publish": "https://zenodo.org/api/deposit/depositions/805127/actions/publish", 
    "self": "https://zenodo.org/api/deposit/depositions/805127"
  }, 
  "metadata": {
    "access_right": "open", 
    "communities": [
      {
        "identifier": "biosyslit"
      }
    ], 
    "creators": [
      {
        "name": "Ahearn, J.N."
      }, 
      {
        "name": "Templeton, A.R."
      }
    ], 
    "description": "uploaded by Plazi from Taxodros", 
    "journal_pages": "347-361", 
    "journal_title": "Evolution", 
    "journal_volume": "43", 
    "keywords": [
      "Biodiversity", 
      "Taxonomy", 
      "Animalia", 
      "Arthropoda", 
      "Insecta", 
      "Diptera", 
      "Drosophilidae", 
      "flies", 
      "fruit flies", 
      "terrestrial"
    ], 
    "license": "CC-BY-4.0", 
    "prereserve_doi": {
      "doi": "10.5281/zenodo.805127", 
      "recid": 805127
    }, 
    "publication_date": "1989-03-15", 
    "publication_type": "article", 
    "title": "Interspecific hybrids of Drosophila heteroneura and D. silvestris. I. Courtship success.", 
    "upload_type": "publication"
  }, 
  "modified": "2017-06-09T21:57:39.478125+00:00", 
  "owner": 1161, 
  "record_id": 805127, 
  "state": "unsubmitted", 
  "submitted": false, 
  "title": "Interspecific hybrids of Drosophila heteroneura and D. silvestris. I. Courtship success."
}HTTP/1.1 100 Continue

HTTP/1.1 201 CREATED
Server: nginx/1.10.2
Date: Fri, 09 Jun 2017 21:57:42 GMT
Content-Type: application/json
Content-Length: 379
X-RateLimit-Limit: 5000
X-RateLimit-Remaining: 4999
X-RateLimit-Reset: 1497049060
Retry-After: 3597
Access-Control-Allow-Origin: *
Access-Control-Expose-Headers: Content-Type, ETag, Link, X-RateLimit-Limit, X-RateLimit-Remaining, X-RateLimit-Reset
X-Sentry-ID: None
Strict-Transport-Security: max-age=31536000

{"checksum": "59eb79f732c91726b1d3c2ffdc8c5b03", "filename": "ahearn__templeton_1989.pdf", "filesize": 313793, "id": "114fce71-f828-4ccd-9181-cadcf3ad2056", "links": {"download": "https://zenodo.org/api/files/a9d0ad86-64fb-4d2e-a671-c6a08a55842d/ahearn__templeton_1989.pdf", "self": "https://zenodo.org/api/deposit/depositions/805127/files/114fce71-f828-4ccd-9181-cadcf3ad2056"}}HTTP/1.1 202 ACCEPTED
Server: nginx/1.10.2
Date: Fri, 09 Jun 2017 21:57:44 GMT
Content-Type: application/json
Content-Length: 2580
ETag: "2"
Last-Modified: Fri, 09 Jun 2017 21:57:44 GMT
Location: https://zenodo.org/api/deposit/depositions/805127
X-RateLimit-Limit: 5000
X-RateLimit-Remaining: 4998
X-RateLimit-Reset: 1497047936
Retry-After: 2471
Access-Control-Allow-Origin: *
Access-Control-Expose-Headers: Content-Type, ETag, Link, X-RateLimit-Limit, X-RateLimit-Remaining, X-RateLimit-Reset
X-Sentry-ID: None

{
  "conceptdoi": "10.5281/zenodo.805126", 
  "conceptrecid": "805126", 
  "created": "2017-06-09T21:57:39.478119+00:00", 
  "doi": "10.5281/zenodo.805127", 
  "doi_url": "https://doi.org/10.5281/zenodo.805127", 
  "files": [
    {
      "checksum": "59eb79f732c91726b1d3c2ffdc8c5b03", 
      "filename": "ahearn__templeton_1989.pdf", 
      "filesize": 313793, 
      "id": "114fce71-f828-4ccd-9181-cadcf3ad2056", 
      "links": {
        "download": "https://zenodo.org/api/files/a9d0ad86-64fb-4d2e-a671-c6a08a55842d/ahearn__templeton_1989.pdf", 
        "self": "https://zenodo.org/api/deposit/depositions/804617/files/114fce71-f828-4ccd-9181-cadcf3ad2056"
      }
    }
  ], 
  "id": 805127, 
  "links": {
    "badge": "https://zenodo.org/badge/doi/10.5281/zenodo.805127.svg", 
    "bucket": "https://zenodo.org/api/files/a9d0ad86-64fb-4d2e-a671-c6a08a55842d", 
    "conceptbadge": "https://zenodo.org/badge/doi/10.5281/zenodo.805126.svg", 
    "conceptdoi": "https://doi.org/10.5281/zenodo.805126", 
    "doi": "https://doi.org/10.5281/zenodo.805127", 
    "latest": "https://zenodo.org/api/records/805127", 
    "latest_html": "https://zenodo.org/record/805127", 
    "record": "https://zenodo.org/api/records/805127", 
    "record_html": "https://zenodo.org/record/805127"
  }, 
  "metadata": {
    "access_right": "open", 
    "communities": [
      {
        "identifier": "biosyslit"
      }, 
      {
        "identifier": "zenodo"
      }
    ], 
    "creators": [
      {
        "name": "Ahearn, J.N."
      }, 
      {
        "name": "Templeton, A.R."
      }
    ], 
    "description": "uploaded by Plazi from Taxodros", 
    "doi": "10.5281/zenodo.805127", 
    "journal_pages": "347-361", 
    "journal_title": "Evolution", 
    "journal_volume": "43", 
    "keywords": [
      "Biodiversity", 
      "Taxonomy", 
      "Animalia", 
      "Arthropoda", 
      "Insecta", 
      "Diptera", 
      "Drosophilidae", 
      "flies", 
      "fruit flies", 
      "terrestrial"
    ], 
    "license": "CC-BY-4.0", 
    "prereserve_doi": {
      "doi": "10.5281/zenodo.805127", 
      "recid": 805127
    }, 
    "publication_date": "1989-03-15", 
    "publication_type": "article", 
    "title": "Interspecific hybrids of Drosophila heteroneura and D. silvestris. I. Courtship success.", 
    "upload_type": "publication"
  }, 
  "modified": "2017-06-09T21:57:44.060339+00:00", 
  "owner": 1161, 
  "record_id": 805127, 
  "state": "done", 
  "submitted": true, 
  "title": "Interspecific hybrids of Drosophila heteroneura and D. silvestris. I. Courtship success."
}