{
  "conceptrecid": "805494", 
  "created": "2017-06-10T11:52:59.709023+00:00", 
  "files": [], 
  "id": 805495, 
  "links": {
    "bucket": "https://zenodo.org/api/files/fdc9e28c-fc32-44d8-b361-8a2685600d18", 
    "discard": "https://zenodo.org/api/deposit/depositions/805495/actions/discard", 
    "edit": "https://zenodo.org/api/deposit/depositions/805495/actions/edit", 
    "files": "https://zenodo.org/api/deposit/depositions/805495/files", 
    "html": "https://zenodo.org/deposit/805495", 
    "latest_draft": "https://zenodo.org/api/deposit/depositions/805495", 
    "latest_draft_html": "https://zenodo.org/deposit/805495", 
    "publish": "https://zenodo.org/api/deposit/depositions/805495/actions/publish", 
    "self": "https://zenodo.org/api/deposit/depositions/805495"
  }, 
  "metadata": {
    "access_right": "open", 
    "communities": [
      {
        "identifier": "biosyslit"
      }
    ], 
    "creators": [
      {
        "name": "Ahr, H."
      }
    ], 
    "description": "uploaded by Plazi from Taxodros", 
    "journal_pages": "77-88", 
    "journal_title": "Ent. Ber., Berlin", 
    "journal_volume": "1966", 
    "keywords": [
      "Biodiversity", 
      "Taxonomy", 
      "Animalia", 
      "Arthropoda", 
      "Insecta", 
      "Diptera", 
      "Drosophilidae", 
      "flies", 
      "fruit flies", 
      "terrestrial"
    ], 
    "license": "CC-BY-4.0", 
    "prereserve_doi": {
      "doi": "10.5281/zenodo.805495", 
      "recid": 805495
    }, 
    "publication_date": "1967-06-01", 
    "publication_type": "article", 
    "title": "Mitteldeutsche Blattminenkunde, 2. Teil.", 
    "upload_type": "publication"
  }, 
  "modified": "2017-06-10T11:52:59.709032+00:00", 
  "owner": 1161, 
  "record_id": 805495, 
  "state": "unsubmitted", 
  "submitted": false, 
  "title": "Mitteldeutsche Blattminenkunde, 2. Teil."
}HTTP/1.1 100 Continue

HTTP/1.1 201 CREATED
Server: nginx/1.10.2
Date: Sat, 10 Jun 2017 11:53:04 GMT
Content-Type: application/json
Content-Length: 353
X-RateLimit-Limit: 5000
X-RateLimit-Remaining: 4999
X-RateLimit-Reset: 1497099182
Retry-After: 3597
Access-Control-Allow-Origin: *
Access-Control-Expose-Headers: Content-Type, ETag, Link, X-RateLimit-Limit, X-RateLimit-Remaining, X-RateLimit-Reset
X-Sentry-ID: None
Strict-Transport-Security: max-age=31536000

{"checksum": "f7b8ea05be6618066330f2a17792cc94", "filename": "ahr_1967b.pdf", "filesize": 274096, "id": "abd21a23-4f6b-4b6b-ad6d-d9f404afbadf", "links": {"download": "https://zenodo.org/api/files/fdc9e28c-fc32-44d8-b361-8a2685600d18/ahr_1967b.pdf", "self": "https://zenodo.org/api/deposit/depositions/805495/files/abd21a23-4f6b-4b6b-ad6d-d9f404afbadf"}}HTTP/1.1 202 ACCEPTED
Server: nginx/1.10.2
Date: Sat, 10 Jun 2017 11:53:05 GMT
Content-Type: application/json
Content-Length: 2409
ETag: "2"
Last-Modified: Sat, 10 Jun 2017 11:53:05 GMT
Location: https://zenodo.org/api/deposit/depositions/805495
X-RateLimit-Limit: 5000
X-RateLimit-Remaining: 4999
X-RateLimit-Reset: 1497099185
Retry-After: 3599
Access-Control-Allow-Origin: *
Access-Control-Expose-Headers: Content-Type, ETag, Link, X-RateLimit-Limit, X-RateLimit-Remaining, X-RateLimit-Reset
X-Sentry-ID: None

{
  "conceptdoi": "10.5281/zenodo.805494", 
  "conceptrecid": "805494", 
  "created": "2017-06-10T11:52:59.709023+00:00", 
  "doi": "10.5281/zenodo.805495", 
  "doi_url": "https://doi.org/10.5281/zenodo.805495", 
  "files": [
    {
      "checksum": "f7b8ea05be6618066330f2a17792cc94", 
      "filename": "ahr_1967b.pdf", 
      "filesize": 274096, 
      "id": "abd21a23-4f6b-4b6b-ad6d-d9f404afbadf", 
      "links": {
        "download": "https://zenodo.org/api/files/fdc9e28c-fc32-44d8-b361-8a2685600d18/ahr_1967b.pdf", 
        "self": "https://zenodo.org/api/deposit/depositions/804610/files/abd21a23-4f6b-4b6b-ad6d-d9f404afbadf"
      }
    }
  ], 
  "id": 805495, 
  "links": {
    "badge": "https://zenodo.org/badge/doi/10.5281/zenodo.805495.svg", 
    "bucket": "https://zenodo.org/api/files/fdc9e28c-fc32-44d8-b361-8a2685600d18", 
    "conceptbadge": "https://zenodo.org/badge/doi/10.5281/zenodo.805494.svg", 
    "conceptdoi": "https://doi.org/10.5281/zenodo.805494", 
    "doi": "https://doi.org/10.5281/zenodo.805495", 
    "latest": "https://zenodo.org/api/records/805495", 
    "latest_html": "https://zenodo.org/record/805495", 
    "record": "https://zenodo.org/api/records/805495", 
    "record_html": "https://zenodo.org/record/805495"
  }, 
  "metadata": {
    "access_right": "open", 
    "communities": [
      {
        "identifier": "biosyslit"
      }, 
      {
        "identifier": "zenodo"
      }
    ], 
    "creators": [
      {
        "name": "Ahr, H."
      }
    ], 
    "description": "uploaded by Plazi from Taxodros", 
    "doi": "10.5281/zenodo.805495", 
    "journal_pages": "77-88", 
    "journal_title": "Ent. Ber., Berlin", 
    "journal_volume": "1966", 
    "keywords": [
      "Biodiversity", 
      "Taxonomy", 
      "Animalia", 
      "Arthropoda", 
      "Insecta", 
      "Diptera", 
      "Drosophilidae", 
      "flies", 
      "fruit flies", 
      "terrestrial"
    ], 
    "license": "CC-BY-4.0", 
    "prereserve_doi": {
      "doi": "10.5281/zenodo.805495", 
      "recid": 805495
    }, 
    "publication_date": "1967-06-01", 
    "publication_type": "article", 
    "title": "Mitteldeutsche Blattminenkunde, 2. Teil.", 
    "upload_type": "publication"
  }, 
  "modified": "2017-06-10T11:53:05.558129+00:00", 
  "owner": 1161, 
  "record_id": 805495, 
  "state": "done", 
  "submitted": true, 
  "title": "Mitteldeutsche Blattminenkunde, 2. Teil."
}