{
  "conceptrecid": "805492", 
  "created": "2017-06-10T11:52:53.043005+00:00", 
  "files": [], 
  "id": 805493, 
  "links": {
    "bucket": "https://zenodo.org/api/files/48ad9e9f-179a-4d05-8526-0fee266a9d56", 
    "discard": "https://zenodo.org/api/deposit/depositions/805493/actions/discard", 
    "edit": "https://zenodo.org/api/deposit/depositions/805493/actions/edit", 
    "files": "https://zenodo.org/api/deposit/depositions/805493/files", 
    "html": "https://zenodo.org/deposit/805493", 
    "latest_draft": "https://zenodo.org/api/deposit/depositions/805493", 
    "latest_draft_html": "https://zenodo.org/deposit/805493", 
    "publish": "https://zenodo.org/api/deposit/depositions/805493/actions/publish", 
    "self": "https://zenodo.org/api/deposit/depositions/805493"
  }, 
  "metadata": {
    "access_right": "open", 
    "communities": [
      {
        "identifier": "biosyslit"
      }
    ], 
    "creators": [
      {
        "name": "Ahr, H."
      }
    ], 
    "description": "uploaded by Plazi from Taxodros", 
    "journal_pages": "21-32", 
    "journal_title": "Ent. Ber., Berlin", 
    "journal_volume": "1966", 
    "keywords": [
      "Biodiversity", 
      "Taxonomy", 
      "Animalia", 
      "Arthropoda", 
      "Insecta", 
      "Diptera", 
      "Drosophilidae", 
      "flies", 
      "fruit flies", 
      "terrestrial"
    ], 
    "license": "CC-BY-4.0", 
    "prereserve_doi": {
      "doi": "10.5281/zenodo.805493", 
      "recid": 805493
    }, 
    "publication_date": "1967-02-01", 
    "publication_type": "article", 
    "title": "Mitteldeutsche Blattminenkunde, 1. Teil.", 
    "upload_type": "publication"
  }, 
  "modified": "2017-06-10T11:52:53.043014+00:00", 
  "owner": 1161, 
  "record_id": 805493, 
  "state": "unsubmitted", 
  "submitted": false, 
  "title": "Mitteldeutsche Blattminenkunde, 1. Teil."
}HTTP/1.1 100 Continue

HTTP/1.1 201 CREATED
Server: nginx/1.10.2
Date: Sat, 10 Jun 2017 11:52:56 GMT
Content-Type: application/json
Content-Length: 353
X-RateLimit-Limit: 5000
X-RateLimit-Remaining: 4999
X-RateLimit-Reset: 1497099174
Retry-After: 3597
Access-Control-Allow-Origin: *
Access-Control-Expose-Headers: Content-Type, ETag, Link, X-RateLimit-Limit, X-RateLimit-Remaining, X-RateLimit-Reset
X-Sentry-ID: None
Strict-Transport-Security: max-age=31536000

{"checksum": "557461ab604716fcb706edb7f5aa261b", "filename": "ahr_1967a.pdf", "filesize": 425639, "id": "df95d66b-4d7d-4f51-8e81-e4c1c72cfc93", "links": {"download": "https://zenodo.org/api/files/48ad9e9f-179a-4d05-8526-0fee266a9d56/ahr_1967a.pdf", "self": "https://zenodo.org/api/deposit/depositions/805493/files/df95d66b-4d7d-4f51-8e81-e4c1c72cfc93"}}HTTP/1.1 202 ACCEPTED
Server: nginx/1.10.2
Date: Sat, 10 Jun 2017 11:52:58 GMT
Content-Type: application/json
Content-Length: 2409
ETag: "2"
Last-Modified: Sat, 10 Jun 2017 11:52:58 GMT
Location: https://zenodo.org/api/deposit/depositions/805493
X-RateLimit-Limit: 5000
X-RateLimit-Remaining: 4999
X-RateLimit-Reset: 1497099177
Retry-After: 3598
Access-Control-Allow-Origin: *
Access-Control-Expose-Headers: Content-Type, ETag, Link, X-RateLimit-Limit, X-RateLimit-Remaining, X-RateLimit-Reset
X-Sentry-ID: None

{
  "conceptdoi": "10.5281/zenodo.805492", 
  "conceptrecid": "805492", 
  "created": "2017-06-10T11:52:53.043005+00:00", 
  "doi": "10.5281/zenodo.805493", 
  "doi_url": "https://doi.org/10.5281/zenodo.805493", 
  "files": [
    {
      "checksum": "557461ab604716fcb706edb7f5aa261b", 
      "filename": "ahr_1967a.pdf", 
      "filesize": 425639, 
      "id": "df95d66b-4d7d-4f51-8e81-e4c1c72cfc93", 
      "links": {
        "download": "https://zenodo.org/api/files/48ad9e9f-179a-4d05-8526-0fee266a9d56/ahr_1967a.pdf", 
        "self": "https://zenodo.org/api/deposit/depositions/804529/files/df95d66b-4d7d-4f51-8e81-e4c1c72cfc93"
      }
    }
  ], 
  "id": 805493, 
  "links": {
    "badge": "https://zenodo.org/badge/doi/10.5281/zenodo.805493.svg", 
    "bucket": "https://zenodo.org/api/files/48ad9e9f-179a-4d05-8526-0fee266a9d56", 
    "conceptbadge": "https://zenodo.org/badge/doi/10.5281/zenodo.805492.svg", 
    "conceptdoi": "https://doi.org/10.5281/zenodo.805492", 
    "doi": "https://doi.org/10.5281/zenodo.805493", 
    "latest": "https://zenodo.org/api/records/805493", 
    "latest_html": "https://zenodo.org/record/805493", 
    "record": "https://zenodo.org/api/records/805493", 
    "record_html": "https://zenodo.org/record/805493"
  }, 
  "metadata": {
    "access_right": "open", 
    "communities": [
      {
        "identifier": "biosyslit"
      }, 
      {
        "identifier": "zenodo"
      }
    ], 
    "creators": [
      {
        "name": "Ahr, H."
      }
    ], 
    "description": "uploaded by Plazi from Taxodros", 
    "doi": "10.5281/zenodo.805493", 
    "journal_pages": "21-32", 
    "journal_title": "Ent. Ber., Berlin", 
    "journal_volume": "1966", 
    "keywords": [
      "Biodiversity", 
      "Taxonomy", 
      "Animalia", 
      "Arthropoda", 
      "Insecta", 
      "Diptera", 
      "Drosophilidae", 
      "flies", 
      "fruit flies", 
      "terrestrial"
    ], 
    "license": "CC-BY-4.0", 
    "prereserve_doi": {
      "doi": "10.5281/zenodo.805493", 
      "recid": 805493
    }, 
    "publication_date": "1967-02-01", 
    "publication_type": "article", 
    "title": "Mitteldeutsche Blattminenkunde, 1. Teil.", 
    "upload_type": "publication"
  }, 
  "modified": "2017-06-10T11:52:58.007314+00:00", 
  "owner": 1161, 
  "record_id": 805493, 
  "state": "done", 
  "submitted": true, 
  "title": "Mitteldeutsche Blattminenkunde, 1. Teil."
}