{
  "conceptrecid": "805498", 
  "created": "2017-06-10T11:53:11.399329+00:00", 
  "files": [], 
  "id": 805499, 
  "links": {
    "bucket": "https://zenodo.org/api/files/d7c9cbdd-4788-4998-863e-38449d39e664", 
    "discard": "https://zenodo.org/api/deposit/depositions/805499/actions/discard", 
    "edit": "https://zenodo.org/api/deposit/depositions/805499/actions/edit", 
    "files": "https://zenodo.org/api/deposit/depositions/805499/files", 
    "html": "https://zenodo.org/deposit/805499", 
    "latest_draft": "https://zenodo.org/api/deposit/depositions/805499", 
    "latest_draft_html": "https://zenodo.org/deposit/805499", 
    "publish": "https://zenodo.org/api/deposit/depositions/805499/actions/publish", 
    "self": "https://zenodo.org/api/deposit/depositions/805499"
  }, 
  "metadata": {
    "access_right": "open", 
    "communities": [
      {
        "identifier": "biosyslit"
      }
    ], 
    "creators": [
      {
        "name": "Ainslie, C.N."
      }
    ], 
    "description": "uploaded by Plazi from Taxodros", 
    "journal_pages": "44", 
    "journal_title": "Canad. Ent.", 
    "journal_volume": "38", 
    "keywords": [
      "Biodiversity", 
      "Taxonomy", 
      "Animalia", 
      "Arthropoda", 
      "Insecta", 
      "Diptera", 
      "Drosophilidae", 
      "flies", 
      "fruit flies", 
      "terrestrial"
    ], 
    "license": "CC-BY-4.0", 
    "prereserve_doi": {
      "doi": "10.5281/zenodo.805499", 
      "recid": 805499
    }, 
    "publication_date": "1906-02-05", 
    "publication_type": "article", 
    "title": "Guests of spittle-insects.", 
    "upload_type": "publication"
  }, 
  "modified": "2017-06-10T11:53:11.399338+00:00", 
  "owner": 1161, 
  "record_id": 805499, 
  "state": "unsubmitted", 
  "submitted": false, 
  "title": "Guests of spittle-insects."
}HTTP/1.1 100 Continue

HTTP/1.1 201 CREATED
Server: nginx/1.10.2
Date: Sat, 10 Jun 2017 11:53:14 GMT
Content-Type: application/json
Content-Length: 358
X-RateLimit-Limit: 5000
X-RateLimit-Remaining: 4999
X-RateLimit-Reset: 1497099193
Retry-After: 3598
Access-Control-Allow-Origin: *
Access-Control-Expose-Headers: Content-Type, ETag, Link, X-RateLimit-Limit, X-RateLimit-Remaining, X-RateLimit-Reset
X-Sentry-ID: None
Strict-Transport-Security: max-age=31536000

{"checksum": "6cc28df488c114d74a9fd04ffebff549", "filename": "ainslie_1906.pdf", "filesize": 19478, "id": "dc49e32c-e0db-4502-b7c6-bbcd0b9144a5", "links": {"download": "https://zenodo.org/api/files/d7c9cbdd-4788-4998-863e-38449d39e664/ainslie_1906.pdf", "self": "https://zenodo.org/api/deposit/depositions/805499/files/dc49e32c-e0db-4502-b7c6-bbcd0b9144a5"}}HTTP/1.1 202 ACCEPTED
Server: nginx/1.10.2
Date: Sat, 10 Jun 2017 11:53:16 GMT
Content-Type: application/json
Content-Length: 2381
ETag: "2"
Last-Modified: Sat, 10 Jun 2017 11:53:15 GMT
Location: https://zenodo.org/api/deposit/depositions/805499
X-RateLimit-Limit: 5000
X-RateLimit-Remaining: 4999
X-RateLimit-Reset: 1497099195
Retry-After: 3598
Access-Control-Allow-Origin: *
Access-Control-Expose-Headers: Content-Type, ETag, Link, X-RateLimit-Limit, X-RateLimit-Remaining, X-RateLimit-Reset
X-Sentry-ID: None

{
  "conceptdoi": "10.5281/zenodo.805498", 
  "conceptrecid": "805498", 
  "created": "2017-06-10T11:53:11.399329+00:00", 
  "doi": "10.5281/zenodo.805499", 
  "doi_url": "https://doi.org/10.5281/zenodo.805499", 
  "files": [
    {
      "checksum": "6cc28df488c114d74a9fd04ffebff549", 
      "filename": "ainslie_1906.pdf", 
      "filesize": 19478, 
      "id": "dc49e32c-e0db-4502-b7c6-bbcd0b9144a5", 
      "links": {
        "download": "https://zenodo.org/api/files/d7c9cbdd-4788-4998-863e-38449d39e664/ainslie_1906.pdf", 
        "self": "https://zenodo.org/api/deposit/depositions/128482/files/dc49e32c-e0db-4502-b7c6-bbcd0b9144a5"
      }
    }
  ], 
  "id": 805499, 
  "links": {
    "badge": "https://zenodo.org/badge/doi/10.5281/zenodo.805499.svg", 
    "bucket": "https://zenodo.org/api/files/d7c9cbdd-4788-4998-863e-38449d39e664", 
    "conceptbadge": "https://zenodo.org/badge/doi/10.5281/zenodo.805498.svg", 
    "conceptdoi": "https://doi.org/10.5281/zenodo.805498", 
    "doi": "https://doi.org/10.5281/zenodo.805499", 
    "latest": "https://zenodo.org/api/records/805499", 
    "latest_html": "https://zenodo.org/record/805499", 
    "record": "https://zenodo.org/api/records/805499", 
    "record_html": "https://zenodo.org/record/805499"
  }, 
  "metadata": {
    "access_right": "open", 
    "communities": [
      {
        "identifier": "biosyslit"
      }, 
      {
        "identifier": "zenodo"
      }
    ], 
    "creators": [
      {
        "name": "Ainslie, C.N."
      }
    ], 
    "description": "uploaded by Plazi from Taxodros", 
    "doi": "10.5281/zenodo.805499", 
    "journal_pages": "44", 
    "journal_title": "Canad. Ent.", 
    "journal_volume": "38", 
    "keywords": [
      "Biodiversity", 
      "Taxonomy", 
      "Animalia", 
      "Arthropoda", 
      "Insecta", 
      "Diptera", 
      "Drosophilidae", 
      "flies", 
      "fruit flies", 
      "terrestrial"
    ], 
    "license": "CC-BY-4.0", 
    "prereserve_doi": {
      "doi": "10.5281/zenodo.805499", 
      "recid": 805499
    }, 
    "publication_date": "1906-02-05", 
    "publication_type": "article", 
    "title": "Guests of spittle-insects.", 
    "upload_type": "publication"
  }, 
  "modified": "2017-06-10T11:53:15.894865+00:00", 
  "owner": 1161, 
  "record_id": 805499, 
  "state": "done", 
  "submitted": true, 
  "title": "Guests of spittle-insects."
}