{
  "conceptrecid": "805506", 
  "created": "2017-06-10T11:53:38.261990+00:00", 
  "files": [], 
  "id": 805507, 
  "links": {
    "bucket": "https://zenodo.org/api/files/ca270856-bba3-4506-be1f-fea5e75abf1c", 
    "discard": "https://zenodo.org/api/deposit/depositions/805507/actions/discard", 
    "edit": "https://zenodo.org/api/deposit/depositions/805507/actions/edit", 
    "files": "https://zenodo.org/api/deposit/depositions/805507/files", 
    "html": "https://zenodo.org/deposit/805507", 
    "latest_draft": "https://zenodo.org/api/deposit/depositions/805507", 
    "latest_draft_html": "https://zenodo.org/deposit/805507", 
    "publish": "https://zenodo.org/api/deposit/depositions/805507/actions/publish", 
    "self": "https://zenodo.org/api/deposit/depositions/805507"
  }, 
  "metadata": {
    "access_right": "open", 
    "communities": [
      {
        "identifier": "biosyslit"
      }
    ], 
    "creators": [
      {
        "name": "Akutsu, K."
      }, 
      {
        "name": "Khen, C.V."
      }, 
      {
        "name": "Toda, M.J."
      }
    ], 
    "description": "uploaded by Plazi from Taxodros", 
    "journal_pages": "542-550", 
    "journal_title": "Ecol. Res.", 
    "journal_volume": "22", 
    "keywords": [
      "Biodiversity", 
      "Taxonomy", 
      "Animalia", 
      "Arthropoda", 
      "Insecta", 
      "Diptera", 
      "Drosophilidae", 
      "flies", 
      "fruit flies", 
      "terrestrial"
    ], 
    "license": "CC-BY-4.0", 
    "prereserve_doi": {
      "doi": "10.5281/zenodo.805507", 
      "recid": 805507
    }, 
    "publication_date": "2007-12-31", 
    "publication_type": "article", 
    "title": "Assessment of higher insect taxa as bioindicators for different logging-disturbance regimes in lowland tropical rain forest in Sabah, Malaysia.", 
    "upload_type": "publication"
  }, 
  "modified": "2017-06-10T11:53:38.261997+00:00", 
  "owner": 1161, 
  "record_id": 805507, 
  "state": "unsubmitted", 
  "submitted": false, 
  "title": "Assessment of higher insect taxa as bioindicators for different logging-disturbance regimes in lowland tropical rain forest in Sabah, Malaysia."
}HTTP/1.1 100 Continue

HTTP/1.1 201 CREATED
Server: nginx/1.10.2
Date: Sat, 10 Jun 2017 11:53:41 GMT
Content-Type: application/json
Content-Length: 371
X-RateLimit-Limit: 5000
X-RateLimit-Remaining: 4997
X-RateLimit-Reset: 1497099187
Retry-After: 3565
Access-Control-Allow-Origin: *
Access-Control-Expose-Headers: Content-Type, ETag, Link, X-RateLimit-Limit, X-RateLimit-Remaining, X-RateLimit-Reset
X-Sentry-ID: None
Strict-Transport-Security: max-age=31536000

{"checksum": "2b2c0538aeeb63b7ec9008b6565adb8e", "filename": "akutsu_et_al__2007.pdf", "filesize": 328363, "id": "32738027-6ae0-477d-bf85-a1db08bb853d", "links": {"download": "https://zenodo.org/api/files/ca270856-bba3-4506-be1f-fea5e75abf1c/akutsu_et_al__2007.pdf", "self": "https://zenodo.org/api/deposit/depositions/805507/files/32738027-6ae0-477d-bf85-a1db08bb853d"}}HTTP/1.1 202 ACCEPTED
Server: nginx/1.10.2
Date: Sat, 10 Jun 2017 11:53:43 GMT
Content-Type: application/json
Content-Length: 2723
ETag: "2"
Last-Modified: Sat, 10 Jun 2017 11:53:43 GMT
Location: https://zenodo.org/api/deposit/depositions/805507
X-RateLimit-Limit: 5000
X-RateLimit-Remaining: 4999
X-RateLimit-Reset: 1497099222
Retry-After: 3598
Access-Control-Allow-Origin: *
Access-Control-Expose-Headers: Content-Type, ETag, Link, X-RateLimit-Limit, X-RateLimit-Remaining, X-RateLimit-Reset
X-Sentry-ID: None

{
  "conceptdoi": "10.5281/zenodo.805506", 
  "conceptrecid": "805506", 
  "created": "2017-06-10T11:53:38.261990+00:00", 
  "doi": "10.5281/zenodo.805507", 
  "doi_url": "https://doi.org/10.5281/zenodo.805507", 
  "files": [
    {
      "checksum": "2b2c0538aeeb63b7ec9008b6565adb8e", 
      "filename": "akutsu_et_al__2007.pdf", 
      "filesize": 328363, 
      "id": "32738027-6ae0-477d-bf85-a1db08bb853d", 
      "links": {
        "download": "https://zenodo.org/api/files/ca270856-bba3-4506-be1f-fea5e75abf1c/akutsu_et_al__2007.pdf", 
        "self": "https://zenodo.org/api/deposit/depositions/804612/files/32738027-6ae0-477d-bf85-a1db08bb853d"
      }
    }
  ], 
  "id": 805507, 
  "links": {
    "badge": "https://zenodo.org/badge/doi/10.5281/zenodo.805507.svg", 
    "bucket": "https://zenodo.org/api/files/ca270856-bba3-4506-be1f-fea5e75abf1c", 
    "conceptbadge": "https://zenodo.org/badge/doi/10.5281/zenodo.805506.svg", 
    "conceptdoi": "https://doi.org/10.5281/zenodo.805506", 
    "doi": "https://doi.org/10.5281/zenodo.805507", 
    "latest": "https://zenodo.org/api/records/805507", 
    "latest_html": "https://zenodo.org/record/805507", 
    "record": "https://zenodo.org/api/records/805507", 
    "record_html": "https://zenodo.org/record/805507"
  }, 
  "metadata": {
    "access_right": "open", 
    "communities": [
      {
        "identifier": "biosyslit"
      }, 
      {
        "identifier": "zenodo"
      }
    ], 
    "creators": [
      {
        "name": "Akutsu, K."
      }, 
      {
        "name": "Khen, C.V."
      }, 
      {
        "name": "Toda, M.J."
      }
    ], 
    "description": "uploaded by Plazi from Taxodros", 
    "doi": "10.5281/zenodo.805507", 
    "journal_pages": "542-550", 
    "journal_title": "Ecol. Res.", 
    "journal_volume": "22", 
    "keywords": [
      "Biodiversity", 
      "Taxonomy", 
      "Animalia", 
      "Arthropoda", 
      "Insecta", 
      "Diptera", 
      "Drosophilidae", 
      "flies", 
      "fruit flies", 
      "terrestrial"
    ], 
    "license": "CC-BY-4.0", 
    "prereserve_doi": {
      "doi": "10.5281/zenodo.805507", 
      "recid": 805507
    }, 
    "publication_date": "2007-12-31", 
    "publication_type": "article", 
    "title": "Assessment of higher insect taxa as bioindicators for different logging-disturbance regimes in lowland tropical rain forest in Sabah, Malaysia.", 
    "upload_type": "publication"
  }, 
  "modified": "2017-06-10T11:53:43.309748+00:00", 
  "owner": 1161, 
  "record_id": 805507, 
  "state": "done", 
  "submitted": true, 
  "title": "Assessment of higher insect taxa as bioindicators for different logging-disturbance regimes in lowland tropical rain forest in Sabah, Malaysia."
}