{
  "conceptrecid": "805508", 
  "created": "2017-06-10T11:53:44.645062+00:00", 
  "files": [], 
  "id": 805509, 
  "links": {
    "bucket": "https://zenodo.org/api/files/ff4937a8-1f19-4acd-b030-d5255a3ee485", 
    "discard": "https://zenodo.org/api/deposit/depositions/805509/actions/discard", 
    "edit": "https://zenodo.org/api/deposit/depositions/805509/actions/edit", 
    "files": "https://zenodo.org/api/deposit/depositions/805509/files", 
    "html": "https://zenodo.org/deposit/805509", 
    "latest_draft": "https://zenodo.org/api/deposit/depositions/805509", 
    "latest_draft_html": "https://zenodo.org/deposit/805509", 
    "publish": "https://zenodo.org/api/deposit/depositions/805509/actions/publish", 
    "self": "https://zenodo.org/api/deposit/depositions/805509"
  }, 
  "metadata": {
    "access_right": "open", 
    "communities": [
      {
        "identifier": "biosyslit"
      }
    ], 
    "creators": [
      {
        "name": "Al-Hakkak, Z.S."
      }, 
      {
        "name": "Ahmed, M.S.H."
      }, 
      {
        "name": "Ali, S.R."
      }, 
      {
        "name": "Lamooza, S.B."
      }, 
      {
        "name": "Al-Maliky, S.K."
      }, 
      {
        "name": "and Kadhum, A.-R.A."
      }
    ], 
    "description": "uploaded by Plazi from Taxodros", 
    "journal_pages": "295-304", 
    "journal_title": "J. Biol. Sci. Res., Baghdad", 
    "journal_volume": "16", 
    "keywords": [
      "Biodiversity", 
      "Taxonomy", 
      "Animalia", 
      "Arthropoda", 
      "Insecta", 
      "Diptera", 
      "Drosophilidae", 
      "flies", 
      "fruit flies", 
      "terrestrial"
    ], 
    "license": "CC-BY-4.0", 
    "prereserve_doi": {
      "doi": "10.5281/zenodo.805509", 
      "recid": 805509
    }, 
    "publication_date": "1985-07-31", 
    "publication_type": "article", 
    "title": "Studies on Iraqi population of Drosophila melanogaster inhabiting Tuwaitha area.", 
    "upload_type": "publication"
  }, 
  "modified": "2017-06-10T11:53:44.645069+00:00", 
  "owner": 1161, 
  "record_id": 805509, 
  "state": "unsubmitted", 
  "submitted": false, 
  "title": "Studies on Iraqi population of Drosophila melanogaster inhabiting Tuwaitha area."
}HTTP/1.1 100 Continue

HTTP/1.1 201 CREATED
Server: nginx/1.10.2
Date: Sat, 10 Jun 2017 11:53:47 GMT
Content-Type: application/json
Content-Length: 377
X-RateLimit-Limit: 5000
X-RateLimit-Remaining: 4999
X-RateLimit-Reset: 1497099225
Retry-After: 3597
Access-Control-Allow-Origin: *
Access-Control-Expose-Headers: Content-Type, ETag, Link, X-RateLimit-Limit, X-RateLimit-Remaining, X-RateLimit-Reset
X-Sentry-ID: None
Strict-Transport-Security: max-age=31536000

{"checksum": "51bee31b3f81fb97d6afad1e27b80d02", "filename": "al-hakkak_et_al__1985.pdf", "filesize": 163609, "id": "8d183f77-0498-4c19-b430-71603c9b152a", "links": {"download": "https://zenodo.org/api/files/ff4937a8-1f19-4acd-b030-d5255a3ee485/al-hakkak_et_al__1985.pdf", "self": "https://zenodo.org/api/deposit/depositions/805509/files/8d183f77-0498-4c19-b430-71603c9b152a"}}HTTP/1.1 202 ACCEPTED
Server: nginx/1.10.2
Date: Sat, 10 Jun 2017 11:53:49 GMT
Content-Type: application/json
Content-Length: 2785
ETag: "2"
Last-Modified: Sat, 10 Jun 2017 11:53:49 GMT
Location: https://zenodo.org/api/deposit/depositions/805509
X-RateLimit-Limit: 5000
X-RateLimit-Remaining: 4999
X-RateLimit-Reset: 1497099228
Retry-After: 3598
Access-Control-Allow-Origin: *
Access-Control-Expose-Headers: Content-Type, ETag, Link, X-RateLimit-Limit, X-RateLimit-Remaining, X-RateLimit-Reset
X-Sentry-ID: None

{
  "conceptdoi": "10.5281/zenodo.805508", 
  "conceptrecid": "805508", 
  "created": "2017-06-10T11:53:44.645062+00:00", 
  "doi": "10.5281/zenodo.805509", 
  "doi_url": "https://doi.org/10.5281/zenodo.805509", 
  "files": [
    {
      "checksum": "51bee31b3f81fb97d6afad1e27b80d02", 
      "filename": "al-hakkak_et_al__1985.pdf", 
      "filesize": 163609, 
      "id": "8d183f77-0498-4c19-b430-71603c9b152a", 
      "links": {
        "download": "https://zenodo.org/api/files/ff4937a8-1f19-4acd-b030-d5255a3ee485/al-hakkak_et_al__1985.pdf", 
        "self": "https://zenodo.org/api/deposit/depositions/804610/files/8d183f77-0498-4c19-b430-71603c9b152a"
      }
    }
  ], 
  "id": 805509, 
  "links": {
    "badge": "https://zenodo.org/badge/doi/10.5281/zenodo.805509.svg", 
    "bucket": "https://zenodo.org/api/files/ff4937a8-1f19-4acd-b030-d5255a3ee485", 
    "conceptbadge": "https://zenodo.org/badge/doi/10.5281/zenodo.805508.svg", 
    "conceptdoi": "https://doi.org/10.5281/zenodo.805508", 
    "doi": "https://doi.org/10.5281/zenodo.805509", 
    "latest": "https://zenodo.org/api/records/805509", 
    "latest_html": "https://zenodo.org/record/805509", 
    "record": "https://zenodo.org/api/records/805509", 
    "record_html": "https://zenodo.org/record/805509"
  }, 
  "metadata": {
    "access_right": "open", 
    "communities": [
      {
        "identifier": "biosyslit"
      }, 
      {
        "identifier": "zenodo"
      }
    ], 
    "creators": [
      {
        "name": "Al-Hakkak, Z.S."
      }, 
      {
        "name": "Ahmed, M.S.H."
      }, 
      {
        "name": "Ali, S.R."
      }, 
      {
        "name": "Lamooza, S.B."
      }, 
      {
        "name": "Al-Maliky, S.K."
      }, 
      {
        "name": "and Kadhum, A.-R.A."
      }
    ], 
    "description": "uploaded by Plazi from Taxodros", 
    "doi": "10.5281/zenodo.805509", 
    "journal_pages": "295-304", 
    "journal_title": "J. Biol. Sci. Res., Baghdad", 
    "journal_volume": "16", 
    "keywords": [
      "Biodiversity", 
      "Taxonomy", 
      "Animalia", 
      "Arthropoda", 
      "Insecta", 
      "Diptera", 
      "Drosophilidae", 
      "flies", 
      "fruit flies", 
      "terrestrial"
    ], 
    "license": "CC-BY-4.0", 
    "prereserve_doi": {
      "doi": "10.5281/zenodo.805509", 
      "recid": 805509
    }, 
    "publication_date": "1985-07-31", 
    "publication_type": "article", 
    "title": "Studies on Iraqi population of Drosophila melanogaster inhabiting Tuwaitha area.", 
    "upload_type": "publication"
  }, 
  "modified": "2017-06-10T11:53:49.011907+00:00", 
  "owner": 1161, 
  "record_id": 805509, 
  "state": "done", 
  "submitted": true, 
  "title": "Studies on Iraqi population of Drosophila melanogaster inhabiting Tuwaitha area."
}