{
  "conceptrecid": "805518", 
  "created": "2017-06-10T11:54:23.216904+00:00", 
  "files": [], 
  "id": 805519, 
  "links": {
    "bucket": "https://zenodo.org/api/files/07e0bcb0-a4a9-45ff-a657-74b1143d87a4", 
    "discard": "https://zenodo.org/api/deposit/depositions/805519/actions/discard", 
    "edit": "https://zenodo.org/api/deposit/depositions/805519/actions/edit", 
    "files": "https://zenodo.org/api/deposit/depositions/805519/files", 
    "html": "https://zenodo.org/deposit/805519", 
    "latest_draft": "https://zenodo.org/api/deposit/depositions/805519", 
    "latest_draft_html": "https://zenodo.org/deposit/805519", 
    "publish": "https://zenodo.org/api/deposit/depositions/805519/actions/publish", 
    "self": "https://zenodo.org/api/deposit/depositions/805519"
  }, 
  "metadata": {
    "access_right": "open", 
    "communities": [
      {
        "identifier": "biosyslit"
      }
    ], 
    "creators": [
      {
        "name": "Alahiotis, S.N."
      }, 
      {
        "name": "Stephanou, G."
      }
    ], 
    "description": "uploaded by Plazi from Taxodros", 
    "journal_pages": "529-533", 
    "journal_title": "Comp. Biochem. Physiol.", 
    "journal_volume": "73", 
    "keywords": [
      "Biodiversity", 
      "Taxonomy", 
      "Animalia", 
      "Arthropoda", 
      "Insecta", 
      "Diptera", 
      "Drosophilidae", 
      "flies", 
      "fruit flies", 
      "terrestrial"
    ], 
    "license": "CC-BY-4.0", 
    "prereserve_doi": {
      "doi": "10.5281/zenodo.805519", 
      "recid": 805519
    }, 
    "publication_date": "1982-12-31", 
    "publication_type": "article", 
    "title": "Temperature adaptation of Drosophila populations. The heat shock proteins system.", 
    "upload_type": "publication"
  }, 
  "modified": "2017-06-10T11:54:23.216910+00:00", 
  "owner": 1161, 
  "record_id": 805519, 
  "state": "unsubmitted", 
  "submitted": false, 
  "title": "Temperature adaptation of Drosophila populations. The heat shock proteins system."
}HTTP/1.1 100 Continue

HTTP/1.1 201 CREATED
Server: nginx/1.10.2
Date: Sat, 10 Jun 2017 11:54:26 GMT
Content-Type: application/json
Content-Length: 385
X-RateLimit-Limit: 5000
X-RateLimit-Remaining: 4999
X-RateLimit-Reset: 1497099264
Retry-After: 3597
Access-Control-Allow-Origin: *
Access-Control-Expose-Headers: Content-Type, ETag, Link, X-RateLimit-Limit, X-RateLimit-Remaining, X-RateLimit-Reset
X-Sentry-ID: None
Strict-Transport-Security: max-age=31536000

{"checksum": "3a356c77d64a5989162d835718d99941", "filename": "alahiotis__stephanou_1982.pdf", "filesize": 540496, "id": "a3c6a9e8-4852-4427-8b42-c08fb57e8b10", "links": {"download": "https://zenodo.org/api/files/07e0bcb0-a4a9-45ff-a657-74b1143d87a4/alahiotis__stephanou_1982.pdf", "self": "https://zenodo.org/api/deposit/depositions/805519/files/a3c6a9e8-4852-4427-8b42-c08fb57e8b10"}}HTTP/1.1 202 ACCEPTED
Server: nginx/1.10.2
Date: Sat, 10 Jun 2017 11:54:28 GMT
Content-Type: application/json
Content-Length: 2587
ETag: "2"
Last-Modified: Sat, 10 Jun 2017 11:54:28 GMT
Location: https://zenodo.org/api/deposit/depositions/805519
X-RateLimit-Limit: 5000
X-RateLimit-Remaining: 4998
X-RateLimit-Reset: 1497099233
Retry-After: 3564
Access-Control-Allow-Origin: *
Access-Control-Expose-Headers: Content-Type, ETag, Link, X-RateLimit-Limit, X-RateLimit-Remaining, X-RateLimit-Reset
X-Sentry-ID: None

{
  "conceptdoi": "10.5281/zenodo.805518", 
  "conceptrecid": "805518", 
  "created": "2017-06-10T11:54:23.216904+00:00", 
  "doi": "10.5281/zenodo.805519", 
  "doi_url": "https://doi.org/10.5281/zenodo.805519", 
  "files": [
    {
      "checksum": "3a356c77d64a5989162d835718d99941", 
      "filename": "alahiotis__stephanou_1982.pdf", 
      "filesize": 540496, 
      "id": "a3c6a9e8-4852-4427-8b42-c08fb57e8b10", 
      "links": {
        "download": "https://zenodo.org/api/files/07e0bcb0-a4a9-45ff-a657-74b1143d87a4/alahiotis__stephanou_1982.pdf", 
        "self": "https://zenodo.org/api/deposit/depositions/804352/files/a3c6a9e8-4852-4427-8b42-c08fb57e8b10"
      }
    }
  ], 
  "id": 805519, 
  "links": {
    "badge": "https://zenodo.org/badge/doi/10.5281/zenodo.805519.svg", 
    "bucket": "https://zenodo.org/api/files/07e0bcb0-a4a9-45ff-a657-74b1143d87a4", 
    "conceptbadge": "https://zenodo.org/badge/doi/10.5281/zenodo.805518.svg", 
    "conceptdoi": "https://doi.org/10.5281/zenodo.805518", 
    "doi": "https://doi.org/10.5281/zenodo.805519", 
    "latest": "https://zenodo.org/api/records/805519", 
    "latest_html": "https://zenodo.org/record/805519", 
    "record": "https://zenodo.org/api/records/805519", 
    "record_html": "https://zenodo.org/record/805519"
  }, 
  "metadata": {
    "access_right": "open", 
    "communities": [
      {
        "identifier": "biosyslit"
      }, 
      {
        "identifier": "zenodo"
      }
    ], 
    "creators": [
      {
        "name": "Alahiotis, S.N."
      }, 
      {
        "name": "Stephanou, G."
      }
    ], 
    "description": "uploaded by Plazi from Taxodros", 
    "doi": "10.5281/zenodo.805519", 
    "journal_pages": "529-533", 
    "journal_title": "Comp. Biochem. Physiol.", 
    "journal_volume": "73", 
    "keywords": [
      "Biodiversity", 
      "Taxonomy", 
      "Animalia", 
      "Arthropoda", 
      "Insecta", 
      "Diptera", 
      "Drosophilidae", 
      "flies", 
      "fruit flies", 
      "terrestrial"
    ], 
    "license": "CC-BY-4.0", 
    "prereserve_doi": {
      "doi": "10.5281/zenodo.805519", 
      "recid": 805519
    }, 
    "publication_date": "1982-12-31", 
    "publication_type": "article", 
    "title": "Temperature adaptation of Drosophila populations. The heat shock proteins system.", 
    "upload_type": "publication"
  }, 
  "modified": "2017-06-10T11:54:28.247941+00:00", 
  "owner": 1161, 
  "record_id": 805519, 
  "state": "done", 
  "submitted": true, 
  "title": "Temperature adaptation of Drosophila populations. The heat shock proteins system."
}