{
  "conceptrecid": "805520", 
  "created": "2017-06-10T11:54:29.972313+00:00", 
  "files": [], 
  "id": 805521, 
  "links": {
    "bucket": "https://zenodo.org/api/files/2b11a58a-ac85-4735-9818-02a958c11a7b", 
    "discard": "https://zenodo.org/api/deposit/depositions/805521/actions/discard", 
    "edit": "https://zenodo.org/api/deposit/depositions/805521/actions/edit", 
    "files": "https://zenodo.org/api/deposit/depositions/805521/files", 
    "html": "https://zenodo.org/deposit/805521", 
    "latest_draft": "https://zenodo.org/api/deposit/depositions/805521", 
    "latest_draft_html": "https://zenodo.org/deposit/805521", 
    "publish": "https://zenodo.org/api/deposit/depositions/805521/actions/publish", 
    "self": "https://zenodo.org/api/deposit/depositions/805521"
  }, 
  "metadata": {
    "access_right": "open", 
    "communities": [
      {
        "identifier": "biosyslit"
      }
    ], 
    "creators": [
      {
        "name": "Alahiotis, S."
      }
    ], 
    "description": "uploaded by Plazi from Taxodros", 
    "journal_pages": "63", 
    "journal_title": "D. I. S.", 
    "journal_volume": "51", 
    "keywords": [
      "Biodiversity", 
      "Taxonomy", 
      "Animalia", 
      "Arthropoda", 
      "Insecta", 
      "Diptera", 
      "Drosophilidae", 
      "flies", 
      "fruit flies", 
      "terrestrial"
    ], 
    "license": "CC-BY-4.0", 
    "prereserve_doi": {
      "doi": "10.5281/zenodo.805521", 
      "recid": 805521
    }, 
    "publication_date": "1974-12-31", 
    "publication_type": "article", 
    "title": "Isozyme genotype-environment relationship in artificial cage populations originated from a Southern Greek D. melanogaster natural population.", 
    "upload_type": "publication"
  }, 
  "modified": "2017-06-10T11:54:29.972319+00:00", 
  "owner": 1161, 
  "record_id": 805521, 
  "state": "unsubmitted", 
  "submitted": false, 
  "title": "Isozyme genotype-environment relationship in artificial cage populations originated from a Southern Greek D. melanogaster natural population."
}HTTP/1.1 100 Continue

HTTP/1.1 201 CREATED
Server: nginx/1.10.2
Date: Sat, 10 Jun 2017 11:54:32 GMT
Content-Type: application/json
Content-Length: 364
X-RateLimit-Limit: 5000
X-RateLimit-Remaining: 4998
X-RateLimit-Reset: 1497099246
Retry-After: 3573
Access-Control-Allow-Origin: *
Access-Control-Expose-Headers: Content-Type, ETag, Link, X-RateLimit-Limit, X-RateLimit-Remaining, X-RateLimit-Reset
X-Sentry-ID: None
Strict-Transport-Security: max-age=31536000

{"checksum": "ee32649d20c6fd434df504290d0dcf3a", "filename": "alahiotis_1974a.pdf", "filesize": 31647, "id": "ba9d69ed-8f9c-42d3-a05c-664a392febe1", "links": {"download": "https://zenodo.org/api/files/2b11a58a-ac85-4735-9818-02a958c11a7b/alahiotis_1974a.pdf", "self": "https://zenodo.org/api/deposit/depositions/805521/files/ba9d69ed-8f9c-42d3-a05c-664a392febe1"}}HTTP/1.1 202 ACCEPTED
Server: nginx/1.10.2
Date: Sat, 10 Jun 2017 11:54:34 GMT
Content-Type: application/json
Content-Length: 2614
ETag: "2"
Last-Modified: Sat, 10 Jun 2017 11:54:34 GMT
Location: https://zenodo.org/api/deposit/depositions/805521
X-RateLimit-Limit: 5000
X-RateLimit-Remaining: 4999
X-RateLimit-Reset: 1497099273
Retry-After: 3598
Access-Control-Allow-Origin: *
Access-Control-Expose-Headers: Content-Type, ETag, Link, X-RateLimit-Limit, X-RateLimit-Remaining, X-RateLimit-Reset
X-Sentry-ID: None

{
  "conceptdoi": "10.5281/zenodo.805520", 
  "conceptrecid": "805520", 
  "created": "2017-06-10T11:54:29.972313+00:00", 
  "doi": "10.5281/zenodo.805521", 
  "doi_url": "https://doi.org/10.5281/zenodo.805521", 
  "files": [
    {
      "checksum": "ee32649d20c6fd434df504290d0dcf3a", 
      "filename": "alahiotis_1974a.pdf", 
      "filesize": 31647, 
      "id": "ba9d69ed-8f9c-42d3-a05c-664a392febe1", 
      "links": {
        "download": "https://zenodo.org/api/files/2b11a58a-ac85-4735-9818-02a958c11a7b/alahiotis_1974a.pdf", 
        "self": "https://zenodo.org/api/deposit/depositions/155396/files/ba9d69ed-8f9c-42d3-a05c-664a392febe1"
      }
    }
  ], 
  "id": 805521, 
  "links": {
    "badge": "https://zenodo.org/badge/doi/10.5281/zenodo.805521.svg", 
    "bucket": "https://zenodo.org/api/files/2b11a58a-ac85-4735-9818-02a958c11a7b", 
    "conceptbadge": "https://zenodo.org/badge/doi/10.5281/zenodo.805520.svg", 
    "conceptdoi": "https://doi.org/10.5281/zenodo.805520", 
    "doi": "https://doi.org/10.5281/zenodo.805521", 
    "latest": "https://zenodo.org/api/records/805521", 
    "latest_html": "https://zenodo.org/record/805521", 
    "record": "https://zenodo.org/api/records/805521", 
    "record_html": "https://zenodo.org/record/805521"
  }, 
  "metadata": {
    "access_right": "open", 
    "communities": [
      {
        "identifier": "biosyslit"
      }, 
      {
        "identifier": "zenodo"
      }
    ], 
    "creators": [
      {
        "name": "Alahiotis, S."
      }
    ], 
    "description": "uploaded by Plazi from Taxodros", 
    "doi": "10.5281/zenodo.805521", 
    "journal_pages": "63", 
    "journal_title": "D. I. S.", 
    "journal_volume": "51", 
    "keywords": [
      "Biodiversity", 
      "Taxonomy", 
      "Animalia", 
      "Arthropoda", 
      "Insecta", 
      "Diptera", 
      "Drosophilidae", 
      "flies", 
      "fruit flies", 
      "terrestrial"
    ], 
    "license": "CC-BY-4.0", 
    "prereserve_doi": {
      "doi": "10.5281/zenodo.805521", 
      "recid": 805521
    }, 
    "publication_date": "1974-12-31", 
    "publication_type": "article", 
    "title": "Isozyme genotype-environment relationship in artificial cage populations originated from a Southern Greek D. melanogaster natural population.", 
    "upload_type": "publication"
  }, 
  "modified": "2017-06-10T11:54:34.119619+00:00", 
  "owner": 1161, 
  "record_id": 805521, 
  "state": "done", 
  "submitted": true, 
  "title": "Isozyme genotype-environment relationship in artificial cage populations originated from a Southern Greek D. melanogaster natural population."
}