{
  "conceptrecid": "805540", 
  "created": "2017-06-10T11:54:56.461626+00:00", 
  "files": [], 
  "id": 805541, 
  "links": {
    "bucket": "https://zenodo.org/api/files/b6bee515-4213-45e4-bae7-293b72c9d204", 
    "discard": "https://zenodo.org/api/deposit/depositions/805541/actions/discard", 
    "edit": "https://zenodo.org/api/deposit/depositions/805541/actions/edit", 
    "files": "https://zenodo.org/api/deposit/depositions/805541/files", 
    "html": "https://zenodo.org/deposit/805541", 
    "latest_draft": "https://zenodo.org/api/deposit/depositions/805541", 
    "latest_draft_html": "https://zenodo.org/deposit/805541", 
    "publish": "https://zenodo.org/api/deposit/depositions/805541/actions/publish", 
    "self": "https://zenodo.org/api/deposit/depositions/805541"
  }, 
  "metadata": {
    "access_right": "open", 
    "communities": [
      {
        "identifier": "biosyslit"
      }
    ], 
    "creators": [
      {
        "name": "Alahiotis, S.N."
      }
    ], 
    "description": "uploaded by Plazi from Taxodros", 
    "journal_pages": "81-87", 
    "journal_title": "Genetica", 
    "journal_volume": "59", 
    "keywords": [
      "Biodiversity", 
      "Taxonomy", 
      "Animalia", 
      "Arthropoda", 
      "Insecta", 
      "Diptera", 
      "Drosophilidae", 
      "flies", 
      "fruit flies", 
      "terrestrial"
    ], 
    "license": "CC-BY-4.0", 
    "prereserve_doi": {
      "doi": "10.5281/zenodo.805541", 
      "recid": 805541
    }, 
    "publication_date": "1982-09-09", 
    "publication_type": "article", 
    "title": "Adaptation of Drosophila enzymes to temperature. IV. Natural selection at the alcohol-dehydrogenase locus.", 
    "upload_type": "publication"
  }, 
  "modified": "2017-06-10T11:54:56.461633+00:00", 
  "owner": 1161, 
  "record_id": 805541, 
  "state": "unsubmitted", 
  "submitted": false, 
  "title": "Adaptation of Drosophila enzymes to temperature. IV. Natural selection at the alcohol-dehydrogenase locus."
}HTTP/1.1 100 Continue

HTTP/1.1 201 CREATED
Server: nginx/1.10.2
Date: Sat, 10 Jun 2017 11:54:59 GMT
Content-Type: application/json
Content-Length: 363
X-RateLimit-Limit: 5000
X-RateLimit-Remaining: 4999
X-RateLimit-Reset: 1497099297
Retry-After: 3597
Access-Control-Allow-Origin: *
Access-Control-Expose-Headers: Content-Type, ETag, Link, X-RateLimit-Limit, X-RateLimit-Remaining, X-RateLimit-Reset
X-Sentry-ID: None
Strict-Transport-Security: max-age=31536000

{"checksum": "dfd59557d3c2ec2a235ffe9f8ebbcae3", "filename": "alahiotis_1982.pdf", "filesize": 187296, "id": "36e894d3-882c-4b19-b9e3-f00ba8fab834", "links": {"download": "https://zenodo.org/api/files/b6bee515-4213-45e4-bae7-293b72c9d204/alahiotis_1982.pdf", "self": "https://zenodo.org/api/deposit/depositions/805541/files/36e894d3-882c-4b19-b9e3-f00ba8fab834"}}HTTP/1.1 202 ACCEPTED
Server: nginx/1.10.2
Date: Sat, 10 Jun 2017 11:55:01 GMT
Content-Type: application/json
Content-Length: 2548
ETag: "2"
Last-Modified: Sat, 10 Jun 2017 11:55:01 GMT
Location: https://zenodo.org/api/deposit/depositions/805541
X-RateLimit-Limit: 5000
X-RateLimit-Remaining: 4999
X-RateLimit-Reset: 1497099300
Retry-After: 3598
Access-Control-Allow-Origin: *
Access-Control-Expose-Headers: Content-Type, ETag, Link, X-RateLimit-Limit, X-RateLimit-Remaining, X-RateLimit-Reset
X-Sentry-ID: None

{
  "conceptdoi": "10.5281/zenodo.805540", 
  "conceptrecid": "805540", 
  "created": "2017-06-10T11:54:56.461626+00:00", 
  "doi": "10.5281/zenodo.805541", 
  "doi_url": "https://doi.org/10.5281/zenodo.805541", 
  "files": [
    {
      "checksum": "dfd59557d3c2ec2a235ffe9f8ebbcae3", 
      "filename": "alahiotis_1982.pdf", 
      "filesize": 187296, 
      "id": "36e894d3-882c-4b19-b9e3-f00ba8fab834", 
      "links": {
        "download": "https://zenodo.org/api/files/b6bee515-4213-45e4-bae7-293b72c9d204/alahiotis_1982.pdf", 
        "self": "https://zenodo.org/api/deposit/depositions/804687/files/36e894d3-882c-4b19-b9e3-f00ba8fab834"
      }
    }
  ], 
  "id": 805541, 
  "links": {
    "badge": "https://zenodo.org/badge/doi/10.5281/zenodo.805541.svg", 
    "bucket": "https://zenodo.org/api/files/b6bee515-4213-45e4-bae7-293b72c9d204", 
    "conceptbadge": "https://zenodo.org/badge/doi/10.5281/zenodo.805540.svg", 
    "conceptdoi": "https://doi.org/10.5281/zenodo.805540", 
    "doi": "https://doi.org/10.5281/zenodo.805541", 
    "latest": "https://zenodo.org/api/records/805541", 
    "latest_html": "https://zenodo.org/record/805541", 
    "record": "https://zenodo.org/api/records/805541", 
    "record_html": "https://zenodo.org/record/805541"
  }, 
  "metadata": {
    "access_right": "open", 
    "communities": [
      {
        "identifier": "biosyslit"
      }, 
      {
        "identifier": "zenodo"
      }
    ], 
    "creators": [
      {
        "name": "Alahiotis, S.N."
      }
    ], 
    "description": "uploaded by Plazi from Taxodros", 
    "doi": "10.5281/zenodo.805541", 
    "journal_pages": "81-87", 
    "journal_title": "Genetica", 
    "journal_volume": "59", 
    "keywords": [
      "Biodiversity", 
      "Taxonomy", 
      "Animalia", 
      "Arthropoda", 
      "Insecta", 
      "Diptera", 
      "Drosophilidae", 
      "flies", 
      "fruit flies", 
      "terrestrial"
    ], 
    "license": "CC-BY-4.0", 
    "prereserve_doi": {
      "doi": "10.5281/zenodo.805541", 
      "recid": 805541
    }, 
    "publication_date": "1982-09-09", 
    "publication_type": "article", 
    "title": "Adaptation of Drosophila enzymes to temperature. IV. Natural selection at the alcohol-dehydrogenase locus.", 
    "upload_type": "publication"
  }, 
  "modified": "2017-06-10T11:55:01.051182+00:00", 
  "owner": 1161, 
  "record_id": 805541, 
  "state": "done", 
  "submitted": true, 
  "title": "Adaptation of Drosophila enzymes to temperature. IV. Natural selection at the alcohol-dehydrogenase locus."
}