{
  "conceptrecid": "805524", 
  "created": "2017-06-10T11:54:40.407821+00:00", 
  "files": [], 
  "id": 805525, 
  "links": {
    "bucket": "https://zenodo.org/api/files/db7ef565-f139-4597-ae3b-18a2a6ba6a44", 
    "discard": "https://zenodo.org/api/deposit/depositions/805525/actions/discard", 
    "edit": "https://zenodo.org/api/deposit/depositions/805525/actions/edit", 
    "files": "https://zenodo.org/api/deposit/depositions/805525/files", 
    "html": "https://zenodo.org/deposit/805525", 
    "latest_draft": "https://zenodo.org/api/deposit/depositions/805525", 
    "latest_draft_html": "https://zenodo.org/deposit/805525", 
    "publish": "https://zenodo.org/api/deposit/depositions/805525/actions/publish", 
    "self": "https://zenodo.org/api/deposit/depositions/805525"
  }, 
  "metadata": {
    "access_right": "open", 
    "communities": [
      {
        "identifier": "biosyslit"
      }
    ], 
    "creators": [
      {
        "name": "Alahiotis, S."
      }
    ], 
    "description": "uploaded by Plazi from Taxodros", 
    "journal_pages": "379-383", 
    "journal_title": "Canad. J. Genet. Cytol.", 
    "journal_volume": "18", 
    "keywords": [
      "Biodiversity", 
      "Taxonomy", 
      "Animalia", 
      "Arthropoda", 
      "Insecta", 
      "Diptera", 
      "Drosophilidae", 
      "flies", 
      "fruit flies", 
      "terrestrial"
    ], 
    "license": "CC-BY-4.0", 
    "prereserve_doi": {
      "doi": "10.5281/zenodo.805525", 
      "recid": 805525
    }, 
    "publication_date": "1976-12-31", 
    "publication_type": "article", 
    "title": "Genetic variation and the ecological parameter 'food medium' in cage populations of Drosophila melanogaster.", 
    "upload_type": "publication"
  }, 
  "modified": "2017-06-10T11:54:40.407827+00:00", 
  "owner": 1161, 
  "record_id": 805525, 
  "state": "unsubmitted", 
  "submitted": false, 
  "title": "Genetic variation and the ecological parameter 'food medium' in cage populations of Drosophila melanogaster."
}HTTP/1.1 100 Continue

HTTP/1.1 201 CREATED
Server: nginx/1.10.2
Date: Sat, 10 Jun 2017 11:54:43 GMT
Content-Type: application/json
Content-Length: 363
X-RateLimit-Limit: 5000
X-RateLimit-Remaining: 4996
X-RateLimit-Reset: 1497099246
Retry-After: 3562
Access-Control-Allow-Origin: *
Access-Control-Expose-Headers: Content-Type, ETag, Link, X-RateLimit-Limit, X-RateLimit-Remaining, X-RateLimit-Reset
X-Sentry-ID: None
Strict-Transport-Security: max-age=31536000

{"checksum": "ee39e879a7309c903386fd3caeab65cd", "filename": "alahiotis_1976.pdf", "filesize": 149291, "id": "bb6fd2cb-5365-4764-a9ff-03cb7d1772c9", "links": {"download": "https://zenodo.org/api/files/db7ef565-f139-4597-ae3b-18a2a6ba6a44/alahiotis_1976.pdf", "self": "https://zenodo.org/api/deposit/depositions/805525/files/bb6fd2cb-5365-4764-a9ff-03cb7d1772c9"}}HTTP/1.1 202 ACCEPTED
Server: nginx/1.10.2
Date: Sat, 10 Jun 2017 11:54:45 GMT
Content-Type: application/json
Content-Length: 2567
ETag: "2"
Last-Modified: Sat, 10 Jun 2017 11:54:44 GMT
Location: https://zenodo.org/api/deposit/depositions/805525
X-RateLimit-Limit: 5000
X-RateLimit-Remaining: 4998
X-RateLimit-Reset: 1497099177
Retry-After: 3491
Access-Control-Allow-Origin: *
Access-Control-Expose-Headers: Content-Type, ETag, Link, X-RateLimit-Limit, X-RateLimit-Remaining, X-RateLimit-Reset
X-Sentry-ID: None

{
  "conceptdoi": "10.5281/zenodo.805524", 
  "conceptrecid": "805524", 
  "created": "2017-06-10T11:54:40.407821+00:00", 
  "doi": "10.5281/zenodo.805525", 
  "doi_url": "https://doi.org/10.5281/zenodo.805525", 
  "files": [
    {
      "checksum": "ee39e879a7309c903386fd3caeab65cd", 
      "filename": "alahiotis_1976.pdf", 
      "filesize": 149291, 
      "id": "bb6fd2cb-5365-4764-a9ff-03cb7d1772c9", 
      "links": {
        "download": "https://zenodo.org/api/files/db7ef565-f139-4597-ae3b-18a2a6ba6a44/alahiotis_1976.pdf", 
        "self": "https://zenodo.org/api/deposit/depositions/804529/files/bb6fd2cb-5365-4764-a9ff-03cb7d1772c9"
      }
    }
  ], 
  "id": 805525, 
  "links": {
    "badge": "https://zenodo.org/badge/doi/10.5281/zenodo.805525.svg", 
    "bucket": "https://zenodo.org/api/files/db7ef565-f139-4597-ae3b-18a2a6ba6a44", 
    "conceptbadge": "https://zenodo.org/badge/doi/10.5281/zenodo.805524.svg", 
    "conceptdoi": "https://doi.org/10.5281/zenodo.805524", 
    "doi": "https://doi.org/10.5281/zenodo.805525", 
    "latest": "https://zenodo.org/api/records/805525", 
    "latest_html": "https://zenodo.org/record/805525", 
    "record": "https://zenodo.org/api/records/805525", 
    "record_html": "https://zenodo.org/record/805525"
  }, 
  "metadata": {
    "access_right": "open", 
    "communities": [
      {
        "identifier": "biosyslit"
      }, 
      {
        "identifier": "zenodo"
      }
    ], 
    "creators": [
      {
        "name": "Alahiotis, S."
      }
    ], 
    "description": "uploaded by Plazi from Taxodros", 
    "doi": "10.5281/zenodo.805525", 
    "journal_pages": "379-383", 
    "journal_title": "Canad. J. Genet. Cytol.", 
    "journal_volume": "18", 
    "keywords": [
      "Biodiversity", 
      "Taxonomy", 
      "Animalia", 
      "Arthropoda", 
      "Insecta", 
      "Diptera", 
      "Drosophilidae", 
      "flies", 
      "fruit flies", 
      "terrestrial"
    ], 
    "license": "CC-BY-4.0", 
    "prereserve_doi": {
      "doi": "10.5281/zenodo.805525", 
      "recid": 805525
    }, 
    "publication_date": "1976-12-31", 
    "publication_type": "article", 
    "title": "Genetic variation and the ecological parameter 'food medium' in cage populations of Drosophila melanogaster.", 
    "upload_type": "publication"
  }, 
  "modified": "2017-06-10T11:54:44.761141+00:00", 
  "owner": 1161, 
  "record_id": 805525, 
  "state": "done", 
  "submitted": true, 
  "title": "Genetic variation and the ecological parameter 'food medium' in cage populations of Drosophila melanogaster."
}