{
  "conceptrecid": "805510", 
  "created": "2017-06-10T11:53:54.017549+00:00", 
  "files": [], 
  "id": 805511, 
  "links": {
    "bucket": "https://zenodo.org/api/files/a891b071-434d-4d2f-8842-50bf86ca09e4", 
    "discard": "https://zenodo.org/api/deposit/depositions/805511/actions/discard", 
    "edit": "https://zenodo.org/api/deposit/depositions/805511/actions/edit", 
    "files": "https://zenodo.org/api/deposit/depositions/805511/files", 
    "html": "https://zenodo.org/deposit/805511", 
    "latest_draft": "https://zenodo.org/api/deposit/depositions/805511", 
    "latest_draft_html": "https://zenodo.org/deposit/805511", 
    "publish": "https://zenodo.org/api/deposit/depositions/805511/actions/publish", 
    "self": "https://zenodo.org/api/deposit/depositions/805511"
  }, 
  "metadata": {
    "access_right": "open", 
    "communities": [
      {
        "identifier": "biosyslit"
      }
    ], 
    "creators": [
      {
        "name": "Alahiotis, S."
      }, 
      {
        "name": "Berger, E."
      }
    ], 
    "description": "uploaded by Plazi from Taxodros", 
    "journal_pages": "199-202", 
    "journal_title": "Comp. Biochem. Physiol.", 
    "journal_volume": "61", 
    "keywords": [
      "Biodiversity", 
      "Taxonomy", 
      "Animalia", 
      "Arthropoda", 
      "Insecta", 
      "Diptera", 
      "Drosophilidae", 
      "flies", 
      "fruit flies", 
      "terrestrial"
    ], 
    "license": "CC-BY-4.0", 
    "prereserve_doi": {
      "doi": "10.5281/zenodo.805511", 
      "recid": 805511
    }, 
    "publication_date": "1978-12-31", 
    "publication_type": "article", 
    "title": "Adaptation of Drosophila enzymes to temperature - I. Acetylcholinesterase and NADP-dependent isocitrate-dehydrogenase.", 
    "upload_type": "publication"
  }, 
  "modified": "2017-06-10T11:53:54.017556+00:00", 
  "owner": 1161, 
  "record_id": 805511, 
  "state": "unsubmitted", 
  "submitted": false, 
  "title": "Adaptation of Drosophila enzymes to temperature - I. Acetylcholinesterase and NADP-dependent isocitrate-dehydrogenase."
}HTTP/1.1 100 Continue

HTTP/1.1 201 CREATED
Server: nginx/1.10.2
Date: Sat, 10 Jun 2017 11:53:59 GMT
Content-Type: application/json
Content-Length: 379
X-RateLimit-Limit: 5000
X-RateLimit-Remaining: 4999
X-RateLimit-Reset: 1497099235
Retry-After: 3595
Access-Control-Allow-Origin: *
Access-Control-Expose-Headers: Content-Type, ETag, Link, X-RateLimit-Limit, X-RateLimit-Remaining, X-RateLimit-Reset
X-Sentry-ID: None
Strict-Transport-Security: max-age=31536000

{"checksum": "07107389fc87386cb359e8a39ce0b480", "filename": "alahiotis__berger_1978.pdf", "filesize": 330254, "id": "2819f54c-3df5-4041-95ab-b81c9d1d9a60", "links": {"download": "https://zenodo.org/api/files/a891b071-434d-4d2f-8842-50bf86ca09e4/alahiotis__berger_1978.pdf", "self": "https://zenodo.org/api/deposit/depositions/805511/files/2819f54c-3df5-4041-95ab-b81c9d1d9a60"}}HTTP/1.1 202 ACCEPTED
Server: nginx/1.10.2
Date: Sat, 10 Jun 2017 11:54:00 GMT
Content-Type: application/json
Content-Length: 2650
ETag: "2"
Last-Modified: Sat, 10 Jun 2017 11:54:00 GMT
Location: https://zenodo.org/api/deposit/depositions/805511
X-RateLimit-Limit: 5000
X-RateLimit-Remaining: 4998
X-RateLimit-Reset: 1497099195
Retry-After: 3554
Access-Control-Allow-Origin: *
Access-Control-Expose-Headers: Content-Type, ETag, Link, X-RateLimit-Limit, X-RateLimit-Remaining, X-RateLimit-Reset
X-Sentry-ID: None

{
  "conceptdoi": "10.5281/zenodo.805510", 
  "conceptrecid": "805510", 
  "created": "2017-06-10T11:53:54.017549+00:00", 
  "doi": "10.5281/zenodo.805511", 
  "doi_url": "https://doi.org/10.5281/zenodo.805511", 
  "files": [
    {
      "checksum": "07107389fc87386cb359e8a39ce0b480", 
      "filename": "alahiotis__berger_1978.pdf", 
      "filesize": 330254, 
      "id": "2819f54c-3df5-4041-95ab-b81c9d1d9a60", 
      "links": {
        "download": "https://zenodo.org/api/files/a891b071-434d-4d2f-8842-50bf86ca09e4/alahiotis__berger_1978.pdf", 
        "self": "https://zenodo.org/api/deposit/depositions/128482/files/2819f54c-3df5-4041-95ab-b81c9d1d9a60"
      }
    }
  ], 
  "id": 805511, 
  "links": {
    "badge": "https://zenodo.org/badge/doi/10.5281/zenodo.805511.svg", 
    "bucket": "https://zenodo.org/api/files/a891b071-434d-4d2f-8842-50bf86ca09e4", 
    "conceptbadge": "https://zenodo.org/badge/doi/10.5281/zenodo.805510.svg", 
    "conceptdoi": "https://doi.org/10.5281/zenodo.805510", 
    "doi": "https://doi.org/10.5281/zenodo.805511", 
    "latest": "https://zenodo.org/api/records/805511", 
    "latest_html": "https://zenodo.org/record/805511", 
    "record": "https://zenodo.org/api/records/805511", 
    "record_html": "https://zenodo.org/record/805511"
  }, 
  "metadata": {
    "access_right": "open", 
    "communities": [
      {
        "identifier": "biosyslit"
      }, 
      {
        "identifier": "zenodo"
      }
    ], 
    "creators": [
      {
        "name": "Alahiotis, S."
      }, 
      {
        "name": "Berger, E."
      }
    ], 
    "description": "uploaded by Plazi from Taxodros", 
    "doi": "10.5281/zenodo.805511", 
    "journal_pages": "199-202", 
    "journal_title": "Comp. Biochem. Physiol.", 
    "journal_volume": "61", 
    "keywords": [
      "Biodiversity", 
      "Taxonomy", 
      "Animalia", 
      "Arthropoda", 
      "Insecta", 
      "Diptera", 
      "Drosophilidae", 
      "flies", 
      "fruit flies", 
      "terrestrial"
    ], 
    "license": "CC-BY-4.0", 
    "prereserve_doi": {
      "doi": "10.5281/zenodo.805511", 
      "recid": 805511
    }, 
    "publication_date": "1978-12-31", 
    "publication_type": "article", 
    "title": "Adaptation of Drosophila enzymes to temperature - I. Acetylcholinesterase and NADP-dependent isocitrate-dehydrogenase.", 
    "upload_type": "publication"
  }, 
  "modified": "2017-06-10T11:54:00.346481+00:00", 
  "owner": 1161, 
  "record_id": 805511, 
  "state": "done", 
  "submitted": true, 
  "title": "Adaptation of Drosophila enzymes to temperature - I. Acetylcholinesterase and NADP-dependent isocitrate-dehydrogenase."
}