{
  "conceptrecid": "805526", 
  "created": "2017-06-10T11:54:46.078740+00:00", 
  "files": [], 
  "id": 805527, 
  "links": {
    "bucket": "https://zenodo.org/api/files/37088621-f246-4a49-ad8b-c7627d0080cf", 
    "discard": "https://zenodo.org/api/deposit/depositions/805527/actions/discard", 
    "edit": "https://zenodo.org/api/deposit/depositions/805527/actions/edit", 
    "files": "https://zenodo.org/api/deposit/depositions/805527/files", 
    "html": "https://zenodo.org/deposit/805527", 
    "latest_draft": "https://zenodo.org/api/deposit/depositions/805527", 
    "latest_draft_html": "https://zenodo.org/deposit/805527", 
    "publish": "https://zenodo.org/api/deposit/depositions/805527/actions/publish", 
    "self": "https://zenodo.org/api/deposit/depositions/805527"
  }, 
  "metadata": {
    "access_right": "open", 
    "communities": [
      {
        "identifier": "biosyslit"
      }
    ], 
    "creators": [
      {
        "name": "Alahiotis, S."
      }
    ], 
    "description": "uploaded by Plazi from Taxodros", 
    "journal_pages": "189-194", 
    "journal_title": "Insect Biochem.", 
    "journal_volume": "9", 
    "keywords": [
      "Biodiversity", 
      "Taxonomy", 
      "Animalia", 
      "Arthropoda", 
      "Insecta", 
      "Diptera", 
      "Drosophilidae", 
      "flies", 
      "fruit flies", 
      "terrestrial"
    ], 
    "license": "CC-BY-4.0", 
    "prereserve_doi": {
      "doi": "10.5281/zenodo.805527", 
      "recid": 805527
    }, 
    "publication_date": "1979-12-31", 
    "publication_type": "article", 
    "title": "Adaptation of Drosophila enzymes to temperature - II. Supernatant and mitochondrial malate dehydrogenase.", 
    "upload_type": "publication"
  }, 
  "modified": "2017-06-10T11:54:46.078747+00:00", 
  "owner": 1161, 
  "record_id": 805527, 
  "state": "unsubmitted", 
  "submitted": false, 
  "title": "Adaptation of Drosophila enzymes to temperature - II. Supernatant and mitochondrial malate dehydrogenase."
}HTTP/1.1 100 Continue

HTTP/1.1 201 CREATED
Server: nginx/1.10.2
Date: Sat, 10 Jun 2017 11:54:49 GMT
Content-Type: application/json
Content-Length: 365
X-RateLimit-Limit: 5000
X-RateLimit-Remaining: 4998
X-RateLimit-Reset: 1497099193
Retry-After: 3503
Access-Control-Allow-Origin: *
Access-Control-Expose-Headers: Content-Type, ETag, Link, X-RateLimit-Limit, X-RateLimit-Remaining, X-RateLimit-Reset
X-Sentry-ID: None
Strict-Transport-Security: max-age=31536000

{"checksum": "cfb29c63426d57a50e9cc2381ee4d908", "filename": "alahiotis_1979a.pdf", "filesize": 385574, "id": "f48e956e-20be-44a1-81fb-563efa3416d9", "links": {"download": "https://zenodo.org/api/files/37088621-f246-4a49-ad8b-c7627d0080cf/alahiotis_1979a.pdf", "self": "https://zenodo.org/api/deposit/depositions/805527/files/f48e956e-20be-44a1-81fb-563efa3416d9"}}HTTP/1.1 202 ACCEPTED
Server: nginx/1.10.2
Date: Sat, 10 Jun 2017 11:54:50 GMT
Content-Type: application/json
Content-Length: 2554
ETag: "2"
Last-Modified: Sat, 10 Jun 2017 11:54:50 GMT
Location: https://zenodo.org/api/deposit/depositions/805527
X-RateLimit-Limit: 5000
X-RateLimit-Remaining: 4997
X-RateLimit-Reset: 1497099177
Retry-After: 3486
Access-Control-Allow-Origin: *
Access-Control-Expose-Headers: Content-Type, ETag, Link, X-RateLimit-Limit, X-RateLimit-Remaining, X-RateLimit-Reset
X-Sentry-ID: None

{
  "conceptdoi": "10.5281/zenodo.805526", 
  "conceptrecid": "805526", 
  "created": "2017-06-10T11:54:46.078740+00:00", 
  "doi": "10.5281/zenodo.805527", 
  "doi_url": "https://doi.org/10.5281/zenodo.805527", 
  "files": [
    {
      "checksum": "cfb29c63426d57a50e9cc2381ee4d908", 
      "filename": "alahiotis_1979a.pdf", 
      "filesize": 385574, 
      "id": "f48e956e-20be-44a1-81fb-563efa3416d9", 
      "links": {
        "download": "https://zenodo.org/api/files/37088621-f246-4a49-ad8b-c7627d0080cf/alahiotis_1979a.pdf", 
        "self": "https://zenodo.org/api/deposit/depositions/804529/files/f48e956e-20be-44a1-81fb-563efa3416d9"
      }
    }
  ], 
  "id": 805527, 
  "links": {
    "badge": "https://zenodo.org/badge/doi/10.5281/zenodo.805527.svg", 
    "bucket": "https://zenodo.org/api/files/37088621-f246-4a49-ad8b-c7627d0080cf", 
    "conceptbadge": "https://zenodo.org/badge/doi/10.5281/zenodo.805526.svg", 
    "conceptdoi": "https://doi.org/10.5281/zenodo.805526", 
    "doi": "https://doi.org/10.5281/zenodo.805527", 
    "latest": "https://zenodo.org/api/records/805527", 
    "latest_html": "https://zenodo.org/record/805527", 
    "record": "https://zenodo.org/api/records/805527", 
    "record_html": "https://zenodo.org/record/805527"
  }, 
  "metadata": {
    "access_right": "open", 
    "communities": [
      {
        "identifier": "biosyslit"
      }, 
      {
        "identifier": "zenodo"
      }
    ], 
    "creators": [
      {
        "name": "Alahiotis, S."
      }
    ], 
    "description": "uploaded by Plazi from Taxodros", 
    "doi": "10.5281/zenodo.805527", 
    "journal_pages": "189-194", 
    "journal_title": "Insect Biochem.", 
    "journal_volume": "9", 
    "keywords": [
      "Biodiversity", 
      "Taxonomy", 
      "Animalia", 
      "Arthropoda", 
      "Insecta", 
      "Diptera", 
      "Drosophilidae", 
      "flies", 
      "fruit flies", 
      "terrestrial"
    ], 
    "license": "CC-BY-4.0", 
    "prereserve_doi": {
      "doi": "10.5281/zenodo.805527", 
      "recid": 805527
    }, 
    "publication_date": "1979-12-31", 
    "publication_type": "article", 
    "title": "Adaptation of Drosophila enzymes to temperature - II. Supernatant and mitochondrial malate dehydrogenase.", 
    "upload_type": "publication"
  }, 
  "modified": "2017-06-10T11:54:50.423101+00:00", 
  "owner": 1161, 
  "record_id": 805527, 
  "state": "done", 
  "submitted": true, 
  "title": "Adaptation of Drosophila enzymes to temperature - II. Supernatant and mitochondrial malate dehydrogenase."
}