{
  "conceptrecid": "805516", 
  "created": "2017-06-10T11:54:16.386069+00:00", 
  "files": [], 
  "id": 805517, 
  "links": {
    "bucket": "https://zenodo.org/api/files/c635c03f-1169-47bb-8282-ee74cb7a25b0", 
    "discard": "https://zenodo.org/api/deposit/depositions/805517/actions/discard", 
    "edit": "https://zenodo.org/api/deposit/depositions/805517/actions/edit", 
    "files": "https://zenodo.org/api/deposit/depositions/805517/files", 
    "html": "https://zenodo.org/deposit/805517", 
    "latest_draft": "https://zenodo.org/api/deposit/depositions/805517", 
    "latest_draft_html": "https://zenodo.org/deposit/805517", 
    "publish": "https://zenodo.org/api/deposit/depositions/805517/actions/publish", 
    "self": "https://zenodo.org/api/deposit/depositions/805517"
  }, 
  "metadata": {
    "access_right": "open", 
    "communities": [
      {
        "identifier": "biosyslit"
      }
    ], 
    "creators": [
      {
        "name": "Alahiotis, S."
      }, 
      {
        "name": "Pelecanos, M."
      }
    ], 
    "description": "uploaded by Plazi from Taxodros", 
    "journal_pages": "209-217", 
    "journal_title": "Acta biol. jugosl., Genetika", 
    "journal_volume": "12", 
    "keywords": [
      "Biodiversity", 
      "Taxonomy", 
      "Animalia", 
      "Arthropoda", 
      "Insecta", 
      "Diptera", 
      "Drosophilidae", 
      "flies", 
      "fruit flies", 
      "terrestrial"
    ], 
    "license": "CC-BY-4.0", 
    "prereserve_doi": {
      "doi": "10.5281/zenodo.805517", 
      "recid": 805517
    }, 
    "publication_date": "1980-12-31", 
    "publication_type": "article", 
    "title": "The effect of the environmental parameters temperature and humidity upon the variability of the gene pool in Drosophila melanogaster.", 
    "upload_type": "publication"
  }, 
  "modified": "2017-06-10T11:54:16.386075+00:00", 
  "owner": 1161, 
  "record_id": 805517, 
  "state": "unsubmitted", 
  "submitted": false, 
  "title": "The effect of the environmental parameters temperature and humidity upon the variability of the gene pool in Drosophila melanogaster."
}HTTP/1.1 100 Continue

HTTP/1.1 201 CREATED
Server: nginx/1.10.2
Date: Sat, 10 Jun 2017 11:54:20 GMT
Content-Type: application/json
Content-Length: 385
X-RateLimit-Limit: 5000
X-RateLimit-Remaining: 4999
X-RateLimit-Reset: 1497099258
Retry-After: 3597
Access-Control-Allow-Origin: *
Access-Control-Expose-Headers: Content-Type, ETag, Link, X-RateLimit-Limit, X-RateLimit-Remaining, X-RateLimit-Reset
X-Sentry-ID: None
Strict-Transport-Security: max-age=31536000

{"checksum": "7ebeb9e7e96437e5b7eb15b2f9a10997", "filename": "alahiotis__pelecanos_1980.pdf", "filesize": 328552, "id": "9368efa4-a77f-4e6a-9edc-c1a42be06acd", "links": {"download": "https://zenodo.org/api/files/c635c03f-1169-47bb-8282-ee74cb7a25b0/alahiotis__pelecanos_1980.pdf", "self": "https://zenodo.org/api/deposit/depositions/805517/files/9368efa4-a77f-4e6a-9edc-c1a42be06acd"}}HTTP/1.1 202 ACCEPTED
Server: nginx/1.10.2
Date: Sat, 10 Jun 2017 11:54:22 GMT
Content-Type: application/json
Content-Length: 2694
ETag: "2"
Last-Modified: Sat, 10 Jun 2017 11:54:22 GMT
Location: https://zenodo.org/api/deposit/depositions/805517
X-RateLimit-Limit: 5000
X-RateLimit-Remaining: 4997
X-RateLimit-Reset: 1497099195
Retry-After: 3532
Access-Control-Allow-Origin: *
Access-Control-Expose-Headers: Content-Type, ETag, Link, X-RateLimit-Limit, X-RateLimit-Remaining, X-RateLimit-Reset
X-Sentry-ID: None

{
  "conceptdoi": "10.5281/zenodo.805516", 
  "conceptrecid": "805516", 
  "created": "2017-06-10T11:54:16.386069+00:00", 
  "doi": "10.5281/zenodo.805517", 
  "doi_url": "https://doi.org/10.5281/zenodo.805517", 
  "files": [
    {
      "checksum": "7ebeb9e7e96437e5b7eb15b2f9a10997", 
      "filename": "alahiotis__pelecanos_1980.pdf", 
      "filesize": 328552, 
      "id": "9368efa4-a77f-4e6a-9edc-c1a42be06acd", 
      "links": {
        "download": "https://zenodo.org/api/files/c635c03f-1169-47bb-8282-ee74cb7a25b0/alahiotis__pelecanos_1980.pdf", 
        "self": "https://zenodo.org/api/deposit/depositions/128482/files/9368efa4-a77f-4e6a-9edc-c1a42be06acd"
      }
    }
  ], 
  "id": 805517, 
  "links": {
    "badge": "https://zenodo.org/badge/doi/10.5281/zenodo.805517.svg", 
    "bucket": "https://zenodo.org/api/files/c635c03f-1169-47bb-8282-ee74cb7a25b0", 
    "conceptbadge": "https://zenodo.org/badge/doi/10.5281/zenodo.805516.svg", 
    "conceptdoi": "https://doi.org/10.5281/zenodo.805516", 
    "doi": "https://doi.org/10.5281/zenodo.805517", 
    "latest": "https://zenodo.org/api/records/805517", 
    "latest_html": "https://zenodo.org/record/805517", 
    "record": "https://zenodo.org/api/records/805517", 
    "record_html": "https://zenodo.org/record/805517"
  }, 
  "metadata": {
    "access_right": "open", 
    "communities": [
      {
        "identifier": "biosyslit"
      }, 
      {
        "identifier": "zenodo"
      }
    ], 
    "creators": [
      {
        "name": "Alahiotis, S."
      }, 
      {
        "name": "Pelecanos, M."
      }
    ], 
    "description": "uploaded by Plazi from Taxodros", 
    "doi": "10.5281/zenodo.805517", 
    "journal_pages": "209-217", 
    "journal_title": "Acta biol. jugosl., Genetika", 
    "journal_volume": "12", 
    "keywords": [
      "Biodiversity", 
      "Taxonomy", 
      "Animalia", 
      "Arthropoda", 
      "Insecta", 
      "Diptera", 
      "Drosophilidae", 
      "flies", 
      "fruit flies", 
      "terrestrial"
    ], 
    "license": "CC-BY-4.0", 
    "prereserve_doi": {
      "doi": "10.5281/zenodo.805517", 
      "recid": 805517
    }, 
    "publication_date": "1980-12-31", 
    "publication_type": "article", 
    "title": "The effect of the environmental parameters temperature and humidity upon the variability of the gene pool in Drosophila melanogaster.", 
    "upload_type": "publication"
  }, 
  "modified": "2017-06-10T11:54:22.248384+00:00", 
  "owner": 1161, 
  "record_id": 805517, 
  "state": "done", 
  "submitted": true, 
  "title": "The effect of the environmental parameters temperature and humidity upon the variability of the gene pool in Drosophila melanogaster."
}