{
  "conceptrecid": "805514", 
  "created": "2017-06-10T11:54:10.048747+00:00", 
  "files": [], 
  "id": 805515, 
  "links": {
    "bucket": "https://zenodo.org/api/files/d1c888e0-a9e5-4aff-b0af-b511d91ddea5", 
    "discard": "https://zenodo.org/api/deposit/depositions/805515/actions/discard", 
    "edit": "https://zenodo.org/api/deposit/depositions/805515/actions/edit", 
    "files": "https://zenodo.org/api/deposit/depositions/805515/files", 
    "html": "https://zenodo.org/deposit/805515", 
    "latest_draft": "https://zenodo.org/api/deposit/depositions/805515", 
    "latest_draft_html": "https://zenodo.org/deposit/805515", 
    "publish": "https://zenodo.org/api/deposit/depositions/805515/actions/publish", 
    "self": "https://zenodo.org/api/deposit/depositions/805515"
  }, 
  "metadata": {
    "access_right": "open", 
    "communities": [
      {
        "identifier": "biosyslit"
      }
    ], 
    "creators": [
      {
        "name": "Alahiotis, S."
      }, 
      {
        "name": "Pelecanos, M."
      }
    ], 
    "description": "uploaded by Plazi from Taxodros", 
    "journal_pages": "265-273", 
    "journal_title": "Canad. J. Genet. Cytol.", 
    "journal_volume": "20", 
    "keywords": [
      "Biodiversity", 
      "Taxonomy", 
      "Animalia", 
      "Arthropoda", 
      "Insecta", 
      "Diptera", 
      "Drosophilidae", 
      "flies", 
      "fruit flies", 
      "terrestrial"
    ], 
    "license": "CC-BY-4.0", 
    "prereserve_doi": {
      "doi": "10.5281/zenodo.805515", 
      "recid": 805515
    }, 
    "publication_date": "1978-12-31", 
    "publication_type": "article", 
    "title": "Induction of gene pool differentiation in Drosophila melanogaster.", 
    "upload_type": "publication"
  }, 
  "modified": "2017-06-10T11:54:10.048754+00:00", 
  "owner": 1161, 
  "record_id": 805515, 
  "state": "unsubmitted", 
  "submitted": false, 
  "title": "Induction of gene pool differentiation in Drosophila melanogaster."
}HTTP/1.1 100 Continue

HTTP/1.1 201 CREATED
Server: nginx/1.10.2
Date: Sat, 10 Jun 2017 11:54:13 GMT
Content-Type: application/json
Content-Length: 385
X-RateLimit-Limit: 5000
X-RateLimit-Remaining: 4999
X-RateLimit-Reset: 1497099251
Retry-After: 3597
Access-Control-Allow-Origin: *
Access-Control-Expose-Headers: Content-Type, ETag, Link, X-RateLimit-Limit, X-RateLimit-Remaining, X-RateLimit-Reset
X-Sentry-ID: None
Strict-Transport-Security: max-age=31536000

{"checksum": "889673f703242f6542b72ac4e56e1031", "filename": "alahiotis__pelecanos_1978.pdf", "filesize": 233651, "id": "c6b657e2-a0e4-461a-b6a3-54f5828a50b9", "links": {"download": "https://zenodo.org/api/files/d1c888e0-a9e5-4aff-b0af-b511d91ddea5/alahiotis__pelecanos_1978.pdf", "self": "https://zenodo.org/api/deposit/depositions/805515/files/c6b657e2-a0e4-461a-b6a3-54f5828a50b9"}}HTTP/1.1 202 ACCEPTED
Server: nginx/1.10.2
Date: Sat, 10 Jun 2017 11:54:15 GMT
Content-Type: application/json
Content-Length: 2555
ETag: "2"
Last-Modified: Sat, 10 Jun 2017 11:54:14 GMT
Location: https://zenodo.org/api/deposit/depositions/805515
X-RateLimit-Limit: 5000
X-RateLimit-Remaining: 4999
X-RateLimit-Reset: 1497099254
Retry-After: 3598
Access-Control-Allow-Origin: *
Access-Control-Expose-Headers: Content-Type, ETag, Link, X-RateLimit-Limit, X-RateLimit-Remaining, X-RateLimit-Reset
X-Sentry-ID: None

{
  "conceptdoi": "10.5281/zenodo.805514", 
  "conceptrecid": "805514", 
  "created": "2017-06-10T11:54:10.048747+00:00", 
  "doi": "10.5281/zenodo.805515", 
  "doi_url": "https://doi.org/10.5281/zenodo.805515", 
  "files": [
    {
      "checksum": "889673f703242f6542b72ac4e56e1031", 
      "filename": "alahiotis__pelecanos_1978.pdf", 
      "filesize": 233651, 
      "id": "c6b657e2-a0e4-461a-b6a3-54f5828a50b9", 
      "links": {
        "download": "https://zenodo.org/api/files/d1c888e0-a9e5-4aff-b0af-b511d91ddea5/alahiotis__pelecanos_1978.pdf", 
        "self": "https://zenodo.org/api/deposit/depositions/804352/files/c6b657e2-a0e4-461a-b6a3-54f5828a50b9"
      }
    }
  ], 
  "id": 805515, 
  "links": {
    "badge": "https://zenodo.org/badge/doi/10.5281/zenodo.805515.svg", 
    "bucket": "https://zenodo.org/api/files/d1c888e0-a9e5-4aff-b0af-b511d91ddea5", 
    "conceptbadge": "https://zenodo.org/badge/doi/10.5281/zenodo.805514.svg", 
    "conceptdoi": "https://doi.org/10.5281/zenodo.805514", 
    "doi": "https://doi.org/10.5281/zenodo.805515", 
    "latest": "https://zenodo.org/api/records/805515", 
    "latest_html": "https://zenodo.org/record/805515", 
    "record": "https://zenodo.org/api/records/805515", 
    "record_html": "https://zenodo.org/record/805515"
  }, 
  "metadata": {
    "access_right": "open", 
    "communities": [
      {
        "identifier": "biosyslit"
      }, 
      {
        "identifier": "zenodo"
      }
    ], 
    "creators": [
      {
        "name": "Alahiotis, S."
      }, 
      {
        "name": "Pelecanos, M."
      }
    ], 
    "description": "uploaded by Plazi from Taxodros", 
    "doi": "10.5281/zenodo.805515", 
    "journal_pages": "265-273", 
    "journal_title": "Canad. J. Genet. Cytol.", 
    "journal_volume": "20", 
    "keywords": [
      "Biodiversity", 
      "Taxonomy", 
      "Animalia", 
      "Arthropoda", 
      "Insecta", 
      "Diptera", 
      "Drosophilidae", 
      "flies", 
      "fruit flies", 
      "terrestrial"
    ], 
    "license": "CC-BY-4.0", 
    "prereserve_doi": {
      "doi": "10.5281/zenodo.805515", 
      "recid": 805515
    }, 
    "publication_date": "1978-12-31", 
    "publication_type": "article", 
    "title": "Induction of gene pool differentiation in Drosophila melanogaster.", 
    "upload_type": "publication"
  }, 
  "modified": "2017-06-10T11:54:14.990432+00:00", 
  "owner": 1161, 
  "record_id": 805515, 
  "state": "done", 
  "submitted": true, 
  "title": "Induction of gene pool differentiation in Drosophila melanogaster."
}