{
  "conceptrecid": "805552", 
  "created": "2017-06-10T13:11:52.119357+00:00", 
  "files": [], 
  "id": 805553, 
  "links": {
    "bucket": "https://zenodo.org/api/files/54c3d7a6-d482-4590-b319-bfdcfb53e7e2", 
    "discard": "https://zenodo.org/api/deposit/depositions/805553/actions/discard", 
    "edit": "https://zenodo.org/api/deposit/depositions/805553/actions/edit", 
    "files": "https://zenodo.org/api/deposit/depositions/805553/files", 
    "html": "https://zenodo.org/deposit/805553", 
    "latest_draft": "https://zenodo.org/api/deposit/depositions/805553", 
    "latest_draft_html": "https://zenodo.org/deposit/805553", 
    "publish": "https://zenodo.org/api/deposit/depositions/805553/actions/publish", 
    "self": "https://zenodo.org/api/deposit/depositions/805553"
  }, 
  "metadata": {
    "access_right": "open", 
    "communities": [
      {
        "identifier": "biosyslit"
      }
    ], 
    "creators": [
      {
        "name": "Alamiri, Z."
      }
    ], 
    "description": "uploaded by Plazi from Taxodros", 
    "journal_pages": "17-24", 
    "journal_title": "Revta chil. Ent.", 
    "journal_volume": "28", 
    "keywords": [
      "Biodiversity", 
      "Taxonomy", 
      "Animalia", 
      "Arthropoda", 
      "Insecta", 
      "Diptera", 
      "Drosophilidae", 
      "flies", 
      "fruit flies", 
      "terrestrial"
    ], 
    "license": "CC-BY-4.0", 
    "prereserve_doi": {
      "doi": "10.5281/zenodo.805553", 
      "recid": 805553
    }, 
    "publication_date": "2001-12-31", 
    "publication_type": "article", 
    "title": "Preadults interactions between the colonizing Drosophila subobscura and the established species D. hydei and D. melanogaster (Diptera: Drosophilidae) in Chile using natural substrates.", 
    "upload_type": "publication"
  }, 
  "modified": "2017-06-10T13:11:52.119366+00:00", 
  "owner": 1161, 
  "record_id": 805553, 
  "state": "unsubmitted", 
  "submitted": false, 
  "title": "Preadults interactions between the colonizing Drosophila subobscura and the established species D. hydei and D. melanogaster (Diptera: Drosophilidae) in Chile using natural substrates."
}HTTP/1.1 100 Continue

HTTP/1.1 201 CREATED
Server: nginx/1.10.2
Date: Sat, 10 Jun 2017 13:11:55 GMT
Content-Type: application/json
Content-Length: 359
X-RateLimit-Limit: 5000
X-RateLimit-Remaining: 4999
X-RateLimit-Reset: 1497103913
Retry-After: 3597
Access-Control-Allow-Origin: *
Access-Control-Expose-Headers: Content-Type, ETag, Link, X-RateLimit-Limit, X-RateLimit-Remaining, X-RateLimit-Reset
X-Sentry-ID: None
Strict-Transport-Security: max-age=31536000

{"checksum": "e47724de7404dd5b8cb26ef36c3ccb32", "filename": "alamiri_2001.pdf", "filesize": 264494, "id": "2cee14b1-0aa2-4d0a-b905-72a4c22a6665", "links": {"download": "https://zenodo.org/api/files/54c3d7a6-d482-4590-b319-bfdcfb53e7e2/alamiri_2001.pdf", "self": "https://zenodo.org/api/deposit/depositions/805553/files/2cee14b1-0aa2-4d0a-b905-72a4c22a6665"}}HTTP/1.1 202 ACCEPTED
Server: nginx/1.10.2
Date: Sat, 10 Jun 2017 13:11:58 GMT
Content-Type: application/json
Content-Length: 2704
ETag: "2"
Last-Modified: Sat, 10 Jun 2017 13:11:57 GMT
Location: https://zenodo.org/api/deposit/depositions/805553
X-RateLimit-Limit: 5000
X-RateLimit-Remaining: 4999
X-RateLimit-Reset: 1497103917
Retry-After: 3598
Access-Control-Allow-Origin: *
Access-Control-Expose-Headers: Content-Type, ETag, Link, X-RateLimit-Limit, X-RateLimit-Remaining, X-RateLimit-Reset
X-Sentry-ID: None

{
  "conceptdoi": "10.5281/zenodo.805552", 
  "conceptrecid": "805552", 
  "created": "2017-06-10T13:11:52.119357+00:00", 
  "doi": "10.5281/zenodo.805553", 
  "doi_url": "https://doi.org/10.5281/zenodo.805553", 
  "files": [
    {
      "checksum": "e47724de7404dd5b8cb26ef36c3ccb32", 
      "filename": "alamiri_2001.pdf", 
      "filesize": 264494, 
      "id": "2cee14b1-0aa2-4d0a-b905-72a4c22a6665", 
      "links": {
        "download": "https://zenodo.org/api/files/54c3d7a6-d482-4590-b319-bfdcfb53e7e2/alamiri_2001.pdf", 
        "self": "https://zenodo.org/api/deposit/depositions/804606/files/2cee14b1-0aa2-4d0a-b905-72a4c22a6665"
      }
    }
  ], 
  "id": 805553, 
  "links": {
    "badge": "https://zenodo.org/badge/doi/10.5281/zenodo.805553.svg", 
    "bucket": "https://zenodo.org/api/files/54c3d7a6-d482-4590-b319-bfdcfb53e7e2", 
    "conceptbadge": "https://zenodo.org/badge/doi/10.5281/zenodo.805552.svg", 
    "conceptdoi": "https://doi.org/10.5281/zenodo.805552", 
    "doi": "https://doi.org/10.5281/zenodo.805553", 
    "latest": "https://zenodo.org/api/records/805553", 
    "latest_html": "https://zenodo.org/record/805553", 
    "record": "https://zenodo.org/api/records/805553", 
    "record_html": "https://zenodo.org/record/805553"
  }, 
  "metadata": {
    "access_right": "open", 
    "communities": [
      {
        "identifier": "biosyslit"
      }, 
      {
        "identifier": "zenodo"
      }
    ], 
    "creators": [
      {
        "name": "Alamiri, Z."
      }
    ], 
    "description": "uploaded by Plazi from Taxodros", 
    "doi": "10.5281/zenodo.805553", 
    "journal_pages": "17-24", 
    "journal_title": "Revta chil. Ent.", 
    "journal_volume": "28", 
    "keywords": [
      "Biodiversity", 
      "Taxonomy", 
      "Animalia", 
      "Arthropoda", 
      "Insecta", 
      "Diptera", 
      "Drosophilidae", 
      "flies", 
      "fruit flies", 
      "terrestrial"
    ], 
    "license": "CC-BY-4.0", 
    "prereserve_doi": {
      "doi": "10.5281/zenodo.805553", 
      "recid": 805553
    }, 
    "publication_date": "2001-12-31", 
    "publication_type": "article", 
    "title": "Preadults interactions between the colonizing Drosophila subobscura and the established species D. hydei and D. melanogaster (Diptera: Drosophilidae) in Chile using natural substrates.", 
    "upload_type": "publication"
  }, 
  "modified": "2017-06-10T13:11:57.787955+00:00", 
  "owner": 1161, 
  "record_id": 805553, 
  "state": "done", 
  "submitted": true, 
  "title": "Preadults interactions between the colonizing Drosophila subobscura and the established species D. hydei and D. melanogaster (Diptera: Drosophilidae) in Chile using natural substrates."
}