{
  "conceptrecid": "805558", 
  "created": "2017-06-10T13:12:20.059297+00:00", 
  "files": [], 
  "id": 805559, 
  "links": {
    "bucket": "https://zenodo.org/api/files/ae60d6e6-b930-4685-881c-2a0ba72d01bc", 
    "discard": "https://zenodo.org/api/deposit/depositions/805559/actions/discard", 
    "edit": "https://zenodo.org/api/deposit/depositions/805559/actions/edit", 
    "files": "https://zenodo.org/api/deposit/depositions/805559/files", 
    "html": "https://zenodo.org/deposit/805559", 
    "latest_draft": "https://zenodo.org/api/deposit/depositions/805559", 
    "latest_draft_html": "https://zenodo.org/deposit/805559", 
    "publish": "https://zenodo.org/api/deposit/depositions/805559/actions/publish", 
    "self": "https://zenodo.org/api/deposit/depositions/805559"
  }, 
  "metadata": {
    "access_right": "open", 
    "communities": [
      {
        "identifier": "biosyslit"
      }
    ], 
    "creators": [
      {
        "name": "Alawi, A.A."
      }
    ], 
    "description": "uploaded by Plazi from Taxodros", 
    "journal_pages": "287-299", 
    "journal_title": "Iraqi J. Sci.", 
    "journal_volume": "22", 
    "keywords": [
      "Biodiversity", 
      "Taxonomy", 
      "Animalia", 
      "Arthropoda", 
      "Insecta", 
      "Diptera", 
      "Drosophilidae", 
      "flies", 
      "fruit flies", 
      "terrestrial"
    ], 
    "license": "CC-BY-4.0", 
    "prereserve_doi": {
      "doi": "10.5281/zenodo.805559", 
      "recid": 805559
    }, 
    "publication_date": "1981-12-31", 
    "publication_type": "article", 
    "title": "Correlative spectral sensitivity studies on the electroretinogram components and the receptor potential of Drosophila.", 
    "upload_type": "publication"
  }, 
  "modified": "2017-06-10T13:12:20.059305+00:00", 
  "owner": 1161, 
  "record_id": 805559, 
  "state": "unsubmitted", 
  "submitted": false, 
  "title": "Correlative spectral sensitivity studies on the electroretinogram components and the receptor potential of Drosophila."
}HTTP/1.1 100 Continue

HTTP/1.1 201 CREATED
Server: nginx/1.10.2
Date: Sat, 10 Jun 2017 13:12:23 GMT
Content-Type: application/json
Content-Length: 355
X-RateLimit-Limit: 5000
X-RateLimit-Remaining: 4999
X-RateLimit-Reset: 1497103941
Retry-After: 3597
Access-Control-Allow-Origin: *
Access-Control-Expose-Headers: Content-Type, ETag, Link, X-RateLimit-Limit, X-RateLimit-Remaining, X-RateLimit-Reset
X-Sentry-ID: None
Strict-Transport-Security: max-age=31536000

{"checksum": "d663145dd6901bcfc690a35fd559bc34", "filename": "alawi_1981.pdf", "filesize": 322985, "id": "0a243b4f-9103-4ffb-8254-234a2418cdbd", "links": {"download": "https://zenodo.org/api/files/ae60d6e6-b930-4685-881c-2a0ba72d01bc/alawi_1981.pdf", "self": "https://zenodo.org/api/deposit/depositions/805559/files/0a243b4f-9103-4ffb-8254-234a2418cdbd"}}HTTP/1.1 202 ACCEPTED
Server: nginx/1.10.2
Date: Sat, 10 Jun 2017 13:12:25 GMT
Content-Type: application/json
Content-Length: 2567
ETag: "2"
Last-Modified: Sat, 10 Jun 2017 13:12:24 GMT
Location: https://zenodo.org/api/deposit/depositions/805559
X-RateLimit-Limit: 5000
X-RateLimit-Remaining: 4999
X-RateLimit-Reset: 1497103944
Retry-After: 3598
Access-Control-Allow-Origin: *
Access-Control-Expose-Headers: Content-Type, ETag, Link, X-RateLimit-Limit, X-RateLimit-Remaining, X-RateLimit-Reset
X-Sentry-ID: None

{
  "conceptdoi": "10.5281/zenodo.805558", 
  "conceptrecid": "805558", 
  "created": "2017-06-10T13:12:20.059297+00:00", 
  "doi": "10.5281/zenodo.805559", 
  "doi_url": "https://doi.org/10.5281/zenodo.805559", 
  "files": [
    {
      "checksum": "d663145dd6901bcfc690a35fd559bc34", 
      "filename": "alawi_1981.pdf", 
      "filesize": 322985, 
      "id": "0a243b4f-9103-4ffb-8254-234a2418cdbd", 
      "links": {
        "download": "https://zenodo.org/api/files/ae60d6e6-b930-4685-881c-2a0ba72d01bc/alawi_1981.pdf", 
        "self": "https://zenodo.org/api/deposit/depositions/804352/files/0a243b4f-9103-4ffb-8254-234a2418cdbd"
      }
    }
  ], 
  "id": 805559, 
  "links": {
    "badge": "https://zenodo.org/badge/doi/10.5281/zenodo.805559.svg", 
    "bucket": "https://zenodo.org/api/files/ae60d6e6-b930-4685-881c-2a0ba72d01bc", 
    "conceptbadge": "https://zenodo.org/badge/doi/10.5281/zenodo.805558.svg", 
    "conceptdoi": "https://doi.org/10.5281/zenodo.805558", 
    "doi": "https://doi.org/10.5281/zenodo.805559", 
    "latest": "https://zenodo.org/api/records/805559", 
    "latest_html": "https://zenodo.org/record/805559", 
    "record": "https://zenodo.org/api/records/805559", 
    "record_html": "https://zenodo.org/record/805559"
  }, 
  "metadata": {
    "access_right": "open", 
    "communities": [
      {
        "identifier": "biosyslit"
      }, 
      {
        "identifier": "zenodo"
      }
    ], 
    "creators": [
      {
        "name": "Alawi, A.A."
      }
    ], 
    "description": "uploaded by Plazi from Taxodros", 
    "doi": "10.5281/zenodo.805559", 
    "journal_pages": "287-299", 
    "journal_title": "Iraqi J. Sci.", 
    "journal_volume": "22", 
    "keywords": [
      "Biodiversity", 
      "Taxonomy", 
      "Animalia", 
      "Arthropoda", 
      "Insecta", 
      "Diptera", 
      "Drosophilidae", 
      "flies", 
      "fruit flies", 
      "terrestrial"
    ], 
    "license": "CC-BY-4.0", 
    "prereserve_doi": {
      "doi": "10.5281/zenodo.805559", 
      "recid": 805559
    }, 
    "publication_date": "1981-12-31", 
    "publication_type": "article", 
    "title": "Correlative spectral sensitivity studies on the electroretinogram components and the receptor potential of Drosophila.", 
    "upload_type": "publication"
  }, 
  "modified": "2017-06-10T13:12:24.970902+00:00", 
  "owner": 1161, 
  "record_id": 805559, 
  "state": "done", 
  "submitted": true, 
  "title": "Correlative spectral sensitivity studies on the electroretinogram components and the receptor potential of Drosophila."
}