{
  "conceptrecid": "805564", 
  "created": "2017-06-10T13:12:40.214155+00:00", 
  "files": [], 
  "id": 805565, 
  "links": {
    "bucket": "https://zenodo.org/api/files/3752f946-4b6f-4849-b34b-78b48690eba4", 
    "discard": "https://zenodo.org/api/deposit/depositions/805565/actions/discard", 
    "edit": "https://zenodo.org/api/deposit/depositions/805565/actions/edit", 
    "files": "https://zenodo.org/api/deposit/depositions/805565/files", 
    "html": "https://zenodo.org/deposit/805565", 
    "latest_draft": "https://zenodo.org/api/deposit/depositions/805565", 
    "latest_draft_html": "https://zenodo.org/deposit/805565", 
    "publish": "https://zenodo.org/api/deposit/depositions/805565/actions/publish", 
    "self": "https://zenodo.org/api/deposit/depositions/805565"
  }, 
  "metadata": {
    "access_right": "open", 
    "communities": [
      {
        "identifier": "biosyslit"
      }
    ], 
    "creators": [
      {
        "name": "Albalat, R."
      }, 
      {
        "name": "Atrian, S."
      }, 
      {
        "name": "Gonzalez-Duarte, R."
      }
    ], 
    "description": "uploaded by Plazi from Taxodros", 
    "journal_pages": "171-176", 
    "journal_title": "FEBS Lett.", 
    "journal_volume": "341", 
    "keywords": [
      "Biodiversity", 
      "Taxonomy", 
      "Animalia", 
      "Arthropoda", 
      "Insecta", 
      "Diptera", 
      "Drosophilidae", 
      "flies", 
      "fruit flies", 
      "terrestrial"
    ], 
    "license": "CC-BY-4.0", 
    "prereserve_doi": {
      "doi": "10.5281/zenodo.805565", 
      "recid": 805565
    }, 
    "publication_date": "1994-12-31", 
    "publication_type": "article", 
    "title": "Drosophila lebanonensis ADH: analysis of recombinant wild-type enzyme and site-directed mutants. The effect of restoring the consensus sequence in two positions.", 
    "upload_type": "publication"
  }, 
  "modified": "2017-06-10T13:12:40.214162+00:00", 
  "owner": 1161, 
  "record_id": 805565, 
  "state": "unsubmitted", 
  "submitted": false, 
  "title": "Drosophila lebanonensis ADH: analysis of recombinant wild-type enzyme and site-directed mutants. The effect of restoring the consensus sequence in two positions."
}HTTP/1.1 100 Continue

HTTP/1.1 201 CREATED
Server: nginx/1.10.2
Date: Sat, 10 Jun 2017 13:12:43 GMT
Content-Type: application/json
Content-Length: 373
X-RateLimit-Limit: 5000
X-RateLimit-Remaining: 4999
X-RateLimit-Reset: 1497103961
Retry-After: 3597
Access-Control-Allow-Origin: *
Access-Control-Expose-Headers: Content-Type, ETag, Link, X-RateLimit-Limit, X-RateLimit-Remaining, X-RateLimit-Reset
X-Sentry-ID: None
Strict-Transport-Security: max-age=31536000

{"checksum": "899e878b798a18fb18ae216a065d7a48", "filename": "albalat_et_al__1994.pdf", "filesize": 133153, "id": "0f7346e5-72fa-4faa-aabf-bf9096dddeba", "links": {"download": "https://zenodo.org/api/files/3752f946-4b6f-4849-b34b-78b48690eba4/albalat_et_al__1994.pdf", "self": "https://zenodo.org/api/deposit/depositions/805565/files/0f7346e5-72fa-4faa-aabf-bf9096dddeba"}}HTTP/1.1 202 ACCEPTED
Server: nginx/1.10.2
Date: Sat, 10 Jun 2017 13:12:44 GMT
Content-Type: application/json
Content-Length: 2772
ETag: "2"
Last-Modified: Sat, 10 Jun 2017 13:12:44 GMT
Location: https://zenodo.org/api/deposit/depositions/805565
X-RateLimit-Limit: 5000
X-RateLimit-Remaining: 4999
X-RateLimit-Reset: 1497103963
Retry-After: 3598
Access-Control-Allow-Origin: *
Access-Control-Expose-Headers: Content-Type, ETag, Link, X-RateLimit-Limit, X-RateLimit-Remaining, X-RateLimit-Reset
X-Sentry-ID: None

{
  "conceptdoi": "10.5281/zenodo.805564", 
  "conceptrecid": "805564", 
  "created": "2017-06-10T13:12:40.214155+00:00", 
  "doi": "10.5281/zenodo.805565", 
  "doi_url": "https://doi.org/10.5281/zenodo.805565", 
  "files": [
    {
      "checksum": "899e878b798a18fb18ae216a065d7a48", 
      "filename": "albalat_et_al__1994.pdf", 
      "filesize": 133153, 
      "id": "0f7346e5-72fa-4faa-aabf-bf9096dddeba", 
      "links": {
        "download": "https://zenodo.org/api/files/3752f946-4b6f-4849-b34b-78b48690eba4/albalat_et_al__1994.pdf", 
        "self": "https://zenodo.org/api/deposit/depositions/804865/files/0f7346e5-72fa-4faa-aabf-bf9096dddeba"
      }
    }
  ], 
  "id": 805565, 
  "links": {
    "badge": "https://zenodo.org/badge/doi/10.5281/zenodo.805565.svg", 
    "bucket": "https://zenodo.org/api/files/3752f946-4b6f-4849-b34b-78b48690eba4", 
    "conceptbadge": "https://zenodo.org/badge/doi/10.5281/zenodo.805564.svg", 
    "conceptdoi": "https://doi.org/10.5281/zenodo.805564", 
    "doi": "https://doi.org/10.5281/zenodo.805565", 
    "latest": "https://zenodo.org/api/records/805565", 
    "latest_html": "https://zenodo.org/record/805565", 
    "record": "https://zenodo.org/api/records/805565", 
    "record_html": "https://zenodo.org/record/805565"
  }, 
  "metadata": {
    "access_right": "open", 
    "communities": [
      {
        "identifier": "biosyslit"
      }, 
      {
        "identifier": "zenodo"
      }
    ], 
    "creators": [
      {
        "name": "Albalat, R."
      }, 
      {
        "name": "Atrian, S."
      }, 
      {
        "name": "Gonzalez-Duarte, R."
      }
    ], 
    "description": "uploaded by Plazi from Taxodros", 
    "doi": "10.5281/zenodo.805565", 
    "journal_pages": "171-176", 
    "journal_title": "FEBS Lett.", 
    "journal_volume": "341", 
    "keywords": [
      "Biodiversity", 
      "Taxonomy", 
      "Animalia", 
      "Arthropoda", 
      "Insecta", 
      "Diptera", 
      "Drosophilidae", 
      "flies", 
      "fruit flies", 
      "terrestrial"
    ], 
    "license": "CC-BY-4.0", 
    "prereserve_doi": {
      "doi": "10.5281/zenodo.805565", 
      "recid": 805565
    }, 
    "publication_date": "1994-12-31", 
    "publication_type": "article", 
    "title": "Drosophila lebanonensis ADH: analysis of recombinant wild-type enzyme and site-directed mutants. The effect of restoring the consensus sequence in two positions.", 
    "upload_type": "publication"
  }, 
  "modified": "2017-06-10T13:12:44.083911+00:00", 
  "owner": 1161, 
  "record_id": 805565, 
  "state": "done", 
  "submitted": true, 
  "title": "Drosophila lebanonensis ADH: analysis of recombinant wild-type enzyme and site-directed mutants. The effect of restoring the consensus sequence in two positions."
}