{
  "conceptrecid": "805562", 
  "created": "2017-06-10T13:12:32.306898+00:00", 
  "files": [], 
  "id": 805563, 
  "links": {
    "bucket": "https://zenodo.org/api/files/a5f51d51-b0d4-4b9a-9a64-47e34f492250", 
    "discard": "https://zenodo.org/api/deposit/depositions/805563/actions/discard", 
    "edit": "https://zenodo.org/api/deposit/depositions/805563/actions/edit", 
    "files": "https://zenodo.org/api/deposit/depositions/805563/files", 
    "html": "https://zenodo.org/deposit/805563", 
    "latest_draft": "https://zenodo.org/api/deposit/depositions/805563", 
    "latest_draft_html": "https://zenodo.org/deposit/805563", 
    "publish": "https://zenodo.org/api/deposit/depositions/805563/actions/publish", 
    "self": "https://zenodo.org/api/deposit/depositions/805563"
  }, 
  "metadata": {
    "access_right": "open", 
    "communities": [
      {
        "identifier": "biosyslit"
      }
    ], 
    "creators": [
      {
        "name": "Albalat, R."
      }, 
      {
        "name": "Gonzalez-Duarte, R."
      }
    ], 
    "description": "uploaded by Plazi from Taxodros", 
    "journal_pages": "171-178", 
    "journal_title": "Gene", 
    "journal_volume": "126", 
    "keywords": [
      "Biodiversity", 
      "Taxonomy", 
      "Animalia", 
      "Arthropoda", 
      "Insecta", 
      "Diptera", 
      "Drosophilidae", 
      "flies", 
      "fruit flies", 
      "terrestrial"
    ], 
    "license": "CC-BY-4.0", 
    "prereserve_doi": {
      "doi": "10.5281/zenodo.805563", 
      "recid": 805563
    }, 
    "publication_date": "1993-12-31", 
    "publication_type": "article", 
    "title": "Adh and Adh-dup sequences of Drosophila lebanonensis and D. immigrans: interspecies comparisons.", 
    "upload_type": "publication"
  }, 
  "modified": "2017-06-10T13:12:32.306907+00:00", 
  "owner": 1161, 
  "record_id": 805563, 
  "state": "unsubmitted", 
  "submitted": false, 
  "title": "Adh and Adh-dup sequences of Drosophila lebanonensis and D. immigrans: interspecies comparisons."
}HTTP/1.1 100 Continue

HTTP/1.1 201 CREATED
Server: nginx/1.10.2
Date: Sat, 10 Jun 2017 13:12:37 GMT
Content-Type: application/json
Content-Length: 379
X-RateLimit-Limit: 5000
X-RateLimit-Remaining: 4999
X-RateLimit-Reset: 1497103953
Retry-After: 3595
Access-Control-Allow-Origin: *
Access-Control-Expose-Headers: Content-Type, ETag, Link, X-RateLimit-Limit, X-RateLimit-Remaining, X-RateLimit-Reset
X-Sentry-ID: None
Strict-Transport-Security: max-age=31536000

{"checksum": "d15b37a97f6dff05ee3595c7b61bca1a", "filename": "albalat__gonzalez_1993.pdf", "filesize": 935060, "id": "8a8def33-bd29-4035-bd5b-6d7dd469f817", "links": {"download": "https://zenodo.org/api/files/a5f51d51-b0d4-4b9a-9a64-47e34f492250/albalat__gonzalez_1993.pdf", "self": "https://zenodo.org/api/deposit/depositions/805563/files/8a8def33-bd29-4035-bd5b-6d7dd469f817"}}HTTP/1.1 202 ACCEPTED
Server: nginx/1.10.2
Date: Sat, 10 Jun 2017 13:12:39 GMT
Content-Type: application/json
Content-Length: 2595
ETag: "2"
Last-Modified: Sat, 10 Jun 2017 13:12:38 GMT
Location: https://zenodo.org/api/deposit/depositions/805563
X-RateLimit-Limit: 5000
X-RateLimit-Remaining: 4999
X-RateLimit-Reset: 1497103958
Retry-After: 3598
Access-Control-Allow-Origin: *
Access-Control-Expose-Headers: Content-Type, ETag, Link, X-RateLimit-Limit, X-RateLimit-Remaining, X-RateLimit-Reset
X-Sentry-ID: None

{
  "conceptdoi": "10.5281/zenodo.805562", 
  "conceptrecid": "805562", 
  "created": "2017-06-10T13:12:32.306898+00:00", 
  "doi": "10.5281/zenodo.805563", 
  "doi_url": "https://doi.org/10.5281/zenodo.805563", 
  "files": [
    {
      "checksum": "d15b37a97f6dff05ee3595c7b61bca1a", 
      "filename": "albalat__gonzalez_1993.pdf", 
      "filesize": 935060, 
      "id": "8a8def33-bd29-4035-bd5b-6d7dd469f817", 
      "links": {
        "download": "https://zenodo.org/api/files/a5f51d51-b0d4-4b9a-9a64-47e34f492250/albalat__gonzalez_1993.pdf", 
        "self": "https://zenodo.org/api/deposit/depositions/804707/files/8a8def33-bd29-4035-bd5b-6d7dd469f817"
      }
    }
  ], 
  "id": 805563, 
  "links": {
    "badge": "https://zenodo.org/badge/doi/10.5281/zenodo.805563.svg", 
    "bucket": "https://zenodo.org/api/files/a5f51d51-b0d4-4b9a-9a64-47e34f492250", 
    "conceptbadge": "https://zenodo.org/badge/doi/10.5281/zenodo.805562.svg", 
    "conceptdoi": "https://doi.org/10.5281/zenodo.805562", 
    "doi": "https://doi.org/10.5281/zenodo.805563", 
    "latest": "https://zenodo.org/api/records/805563", 
    "latest_html": "https://zenodo.org/record/805563", 
    "record": "https://zenodo.org/api/records/805563", 
    "record_html": "https://zenodo.org/record/805563"
  }, 
  "metadata": {
    "access_right": "open", 
    "communities": [
      {
        "identifier": "biosyslit"
      }, 
      {
        "identifier": "zenodo"
      }
    ], 
    "creators": [
      {
        "name": "Albalat, R."
      }, 
      {
        "name": "Gonzalez-Duarte, R."
      }
    ], 
    "description": "uploaded by Plazi from Taxodros", 
    "doi": "10.5281/zenodo.805563", 
    "journal_pages": "171-178", 
    "journal_title": "Gene", 
    "journal_volume": "126", 
    "keywords": [
      "Biodiversity", 
      "Taxonomy", 
      "Animalia", 
      "Arthropoda", 
      "Insecta", 
      "Diptera", 
      "Drosophilidae", 
      "flies", 
      "fruit flies", 
      "terrestrial"
    ], 
    "license": "CC-BY-4.0", 
    "prereserve_doi": {
      "doi": "10.5281/zenodo.805563", 
      "recid": 805563
    }, 
    "publication_date": "1993-12-31", 
    "publication_type": "article", 
    "title": "Adh and Adh-dup sequences of Drosophila lebanonensis and D. immigrans: interspecies comparisons.", 
    "upload_type": "publication"
  }, 
  "modified": "2017-06-10T13:12:38.721445+00:00", 
  "owner": 1161, 
  "record_id": 805563, 
  "state": "done", 
  "submitted": true, 
  "title": "Adh and Adh-dup sequences of Drosophila lebanonensis and D. immigrans: interspecies comparisons."
}