{
  "conceptrecid": "805570", 
  "created": "2017-06-10T13:13:08.629955+00:00", 
  "files": [], 
  "id": 805571, 
  "links": {
    "bucket": "https://zenodo.org/api/files/cb8e93d0-24e8-4693-ba84-3dfee2f19f7e", 
    "discard": "https://zenodo.org/api/deposit/depositions/805571/actions/discard", 
    "edit": "https://zenodo.org/api/deposit/depositions/805571/actions/edit", 
    "files": "https://zenodo.org/api/deposit/depositions/805571/files", 
    "html": "https://zenodo.org/deposit/805571", 
    "latest_draft": "https://zenodo.org/api/deposit/depositions/805571", 
    "latest_draft_html": "https://zenodo.org/deposit/805571", 
    "publish": "https://zenodo.org/api/deposit/depositions/805571/actions/publish", 
    "self": "https://zenodo.org/api/deposit/depositions/805571"
  }, 
  "metadata": {
    "access_right": "open", 
    "communities": [
      {
        "identifier": "biosyslit"
      }
    ], 
    "creators": [
      {
        "name": "Albers, M.A."
      }, 
      {
        "name": "Bradley, T.J."
      }
    ], 
    "description": "uploaded by Plazi from Taxodros", 
    "journal_pages": "857-865", 
    "journal_title": "Physiol. Biochem. Zool.", 
    "journal_volume": "79", 
    "keywords": [
      "Biodiversity", 
      "Taxonomy", 
      "Animalia", 
      "Arthropoda", 
      "Insecta", 
      "Diptera", 
      "Drosophilidae", 
      "flies", 
      "fruit flies", 
      "terrestrial"
    ], 
    "license": "CC-BY-4.0", 
    "prereserve_doi": {
      "doi": "10.5281/zenodo.805571", 
      "recid": 805571
    }, 
    "publication_date": "2007-12-31", 
    "publication_type": "article", 
    "title": "Fecundity in Drosophila following Desiccation Is Dependent on Nutrition and Selection Regime.", 
    "upload_type": "publication"
  }, 
  "modified": "2017-06-10T13:13:08.629961+00:00", 
  "owner": 1161, 
  "record_id": 805571, 
  "state": "unsubmitted", 
  "submitted": false, 
  "title": "Fecundity in Drosophila following Desiccation Is Dependent on Nutrition and Selection Regime."
}HTTP/1.1 100 Continue

HTTP/1.1 201 CREATED
Server: nginx/1.10.2
Date: Sat, 10 Jun 2017 13:13:12 GMT
Content-Type: application/json
Content-Length: 375
X-RateLimit-Limit: 5000
X-RateLimit-Remaining: 4999
X-RateLimit-Reset: 1497103990
Retry-After: 3597
Access-Control-Allow-Origin: *
Access-Control-Expose-Headers: Content-Type, ETag, Link, X-RateLimit-Limit, X-RateLimit-Remaining, X-RateLimit-Reset
X-Sentry-ID: None
Strict-Transport-Security: max-age=31536000

{"checksum": "ea5a23bffdb6f69c4fb2ae17d1e04ec9", "filename": "albers__bradley_2006.pdf", "filesize": 560921, "id": "ea76e500-e273-48fd-8726-a1fdbec9ebf9", "links": {"download": "https://zenodo.org/api/files/cb8e93d0-24e8-4693-ba84-3dfee2f19f7e/albers__bradley_2006.pdf", "self": "https://zenodo.org/api/deposit/depositions/805571/files/ea76e500-e273-48fd-8726-a1fdbec9ebf9"}}HTTP/1.1 202 ACCEPTED
Server: nginx/1.10.2
Date: Sat, 10 Jun 2017 13:13:14 GMT
Content-Type: application/json
Content-Length: 2598
ETag: "2"
Last-Modified: Sat, 10 Jun 2017 13:13:14 GMT
Location: https://zenodo.org/api/deposit/depositions/805571
X-RateLimit-Limit: 5000
X-RateLimit-Remaining: 4999
X-RateLimit-Reset: 1497103993
Retry-After: 3598
Access-Control-Allow-Origin: *
Access-Control-Expose-Headers: Content-Type, ETag, Link, X-RateLimit-Limit, X-RateLimit-Remaining, X-RateLimit-Reset
X-Sentry-ID: None

{
  "conceptdoi": "10.5281/zenodo.805570", 
  "conceptrecid": "805570", 
  "created": "2017-06-10T13:13:08.629955+00:00", 
  "doi": "10.5281/zenodo.805571", 
  "doi_url": "https://doi.org/10.5281/zenodo.805571", 
  "files": [
    {
      "checksum": "ea5a23bffdb6f69c4fb2ae17d1e04ec9", 
      "filename": "albers__bradley_2006.pdf", 
      "filesize": 560921, 
      "id": "ea76e500-e273-48fd-8726-a1fdbec9ebf9", 
      "links": {
        "download": "https://zenodo.org/api/files/cb8e93d0-24e8-4693-ba84-3dfee2f19f7e/albers__bradley_2006.pdf", 
        "self": "https://zenodo.org/api/deposit/depositions/804703/files/ea76e500-e273-48fd-8726-a1fdbec9ebf9"
      }
    }
  ], 
  "id": 805571, 
  "links": {
    "badge": "https://zenodo.org/badge/doi/10.5281/zenodo.805571.svg", 
    "bucket": "https://zenodo.org/api/files/cb8e93d0-24e8-4693-ba84-3dfee2f19f7e", 
    "conceptbadge": "https://zenodo.org/badge/doi/10.5281/zenodo.805570.svg", 
    "conceptdoi": "https://doi.org/10.5281/zenodo.805570", 
    "doi": "https://doi.org/10.5281/zenodo.805571", 
    "latest": "https://zenodo.org/api/records/805571", 
    "latest_html": "https://zenodo.org/record/805571", 
    "record": "https://zenodo.org/api/records/805571", 
    "record_html": "https://zenodo.org/record/805571"
  }, 
  "metadata": {
    "access_right": "open", 
    "communities": [
      {
        "identifier": "biosyslit"
      }, 
      {
        "identifier": "zenodo"
      }
    ], 
    "creators": [
      {
        "name": "Albers, M.A."
      }, 
      {
        "name": "Bradley, T.J."
      }
    ], 
    "description": "uploaded by Plazi from Taxodros", 
    "doi": "10.5281/zenodo.805571", 
    "journal_pages": "857-865", 
    "journal_title": "Physiol. Biochem. Zool.", 
    "journal_volume": "79", 
    "keywords": [
      "Biodiversity", 
      "Taxonomy", 
      "Animalia", 
      "Arthropoda", 
      "Insecta", 
      "Diptera", 
      "Drosophilidae", 
      "flies", 
      "fruit flies", 
      "terrestrial"
    ], 
    "license": "CC-BY-4.0", 
    "prereserve_doi": {
      "doi": "10.5281/zenodo.805571", 
      "recid": 805571
    }, 
    "publication_date": "2007-12-31", 
    "publication_type": "article", 
    "title": "Fecundity in Drosophila following Desiccation Is Dependent on Nutrition and Selection Regime.", 
    "upload_type": "publication"
  }, 
  "modified": "2017-06-10T13:13:14.003838+00:00", 
  "owner": 1161, 
  "record_id": 805571, 
  "state": "done", 
  "submitted": true, 
  "title": "Fecundity in Drosophila following Desiccation Is Dependent on Nutrition and Selection Regime."
}