{
  "conceptrecid": "805568", 
  "created": "2017-06-10T13:12:59.122939+00:00", 
  "files": [], 
  "id": 805569, 
  "links": {
    "bucket": "https://zenodo.org/api/files/c15602d2-a9e3-438c-a285-13d421d326d6", 
    "discard": "https://zenodo.org/api/deposit/depositions/805569/actions/discard", 
    "edit": "https://zenodo.org/api/deposit/depositions/805569/actions/edit", 
    "files": "https://zenodo.org/api/deposit/depositions/805569/files", 
    "html": "https://zenodo.org/deposit/805569", 
    "latest_draft": "https://zenodo.org/api/deposit/depositions/805569", 
    "latest_draft_html": "https://zenodo.org/deposit/805569", 
    "publish": "https://zenodo.org/api/deposit/depositions/805569/actions/publish", 
    "self": "https://zenodo.org/api/deposit/depositions/805569"
  }, 
  "metadata": {
    "access_right": "open", 
    "communities": [
      {
        "identifier": "biosyslit"
      }
    ], 
    "creators": [
      {
        "name": "Alberola, J."
      }, 
      {
        "name": "Sanchez, A."
      }, 
      {
        "name": "Fontdevila, A."
      }
    ], 
    "description": "uploaded by Plazi from Taxodros", 
    "journal_pages": "727-738", 
    "journal_title": "Biochem. Genet.", 
    "journal_volume": "25", 
    "keywords": [
      "Biodiversity", 
      "Taxonomy", 
      "Animalia", 
      "Arthropoda", 
      "Insecta", 
      "Diptera", 
      "Drosophilidae", 
      "flies", 
      "fruit flies", 
      "terrestrial"
    ], 
    "license": "CC-BY-4.0", 
    "prereserve_doi": {
      "doi": "10.5281/zenodo.805569", 
      "recid": 805569
    }, 
    "publication_date": "1987-12-31", 
    "publication_type": "article", 
    "title": "Adh Expression in Species of the mulleri Subgroup of Drosophila.", 
    "upload_type": "publication"
  }, 
  "modified": "2017-06-10T13:12:59.122959+00:00", 
  "owner": 1161, 
  "record_id": 805569, 
  "state": "unsubmitted", 
  "submitted": false, 
  "title": "Adh Expression in Species of the mulleri Subgroup of Drosophila."
}HTTP/1.1 100 Continue

HTTP/1.1 201 CREATED
Server: nginx/1.10.2
Date: Sat, 10 Jun 2017 13:13:02 GMT
Content-Type: application/json
Content-Length: 375
X-RateLimit-Limit: 5000
X-RateLimit-Remaining: 4998
X-RateLimit-Reset: 1497103934
Retry-After: 3551
Access-Control-Allow-Origin: *
Access-Control-Expose-Headers: Content-Type, ETag, Link, X-RateLimit-Limit, X-RateLimit-Remaining, X-RateLimit-Reset
X-Sentry-ID: None
Strict-Transport-Security: max-age=31536000

{"checksum": "ae0347428bf44143c3b8b17767777e09", "filename": "alberola_et_al__1987.pdf", "filesize": 257813, "id": "f5c4ee22-e8b5-4e2c-a214-21412d5d6624", "links": {"download": "https://zenodo.org/api/files/c15602d2-a9e3-438c-a285-13d421d326d6/alberola_et_al__1987.pdf", "self": "https://zenodo.org/api/deposit/depositions/805569/files/f5c4ee22-e8b5-4e2c-a214-21412d5d6624"}}HTTP/1.1 202 ACCEPTED
Server: nginx/1.10.2
Date: Sat, 10 Jun 2017 13:13:04 GMT
Content-Type: application/json
Content-Length: 2581
ETag: "2"
Last-Modified: Sat, 10 Jun 2017 13:13:03 GMT
Location: https://zenodo.org/api/deposit/depositions/805569
X-RateLimit-Limit: 5000
X-RateLimit-Remaining: 4999
X-RateLimit-Reset: 1497103983
Retry-After: 3598
Access-Control-Allow-Origin: *
Access-Control-Expose-Headers: Content-Type, ETag, Link, X-RateLimit-Limit, X-RateLimit-Remaining, X-RateLimit-Reset
X-Sentry-ID: None

{
  "conceptdoi": "10.5281/zenodo.805568", 
  "conceptrecid": "805568", 
  "created": "2017-06-10T13:12:59.122939+00:00", 
  "doi": "10.5281/zenodo.805569", 
  "doi_url": "https://doi.org/10.5281/zenodo.805569", 
  "files": [
    {
      "checksum": "ae0347428bf44143c3b8b17767777e09", 
      "filename": "alberola_et_al__1987.pdf", 
      "filesize": 257813, 
      "id": "f5c4ee22-e8b5-4e2c-a214-21412d5d6624", 
      "links": {
        "download": "https://zenodo.org/api/files/c15602d2-a9e3-438c-a285-13d421d326d6/alberola_et_al__1987.pdf", 
        "self": "https://zenodo.org/api/deposit/depositions/804352/files/f5c4ee22-e8b5-4e2c-a214-21412d5d6624"
      }
    }
  ], 
  "id": 805569, 
  "links": {
    "badge": "https://zenodo.org/badge/doi/10.5281/zenodo.805569.svg", 
    "bucket": "https://zenodo.org/api/files/c15602d2-a9e3-438c-a285-13d421d326d6", 
    "conceptbadge": "https://zenodo.org/badge/doi/10.5281/zenodo.805568.svg", 
    "conceptdoi": "https://doi.org/10.5281/zenodo.805568", 
    "doi": "https://doi.org/10.5281/zenodo.805569", 
    "latest": "https://zenodo.org/api/records/805569", 
    "latest_html": "https://zenodo.org/record/805569", 
    "record": "https://zenodo.org/api/records/805569", 
    "record_html": "https://zenodo.org/record/805569"
  }, 
  "metadata": {
    "access_right": "open", 
    "communities": [
      {
        "identifier": "biosyslit"
      }, 
      {
        "identifier": "zenodo"
      }
    ], 
    "creators": [
      {
        "name": "Alberola, J."
      }, 
      {
        "name": "Sanchez, A."
      }, 
      {
        "name": "Fontdevila, A."
      }
    ], 
    "description": "uploaded by Plazi from Taxodros", 
    "doi": "10.5281/zenodo.805569", 
    "journal_pages": "727-738", 
    "journal_title": "Biochem. Genet.", 
    "journal_volume": "25", 
    "keywords": [
      "Biodiversity", 
      "Taxonomy", 
      "Animalia", 
      "Arthropoda", 
      "Insecta", 
      "Diptera", 
      "Drosophilidae", 
      "flies", 
      "fruit flies", 
      "terrestrial"
    ], 
    "license": "CC-BY-4.0", 
    "prereserve_doi": {
      "doi": "10.5281/zenodo.805569", 
      "recid": 805569
    }, 
    "publication_date": "1987-12-31", 
    "publication_type": "article", 
    "title": "Adh Expression in Species of the mulleri Subgroup of Drosophila.", 
    "upload_type": "publication"
  }, 
  "modified": "2017-06-10T13:13:03.769525+00:00", 
  "owner": 1161, 
  "record_id": 805569, 
  "state": "done", 
  "submitted": true, 
  "title": "Adh Expression in Species of the mulleri Subgroup of Drosophila."
}