{
  "conceptrecid": "805566", 
  "created": "2017-06-10T13:12:45.381858+00:00", 
  "files": [], 
  "id": 805567, 
  "links": {
    "bucket": "https://zenodo.org/api/files/6a909264-7ddb-4d77-bc3a-13f082314ee9", 
    "discard": "https://zenodo.org/api/deposit/depositions/805567/actions/discard", 
    "edit": "https://zenodo.org/api/deposit/depositions/805567/actions/edit", 
    "files": "https://zenodo.org/api/deposit/depositions/805567/files", 
    "html": "https://zenodo.org/deposit/805567", 
    "latest_draft": "https://zenodo.org/api/deposit/depositions/805567", 
    "latest_draft_html": "https://zenodo.org/deposit/805567", 
    "publish": "https://zenodo.org/api/deposit/depositions/805567/actions/publish", 
    "self": "https://zenodo.org/api/deposit/depositions/805567"
  }, 
  "metadata": {
    "access_right": "open", 
    "communities": [
      {
        "identifier": "biosyslit"
      }
    ], 
    "creators": [
      {
        "name": "Alberola, T.M."
      }, 
      {
        "name": "de Frutos, R."
      }
    ], 
    "description": "uploaded by Plazi from Taxodros", 
    "journal_pages": "127-135", 
    "journal_title": "J. molec. Evol.", 
    "journal_volume": "36", 
    "keywords": [
      "Biodiversity", 
      "Taxonomy", 
      "Animalia", 
      "Arthropoda", 
      "Insecta", 
      "Diptera", 
      "Drosophilidae", 
      "flies", 
      "fruit flies", 
      "terrestrial"
    ], 
    "license": "CC-BY-4.0", 
    "prereserve_doi": {
      "doi": "10.5281/zenodo.805567", 
      "recid": 805567
    }, 
    "publication_date": "1993-12-31", 
    "publication_type": "article", 
    "title": "Gypsy Homologous Sequences in Drosophila subobscura (gypsyDS).", 
    "upload_type": "publication"
  }, 
  "modified": "2017-06-10T13:12:45.381866+00:00", 
  "owner": 1161, 
  "record_id": 805567, 
  "state": "unsubmitted", 
  "submitted": false, 
  "title": "Gypsy Homologous Sequences in Drosophila subobscura (gypsyDS)."
}HTTP/1.1 100 Continue

HTTP/1.1 201 CREATED
Server: nginx/1.10.2
Date: Sat, 10 Jun 2017 13:12:49 GMT
Content-Type: application/json
Content-Length: 379
X-RateLimit-Limit: 5000
X-RateLimit-Remaining: 4999
X-RateLimit-Reset: 1497103966
Retry-After: 3596
Access-Control-Allow-Origin: *
Access-Control-Expose-Headers: Content-Type, ETag, Link, X-RateLimit-Limit, X-RateLimit-Remaining, X-RateLimit-Reset
X-Sentry-ID: None
Strict-Transport-Security: max-age=31536000

{"checksum": "f2281abec31a30d5647f71a25ea0de72", "filename": "alberola__frutos_1993a.pdf", "filesize": 757569, "id": "681cdf4f-9790-4698-a28e-25b761858a29", "links": {"download": "https://zenodo.org/api/files/6a909264-7ddb-4d77-bc3a-13f082314ee9/alberola__frutos_1993a.pdf", "self": "https://zenodo.org/api/deposit/depositions/805567/files/681cdf4f-9790-4698-a28e-25b761858a29"}}HTTP/1.1 202 ACCEPTED
Server: nginx/1.10.2
Date: Sat, 10 Jun 2017 13:12:51 GMT
Content-Type: application/json
Content-Length: 2534
ETag: "2"
Last-Modified: Sat, 10 Jun 2017 13:12:50 GMT
Location: https://zenodo.org/api/deposit/depositions/805567
X-RateLimit-Limit: 5000
X-RateLimit-Remaining: 4999
X-RateLimit-Reset: 1497103970
Retry-After: 3598
Access-Control-Allow-Origin: *
Access-Control-Expose-Headers: Content-Type, ETag, Link, X-RateLimit-Limit, X-RateLimit-Remaining, X-RateLimit-Reset
X-Sentry-ID: None

{
  "conceptdoi": "10.5281/zenodo.805566", 
  "conceptrecid": "805566", 
  "created": "2017-06-10T13:12:45.381858+00:00", 
  "doi": "10.5281/zenodo.805567", 
  "doi_url": "https://doi.org/10.5281/zenodo.805567", 
  "files": [
    {
      "checksum": "f2281abec31a30d5647f71a25ea0de72", 
      "filename": "alberola__frutos_1993a.pdf", 
      "filesize": 757569, 
      "id": "681cdf4f-9790-4698-a28e-25b761858a29", 
      "links": {
        "download": "https://zenodo.org/api/files/6a909264-7ddb-4d77-bc3a-13f082314ee9/alberola__frutos_1993a.pdf", 
        "self": "https://zenodo.org/api/deposit/depositions/322378/files/681cdf4f-9790-4698-a28e-25b761858a29"
      }
    }
  ], 
  "id": 805567, 
  "links": {
    "badge": "https://zenodo.org/badge/doi/10.5281/zenodo.805567.svg", 
    "bucket": "https://zenodo.org/api/files/6a909264-7ddb-4d77-bc3a-13f082314ee9", 
    "conceptbadge": "https://zenodo.org/badge/doi/10.5281/zenodo.805566.svg", 
    "conceptdoi": "https://doi.org/10.5281/zenodo.805566", 
    "doi": "https://doi.org/10.5281/zenodo.805567", 
    "latest": "https://zenodo.org/api/records/805567", 
    "latest_html": "https://zenodo.org/record/805567", 
    "record": "https://zenodo.org/api/records/805567", 
    "record_html": "https://zenodo.org/record/805567"
  }, 
  "metadata": {
    "access_right": "open", 
    "communities": [
      {
        "identifier": "biosyslit"
      }, 
      {
        "identifier": "zenodo"
      }
    ], 
    "creators": [
      {
        "name": "Alberola, T.M."
      }, 
      {
        "name": "de Frutos, R."
      }
    ], 
    "description": "uploaded by Plazi from Taxodros", 
    "doi": "10.5281/zenodo.805567", 
    "journal_pages": "127-135", 
    "journal_title": "J. molec. Evol.", 
    "journal_volume": "36", 
    "keywords": [
      "Biodiversity", 
      "Taxonomy", 
      "Animalia", 
      "Arthropoda", 
      "Insecta", 
      "Diptera", 
      "Drosophilidae", 
      "flies", 
      "fruit flies", 
      "terrestrial"
    ], 
    "license": "CC-BY-4.0", 
    "prereserve_doi": {
      "doi": "10.5281/zenodo.805567", 
      "recid": 805567
    }, 
    "publication_date": "1993-12-31", 
    "publication_type": "article", 
    "title": "Gypsy Homologous Sequences in Drosophila subobscura (gypsyDS).", 
    "upload_type": "publication"
  }, 
  "modified": "2017-06-10T13:12:50.853571+00:00", 
  "owner": 1161, 
  "record_id": 805567, 
  "state": "done", 
  "submitted": true, 
  "title": "Gypsy Homologous Sequences in Drosophila subobscura (gypsyDS)."
}