{
  "conceptrecid": "805580", 
  "created": "2017-06-10T13:13:46.763927+00:00", 
  "files": [], 
  "id": 805581, 
  "links": {
    "bucket": "https://zenodo.org/api/files/05af2182-036e-4377-94f4-b90ca1cc00b0", 
    "discard": "https://zenodo.org/api/deposit/depositions/805581/actions/discard", 
    "edit": "https://zenodo.org/api/deposit/depositions/805581/actions/edit", 
    "files": "https://zenodo.org/api/deposit/depositions/805581/files", 
    "html": "https://zenodo.org/deposit/805581", 
    "latest_draft": "https://zenodo.org/api/deposit/depositions/805581", 
    "latest_draft_html": "https://zenodo.org/deposit/805581", 
    "publish": "https://zenodo.org/api/deposit/depositions/805581/actions/publish", 
    "self": "https://zenodo.org/api/deposit/depositions/805581"
  }, 
  "metadata": {
    "access_right": "open", 
    "communities": [
      {
        "identifier": "biosyslit"
      }
    ], 
    "creators": [
      {
        "name": "Aldinger-von Kleist, R."
      }
    ], 
    "description": "uploaded by Plazi from Taxodros", 
    "journal_pages": "123-134", 
    "journal_title": "Behav. Genet.", 
    "journal_volume": "15", 
    "keywords": [
      "Biodiversity", 
      "Taxonomy", 
      "Animalia", 
      "Arthropoda", 
      "Insecta", 
      "Diptera", 
      "Drosophilidae", 
      "flies", 
      "fruit flies", 
      "terrestrial"
    ], 
    "license": "CC-BY-4.0", 
    "prereserve_doi": {
      "doi": "10.5281/zenodo.805581", 
      "recid": 805581
    }, 
    "publication_date": "1985-03-31", 
    "publication_type": "article", 
    "title": "Genetic Analysis of the Light Dependence of Courtship in Drosophila subobscura.", 
    "upload_type": "publication"
  }, 
  "modified": "2017-06-10T13:13:46.763934+00:00", 
  "owner": 1161, 
  "record_id": 805581, 
  "state": "unsubmitted", 
  "submitted": false, 
  "title": "Genetic Analysis of the Light Dependence of Courtship in Drosophila subobscura."
}HTTP/1.1 100 Continue

HTTP/1.1 201 CREATED
Server: nginx/1.10.2
Date: Sat, 10 Jun 2017 13:13:50 GMT
Content-Type: application/json
Content-Length: 361
X-RateLimit-Limit: 5000
X-RateLimit-Remaining: 4998
X-RateLimit-Reset: 1497103953
Retry-After: 3522
Access-Control-Allow-Origin: *
Access-Control-Expose-Headers: Content-Type, ETag, Link, X-RateLimit-Limit, X-RateLimit-Remaining, X-RateLimit-Reset
X-Sentry-ID: None
Strict-Transport-Security: max-age=31536000

{"checksum": "702b5bde0b663c63fd69e154256b0dc0", "filename": "aldinger_1985.pdf", "filesize": 233137, "id": "66d268f1-4ba7-40eb-8c25-10f7adce8999", "links": {"download": "https://zenodo.org/api/files/05af2182-036e-4377-94f4-b90ca1cc00b0/aldinger_1985.pdf", "self": "https://zenodo.org/api/deposit/depositions/805581/files/66d268f1-4ba7-40eb-8c25-10f7adce8999"}}HTTP/1.1 202 ACCEPTED
Server: nginx/1.10.2
Date: Sat, 10 Jun 2017 13:13:52 GMT
Content-Type: application/json
Content-Length: 2507
ETag: "2"
Last-Modified: Sat, 10 Jun 2017 13:13:51 GMT
Location: https://zenodo.org/api/deposit/depositions/805581
X-RateLimit-Limit: 5000
X-RateLimit-Remaining: 4998
X-RateLimit-Reset: 1497103987
Retry-After: 3554
Access-Control-Allow-Origin: *
Access-Control-Expose-Headers: Content-Type, ETag, Link, X-RateLimit-Limit, X-RateLimit-Remaining, X-RateLimit-Reset
X-Sentry-ID: None

{
  "conceptdoi": "10.5281/zenodo.805580", 
  "conceptrecid": "805580", 
  "created": "2017-06-10T13:13:46.763927+00:00", 
  "doi": "10.5281/zenodo.805581", 
  "doi_url": "https://doi.org/10.5281/zenodo.805581", 
  "files": [
    {
      "checksum": "702b5bde0b663c63fd69e154256b0dc0", 
      "filename": "aldinger_1985.pdf", 
      "filesize": 233137, 
      "id": "66d268f1-4ba7-40eb-8c25-10f7adce8999", 
      "links": {
        "download": "https://zenodo.org/api/files/05af2182-036e-4377-94f4-b90ca1cc00b0/aldinger_1985.pdf", 
        "self": "https://zenodo.org/api/deposit/depositions/804771/files/66d268f1-4ba7-40eb-8c25-10f7adce8999"
      }
    }
  ], 
  "id": 805581, 
  "links": {
    "badge": "https://zenodo.org/badge/doi/10.5281/zenodo.805581.svg", 
    "bucket": "https://zenodo.org/api/files/05af2182-036e-4377-94f4-b90ca1cc00b0", 
    "conceptbadge": "https://zenodo.org/badge/doi/10.5281/zenodo.805580.svg", 
    "conceptdoi": "https://doi.org/10.5281/zenodo.805580", 
    "doi": "https://doi.org/10.5281/zenodo.805581", 
    "latest": "https://zenodo.org/api/records/805581", 
    "latest_html": "https://zenodo.org/record/805581", 
    "record": "https://zenodo.org/api/records/805581", 
    "record_html": "https://zenodo.org/record/805581"
  }, 
  "metadata": {
    "access_right": "open", 
    "communities": [
      {
        "identifier": "biosyslit"
      }, 
      {
        "identifier": "zenodo"
      }
    ], 
    "creators": [
      {
        "name": "Aldinger-von Kleist, R."
      }
    ], 
    "description": "uploaded by Plazi from Taxodros", 
    "doi": "10.5281/zenodo.805581", 
    "journal_pages": "123-134", 
    "journal_title": "Behav. Genet.", 
    "journal_volume": "15", 
    "keywords": [
      "Biodiversity", 
      "Taxonomy", 
      "Animalia", 
      "Arthropoda", 
      "Insecta", 
      "Diptera", 
      "Drosophilidae", 
      "flies", 
      "fruit flies", 
      "terrestrial"
    ], 
    "license": "CC-BY-4.0", 
    "prereserve_doi": {
      "doi": "10.5281/zenodo.805581", 
      "recid": 805581
    }, 
    "publication_date": "1985-03-31", 
    "publication_type": "article", 
    "title": "Genetic Analysis of the Light Dependence of Courtship in Drosophila subobscura.", 
    "upload_type": "publication"
  }, 
  "modified": "2017-06-10T13:13:51.839577+00:00", 
  "owner": 1161, 
  "record_id": 805581, 
  "state": "done", 
  "submitted": true, 
  "title": "Genetic Analysis of the Light Dependence of Courtship in Drosophila subobscura."
}