{
  "conceptrecid": "805596", 
  "created": "2017-06-10T16:06:11.386880+00:00", 
  "files": [], 
  "id": 805597, 
  "links": {
    "bucket": "https://zenodo.org/api/files/c46602d1-f8fe-4ee6-a7e7-51e333f55ec1", 
    "discard": "https://zenodo.org/api/deposit/depositions/805597/actions/discard", 
    "edit": "https://zenodo.org/api/deposit/depositions/805597/actions/edit", 
    "files": "https://zenodo.org/api/deposit/depositions/805597/files", 
    "html": "https://zenodo.org/deposit/805597", 
    "latest_draft": "https://zenodo.org/api/deposit/depositions/805597", 
    "latest_draft_html": "https://zenodo.org/deposit/805597", 
    "publish": "https://zenodo.org/api/deposit/depositions/805597/actions/publish", 
    "self": "https://zenodo.org/api/deposit/depositions/805597"
  }, 
  "metadata": {
    "access_right": "open", 
    "communities": [
      {
        "identifier": "biosyslit"
      }
    ], 
    "creators": [
      {
        "name": "Aldrich, J.M."
      }
    ], 
    "description": "uploaded by Plazi from Taxodros", 
    "journal_pages": "395-399", 
    "journal_title": "Proc. Hawaii. ent. Soc.", 
    "journal_volume": "7", 
    "keywords": [
      "Biodiversity", 
      "Taxonomy", 
      "Animalia", 
      "Arthropoda", 
      "Insecta", 
      "Diptera", 
      "Drosophilidae", 
      "flies", 
      "fruit flies", 
      "terrestrial"
    ], 
    "license": "CC-BY-4.0", 
    "prereserve_doi": {
      "doi": "10.5281/zenodo.805597", 
      "recid": 805597
    }, 
    "publication_date": "1931-12-31", 
    "publication_type": "article", 
    "title": "New Acalyptrate Diptera from the Pacific and Oriental regions.", 
    "upload_type": "publication"
  }, 
  "modified": "2017-06-10T16:06:11.386887+00:00", 
  "owner": 1161, 
  "record_id": 805597, 
  "state": "unsubmitted", 
  "submitted": false, 
  "title": "New Acalyptrate Diptera from the Pacific and Oriental regions."
}HTTP/1.1 100 Continue

HTTP/1.1 201 CREATED
Server: nginx/1.10.2
Date: Sat, 10 Jun 2017 16:06:13 GMT
Content-Type: application/json
Content-Length: 359
X-RateLimit-Limit: 5000
X-RateLimit-Remaining: 4999
X-RateLimit-Reset: 1497114372
Retry-After: 3598
Access-Control-Allow-Origin: *
Access-Control-Expose-Headers: Content-Type, ETag, Link, X-RateLimit-Limit, X-RateLimit-Remaining, X-RateLimit-Reset
X-Sentry-ID: None
Strict-Transport-Security: max-age=31536000

{"checksum": "cb22c5d654934389ad9b6e966389ee01", "filename": "aldrich_1931.pdf", "filesize": 107037, "id": "b28e0c54-cabf-4da1-8522-5fade365a741", "links": {"download": "https://zenodo.org/api/files/c46602d1-f8fe-4ee6-a7e7-51e333f55ec1/aldrich_1931.pdf", "self": "https://zenodo.org/api/deposit/depositions/805597/files/b28e0c54-cabf-4da1-8522-5fade365a741"}}HTTP/1.1 202 ACCEPTED
Server: nginx/1.10.2
Date: Sat, 10 Jun 2017 16:06:15 GMT
Content-Type: application/json
Content-Length: 2470
ETag: "2"
Last-Modified: Sat, 10 Jun 2017 16:06:15 GMT
Location: https://zenodo.org/api/deposit/depositions/805597
X-RateLimit-Limit: 5000
X-RateLimit-Remaining: 4999
X-RateLimit-Reset: 1497114374
Retry-After: 3598
Access-Control-Allow-Origin: *
Access-Control-Expose-Headers: Content-Type, ETag, Link, X-RateLimit-Limit, X-RateLimit-Remaining, X-RateLimit-Reset
X-Sentry-ID: None

{
  "conceptdoi": "10.5281/zenodo.805596", 
  "conceptrecid": "805596", 
  "created": "2017-06-10T16:06:11.386880+00:00", 
  "doi": "10.5281/zenodo.805597", 
  "doi_url": "https://doi.org/10.5281/zenodo.805597", 
  "files": [
    {
      "checksum": "cb22c5d654934389ad9b6e966389ee01", 
      "filename": "aldrich_1931.pdf", 
      "filesize": 107037, 
      "id": "b28e0c54-cabf-4da1-8522-5fade365a741", 
      "links": {
        "download": "https://zenodo.org/api/files/c46602d1-f8fe-4ee6-a7e7-51e333f55ec1/aldrich_1931.pdf", 
        "self": "https://zenodo.org/api/deposit/depositions/804703/files/b28e0c54-cabf-4da1-8522-5fade365a741"
      }
    }
  ], 
  "id": 805597, 
  "links": {
    "badge": "https://zenodo.org/badge/doi/10.5281/zenodo.805597.svg", 
    "bucket": "https://zenodo.org/api/files/c46602d1-f8fe-4ee6-a7e7-51e333f55ec1", 
    "conceptbadge": "https://zenodo.org/badge/doi/10.5281/zenodo.805596.svg", 
    "conceptdoi": "https://doi.org/10.5281/zenodo.805596", 
    "doi": "https://doi.org/10.5281/zenodo.805597", 
    "latest": "https://zenodo.org/api/records/805597", 
    "latest_html": "https://zenodo.org/record/805597", 
    "record": "https://zenodo.org/api/records/805597", 
    "record_html": "https://zenodo.org/record/805597"
  }, 
  "metadata": {
    "access_right": "open", 
    "communities": [
      {
        "identifier": "biosyslit"
      }, 
      {
        "identifier": "zenodo"
      }
    ], 
    "creators": [
      {
        "name": "Aldrich, J.M."
      }
    ], 
    "description": "uploaded by Plazi from Taxodros", 
    "doi": "10.5281/zenodo.805597", 
    "journal_pages": "395-399", 
    "journal_title": "Proc. Hawaii. ent. Soc.", 
    "journal_volume": "7", 
    "keywords": [
      "Biodiversity", 
      "Taxonomy", 
      "Animalia", 
      "Arthropoda", 
      "Insecta", 
      "Diptera", 
      "Drosophilidae", 
      "flies", 
      "fruit flies", 
      "terrestrial"
    ], 
    "license": "CC-BY-4.0", 
    "prereserve_doi": {
      "doi": "10.5281/zenodo.805597", 
      "recid": 805597
    }, 
    "publication_date": "1931-12-31", 
    "publication_type": "article", 
    "title": "New Acalyptrate Diptera from the Pacific and Oriental regions.", 
    "upload_type": "publication"
  }, 
  "modified": "2017-06-10T16:06:15.285329+00:00", 
  "owner": 1161, 
  "record_id": 805597, 
  "state": "done", 
  "submitted": true, 
  "title": "New Acalyptrate Diptera from the Pacific and Oriental regions."
}