{
  "conceptrecid": "805585", 
  "created": "2017-06-10T13:15:07.050875+00:00", 
  "files": [], 
  "id": 805586, 
  "links": {
    "bucket": "https://zenodo.org/api/files/00cf640c-24d9-42c2-9ee1-cf5c70a7ef85", 
    "discard": "https://zenodo.org/api/deposit/depositions/805586/actions/discard", 
    "edit": "https://zenodo.org/api/deposit/depositions/805586/actions/edit", 
    "files": "https://zenodo.org/api/deposit/depositions/805586/files", 
    "html": "https://zenodo.org/deposit/805586", 
    "latest_draft": "https://zenodo.org/api/deposit/depositions/805586", 
    "latest_draft_html": "https://zenodo.org/deposit/805586", 
    "publish": "https://zenodo.org/api/deposit/depositions/805586/actions/publish", 
    "self": "https://zenodo.org/api/deposit/depositions/805586"
  }, 
  "metadata": {
    "access_right": "open", 
    "communities": [
      {
        "identifier": "biosyslit"
      }
    ], 
    "creators": [
      {
        "name": "Aldrich, J.M."
      }
    ], 
    "description": "uploaded by Plazi from Taxodros", 
    "journal_pages": "137-141", 
    "journal_title": "Ent. News", 
    "journal_volume": "30", 
    "keywords": [
      "Biodiversity", 
      "Taxonomy", 
      "Animalia", 
      "Arthropoda", 
      "Insecta", 
      "Diptera", 
      "Drosophilidae", 
      "flies", 
      "fruit flies", 
      "terrestrial"
    ], 
    "license": "CC-BY-4.0", 
    "prereserve_doi": {
      "doi": "10.5281/zenodo.805586", 
      "recid": 805586
    }, 
    "publication_date": "1919-05-31", 
    "publication_type": "article", 
    "title": "Leiomyza in North America (Dipt., Drosophilidae.).", 
    "upload_type": "publication"
  }, 
  "modified": "2017-06-10T13:15:07.050880+00:00", 
  "owner": 1161, 
  "record_id": 805586, 
  "state": "unsubmitted", 
  "submitted": false, 
  "title": "Leiomyza in North America (Dipt., Drosophilidae.)."
}HTTP/1.1 100 Continue

HTTP/1.1 201 CREATED
Server: nginx/1.10.2
Date: Sat, 10 Jun 2017 13:15:09 GMT
Content-Type: application/json
Content-Length: 359
X-RateLimit-Limit: 5000
X-RateLimit-Remaining: 4998
X-RateLimit-Reset: 1497104016
Retry-After: 3506
Access-Control-Allow-Origin: *
Access-Control-Expose-Headers: Content-Type, ETag, Link, X-RateLimit-Limit, X-RateLimit-Remaining, X-RateLimit-Reset
X-Sentry-ID: None
Strict-Transport-Security: max-age=31536000

{"checksum": "750b38e2f1b6e09330f13f734d96c2b8", "filename": "aldrich_1919.pdf", "filesize": 142256, "id": "52884e65-cf5b-4d5d-8911-446f262b9567", "links": {"download": "https://zenodo.org/api/files/00cf640c-24d9-42c2-9ee1-cf5c70a7ef85/aldrich_1919.pdf", "self": "https://zenodo.org/api/deposit/depositions/805586/files/52884e65-cf5b-4d5d-8911-446f262b9567"}}HTTP/1.1 202 ACCEPTED
Server: nginx/1.10.2
Date: Sat, 10 Jun 2017 13:15:11 GMT
Content-Type: application/json
Content-Length: 2433
ETag: "2"
Last-Modified: Sat, 10 Jun 2017 13:15:11 GMT
Location: https://zenodo.org/api/deposit/depositions/805586
X-RateLimit-Limit: 5000
X-RateLimit-Remaining: 4998
X-RateLimit-Reset: 1497104105
Retry-After: 3593
Access-Control-Allow-Origin: *
Access-Control-Expose-Headers: Content-Type, ETag, Link, X-RateLimit-Limit, X-RateLimit-Remaining, X-RateLimit-Reset
X-Sentry-ID: None

{
  "conceptdoi": "10.5281/zenodo.805585", 
  "conceptrecid": "805585", 
  "created": "2017-06-10T13:15:07.050875+00:00", 
  "doi": "10.5281/zenodo.805586", 
  "doi_url": "https://doi.org/10.5281/zenodo.805586", 
  "files": [
    {
      "checksum": "750b38e2f1b6e09330f13f734d96c2b8", 
      "filename": "aldrich_1919.pdf", 
      "filesize": 142256, 
      "id": "52884e65-cf5b-4d5d-8911-446f262b9567", 
      "links": {
        "download": "https://zenodo.org/api/files/00cf640c-24d9-42c2-9ee1-cf5c70a7ef85/aldrich_1919.pdf", 
        "self": "https://zenodo.org/api/deposit/depositions/804689/files/52884e65-cf5b-4d5d-8911-446f262b9567"
      }
    }
  ], 
  "id": 805586, 
  "links": {
    "badge": "https://zenodo.org/badge/doi/10.5281/zenodo.805586.svg", 
    "bucket": "https://zenodo.org/api/files/00cf640c-24d9-42c2-9ee1-cf5c70a7ef85", 
    "conceptbadge": "https://zenodo.org/badge/doi/10.5281/zenodo.805585.svg", 
    "conceptdoi": "https://doi.org/10.5281/zenodo.805585", 
    "doi": "https://doi.org/10.5281/zenodo.805586", 
    "latest": "https://zenodo.org/api/records/805586", 
    "latest_html": "https://zenodo.org/record/805586", 
    "record": "https://zenodo.org/api/records/805586", 
    "record_html": "https://zenodo.org/record/805586"
  }, 
  "metadata": {
    "access_right": "open", 
    "communities": [
      {
        "identifier": "biosyslit"
      }, 
      {
        "identifier": "zenodo"
      }
    ], 
    "creators": [
      {
        "name": "Aldrich, J.M."
      }
    ], 
    "description": "uploaded by Plazi from Taxodros", 
    "doi": "10.5281/zenodo.805586", 
    "journal_pages": "137-141", 
    "journal_title": "Ent. News", 
    "journal_volume": "30", 
    "keywords": [
      "Biodiversity", 
      "Taxonomy", 
      "Animalia", 
      "Arthropoda", 
      "Insecta", 
      "Diptera", 
      "Drosophilidae", 
      "flies", 
      "fruit flies", 
      "terrestrial"
    ], 
    "license": "CC-BY-4.0", 
    "prereserve_doi": {
      "doi": "10.5281/zenodo.805586", 
      "recid": 805586
    }, 
    "publication_date": "1919-05-31", 
    "publication_type": "article", 
    "title": "Leiomyza in North America (Dipt., Drosophilidae.).", 
    "upload_type": "publication"
  }, 
  "modified": "2017-06-10T13:15:11.058136+00:00", 
  "owner": 1161, 
  "record_id": 805586, 
  "state": "done", 
  "submitted": true, 
  "title": "Leiomyza in North America (Dipt., Drosophilidae.)."
}