{
  "conceptrecid": "805598", 
  "created": "2017-06-10T16:06:16.727248+00:00", 
  "files": [], 
  "id": 805599, 
  "links": {
    "bucket": "https://zenodo.org/api/files/5665d901-e979-4357-b72d-691ec1b41f95", 
    "discard": "https://zenodo.org/api/deposit/depositions/805599/actions/discard", 
    "edit": "https://zenodo.org/api/deposit/depositions/805599/actions/edit", 
    "files": "https://zenodo.org/api/deposit/depositions/805599/files", 
    "html": "https://zenodo.org/deposit/805599", 
    "latest_draft": "https://zenodo.org/api/deposit/depositions/805599", 
    "latest_draft_html": "https://zenodo.org/deposit/805599", 
    "publish": "https://zenodo.org/api/deposit/depositions/805599/actions/publish", 
    "self": "https://zenodo.org/api/deposit/depositions/805599"
  }, 
  "metadata": {
    "access_right": "open", 
    "communities": [
      {
        "identifier": "biosyslit"
      }
    ], 
    "creators": [
      {
        "name": "Alemdar, N."
      }, 
      {
        "name": "Miller, D.D."
      }
    ], 
    "description": "uploaded by Plazi from Taxodros", 
    "journal_pages": "4-5", 
    "journal_title": "Proc. Neb. Acad. Sci.", 
    "journal_volume": "88", 
    "keywords": [
      "Biodiversity", 
      "Taxonomy", 
      "Animalia", 
      "Arthropoda", 
      "Insecta", 
      "Diptera", 
      "Drosophilidae", 
      "flies", 
      "fruit flies", 
      "terrestrial"
    ], 
    "license": "CC-BY-4.0", 
    "prereserve_doi": {
      "doi": "10.5281/zenodo.805599", 
      "recid": 805599
    }, 
    "publication_date": "1978-12-31", 
    "publication_type": "article", 
    "title": "Further investigations of light-dependent mating in Drosophila algonquin and related species. (Abstract).", 
    "upload_type": "publication"
  }, 
  "modified": "2017-06-10T16:06:16.727254+00:00", 
  "owner": 1161, 
  "record_id": 805599, 
  "state": "unsubmitted", 
  "submitted": false, 
  "title": "Further investigations of light-dependent mating in Drosophila algonquin and related species. (Abstract)."
}HTTP/1.1 100 Continue

HTTP/1.1 201 CREATED
Server: nginx/1.10.2
Date: Sat, 10 Jun 2017 16:06:19 GMT
Content-Type: application/json
Content-Length: 374
X-RateLimit-Limit: 5000
X-RateLimit-Remaining: 4999
X-RateLimit-Reset: 1497114378
Retry-After: 3598
Access-Control-Allow-Origin: *
Access-Control-Expose-Headers: Content-Type, ETag, Link, X-RateLimit-Limit, X-RateLimit-Remaining, X-RateLimit-Reset
X-Sentry-ID: None
Strict-Transport-Security: max-age=31536000

{"checksum": "a1aede962c6708c00e17876998c4226f", "filename": "alemdar__miller_1978.pdf", "filesize": 31255, "id": "6bfde6f6-cb7f-4d85-bd00-4fe220ded927", "links": {"download": "https://zenodo.org/api/files/5665d901-e979-4357-b72d-691ec1b41f95/alemdar__miller_1978.pdf", "self": "https://zenodo.org/api/deposit/depositions/805599/files/6bfde6f6-cb7f-4d85-bd00-4fe220ded927"}}HTTP/1.1 202 ACCEPTED
Server: nginx/1.10.2
Date: Sat, 10 Jun 2017 16:06:20 GMT
Content-Type: application/json
Content-Length: 2613
ETag: "2"
Last-Modified: Sat, 10 Jun 2017 16:06:20 GMT
Location: https://zenodo.org/api/deposit/depositions/805599
X-RateLimit-Limit: 5000
X-RateLimit-Remaining: 4999
X-RateLimit-Reset: 1497114380
Retry-After: 3599
Access-Control-Allow-Origin: *
Access-Control-Expose-Headers: Content-Type, ETag, Link, X-RateLimit-Limit, X-RateLimit-Remaining, X-RateLimit-Reset
X-Sentry-ID: None

{
  "conceptdoi": "10.5281/zenodo.805598", 
  "conceptrecid": "805598", 
  "created": "2017-06-10T16:06:16.727248+00:00", 
  "doi": "10.5281/zenodo.805599", 
  "doi_url": "https://doi.org/10.5281/zenodo.805599", 
  "files": [
    {
      "checksum": "a1aede962c6708c00e17876998c4226f", 
      "filename": "alemdar__miller_1978.pdf", 
      "filesize": 31255, 
      "id": "6bfde6f6-cb7f-4d85-bd00-4fe220ded927", 
      "links": {
        "download": "https://zenodo.org/api/files/5665d901-e979-4357-b72d-691ec1b41f95/alemdar__miller_1978.pdf", 
        "self": "https://zenodo.org/api/deposit/depositions/804687/files/6bfde6f6-cb7f-4d85-bd00-4fe220ded927"
      }
    }
  ], 
  "id": 805599, 
  "links": {
    "badge": "https://zenodo.org/badge/doi/10.5281/zenodo.805599.svg", 
    "bucket": "https://zenodo.org/api/files/5665d901-e979-4357-b72d-691ec1b41f95", 
    "conceptbadge": "https://zenodo.org/badge/doi/10.5281/zenodo.805598.svg", 
    "conceptdoi": "https://doi.org/10.5281/zenodo.805598", 
    "doi": "https://doi.org/10.5281/zenodo.805599", 
    "latest": "https://zenodo.org/api/records/805599", 
    "latest_html": "https://zenodo.org/record/805599", 
    "record": "https://zenodo.org/api/records/805599", 
    "record_html": "https://zenodo.org/record/805599"
  }, 
  "metadata": {
    "access_right": "open", 
    "communities": [
      {
        "identifier": "biosyslit"
      }, 
      {
        "identifier": "zenodo"
      }
    ], 
    "creators": [
      {
        "name": "Alemdar, N."
      }, 
      {
        "name": "Miller, D.D."
      }
    ], 
    "description": "uploaded by Plazi from Taxodros", 
    "doi": "10.5281/zenodo.805599", 
    "journal_pages": "4-5", 
    "journal_title": "Proc. Neb. Acad. Sci.", 
    "journal_volume": "88", 
    "keywords": [
      "Biodiversity", 
      "Taxonomy", 
      "Animalia", 
      "Arthropoda", 
      "Insecta", 
      "Diptera", 
      "Drosophilidae", 
      "flies", 
      "fruit flies", 
      "terrestrial"
    ], 
    "license": "CC-BY-4.0", 
    "prereserve_doi": {
      "doi": "10.5281/zenodo.805599", 
      "recid": 805599
    }, 
    "publication_date": "1978-12-31", 
    "publication_type": "article", 
    "title": "Further investigations of light-dependent mating in Drosophila algonquin and related species. (Abstract).", 
    "upload_type": "publication"
  }, 
  "modified": "2017-06-10T16:06:20.512973+00:00", 
  "owner": 1161, 
  "record_id": 805599, 
  "state": "done", 
  "submitted": true, 
  "title": "Further investigations of light-dependent mating in Drosophila algonquin and related species. (Abstract)."
}