{
  "conceptrecid": "805608", 
  "created": "2017-06-10T16:06:47.203515+00:00", 
  "files": [], 
  "id": 805609, 
  "links": {
    "bucket": "https://zenodo.org/api/files/68dd90b4-2ac6-45d3-b393-dce04b942cda", 
    "discard": "https://zenodo.org/api/deposit/depositions/805609/actions/discard", 
    "edit": "https://zenodo.org/api/deposit/depositions/805609/actions/edit", 
    "files": "https://zenodo.org/api/deposit/depositions/805609/files", 
    "html": "https://zenodo.org/deposit/805609", 
    "latest_draft": "https://zenodo.org/api/deposit/depositions/805609", 
    "latest_draft_html": "https://zenodo.org/deposit/805609", 
    "publish": "https://zenodo.org/api/deposit/depositions/805609/actions/publish", 
    "self": "https://zenodo.org/api/deposit/depositions/805609"
  }, 
  "metadata": {
    "access_right": "open", 
    "communities": [
      {
        "identifier": "biosyslit"
      }
    ], 
    "creators": [
      {
        "name": "Alexander, M.L."
      }
    ], 
    "description": "uploaded by Plazi from Taxodros", 
    "journal_pages": "73-105", 
    "journal_title": "Univ. Texas Publs", 
    "journal_volume": "5204", 
    "keywords": [
      "Biodiversity", 
      "Taxonomy", 
      "Animalia", 
      "Arthropoda", 
      "Insecta", 
      "Diptera", 
      "Drosophilidae", 
      "flies", 
      "fruit flies", 
      "terrestrial"
    ], 
    "license": "CC-BY-4.0", 
    "prereserve_doi": {
      "doi": "10.5281/zenodo.805609", 
      "recid": 805609
    }, 
    "publication_date": "1952-02-15", 
    "publication_type": "article", 
    "title": "Gene variability in the Americana-Texana-Novamexicana complex of the virilis group of Drosophila.", 
    "upload_type": "publication"
  }, 
  "modified": "2017-06-10T16:06:47.203522+00:00", 
  "owner": 1161, 
  "record_id": 805609, 
  "state": "unsubmitted", 
  "submitted": false, 
  "title": "Gene variability in the Americana-Texana-Novamexicana complex of the virilis group of Drosophila."
}HTTP/1.1 100 Continue

HTTP/1.1 201 CREATED
Server: nginx/1.10.2
Date: Sat, 10 Jun 2017 16:06:51 GMT
Content-Type: application/json
Content-Length: 365
X-RateLimit-Limit: 5000
X-RateLimit-Remaining: 4999
X-RateLimit-Reset: 1497114408
Retry-After: 3596
Access-Control-Allow-Origin: *
Access-Control-Expose-Headers: Content-Type, ETag, Link, X-RateLimit-Limit, X-RateLimit-Remaining, X-RateLimit-Reset
X-Sentry-ID: None
Strict-Transport-Security: max-age=31536000

{"checksum": "b937c37db1368c20f3fe503052698889", "filename": "alexander_1952a.pdf", "filesize": 704665, "id": "bf35f148-7f55-4770-b5d0-2bbb74c09515", "links": {"download": "https://zenodo.org/api/files/68dd90b4-2ac6-45d3-b393-dce04b942cda/alexander_1952a.pdf", "self": "https://zenodo.org/api/deposit/depositions/805609/files/bf35f148-7f55-4770-b5d0-2bbb74c09515"}}HTTP/1.1 202 ACCEPTED
Server: nginx/1.10.2
Date: Sat, 10 Jun 2017 16:06:52 GMT
Content-Type: application/json
Content-Length: 2544
ETag: "2"
Last-Modified: Sat, 10 Jun 2017 16:06:52 GMT
Location: https://zenodo.org/api/deposit/depositions/805609
X-RateLimit-Limit: 5000
X-RateLimit-Remaining: 4999
X-RateLimit-Reset: 1497114412
Retry-After: 3599
Access-Control-Allow-Origin: *
Access-Control-Expose-Headers: Content-Type, ETag, Link, X-RateLimit-Limit, X-RateLimit-Remaining, X-RateLimit-Reset
X-Sentry-ID: None

{
  "conceptdoi": "10.5281/zenodo.805608", 
  "conceptrecid": "805608", 
  "created": "2017-06-10T16:06:47.203515+00:00", 
  "doi": "10.5281/zenodo.805609", 
  "doi_url": "https://doi.org/10.5281/zenodo.805609", 
  "files": [
    {
      "checksum": "b937c37db1368c20f3fe503052698889", 
      "filename": "alexander_1952a.pdf", 
      "filesize": 704665, 
      "id": "bf35f148-7f55-4770-b5d0-2bbb74c09515", 
      "links": {
        "download": "https://zenodo.org/api/files/68dd90b4-2ac6-45d3-b393-dce04b942cda/alexander_1952a.pdf", 
        "self": "https://zenodo.org/api/deposit/depositions/804695/files/bf35f148-7f55-4770-b5d0-2bbb74c09515"
      }
    }
  ], 
  "id": 805609, 
  "links": {
    "badge": "https://zenodo.org/badge/doi/10.5281/zenodo.805609.svg", 
    "bucket": "https://zenodo.org/api/files/68dd90b4-2ac6-45d3-b393-dce04b942cda", 
    "conceptbadge": "https://zenodo.org/badge/doi/10.5281/zenodo.805608.svg", 
    "conceptdoi": "https://doi.org/10.5281/zenodo.805608", 
    "doi": "https://doi.org/10.5281/zenodo.805609", 
    "latest": "https://zenodo.org/api/records/805609", 
    "latest_html": "https://zenodo.org/record/805609", 
    "record": "https://zenodo.org/api/records/805609", 
    "record_html": "https://zenodo.org/record/805609"
  }, 
  "metadata": {
    "access_right": "open", 
    "communities": [
      {
        "identifier": "biosyslit"
      }, 
      {
        "identifier": "zenodo"
      }
    ], 
    "creators": [
      {
        "name": "Alexander, M.L."
      }
    ], 
    "description": "uploaded by Plazi from Taxodros", 
    "doi": "10.5281/zenodo.805609", 
    "journal_pages": "73-105", 
    "journal_title": "Univ. Texas Publs", 
    "journal_volume": "5204", 
    "keywords": [
      "Biodiversity", 
      "Taxonomy", 
      "Animalia", 
      "Arthropoda", 
      "Insecta", 
      "Diptera", 
      "Drosophilidae", 
      "flies", 
      "fruit flies", 
      "terrestrial"
    ], 
    "license": "CC-BY-4.0", 
    "prereserve_doi": {
      "doi": "10.5281/zenodo.805609", 
      "recid": 805609
    }, 
    "publication_date": "1952-02-15", 
    "publication_type": "article", 
    "title": "Gene variability in the Americana-Texana-Novamexicana complex of the virilis group of Drosophila.", 
    "upload_type": "publication"
  }, 
  "modified": "2017-06-10T16:06:52.622188+00:00", 
  "owner": 1161, 
  "record_id": 805609, 
  "state": "done", 
  "submitted": true, 
  "title": "Gene variability in the Americana-Texana-Novamexicana complex of the virilis group of Drosophila."
}