{
  "conceptrecid": "805612", 
  "created": "2017-06-10T16:07:00.874088+00:00", 
  "files": [], 
  "id": 805613, 
  "links": {
    "bucket": "https://zenodo.org/api/files/a3429dce-0513-47ea-85a2-2d64bf636e7f", 
    "discard": "https://zenodo.org/api/deposit/depositions/805613/actions/discard", 
    "edit": "https://zenodo.org/api/deposit/depositions/805613/actions/edit", 
    "files": "https://zenodo.org/api/deposit/depositions/805613/files", 
    "html": "https://zenodo.org/deposit/805613", 
    "latest_draft": "https://zenodo.org/api/deposit/depositions/805613", 
    "latest_draft_html": "https://zenodo.org/deposit/805613", 
    "publish": "https://zenodo.org/api/deposit/depositions/805613/actions/publish", 
    "self": "https://zenodo.org/api/deposit/depositions/805613"
  }, 
  "metadata": {
    "access_right": "open", 
    "communities": [
      {
        "identifier": "biosyslit"
      }
    ], 
    "creators": [
      {
        "name": "Alexander, M.L."
      }, 
      {
        "name": "Lea, R.B."
      }, 
      {
        "name": "Stone, W.S."
      }
    ], 
    "description": "uploaded by Plazi from Taxodros", 
    "journal_pages": "106-113", 
    "journal_title": "Univ. Texas Publs", 
    "journal_volume": "5204", 
    "keywords": [
      "Biodiversity", 
      "Taxonomy", 
      "Animalia", 
      "Arthropoda", 
      "Insecta", 
      "Diptera", 
      "Drosophilidae", 
      "flies", 
      "fruit flies", 
      "terrestrial"
    ], 
    "license": "CC-BY-4.0", 
    "prereserve_doi": {
      "doi": "10.5281/zenodo.805613", 
      "recid": 805613
    }, 
    "publication_date": "1952-02-15", 
    "publication_type": "article", 
    "title": "Interspecific gene variability in the Virilis species group.", 
    "upload_type": "publication"
  }, 
  "modified": "2017-06-10T16:07:00.874096+00:00", 
  "owner": 1161, 
  "record_id": 805613, 
  "state": "unsubmitted", 
  "submitted": false, 
  "title": "Interspecific gene variability in the Virilis species group."
}HTTP/1.1 100 Continue

HTTP/1.1 201 CREATED
Server: nginx/1.10.2
Date: Sat, 10 Jun 2017 16:07:03 GMT
Content-Type: application/json
Content-Length: 377
X-RateLimit-Limit: 5000
X-RateLimit-Remaining: 4999
X-RateLimit-Reset: 1497114422
Retry-After: 3598
Access-Control-Allow-Origin: *
Access-Control-Expose-Headers: Content-Type, ETag, Link, X-RateLimit-Limit, X-RateLimit-Remaining, X-RateLimit-Reset
X-Sentry-ID: None
Strict-Transport-Security: max-age=31536000

{"checksum": "457e92cd9cb90f067c75c8c6980f41b7", "filename": "alexander_et_al__1952.pdf", "filesize": 171955, "id": "b4cc81e8-e060-40f5-8b52-0c126ae67842", "links": {"download": "https://zenodo.org/api/files/a3429dce-0513-47ea-85a2-2d64bf636e7f/alexander_et_al__1952.pdf", "self": "https://zenodo.org/api/deposit/depositions/805613/files/b4cc81e8-e060-40f5-8b52-0c126ae67842"}}HTTP/1.1 202 ACCEPTED
Server: nginx/1.10.2
Date: Sat, 10 Jun 2017 16:07:05 GMT
Content-Type: application/json
Content-Length: 2577
ETag: "2"
Last-Modified: Sat, 10 Jun 2017 16:07:04 GMT
Location: https://zenodo.org/api/deposit/depositions/805613
X-RateLimit-Limit: 5000
X-RateLimit-Remaining: 4999
X-RateLimit-Reset: 1497114424
Retry-After: 3598
Access-Control-Allow-Origin: *
Access-Control-Expose-Headers: Content-Type, ETag, Link, X-RateLimit-Limit, X-RateLimit-Remaining, X-RateLimit-Reset
X-Sentry-ID: None

{
  "conceptdoi": "10.5281/zenodo.805612", 
  "conceptrecid": "805612", 
  "created": "2017-06-10T16:07:00.874088+00:00", 
  "doi": "10.5281/zenodo.805613", 
  "doi_url": "https://doi.org/10.5281/zenodo.805613", 
  "files": [
    {
      "checksum": "457e92cd9cb90f067c75c8c6980f41b7", 
      "filename": "alexander_et_al__1952.pdf", 
      "filesize": 171955, 
      "id": "b4cc81e8-e060-40f5-8b52-0c126ae67842", 
      "links": {
        "download": "https://zenodo.org/api/files/a3429dce-0513-47ea-85a2-2d64bf636e7f/alexander_et_al__1952.pdf", 
        "self": "https://zenodo.org/api/deposit/depositions/804612/files/b4cc81e8-e060-40f5-8b52-0c126ae67842"
      }
    }
  ], 
  "id": 805613, 
  "links": {
    "badge": "https://zenodo.org/badge/doi/10.5281/zenodo.805613.svg", 
    "bucket": "https://zenodo.org/api/files/a3429dce-0513-47ea-85a2-2d64bf636e7f", 
    "conceptbadge": "https://zenodo.org/badge/doi/10.5281/zenodo.805612.svg", 
    "conceptdoi": "https://doi.org/10.5281/zenodo.805612", 
    "doi": "https://doi.org/10.5281/zenodo.805613", 
    "latest": "https://zenodo.org/api/records/805613", 
    "latest_html": "https://zenodo.org/record/805613", 
    "record": "https://zenodo.org/api/records/805613", 
    "record_html": "https://zenodo.org/record/805613"
  }, 
  "metadata": {
    "access_right": "open", 
    "communities": [
      {
        "identifier": "biosyslit"
      }, 
      {
        "identifier": "zenodo"
      }
    ], 
    "creators": [
      {
        "name": "Alexander, M.L."
      }, 
      {
        "name": "Lea, R.B."
      }, 
      {
        "name": "Stone, W.S."
      }
    ], 
    "description": "uploaded by Plazi from Taxodros", 
    "doi": "10.5281/zenodo.805613", 
    "journal_pages": "106-113", 
    "journal_title": "Univ. Texas Publs", 
    "journal_volume": "5204", 
    "keywords": [
      "Biodiversity", 
      "Taxonomy", 
      "Animalia", 
      "Arthropoda", 
      "Insecta", 
      "Diptera", 
      "Drosophilidae", 
      "flies", 
      "fruit flies", 
      "terrestrial"
    ], 
    "license": "CC-BY-4.0", 
    "prereserve_doi": {
      "doi": "10.5281/zenodo.805613", 
      "recid": 805613
    }, 
    "publication_date": "1952-02-15", 
    "publication_type": "article", 
    "title": "Interspecific gene variability in the Virilis species group.", 
    "upload_type": "publication"
  }, 
  "modified": "2017-06-10T16:07:04.640598+00:00", 
  "owner": 1161, 
  "record_id": 805613, 
  "state": "done", 
  "submitted": true, 
  "title": "Interspecific gene variability in the Virilis species group."
}