{
  "conceptrecid": "805610", 
  "created": "2017-06-10T16:06:53.997528+00:00", 
  "files": [], 
  "id": 805611, 
  "links": {
    "bucket": "https://zenodo.org/api/files/431a6747-3a96-4091-bb5b-3a837c0a1033", 
    "discard": "https://zenodo.org/api/deposit/depositions/805611/actions/discard", 
    "edit": "https://zenodo.org/api/deposit/depositions/805611/actions/edit", 
    "files": "https://zenodo.org/api/deposit/depositions/805611/files", 
    "html": "https://zenodo.org/deposit/805611", 
    "latest_draft": "https://zenodo.org/api/deposit/depositions/805611", 
    "latest_draft_html": "https://zenodo.org/deposit/805611", 
    "publish": "https://zenodo.org/api/deposit/depositions/805611/actions/publish", 
    "self": "https://zenodo.org/api/deposit/depositions/805611"
  }, 
  "metadata": {
    "access_right": "open", 
    "communities": [
      {
        "identifier": "biosyslit"
      }
    ], 
    "creators": [
      {
        "name": "Alexander, M.L."
      }
    ], 
    "description": "uploaded by Plazi from Taxodros", 
    "journal_pages": "219-226", 
    "journal_title": "Univ. Texas Publs", 
    "journal_volume": "5204", 
    "keywords": [
      "Biodiversity", 
      "Taxonomy", 
      "Animalia", 
      "Arthropoda", 
      "Insecta", 
      "Diptera", 
      "Drosophilidae", 
      "flies", 
      "fruit flies", 
      "terrestrial"
    ], 
    "license": "CC-BY-4.0", 
    "prereserve_doi": {
      "doi": "10.5281/zenodo.805611", 
      "recid": 805611
    }, 
    "publication_date": "1952-02-15", 
    "publication_type": "article", 
    "title": "The effect of two pericentric inversions upon crossingover in Drosophila melanogaster.", 
    "upload_type": "publication"
  }, 
  "modified": "2017-06-10T16:06:53.997536+00:00", 
  "owner": 1161, 
  "record_id": 805611, 
  "state": "unsubmitted", 
  "submitted": false, 
  "title": "The effect of two pericentric inversions upon crossingover in Drosophila melanogaster."
}HTTP/1.1 100 Continue

HTTP/1.1 201 CREATED
Server: nginx/1.10.2
Date: Sat, 10 Jun 2017 16:06:57 GMT
Content-Type: application/json
Content-Length: 365
X-RateLimit-Limit: 5000
X-RateLimit-Remaining: 4999
X-RateLimit-Reset: 1497114415
Retry-After: 3597
Access-Control-Allow-Origin: *
Access-Control-Expose-Headers: Content-Type, ETag, Link, X-RateLimit-Limit, X-RateLimit-Remaining, X-RateLimit-Reset
X-Sentry-ID: None
Strict-Transport-Security: max-age=31536000

{"checksum": "c12ac36bfe90e2b6deb4b92ceeffee18", "filename": "alexander_1952b.pdf", "filesize": 146320, "id": "547d2c59-50c7-4e19-a725-73b0e69afb3e", "links": {"download": "https://zenodo.org/api/files/431a6747-3a96-4091-bb5b-3a837c0a1033/alexander_1952b.pdf", "self": "https://zenodo.org/api/deposit/depositions/805611/files/547d2c59-50c7-4e19-a725-73b0e69afb3e"}}HTTP/1.1 202 ACCEPTED
Server: nginx/1.10.2
Date: Sat, 10 Jun 2017 16:06:58 GMT
Content-Type: application/json
Content-Length: 2523
ETag: "2"
Last-Modified: Sat, 10 Jun 2017 16:06:58 GMT
Location: https://zenodo.org/api/deposit/depositions/805611
X-RateLimit-Limit: 5000
X-RateLimit-Remaining: 4999
X-RateLimit-Reset: 1497114417
Retry-After: 3598
Access-Control-Allow-Origin: *
Access-Control-Expose-Headers: Content-Type, ETag, Link, X-RateLimit-Limit, X-RateLimit-Remaining, X-RateLimit-Reset
X-Sentry-ID: None

{
  "conceptdoi": "10.5281/zenodo.805610", 
  "conceptrecid": "805610", 
  "created": "2017-06-10T16:06:53.997528+00:00", 
  "doi": "10.5281/zenodo.805611", 
  "doi_url": "https://doi.org/10.5281/zenodo.805611", 
  "files": [
    {
      "checksum": "c12ac36bfe90e2b6deb4b92ceeffee18", 
      "filename": "alexander_1952b.pdf", 
      "filesize": 146320, 
      "id": "547d2c59-50c7-4e19-a725-73b0e69afb3e", 
      "links": {
        "download": "https://zenodo.org/api/files/431a6747-3a96-4091-bb5b-3a837c0a1033/alexander_1952b.pdf", 
        "self": "https://zenodo.org/api/deposit/depositions/804529/files/547d2c59-50c7-4e19-a725-73b0e69afb3e"
      }
    }
  ], 
  "id": 805611, 
  "links": {
    "badge": "https://zenodo.org/badge/doi/10.5281/zenodo.805611.svg", 
    "bucket": "https://zenodo.org/api/files/431a6747-3a96-4091-bb5b-3a837c0a1033", 
    "conceptbadge": "https://zenodo.org/badge/doi/10.5281/zenodo.805610.svg", 
    "conceptdoi": "https://doi.org/10.5281/zenodo.805610", 
    "doi": "https://doi.org/10.5281/zenodo.805611", 
    "latest": "https://zenodo.org/api/records/805611", 
    "latest_html": "https://zenodo.org/record/805611", 
    "record": "https://zenodo.org/api/records/805611", 
    "record_html": "https://zenodo.org/record/805611"
  }, 
  "metadata": {
    "access_right": "open", 
    "communities": [
      {
        "identifier": "biosyslit"
      }, 
      {
        "identifier": "zenodo"
      }
    ], 
    "creators": [
      {
        "name": "Alexander, M.L."
      }
    ], 
    "description": "uploaded by Plazi from Taxodros", 
    "doi": "10.5281/zenodo.805611", 
    "journal_pages": "219-226", 
    "journal_title": "Univ. Texas Publs", 
    "journal_volume": "5204", 
    "keywords": [
      "Biodiversity", 
      "Taxonomy", 
      "Animalia", 
      "Arthropoda", 
      "Insecta", 
      "Diptera", 
      "Drosophilidae", 
      "flies", 
      "fruit flies", 
      "terrestrial"
    ], 
    "license": "CC-BY-4.0", 
    "prereserve_doi": {
      "doi": "10.5281/zenodo.805611", 
      "recid": 805611
    }, 
    "publication_date": "1952-02-15", 
    "publication_type": "article", 
    "title": "The effect of two pericentric inversions upon crossingover in Drosophila melanogaster.", 
    "upload_type": "publication"
  }, 
  "modified": "2017-06-10T16:06:58.348808+00:00", 
  "owner": 1161, 
  "record_id": 805611, 
  "state": "done", 
  "submitted": true, 
  "title": "The effect of two pericentric inversions upon crossingover in Drosophila melanogaster."
}