{
  "conceptrecid": "805606", 
  "created": "2017-06-10T16:06:41.064257+00:00", 
  "files": [], 
  "id": 805607, 
  "links": {
    "bucket": "https://zenodo.org/api/files/7875170a-ae64-4181-a4dc-1cdb752b9a74", 
    "discard": "https://zenodo.org/api/deposit/depositions/805607/actions/discard", 
    "edit": "https://zenodo.org/api/deposit/depositions/805607/actions/edit", 
    "files": "https://zenodo.org/api/deposit/depositions/805607/files", 
    "html": "https://zenodo.org/deposit/805607", 
    "latest_draft": "https://zenodo.org/api/deposit/depositions/805607", 
    "latest_draft_html": "https://zenodo.org/deposit/805607", 
    "publish": "https://zenodo.org/api/deposit/depositions/805607/actions/publish", 
    "self": "https://zenodo.org/api/deposit/depositions/805607"
  }, 
  "metadata": {
    "access_right": "open", 
    "communities": [
      {
        "identifier": "biosyslit"
      }
    ], 
    "creators": [
      {
        "name": "Alexander, M.L."
      }
    ], 
    "description": "uploaded by Plazi from Taxodros", 
    "journal_pages": "63-69", 
    "journal_title": "Univ. Texas Publs", 
    "journal_volume": "4920", 
    "keywords": [
      "Biodiversity", 
      "Taxonomy", 
      "Animalia", 
      "Arthropoda", 
      "Insecta", 
      "Diptera", 
      "Drosophilidae", 
      "flies", 
      "fruit flies", 
      "terrestrial"
    ], 
    "license": "CC-BY-4.0", 
    "prereserve_doi": {
      "doi": "10.5281/zenodo.805607", 
      "recid": 805607
    }, 
    "publication_date": "1949-10-15", 
    "publication_type": "article", 
    "title": "Note on gene variability in natural populations of Drosophila.", 
    "upload_type": "publication"
  }, 
  "modified": "2017-06-10T16:06:41.064264+00:00", 
  "owner": 1161, 
  "record_id": 805607, 
  "state": "unsubmitted", 
  "submitted": false, 
  "title": "Note on gene variability in natural populations of Drosophila."
}HTTP/1.1 100 Continue

HTTP/1.1 201 CREATED
Server: nginx/1.10.2
Date: Sat, 10 Jun 2017 16:06:44 GMT
Content-Type: application/json
Content-Length: 363
X-RateLimit-Limit: 5000
X-RateLimit-Remaining: 4998
X-RateLimit-Reset: 1497114367
Retry-After: 3562
Access-Control-Allow-Origin: *
Access-Control-Expose-Headers: Content-Type, ETag, Link, X-RateLimit-Limit, X-RateLimit-Remaining, X-RateLimit-Reset
X-Sentry-ID: None
Strict-Transport-Security: max-age=31536000

{"checksum": "f8b0d8539356f8d3edf432534f0c09ff", "filename": "alexander_1949.pdf", "filesize": 152571, "id": "f58e8d37-182a-4905-ac2a-8f4d20da1fe5", "links": {"download": "https://zenodo.org/api/files/7875170a-ae64-4181-a4dc-1cdb752b9a74/alexander_1949.pdf", "self": "https://zenodo.org/api/deposit/depositions/805607/files/f58e8d37-182a-4905-ac2a-8f4d20da1fe5"}}HTTP/1.1 202 ACCEPTED
Server: nginx/1.10.2
Date: Sat, 10 Jun 2017 16:06:46 GMT
Content-Type: application/json
Content-Length: 2471
ETag: "2"
Last-Modified: Sat, 10 Jun 2017 16:06:45 GMT
Location: https://zenodo.org/api/deposit/depositions/805607
X-RateLimit-Limit: 5000
X-RateLimit-Remaining: 4998
X-RateLimit-Reset: 1497114374
Retry-After: 3567
Access-Control-Allow-Origin: *
Access-Control-Expose-Headers: Content-Type, ETag, Link, X-RateLimit-Limit, X-RateLimit-Remaining, X-RateLimit-Reset
X-Sentry-ID: None

{
  "conceptdoi": "10.5281/zenodo.805606", 
  "conceptrecid": "805606", 
  "created": "2017-06-10T16:06:41.064257+00:00", 
  "doi": "10.5281/zenodo.805607", 
  "doi_url": "https://doi.org/10.5281/zenodo.805607", 
  "files": [
    {
      "checksum": "f8b0d8539356f8d3edf432534f0c09ff", 
      "filename": "alexander_1949.pdf", 
      "filesize": 152571, 
      "id": "f58e8d37-182a-4905-ac2a-8f4d20da1fe5", 
      "links": {
        "download": "https://zenodo.org/api/files/7875170a-ae64-4181-a4dc-1cdb752b9a74/alexander_1949.pdf", 
        "self": "https://zenodo.org/api/deposit/depositions/804703/files/f58e8d37-182a-4905-ac2a-8f4d20da1fe5"
      }
    }
  ], 
  "id": 805607, 
  "links": {
    "badge": "https://zenodo.org/badge/doi/10.5281/zenodo.805607.svg", 
    "bucket": "https://zenodo.org/api/files/7875170a-ae64-4181-a4dc-1cdb752b9a74", 
    "conceptbadge": "https://zenodo.org/badge/doi/10.5281/zenodo.805606.svg", 
    "conceptdoi": "https://doi.org/10.5281/zenodo.805606", 
    "doi": "https://doi.org/10.5281/zenodo.805607", 
    "latest": "https://zenodo.org/api/records/805607", 
    "latest_html": "https://zenodo.org/record/805607", 
    "record": "https://zenodo.org/api/records/805607", 
    "record_html": "https://zenodo.org/record/805607"
  }, 
  "metadata": {
    "access_right": "open", 
    "communities": [
      {
        "identifier": "biosyslit"
      }, 
      {
        "identifier": "zenodo"
      }
    ], 
    "creators": [
      {
        "name": "Alexander, M.L."
      }
    ], 
    "description": "uploaded by Plazi from Taxodros", 
    "doi": "10.5281/zenodo.805607", 
    "journal_pages": "63-69", 
    "journal_title": "Univ. Texas Publs", 
    "journal_volume": "4920", 
    "keywords": [
      "Biodiversity", 
      "Taxonomy", 
      "Animalia", 
      "Arthropoda", 
      "Insecta", 
      "Diptera", 
      "Drosophilidae", 
      "flies", 
      "fruit flies", 
      "terrestrial"
    ], 
    "license": "CC-BY-4.0", 
    "prereserve_doi": {
      "doi": "10.5281/zenodo.805607", 
      "recid": 805607
    }, 
    "publication_date": "1949-10-15", 
    "publication_type": "article", 
    "title": "Note on gene variability in natural populations of Drosophila.", 
    "upload_type": "publication"
  }, 
  "modified": "2017-06-10T16:06:45.820850+00:00", 
  "owner": 1161, 
  "record_id": 805607, 
  "state": "done", 
  "submitted": true, 
  "title": "Note on gene variability in natural populations of Drosophila."
}