{
  "conceptrecid": "805616", 
  "created": "2017-06-10T16:08:42.846462+00:00", 
  "files": [], 
  "id": 805617, 
  "links": {
    "bucket": "https://zenodo.org/api/files/83ab1507-1714-4098-9b52-fb34d69a639c", 
    "discard": "https://zenodo.org/api/deposit/depositions/805617/actions/discard", 
    "edit": "https://zenodo.org/api/deposit/depositions/805617/actions/edit", 
    "files": "https://zenodo.org/api/deposit/depositions/805617/files", 
    "html": "https://zenodo.org/deposit/805617", 
    "latest_draft": "https://zenodo.org/api/deposit/depositions/805617", 
    "latest_draft_html": "https://zenodo.org/deposit/805617", 
    "publish": "https://zenodo.org/api/deposit/depositions/805617/actions/publish", 
    "self": "https://zenodo.org/api/deposit/depositions/805617"
  }, 
  "metadata": {
    "access_right": "open", 
    "communities": [
      {
        "identifier": "biosyslit"
      }
    ], 
    "creators": [
      {
        "name": "Alexandrov, I.D."
      }
    ], 
    "description": "uploaded by Plazi from Taxodros", 
    "journal_pages": "72-73", 
    "journal_title": "D. I. S.", 
    "journal_volume": "46", 
    "keywords": [
      "Biodiversity", 
      "Taxonomy", 
      "Animalia", 
      "Arthropoda", 
      "Insecta", 
      "Diptera", 
      "Drosophilidae", 
      "flies", 
      "fruit flies", 
      "terrestrial"
    ], 
    "license": "CC-BY-4.0", 
    "prereserve_doi": {
      "doi": "10.5281/zenodo.805617", 
      "recid": 805617
    }, 
    "publication_date": "1971-01-31", 
    "publication_type": "article", 
    "title": "The functional w+ isoalleles revealed by w mutations in D. melanogaster.", 
    "upload_type": "publication"
  }, 
  "modified": "2017-06-10T16:08:42.846472+00:00", 
  "owner": 1161, 
  "record_id": 805617, 
  "state": "unsubmitted", 
  "submitted": false, 
  "title": "The functional w+ isoalleles revealed by w mutations in D. melanogaster."
}HTTP/1.1 100 Continue

HTTP/1.1 201 CREATED
Server: nginx/1.10.2
Date: Sat, 10 Jun 2017 16:08:46 GMT
Content-Type: application/json
Content-Length: 364
X-RateLimit-Limit: 5000
X-RateLimit-Remaining: 4998
X-RateLimit-Reset: 1497114396
Retry-After: 3469
Access-Control-Allow-Origin: *
Access-Control-Expose-Headers: Content-Type, ETag, Link, X-RateLimit-Limit, X-RateLimit-Remaining, X-RateLimit-Reset
X-Sentry-ID: None
Strict-Transport-Security: max-age=31536000

{"checksum": "243e965ebc887ec7a35e00c7d30db4a0", "filename": "alexandrov_1971.pdf", "filesize": 42720, "id": "1cb67db4-2633-41cd-9eec-b320e3004bb6", "links": {"download": "https://zenodo.org/api/files/83ab1507-1714-4098-9b52-fb34d69a639c/alexandrov_1971.pdf", "self": "https://zenodo.org/api/deposit/depositions/805617/files/1cb67db4-2633-41cd-9eec-b320e3004bb6"}}HTTP/1.1 202 ACCEPTED
Server: nginx/1.10.2
Date: Sat, 10 Jun 2017 16:08:48 GMT
Content-Type: application/json
Content-Length: 2482
ETag: "2"
Last-Modified: Sat, 10 Jun 2017 16:08:48 GMT
Location: https://zenodo.org/api/deposit/depositions/805617
X-RateLimit-Limit: 5000
X-RateLimit-Remaining: 4998
X-RateLimit-Reset: 1497114417
Retry-After: 3488
Access-Control-Allow-Origin: *
Access-Control-Expose-Headers: Content-Type, ETag, Link, X-RateLimit-Limit, X-RateLimit-Remaining, X-RateLimit-Reset
X-Sentry-ID: None

{
  "conceptdoi": "10.5281/zenodo.805616", 
  "conceptrecid": "805616", 
  "created": "2017-06-10T16:08:42.846462+00:00", 
  "doi": "10.5281/zenodo.805617", 
  "doi_url": "https://doi.org/10.5281/zenodo.805617", 
  "files": [
    {
      "checksum": "243e965ebc887ec7a35e00c7d30db4a0", 
      "filename": "alexandrov_1971.pdf", 
      "filesize": 42720, 
      "id": "1cb67db4-2633-41cd-9eec-b320e3004bb6", 
      "links": {
        "download": "https://zenodo.org/api/files/83ab1507-1714-4098-9b52-fb34d69a639c/alexandrov_1971.pdf", 
        "self": "https://zenodo.org/api/deposit/depositions/804529/files/1cb67db4-2633-41cd-9eec-b320e3004bb6"
      }
    }
  ], 
  "id": 805617, 
  "links": {
    "badge": "https://zenodo.org/badge/doi/10.5281/zenodo.805617.svg", 
    "bucket": "https://zenodo.org/api/files/83ab1507-1714-4098-9b52-fb34d69a639c", 
    "conceptbadge": "https://zenodo.org/badge/doi/10.5281/zenodo.805616.svg", 
    "conceptdoi": "https://doi.org/10.5281/zenodo.805616", 
    "doi": "https://doi.org/10.5281/zenodo.805617", 
    "latest": "https://zenodo.org/api/records/805617", 
    "latest_html": "https://zenodo.org/record/805617", 
    "record": "https://zenodo.org/api/records/805617", 
    "record_html": "https://zenodo.org/record/805617"
  }, 
  "metadata": {
    "access_right": "open", 
    "communities": [
      {
        "identifier": "biosyslit"
      }, 
      {
        "identifier": "zenodo"
      }
    ], 
    "creators": [
      {
        "name": "Alexandrov, I.D."
      }
    ], 
    "description": "uploaded by Plazi from Taxodros", 
    "doi": "10.5281/zenodo.805617", 
    "journal_pages": "72-73", 
    "journal_title": "D. I. S.", 
    "journal_volume": "46", 
    "keywords": [
      "Biodiversity", 
      "Taxonomy", 
      "Animalia", 
      "Arthropoda", 
      "Insecta", 
      "Diptera", 
      "Drosophilidae", 
      "flies", 
      "fruit flies", 
      "terrestrial"
    ], 
    "license": "CC-BY-4.0", 
    "prereserve_doi": {
      "doi": "10.5281/zenodo.805617", 
      "recid": 805617
    }, 
    "publication_date": "1971-01-31", 
    "publication_type": "article", 
    "title": "The functional w+ isoalleles revealed by w mutations in D. melanogaster.", 
    "upload_type": "publication"
  }, 
  "modified": "2017-06-10T16:08:48.419181+00:00", 
  "owner": 1161, 
  "record_id": 805617, 
  "state": "done", 
  "submitted": true, 
  "title": "The functional w+ isoalleles revealed by w mutations in D. melanogaster."
}