{
  "conceptrecid": "805638", 
  "created": "2017-06-10T16:09:55.718406+00:00", 
  "files": [], 
  "id": 805639, 
  "links": {
    "bucket": "https://zenodo.org/api/files/4ecbd2cc-6ecb-4bc3-b32a-e0221b78b01c", 
    "discard": "https://zenodo.org/api/deposit/depositions/805639/actions/discard", 
    "edit": "https://zenodo.org/api/deposit/depositions/805639/actions/edit", 
    "files": "https://zenodo.org/api/deposit/depositions/805639/files", 
    "html": "https://zenodo.org/deposit/805639", 
    "latest_draft": "https://zenodo.org/api/deposit/depositions/805639", 
    "latest_draft_html": "https://zenodo.org/deposit/805639", 
    "publish": "https://zenodo.org/api/deposit/depositions/805639/actions/publish", 
    "self": "https://zenodo.org/api/deposit/depositions/805639"
  }, 
  "metadata": {
    "access_right": "open", 
    "communities": [
      {
        "identifier": "biosyslit"
      }
    ], 
    "creators": [
      {
        "name": "Allemand, R."
      }, 
      {
        "name": "Cohet, Y."
      }, 
      {
        "name": "David, J."
      }
    ], 
    "description": "uploaded by Plazi from Taxodros", 
    "journal_pages": "279-283", 
    "journal_title": "Exp. Gerontol.", 
    "journal_volume": "8", 
    "keywords": [
      "Biodiversity", 
      "Taxonomy", 
      "Animalia", 
      "Arthropoda", 
      "Insecta", 
      "Diptera", 
      "Drosophilidae", 
      "flies", 
      "fruit flies", 
      "terrestrial"
    ], 
    "license": "CC-BY-4.0", 
    "prereserve_doi": {
      "doi": "10.5281/zenodo.805639", 
      "recid": 805639
    }, 
    "publication_date": "1973-12-31", 
    "publication_type": "article", 
    "title": "Increase in the longevity of adult Drosophila melanogaster kept in permanent darkness.", 
    "upload_type": "publication"
  }, 
  "modified": "2017-06-10T16:09:55.718413+00:00", 
  "owner": 1161, 
  "record_id": 805639, 
  "state": "unsubmitted", 
  "submitted": false, 
  "title": "Increase in the longevity of adult Drosophila melanogaster kept in permanent darkness."
}HTTP/1.1 100 Continue

HTTP/1.1 201 CREATED
Server: nginx/1.10.2
Date: Sat, 10 Jun 2017 16:09:58 GMT
Content-Type: application/json
Content-Length: 375
X-RateLimit-Limit: 5000
X-RateLimit-Remaining: 4998
X-RateLimit-Reset: 1497114516
Retry-After: 3517
Access-Control-Allow-Origin: *
Access-Control-Expose-Headers: Content-Type, ETag, Link, X-RateLimit-Limit, X-RateLimit-Remaining, X-RateLimit-Reset
X-Sentry-ID: None
Strict-Transport-Security: max-age=31536000

{"checksum": "eea6fa7fd3b37e02651128b38e1d1f4f", "filename": "allemand_et_al__1973.pdf", "filesize": 292184, "id": "82ece23f-f5f7-4bb3-8b63-a02beb377e05", "links": {"download": "https://zenodo.org/api/files/4ecbd2cc-6ecb-4bc3-b32a-e0221b78b01c/allemand_et_al__1973.pdf", "self": "https://zenodo.org/api/deposit/depositions/805639/files/82ece23f-f5f7-4bb3-8b63-a02beb377e05"}}HTTP/1.1 202 ACCEPTED
Server: nginx/1.10.2
Date: Sat, 10 Jun 2017 16:10:00 GMT
Content-Type: application/json
Content-Length: 2616
ETag: "2"
Last-Modified: Sat, 10 Jun 2017 16:10:00 GMT
Location: https://zenodo.org/api/deposit/depositions/805639
X-RateLimit-Limit: 5000
X-RateLimit-Remaining: 4998
X-RateLimit-Reset: 1497114564
Retry-After: 3563
Access-Control-Allow-Origin: *
Access-Control-Expose-Headers: Content-Type, ETag, Link, X-RateLimit-Limit, X-RateLimit-Remaining, X-RateLimit-Reset
X-Sentry-ID: None

{
  "conceptdoi": "10.5281/zenodo.805638", 
  "conceptrecid": "805638", 
  "created": "2017-06-10T16:09:55.718406+00:00", 
  "doi": "10.5281/zenodo.805639", 
  "doi_url": "https://doi.org/10.5281/zenodo.805639", 
  "files": [
    {
      "checksum": "eea6fa7fd3b37e02651128b38e1d1f4f", 
      "filename": "allemand_et_al__1973.pdf", 
      "filesize": 292184, 
      "id": "82ece23f-f5f7-4bb3-8b63-a02beb377e05", 
      "links": {
        "download": "https://zenodo.org/api/files/4ecbd2cc-6ecb-4bc3-b32a-e0221b78b01c/allemand_et_al__1973.pdf", 
        "self": "https://zenodo.org/api/deposit/depositions/804352/files/82ece23f-f5f7-4bb3-8b63-a02beb377e05"
      }
    }
  ], 
  "id": 805639, 
  "links": {
    "badge": "https://zenodo.org/badge/doi/10.5281/zenodo.805639.svg", 
    "bucket": "https://zenodo.org/api/files/4ecbd2cc-6ecb-4bc3-b32a-e0221b78b01c", 
    "conceptbadge": "https://zenodo.org/badge/doi/10.5281/zenodo.805638.svg", 
    "conceptdoi": "https://doi.org/10.5281/zenodo.805638", 
    "doi": "https://doi.org/10.5281/zenodo.805639", 
    "latest": "https://zenodo.org/api/records/805639", 
    "latest_html": "https://zenodo.org/record/805639", 
    "record": "https://zenodo.org/api/records/805639", 
    "record_html": "https://zenodo.org/record/805639"
  }, 
  "metadata": {
    "access_right": "open", 
    "communities": [
      {
        "identifier": "biosyslit"
      }, 
      {
        "identifier": "zenodo"
      }
    ], 
    "creators": [
      {
        "name": "Allemand, R."
      }, 
      {
        "name": "Cohet, Y."
      }, 
      {
        "name": "David, J."
      }
    ], 
    "description": "uploaded by Plazi from Taxodros", 
    "doi": "10.5281/zenodo.805639", 
    "journal_pages": "279-283", 
    "journal_title": "Exp. Gerontol.", 
    "journal_volume": "8", 
    "keywords": [
      "Biodiversity", 
      "Taxonomy", 
      "Animalia", 
      "Arthropoda", 
      "Insecta", 
      "Diptera", 
      "Drosophilidae", 
      "flies", 
      "fruit flies", 
      "terrestrial"
    ], 
    "license": "CC-BY-4.0", 
    "prereserve_doi": {
      "doi": "10.5281/zenodo.805639", 
      "recid": 805639
    }, 
    "publication_date": "1973-12-31", 
    "publication_type": "article", 
    "title": "Increase in the longevity of adult Drosophila melanogaster kept in permanent darkness.", 
    "upload_type": "publication"
  }, 
  "modified": "2017-06-10T16:10:00.190582+00:00", 
  "owner": 1161, 
  "record_id": 805639, 
  "state": "done", 
  "submitted": true, 
  "title": "Increase in the longevity of adult Drosophila melanogaster kept in permanent darkness."
}