{
  "conceptrecid": "805664", 
  "created": "2017-06-10T16:20:12.566090+00:00", 
  "files": [], 
  "id": 805665, 
  "links": {
    "bucket": "https://zenodo.org/api/files/693a9bd8-d70b-453c-836b-73f2b73d750d", 
    "discard": "https://zenodo.org/api/deposit/depositions/805665/actions/discard", 
    "edit": "https://zenodo.org/api/deposit/depositions/805665/actions/edit", 
    "files": "https://zenodo.org/api/deposit/depositions/805665/files", 
    "html": "https://zenodo.org/deposit/805665", 
    "latest_draft": "https://zenodo.org/api/deposit/depositions/805665", 
    "latest_draft_html": "https://zenodo.org/deposit/805665", 
    "publish": "https://zenodo.org/api/deposit/depositions/805665/actions/publish", 
    "self": "https://zenodo.org/api/deposit/depositions/805665"
  }, 
  "metadata": {
    "access_right": "open", 
    "communities": [
      {
        "identifier": "biosyslit"
      }
    ], 
    "creators": [
      {
        "name": "Allen, W.R."
      }, 
      {
        "name": "Askew, W.L."
      }, 
      {
        "name": "Schreiber, K."
      }
    ], 
    "description": "uploaded by Plazi from Taxodros", 
    "journal_pages": "178-181", 
    "journal_title": "J. econ. Ent.", 
    "journal_volume": "54", 
    "keywords": [
      "Biodiversity", 
      "Taxonomy", 
      "Animalia", 
      "Arthropoda", 
      "Insecta", 
      "Diptera", 
      "Drosophilidae", 
      "flies", 
      "fruit flies", 
      "terrestrial"
    ], 
    "license": "CC-BY-4.0", 
    "prereserve_doi": {
      "doi": "10.5281/zenodo.805665", 
      "recid": 805665
    }, 
    "publication_date": "1961-12-31", 
    "publication_type": "article", 
    "title": "Insecticidal Control of the Sugar-Beet Root Maggot and Yield of Sugar Beets.", 
    "upload_type": "publication"
  }, 
  "modified": "2017-06-10T16:20:12.566129+00:00", 
  "owner": 1161, 
  "record_id": 805665, 
  "state": "unsubmitted", 
  "submitted": false, 
  "title": "Insecticidal Control of the Sugar-Beet Root Maggot and Yield of Sugar Beets."
}HTTP/1.1 100 Continue

HTTP/1.1 201 CREATED
Server: nginx/1.10.2
Date: Sat, 10 Jun 2017 16:20:15 GMT
Content-Type: application/json
Content-Length: 369
X-RateLimit-Limit: 5000
X-RateLimit-Remaining: 4997
X-RateLimit-Reset: 1497114543
Retry-After: 2927
Access-Control-Allow-Origin: *
Access-Control-Expose-Headers: Content-Type, ETag, Link, X-RateLimit-Limit, X-RateLimit-Remaining, X-RateLimit-Reset
X-Sentry-ID: None
Strict-Transport-Security: max-age=31536000

{"checksum": "a9c1b53f12738e2c8c184661d93f59d3", "filename": "allen_et_al__1961.pdf", "filesize": 220059, "id": "f25ea200-f02e-4d48-a1d7-a6a898ffefc2", "links": {"download": "https://zenodo.org/api/files/693a9bd8-d70b-453c-836b-73f2b73d750d/allen_et_al__1961.pdf", "self": "https://zenodo.org/api/deposit/depositions/805665/files/f25ea200-f02e-4d48-a1d7-a6a898ffefc2"}}HTTP/1.1 202 ACCEPTED
Server: nginx/1.10.2
Date: Sat, 10 Jun 2017 16:20:17 GMT
Content-Type: application/json
Content-Length: 2595
ETag: "2"
Last-Modified: Sat, 10 Jun 2017 16:20:17 GMT
Location: https://zenodo.org/api/deposit/depositions/805665
X-RateLimit-Limit: 5000
X-RateLimit-Remaining: 4999
X-RateLimit-Reset: 1497115216
Retry-After: 3598
Access-Control-Allow-Origin: *
Access-Control-Expose-Headers: Content-Type, ETag, Link, X-RateLimit-Limit, X-RateLimit-Remaining, X-RateLimit-Reset
X-Sentry-ID: None

{
  "conceptdoi": "10.5281/zenodo.805664", 
  "conceptrecid": "805664", 
  "created": "2017-06-10T16:20:12.566090+00:00", 
  "doi": "10.5281/zenodo.805665", 
  "doi_url": "https://doi.org/10.5281/zenodo.805665", 
  "files": [
    {
      "checksum": "a9c1b53f12738e2c8c184661d93f59d3", 
      "filename": "allen_et_al__1961.pdf", 
      "filesize": 220059, 
      "id": "f25ea200-f02e-4d48-a1d7-a6a898ffefc2", 
      "links": {
        "download": "https://zenodo.org/api/files/693a9bd8-d70b-453c-836b-73f2b73d750d/allen_et_al__1961.pdf", 
        "self": "https://zenodo.org/api/deposit/depositions/804769/files/f25ea200-f02e-4d48-a1d7-a6a898ffefc2"
      }
    }
  ], 
  "id": 805665, 
  "links": {
    "badge": "https://zenodo.org/badge/doi/10.5281/zenodo.805665.svg", 
    "bucket": "https://zenodo.org/api/files/693a9bd8-d70b-453c-836b-73f2b73d750d", 
    "conceptbadge": "https://zenodo.org/badge/doi/10.5281/zenodo.805664.svg", 
    "conceptdoi": "https://doi.org/10.5281/zenodo.805664", 
    "doi": "https://doi.org/10.5281/zenodo.805665", 
    "latest": "https://zenodo.org/api/records/805665", 
    "latest_html": "https://zenodo.org/record/805665", 
    "record": "https://zenodo.org/api/records/805665", 
    "record_html": "https://zenodo.org/record/805665"
  }, 
  "metadata": {
    "access_right": "open", 
    "communities": [
      {
        "identifier": "biosyslit"
      }, 
      {
        "identifier": "zenodo"
      }
    ], 
    "creators": [
      {
        "name": "Allen, W.R."
      }, 
      {
        "name": "Askew, W.L."
      }, 
      {
        "name": "Schreiber, K."
      }
    ], 
    "description": "uploaded by Plazi from Taxodros", 
    "doi": "10.5281/zenodo.805665", 
    "journal_pages": "178-181", 
    "journal_title": "J. econ. Ent.", 
    "journal_volume": "54", 
    "keywords": [
      "Biodiversity", 
      "Taxonomy", 
      "Animalia", 
      "Arthropoda", 
      "Insecta", 
      "Diptera", 
      "Drosophilidae", 
      "flies", 
      "fruit flies", 
      "terrestrial"
    ], 
    "license": "CC-BY-4.0", 
    "prereserve_doi": {
      "doi": "10.5281/zenodo.805665", 
      "recid": 805665
    }, 
    "publication_date": "1961-12-31", 
    "publication_type": "article", 
    "title": "Insecticidal Control of the Sugar-Beet Root Maggot and Yield of Sugar Beets.", 
    "upload_type": "publication"
  }, 
  "modified": "2017-06-10T16:20:17.047883+00:00", 
  "owner": 1161, 
  "record_id": 805665, 
  "state": "done", 
  "submitted": true, 
  "title": "Insecticidal Control of the Sugar-Beet Root Maggot and Yield of Sugar Beets."
}