{
  "conceptrecid": "805650", 
  "created": "2017-06-10T16:19:30.744915+00:00", 
  "files": [], 
  "id": 805651, 
  "links": {
    "bucket": "https://zenodo.org/api/files/f4907108-f0d1-4f3d-b8d1-fb5a710c1883", 
    "discard": "https://zenodo.org/api/deposit/depositions/805651/actions/discard", 
    "edit": "https://zenodo.org/api/deposit/depositions/805651/actions/edit", 
    "files": "https://zenodo.org/api/deposit/depositions/805651/files", 
    "html": "https://zenodo.org/deposit/805651", 
    "latest_draft": "https://zenodo.org/api/deposit/depositions/805651", 
    "latest_draft_html": "https://zenodo.org/deposit/805651", 
    "publish": "https://zenodo.org/api/deposit/depositions/805651/actions/publish", 
    "self": "https://zenodo.org/api/deposit/depositions/805651"
  }, 
  "metadata": {
    "access_right": "open", 
    "communities": [
      {
        "identifier": "biosyslit"
      }
    ], 
    "creators": [
      {
        "name": "Allemand, R."
      }
    ], 
    "description": "uploaded by Plazi from Taxodros", 
    "journal_pages": "161-164", 
    "journal_title": "C. r. Seanc. Acad. Sci., Paris", 
    "journal_volume": "293", 
    "keywords": [
      "Biodiversity", 
      "Taxonomy", 
      "Animalia", 
      "Arthropoda", 
      "Insecta", 
      "Diptera", 
      "Drosophilidae", 
      "flies", 
      "fruit flies", 
      "terrestrial"
    ], 
    "license": "CC-BY-4.0", 
    "prereserve_doi": {
      "doi": "10.5281/zenodo.805651", 
      "recid": 805651
    }, 
    "publication_date": "1981-09-21", 
    "publication_type": "article", 
    "title": "Determinisme exogene du rythme de ponte chez Drosophila melanogaster: Role du passage photophase-scotophase.", 
    "upload_type": "publication"
  }, 
  "modified": "2017-06-10T16:19:30.744924+00:00", 
  "owner": 1161, 
  "record_id": 805651, 
  "state": "unsubmitted", 
  "submitted": false, 
  "title": "Determinisme exogene du rythme de ponte chez Drosophila melanogaster: Role du passage photophase-scotophase."
}HTTP/1.1 100 Continue

HTTP/1.1 201 CREATED
Server: nginx/1.10.2
Date: Sat, 10 Jun 2017 16:19:33 GMT
Content-Type: application/json
Content-Length: 360
X-RateLimit-Limit: 5000
X-RateLimit-Remaining: 4998
X-RateLimit-Reset: 1497114543
Retry-After: 2969
Access-Control-Allow-Origin: *
Access-Control-Expose-Headers: Content-Type, ETag, Link, X-RateLimit-Limit, X-RateLimit-Remaining, X-RateLimit-Reset
X-Sentry-ID: None
Strict-Transport-Security: max-age=31536000

{"checksum": "7b89bb55019f951835779d5b9dbb5b51", "filename": "allemand_1981.pdf", "filesize": 95964, "id": "b1c419a1-9090-4535-9917-60ab7f2b4dcd", "links": {"download": "https://zenodo.org/api/files/f4907108-f0d1-4f3d-b8d1-fb5a710c1883/allemand_1981.pdf", "self": "https://zenodo.org/api/deposit/depositions/805651/files/b1c419a1-9090-4535-9917-60ab7f2b4dcd"}}HTTP/1.1 202 ACCEPTED
Server: nginx/1.10.2
Date: Sat, 10 Jun 2017 16:19:35 GMT
Content-Type: application/json
Content-Length: 2571
ETag: "2"
Last-Modified: Sat, 10 Jun 2017 16:19:34 GMT
Location: https://zenodo.org/api/deposit/depositions/805651
X-RateLimit-Limit: 5000
X-RateLimit-Remaining: 4997
X-RateLimit-Reset: 1497114540
Retry-After: 2964
Access-Control-Allow-Origin: *
Access-Control-Expose-Headers: Content-Type, ETag, Link, X-RateLimit-Limit, X-RateLimit-Remaining, X-RateLimit-Reset
X-Sentry-ID: None

{
  "conceptdoi": "10.5281/zenodo.805650", 
  "conceptrecid": "805650", 
  "created": "2017-06-10T16:19:30.744915+00:00", 
  "doi": "10.5281/zenodo.805651", 
  "doi_url": "https://doi.org/10.5281/zenodo.805651", 
  "files": [
    {
      "checksum": "7b89bb55019f951835779d5b9dbb5b51", 
      "filename": "allemand_1981.pdf", 
      "filesize": 95964, 
      "id": "b1c419a1-9090-4535-9917-60ab7f2b4dcd", 
      "links": {
        "download": "https://zenodo.org/api/files/f4907108-f0d1-4f3d-b8d1-fb5a710c1883/allemand_1981.pdf", 
        "self": "https://zenodo.org/api/deposit/depositions/804707/files/b1c419a1-9090-4535-9917-60ab7f2b4dcd"
      }
    }
  ], 
  "id": 805651, 
  "links": {
    "badge": "https://zenodo.org/badge/doi/10.5281/zenodo.805651.svg", 
    "bucket": "https://zenodo.org/api/files/f4907108-f0d1-4f3d-b8d1-fb5a710c1883", 
    "conceptbadge": "https://zenodo.org/badge/doi/10.5281/zenodo.805650.svg", 
    "conceptdoi": "https://doi.org/10.5281/zenodo.805650", 
    "doi": "https://doi.org/10.5281/zenodo.805651", 
    "latest": "https://zenodo.org/api/records/805651", 
    "latest_html": "https://zenodo.org/record/805651", 
    "record": "https://zenodo.org/api/records/805651", 
    "record_html": "https://zenodo.org/record/805651"
  }, 
  "metadata": {
    "access_right": "open", 
    "communities": [
      {
        "identifier": "biosyslit"
      }, 
      {
        "identifier": "zenodo"
      }
    ], 
    "creators": [
      {
        "name": "Allemand, R."
      }
    ], 
    "description": "uploaded by Plazi from Taxodros", 
    "doi": "10.5281/zenodo.805651", 
    "journal_pages": "161-164", 
    "journal_title": "C. r. Seanc. Acad. Sci., Paris", 
    "journal_volume": "293", 
    "keywords": [
      "Biodiversity", 
      "Taxonomy", 
      "Animalia", 
      "Arthropoda", 
      "Insecta", 
      "Diptera", 
      "Drosophilidae", 
      "flies", 
      "fruit flies", 
      "terrestrial"
    ], 
    "license": "CC-BY-4.0", 
    "prereserve_doi": {
      "doi": "10.5281/zenodo.805651", 
      "recid": 805651
    }, 
    "publication_date": "1981-09-21", 
    "publication_type": "article", 
    "title": "Determinisme exogene du rythme de ponte chez Drosophila melanogaster: Role du passage photophase-scotophase.", 
    "upload_type": "publication"
  }, 
  "modified": "2017-06-10T16:19:34.950714+00:00", 
  "owner": 1161, 
  "record_id": 805651, 
  "state": "done", 
  "submitted": true, 
  "title": "Determinisme exogene du rythme de ponte chez Drosophila melanogaster: Role du passage photophase-scotophase."
}