{
  "conceptrecid": "805652", 
  "created": "2017-06-10T16:19:36.294707+00:00", 
  "files": [], 
  "id": 805653, 
  "links": {
    "bucket": "https://zenodo.org/api/files/78d0134c-a37b-4d0e-b172-d70221f9a883", 
    "discard": "https://zenodo.org/api/deposit/depositions/805653/actions/discard", 
    "edit": "https://zenodo.org/api/deposit/depositions/805653/actions/edit", 
    "files": "https://zenodo.org/api/deposit/depositions/805653/files", 
    "html": "https://zenodo.org/deposit/805653", 
    "latest_draft": "https://zenodo.org/api/deposit/depositions/805653", 
    "latest_draft_html": "https://zenodo.org/deposit/805653", 
    "publish": "https://zenodo.org/api/deposit/depositions/805653/actions/publish", 
    "self": "https://zenodo.org/api/deposit/depositions/805653"
  }, 
  "metadata": {
    "access_right": "open", 
    "communities": [
      {
        "identifier": "biosyslit"
      }
    ], 
    "creators": [
      {
        "name": "Allemand, R."
      }
    ], 
    "description": "uploaded by Plazi from Taxodros", 
    "journal_pages": "273-288", 
    "journal_title": "Biol. Comport.", 
    "journal_volume": "8", 
    "keywords": [
      "Biodiversity", 
      "Taxonomy", 
      "Animalia", 
      "Arthropoda", 
      "Insecta", 
      "Diptera", 
      "Drosophilidae", 
      "flies", 
      "fruit flies", 
      "terrestrial"
    ], 
    "license": "CC-BY-4.0", 
    "prereserve_doi": {
      "doi": "10.5281/zenodo.805653", 
      "recid": 805653
    }, 
    "publication_date": "1983-12-31", 
    "publication_type": "article", 
    "title": "The circadian oviposition rhythm of Drosophila melanogaster. II: Influence of biotic factors.", 
    "upload_type": "publication"
  }, 
  "modified": "2017-06-10T16:19:36.294716+00:00", 
  "owner": 1161, 
  "record_id": 805653, 
  "state": "unsubmitted", 
  "submitted": false, 
  "title": "The circadian oviposition rhythm of Drosophila melanogaster. II: Influence of biotic factors."
}HTTP/1.1 100 Continue

HTTP/1.1 201 CREATED
Server: nginx/1.10.2
Date: Sat, 10 Jun 2017 16:19:40 GMT
Content-Type: application/json
Content-Length: 363
X-RateLimit-Limit: 5000
X-RateLimit-Remaining: 4999
X-RateLimit-Reset: 1497115177
Retry-After: 3596
Access-Control-Allow-Origin: *
Access-Control-Expose-Headers: Content-Type, ETag, Link, X-RateLimit-Limit, X-RateLimit-Remaining, X-RateLimit-Reset
X-Sentry-ID: None
Strict-Transport-Security: max-age=31536000

{"checksum": "a7b1a089ad3879c7487516944e9118ea", "filename": "allemand_1983b.pdf", "filesize": 450282, "id": "ef7548ee-21d3-4c96-99d8-e4fbfcccb1d0", "links": {"download": "https://zenodo.org/api/files/78d0134c-a37b-4d0e-b172-d70221f9a883/allemand_1983b.pdf", "self": "https://zenodo.org/api/deposit/depositions/805653/files/ef7548ee-21d3-4c96-99d8-e4fbfcccb1d0"}}HTTP/1.1 202 ACCEPTED
Server: nginx/1.10.2
Date: Sat, 10 Jun 2017 16:19:41 GMT
Content-Type: application/json
Content-Length: 2526
ETag: "2"
Last-Modified: Sat, 10 Jun 2017 16:19:41 GMT
Location: https://zenodo.org/api/deposit/depositions/805653
X-RateLimit-Limit: 5000
X-RateLimit-Remaining: 4996
X-RateLimit-Reset: 1497114540
Retry-After: 2958
Access-Control-Allow-Origin: *
Access-Control-Expose-Headers: Content-Type, ETag, Link, X-RateLimit-Limit, X-RateLimit-Remaining, X-RateLimit-Reset
X-Sentry-ID: None

{
  "conceptdoi": "10.5281/zenodo.805652", 
  "conceptrecid": "805652", 
  "created": "2017-06-10T16:19:36.294707+00:00", 
  "doi": "10.5281/zenodo.805653", 
  "doi_url": "https://doi.org/10.5281/zenodo.805653", 
  "files": [
    {
      "checksum": "a7b1a089ad3879c7487516944e9118ea", 
      "filename": "allemand_1983b.pdf", 
      "filesize": 450282, 
      "id": "ef7548ee-21d3-4c96-99d8-e4fbfcccb1d0", 
      "links": {
        "download": "https://zenodo.org/api/files/78d0134c-a37b-4d0e-b172-d70221f9a883/allemand_1983b.pdf", 
        "self": "https://zenodo.org/api/deposit/depositions/804707/files/ef7548ee-21d3-4c96-99d8-e4fbfcccb1d0"
      }
    }
  ], 
  "id": 805653, 
  "links": {
    "badge": "https://zenodo.org/badge/doi/10.5281/zenodo.805653.svg", 
    "bucket": "https://zenodo.org/api/files/78d0134c-a37b-4d0e-b172-d70221f9a883", 
    "conceptbadge": "https://zenodo.org/badge/doi/10.5281/zenodo.805652.svg", 
    "conceptdoi": "https://doi.org/10.5281/zenodo.805652", 
    "doi": "https://doi.org/10.5281/zenodo.805653", 
    "latest": "https://zenodo.org/api/records/805653", 
    "latest_html": "https://zenodo.org/record/805653", 
    "record": "https://zenodo.org/api/records/805653", 
    "record_html": "https://zenodo.org/record/805653"
  }, 
  "metadata": {
    "access_right": "open", 
    "communities": [
      {
        "identifier": "biosyslit"
      }, 
      {
        "identifier": "zenodo"
      }
    ], 
    "creators": [
      {
        "name": "Allemand, R."
      }
    ], 
    "description": "uploaded by Plazi from Taxodros", 
    "doi": "10.5281/zenodo.805653", 
    "journal_pages": "273-288", 
    "journal_title": "Biol. Comport.", 
    "journal_volume": "8", 
    "keywords": [
      "Biodiversity", 
      "Taxonomy", 
      "Animalia", 
      "Arthropoda", 
      "Insecta", 
      "Diptera", 
      "Drosophilidae", 
      "flies", 
      "fruit flies", 
      "terrestrial"
    ], 
    "license": "CC-BY-4.0", 
    "prereserve_doi": {
      "doi": "10.5281/zenodo.805653", 
      "recid": 805653
    }, 
    "publication_date": "1983-12-31", 
    "publication_type": "article", 
    "title": "The circadian oviposition rhythm of Drosophila melanogaster. II: Influence of biotic factors.", 
    "upload_type": "publication"
  }, 
  "modified": "2017-06-10T16:19:41.274549+00:00", 
  "owner": 1161, 
  "record_id": 805653, 
  "state": "done", 
  "submitted": true, 
  "title": "The circadian oviposition rhythm of Drosophila melanogaster. II: Influence of biotic factors."
}