{
  "conceptrecid": "805642", 
  "created": "2017-06-10T16:10:07.745452+00:00", 
  "files": [], 
  "id": 805643, 
  "links": {
    "bucket": "https://zenodo.org/api/files/6ad11c6e-391b-4027-8f52-11bc6139ce5f", 
    "discard": "https://zenodo.org/api/deposit/depositions/805643/actions/discard", 
    "edit": "https://zenodo.org/api/deposit/depositions/805643/actions/edit", 
    "files": "https://zenodo.org/api/deposit/depositions/805643/files", 
    "html": "https://zenodo.org/deposit/805643", 
    "latest_draft": "https://zenodo.org/api/deposit/depositions/805643", 
    "latest_draft_html": "https://zenodo.org/deposit/805643", 
    "publish": "https://zenodo.org/api/deposit/depositions/805643/actions/publish", 
    "self": "https://zenodo.org/api/deposit/depositions/805643"
  }, 
  "metadata": {
    "access_right": "open", 
    "communities": [
      {
        "identifier": "biosyslit"
      }
    ], 
    "creators": [
      {
        "name": "Allemand, R."
      }, 
      {
        "name": "Fouillet, P."
      }, 
      {
        "name": "David, J.R."
      }
    ], 
    "description": "uploaded by Plazi from Taxodros", 
    "journal_pages": "27-44", 
    "journal_title": "Genet. Sel. Evol.", 
    "journal_volume": "16", 
    "keywords": [
      "Biodiversity", 
      "Taxonomy", 
      "Animalia", 
      "Arthropoda", 
      "Insecta", 
      "Diptera", 
      "Drosophilidae", 
      "flies", 
      "fruit flies", 
      "terrestrial"
    ], 
    "license": "CC-BY-4.0", 
    "prereserve_doi": {
      "doi": "10.5281/zenodo.805643", 
      "recid": 805643
    }, 
    "publication_date": "1984-12-31", 
    "publication_type": "article", 
    "title": "Variabilite genetique du rythme circadien de ponte dans les populations naturelles de Drosophila melanogaster.", 
    "upload_type": "publication"
  }, 
  "modified": "2017-06-10T16:10:07.745461+00:00", 
  "owner": 1161, 
  "record_id": 805643, 
  "state": "unsubmitted", 
  "submitted": false, 
  "title": "Variabilite genetique du rythme circadien de ponte dans les populations naturelles de Drosophila melanogaster."
}HTTP/1.1 100 Continue

HTTP/1.1 201 CREATED
Server: nginx/1.10.2
Date: Sat, 10 Jun 2017 16:10:12 GMT
Content-Type: application/json
Content-Length: 375
X-RateLimit-Limit: 5000
X-RateLimit-Remaining: 4999
X-RateLimit-Reset: 1497114609
Retry-After: 3596
Access-Control-Allow-Origin: *
Access-Control-Expose-Headers: Content-Type, ETag, Link, X-RateLimit-Limit, X-RateLimit-Remaining, X-RateLimit-Reset
X-Sentry-ID: None
Strict-Transport-Security: max-age=31536000

{"checksum": "354ad080d273931b5b2f2be99fa0d75e", "filename": "allemand_et_al__1984.pdf", "filesize": 933456, "id": "8a011909-de1a-4f67-b7e0-ed7b8ef07412", "links": {"download": "https://zenodo.org/api/files/6ad11c6e-391b-4027-8f52-11bc6139ce5f/allemand_et_al__1984.pdf", "self": "https://zenodo.org/api/deposit/depositions/805643/files/8a011909-de1a-4f67-b7e0-ed7b8ef07412"}}HTTP/1.1 202 ACCEPTED
Server: nginx/1.10.2
Date: Sat, 10 Jun 2017 16:10:13 GMT
Content-Type: application/json
Content-Length: 2671
ETag: "2"
Last-Modified: Sat, 10 Jun 2017 16:10:13 GMT
Location: https://zenodo.org/api/deposit/depositions/805643
X-RateLimit-Limit: 5000
X-RateLimit-Remaining: 4997
X-RateLimit-Reset: 1497114374
Retry-After: 3360
Access-Control-Allow-Origin: *
Access-Control-Expose-Headers: Content-Type, ETag, Link, X-RateLimit-Limit, X-RateLimit-Remaining, X-RateLimit-Reset
X-Sentry-ID: None

{
  "conceptdoi": "10.5281/zenodo.805642", 
  "conceptrecid": "805642", 
  "created": "2017-06-10T16:10:07.745452+00:00", 
  "doi": "10.5281/zenodo.805643", 
  "doi_url": "https://doi.org/10.5281/zenodo.805643", 
  "files": [
    {
      "checksum": "354ad080d273931b5b2f2be99fa0d75e", 
      "filename": "allemand_et_al__1984.pdf", 
      "filesize": 933456, 
      "id": "8a011909-de1a-4f67-b7e0-ed7b8ef07412", 
      "links": {
        "download": "https://zenodo.org/api/files/6ad11c6e-391b-4027-8f52-11bc6139ce5f/allemand_et_al__1984.pdf", 
        "self": "https://zenodo.org/api/deposit/depositions/804703/files/8a011909-de1a-4f67-b7e0-ed7b8ef07412"
      }
    }
  ], 
  "id": 805643, 
  "links": {
    "badge": "https://zenodo.org/badge/doi/10.5281/zenodo.805643.svg", 
    "bucket": "https://zenodo.org/api/files/6ad11c6e-391b-4027-8f52-11bc6139ce5f", 
    "conceptbadge": "https://zenodo.org/badge/doi/10.5281/zenodo.805642.svg", 
    "conceptdoi": "https://doi.org/10.5281/zenodo.805642", 
    "doi": "https://doi.org/10.5281/zenodo.805643", 
    "latest": "https://zenodo.org/api/records/805643", 
    "latest_html": "https://zenodo.org/record/805643", 
    "record": "https://zenodo.org/api/records/805643", 
    "record_html": "https://zenodo.org/record/805643"
  }, 
  "metadata": {
    "access_right": "open", 
    "communities": [
      {
        "identifier": "biosyslit"
      }, 
      {
        "identifier": "zenodo"
      }
    ], 
    "creators": [
      {
        "name": "Allemand, R."
      }, 
      {
        "name": "Fouillet, P."
      }, 
      {
        "name": "David, J.R."
      }
    ], 
    "description": "uploaded by Plazi from Taxodros", 
    "doi": "10.5281/zenodo.805643", 
    "journal_pages": "27-44", 
    "journal_title": "Genet. Sel. Evol.", 
    "journal_volume": "16", 
    "keywords": [
      "Biodiversity", 
      "Taxonomy", 
      "Animalia", 
      "Arthropoda", 
      "Insecta", 
      "Diptera", 
      "Drosophilidae", 
      "flies", 
      "fruit flies", 
      "terrestrial"
    ], 
    "license": "CC-BY-4.0", 
    "prereserve_doi": {
      "doi": "10.5281/zenodo.805643", 
      "recid": 805643
    }, 
    "publication_date": "1984-12-31", 
    "publication_type": "article", 
    "title": "Variabilite genetique du rythme circadien de ponte dans les populations naturelles de Drosophila melanogaster.", 
    "upload_type": "publication"
  }, 
  "modified": "2017-06-10T16:10:13.415780+00:00", 
  "owner": 1161, 
  "record_id": 805643, 
  "state": "done", 
  "submitted": true, 
  "title": "Variabilite genetique du rythme circadien de ponte dans les populations naturelles de Drosophila melanogaster."
}