{
  "conceptrecid": "805656", 
  "created": "2017-06-10T16:19:49.282386+00:00", 
  "files": [], 
  "id": 805657, 
  "links": {
    "bucket": "https://zenodo.org/api/files/abdb98b2-e47b-48d4-b4ca-fb3ac4ec5e1d", 
    "discard": "https://zenodo.org/api/deposit/depositions/805657/actions/discard", 
    "edit": "https://zenodo.org/api/deposit/depositions/805657/actions/edit", 
    "files": "https://zenodo.org/api/deposit/depositions/805657/files", 
    "html": "https://zenodo.org/deposit/805657", 
    "latest_draft": "https://zenodo.org/api/deposit/depositions/805657", 
    "latest_draft_html": "https://zenodo.org/deposit/805657", 
    "publish": "https://zenodo.org/api/deposit/depositions/805657/actions/publish", 
    "self": "https://zenodo.org/api/deposit/depositions/805657"
  }, 
  "metadata": {
    "access_right": "closed", 
    "communities": [
      {
        "identifier": "biosyslit"
      }
    ], 
    "creators": [
      {
        "name": "Allen, E.C."
      }, 
      {
        "name": "Noor, M.A.F."
      }
    ], 
    "description": "uploaded by Plazi from Taxodros", 
    "journal_pages": "10-14", 
    "journal_title": "D. I. S.", 
    "journal_volume": "90", 
    "keywords": [
      "Biodiversity", 
      "Taxonomy", 
      "Animalia", 
      "Arthropoda", 
      "Insecta", 
      "Diptera", 
      "Drosophilidae", 
      "flies", 
      "fruit flies", 
      "terrestrial"
    ], 
    "prereserve_doi": {
      "doi": "10.5281/zenodo.805657", 
      "recid": 805657
    }, 
    "publication_date": "2007-12-31", 
    "publication_type": "article", 
    "title": "Relative mating success of hybrid and pure species males to highly discriminating D. pseudoobscura females.", 
    "upload_type": "publication"
  }, 
  "modified": "2017-06-10T16:19:49.282398+00:00", 
  "owner": 1161, 
  "record_id": 805657, 
  "state": "unsubmitted", 
  "submitted": false, 
  "title": "Relative mating success of hybrid and pure species males to highly discriminating D. pseudoobscura females."
}HTTP/1.1 100 Continue

HTTP/1.1 201 CREATED
Server: nginx/1.10.2
Date: Sat, 10 Jun 2017 16:19:52 GMT
Content-Type: application/json
Content-Length: 367
X-RateLimit-Limit: 5000
X-RateLimit-Remaining: 4995
X-RateLimit-Reset: 1497114530
Retry-After: 2937
Access-Control-Allow-Origin: *
Access-Control-Expose-Headers: Content-Type, ETag, Link, X-RateLimit-Limit, X-RateLimit-Remaining, X-RateLimit-Reset
X-Sentry-ID: None
Strict-Transport-Security: max-age=31536000

{"checksum": "d33956712aba6507ef5f23c39b74b466", "filename": "allen__noor_2007.pdf", "filesize": 109739, "id": "bf2a2481-3969-4458-8312-b8129fd8276b", "links": {"download": "https://zenodo.org/api/files/abdb98b2-e47b-48d4-b4ca-fb3ac4ec5e1d/allen__noor_2007.pdf", "self": "https://zenodo.org/api/deposit/depositions/805657/files/bf2a2481-3969-4458-8312-b8129fd8276b"}}HTTP/1.1 202 ACCEPTED
Server: nginx/1.10.2
Date: Sat, 10 Jun 2017 16:19:53 GMT
Content-Type: application/json
Content-Length: 2572
ETag: "2"
Last-Modified: Sat, 10 Jun 2017 16:19:53 GMT
Location: https://zenodo.org/api/deposit/depositions/805657
X-RateLimit-Limit: 5000
X-RateLimit-Remaining: 4998
X-RateLimit-Reset: 1497114424
Retry-After: 2830
Access-Control-Allow-Origin: *
Access-Control-Expose-Headers: Content-Type, ETag, Link, X-RateLimit-Limit, X-RateLimit-Remaining, X-RateLimit-Reset
X-Sentry-ID: None

{
  "conceptdoi": "10.5281/zenodo.805656", 
  "conceptrecid": "805656", 
  "created": "2017-06-10T16:19:49.282386+00:00", 
  "doi": "10.5281/zenodo.805657", 
  "doi_url": "https://doi.org/10.5281/zenodo.805657", 
  "files": [
    {
      "checksum": "d33956712aba6507ef5f23c39b74b466", 
      "filename": "allen__noor_2007.pdf", 
      "filesize": 109739, 
      "id": "bf2a2481-3969-4458-8312-b8129fd8276b", 
      "links": {
        "download": "https://zenodo.org/api/files/abdb98b2-e47b-48d4-b4ca-fb3ac4ec5e1d/allen__noor_2007.pdf", 
        "self": "https://zenodo.org/api/deposit/depositions/804612/files/bf2a2481-3969-4458-8312-b8129fd8276b"
      }
    }
  ], 
  "id": 805657, 
  "links": {
    "badge": "https://zenodo.org/badge/doi/10.5281/zenodo.805657.svg", 
    "bucket": "https://zenodo.org/api/files/abdb98b2-e47b-48d4-b4ca-fb3ac4ec5e1d", 
    "conceptbadge": "https://zenodo.org/badge/doi/10.5281/zenodo.805656.svg", 
    "conceptdoi": "https://doi.org/10.5281/zenodo.805656", 
    "doi": "https://doi.org/10.5281/zenodo.805657", 
    "latest": "https://zenodo.org/api/records/805657", 
    "latest_html": "https://zenodo.org/record/805657", 
    "record": "https://zenodo.org/api/records/805657", 
    "record_html": "https://zenodo.org/record/805657"
  }, 
  "metadata": {
    "access_right": "closed", 
    "communities": [
      {
        "identifier": "biosyslit"
      }, 
      {
        "identifier": "zenodo"
      }
    ], 
    "creators": [
      {
        "name": "Allen, E.C."
      }, 
      {
        "name": "Noor, M.A.F."
      }
    ], 
    "description": "uploaded by Plazi from Taxodros", 
    "doi": "10.5281/zenodo.805657", 
    "journal_pages": "10-14", 
    "journal_title": "D. I. S.", 
    "journal_volume": "90", 
    "keywords": [
      "Biodiversity", 
      "Taxonomy", 
      "Animalia", 
      "Arthropoda", 
      "Insecta", 
      "Diptera", 
      "Drosophilidae", 
      "flies", 
      "fruit flies", 
      "terrestrial"
    ], 
    "prereserve_doi": {
      "doi": "10.5281/zenodo.805657", 
      "recid": 805657
    }, 
    "publication_date": "2007-12-31", 
    "publication_type": "article", 
    "title": "Relative mating success of hybrid and pure species males to highly discriminating D. pseudoobscura females.", 
    "upload_type": "publication"
  }, 
  "modified": "2017-06-10T16:19:53.354760+00:00", 
  "owner": 1161, 
  "record_id": 805657, 
  "state": "done", 
  "submitted": true, 
  "title": "Relative mating success of hybrid and pure species males to highly discriminating D. pseudoobscura females."
}