{
  "conceptrecid": "805648", 
  "created": "2017-06-10T16:19:24.598152+00:00", 
  "files": [], 
  "id": 805649, 
  "links": {
    "bucket": "https://zenodo.org/api/files/63a1fe83-fccc-4d21-b7d6-416690973fca", 
    "discard": "https://zenodo.org/api/deposit/depositions/805649/actions/discard", 
    "edit": "https://zenodo.org/api/deposit/depositions/805649/actions/edit", 
    "files": "https://zenodo.org/api/deposit/depositions/805649/files", 
    "html": "https://zenodo.org/deposit/805649", 
    "latest_draft": "https://zenodo.org/api/deposit/depositions/805649", 
    "latest_draft_html": "https://zenodo.org/deposit/805649", 
    "publish": "https://zenodo.org/api/deposit/depositions/805649/actions/publish", 
    "self": "https://zenodo.org/api/deposit/depositions/805649"
  }, 
  "metadata": {
    "access_right": "open", 
    "communities": [
      {
        "identifier": "biosyslit"
      }
    ], 
    "creators": [
      {
        "name": "Allemand, R."
      }
    ], 
    "description": "uploaded by Plazi from Taxodros", 
    "journal_pages": "1-7", 
    "journal_title": "Genetica", 
    "journal_volume": "47", 
    "keywords": [
      "Biodiversity", 
      "Taxonomy", 
      "Animalia", 
      "Arthropoda", 
      "Insecta", 
      "Diptera", 
      "Drosophilidae", 
      "flies", 
      "fruit flies", 
      "terrestrial"
    ], 
    "license": "CC-BY-4.0", 
    "prereserve_doi": {
      "doi": "10.5281/zenodo.805649", 
      "recid": 805649
    }, 
    "publication_date": "1977-12-31", 
    "publication_type": "article", 
    "title": "Le potentiel reproducteur des adultes de Drosophila melanogaster: variations genetiques en reponse aux regimes lumineux.", 
    "upload_type": "publication"
  }, 
  "modified": "2017-06-10T16:19:24.598161+00:00", 
  "owner": 1161, 
  "record_id": 805649, 
  "state": "unsubmitted", 
  "submitted": false, 
  "title": "Le potentiel reproducteur des adultes de Drosophila melanogaster: variations genetiques en reponse aux regimes lumineux."
}HTTP/1.1 100 Continue

HTTP/1.1 201 CREATED
Server: nginx/1.10.2
Date: Sat, 10 Jun 2017 16:19:27 GMT
Content-Type: application/json
Content-Length: 363
X-RateLimit-Limit: 5000
X-RateLimit-Remaining: 4996
X-RateLimit-Reset: 1497114530
Retry-After: 2962
Access-Control-Allow-Origin: *
Access-Control-Expose-Headers: Content-Type, ETag, Link, X-RateLimit-Limit, X-RateLimit-Remaining, X-RateLimit-Reset
X-Sentry-ID: None
Strict-Transport-Security: max-age=31536000

{"checksum": "1df25d7eefd063d67bde446f4d6b8eb4", "filename": "allemand_1977a.pdf", "filesize": 180831, "id": "7034e440-192f-41aa-b208-19e8264cdd00", "links": {"download": "https://zenodo.org/api/files/63a1fe83-fccc-4d21-b7d6-416690973fca/allemand_1977a.pdf", "self": "https://zenodo.org/api/deposit/depositions/805649/files/7034e440-192f-41aa-b208-19e8264cdd00"}}HTTP/1.1 202 ACCEPTED
Server: nginx/1.10.2
Date: Sat, 10 Jun 2017 16:19:29 GMT
Content-Type: application/json
Content-Length: 2571
ETag: "2"
Last-Modified: Sat, 10 Jun 2017 16:19:29 GMT
Location: https://zenodo.org/api/deposit/depositions/805649
X-RateLimit-Limit: 5000
X-RateLimit-Remaining: 4998
X-RateLimit-Reset: 1497114534
Retry-After: 2964
Access-Control-Allow-Origin: *
Access-Control-Expose-Headers: Content-Type, ETag, Link, X-RateLimit-Limit, X-RateLimit-Remaining, X-RateLimit-Reset
X-Sentry-ID: None

{
  "conceptdoi": "10.5281/zenodo.805648", 
  "conceptrecid": "805648", 
  "created": "2017-06-10T16:19:24.598152+00:00", 
  "doi": "10.5281/zenodo.805649", 
  "doi_url": "https://doi.org/10.5281/zenodo.805649", 
  "files": [
    {
      "checksum": "1df25d7eefd063d67bde446f4d6b8eb4", 
      "filename": "allemand_1977a.pdf", 
      "filesize": 180831, 
      "id": "7034e440-192f-41aa-b208-19e8264cdd00", 
      "links": {
        "download": "https://zenodo.org/api/files/63a1fe83-fccc-4d21-b7d6-416690973fca/allemand_1977a.pdf", 
        "self": "https://zenodo.org/api/deposit/depositions/804612/files/7034e440-192f-41aa-b208-19e8264cdd00"
      }
    }
  ], 
  "id": 805649, 
  "links": {
    "badge": "https://zenodo.org/badge/doi/10.5281/zenodo.805649.svg", 
    "bucket": "https://zenodo.org/api/files/63a1fe83-fccc-4d21-b7d6-416690973fca", 
    "conceptbadge": "https://zenodo.org/badge/doi/10.5281/zenodo.805648.svg", 
    "conceptdoi": "https://doi.org/10.5281/zenodo.805648", 
    "doi": "https://doi.org/10.5281/zenodo.805649", 
    "latest": "https://zenodo.org/api/records/805649", 
    "latest_html": "https://zenodo.org/record/805649", 
    "record": "https://zenodo.org/api/records/805649", 
    "record_html": "https://zenodo.org/record/805649"
  }, 
  "metadata": {
    "access_right": "open", 
    "communities": [
      {
        "identifier": "biosyslit"
      }, 
      {
        "identifier": "zenodo"
      }
    ], 
    "creators": [
      {
        "name": "Allemand, R."
      }
    ], 
    "description": "uploaded by Plazi from Taxodros", 
    "doi": "10.5281/zenodo.805649", 
    "journal_pages": "1-7", 
    "journal_title": "Genetica", 
    "journal_volume": "47", 
    "keywords": [
      "Biodiversity", 
      "Taxonomy", 
      "Animalia", 
      "Arthropoda", 
      "Insecta", 
      "Diptera", 
      "Drosophilidae", 
      "flies", 
      "fruit flies", 
      "terrestrial"
    ], 
    "license": "CC-BY-4.0", 
    "prereserve_doi": {
      "doi": "10.5281/zenodo.805649", 
      "recid": 805649
    }, 
    "publication_date": "1977-12-31", 
    "publication_type": "article", 
    "title": "Le potentiel reproducteur des adultes de Drosophila melanogaster: variations genetiques en reponse aux regimes lumineux.", 
    "upload_type": "publication"
  }, 
  "modified": "2017-06-10T16:19:29.142739+00:00", 
  "owner": 1161, 
  "record_id": 805649, 
  "state": "done", 
  "submitted": true, 
  "title": "Le potentiel reproducteur des adultes de Drosophila melanogaster: variations genetiques en reponse aux regimes lumineux."
}