{
  "conceptrecid": "805658", 
  "created": "2017-06-10T16:19:54.701673+00:00", 
  "files": [], 
  "id": 805659, 
  "links": {
    "bucket": "https://zenodo.org/api/files/907125aa-c46f-4236-ad04-a7f04648e3d8", 
    "discard": "https://zenodo.org/api/deposit/depositions/805659/actions/discard", 
    "edit": "https://zenodo.org/api/deposit/depositions/805659/actions/edit", 
    "files": "https://zenodo.org/api/deposit/depositions/805659/files", 
    "html": "https://zenodo.org/deposit/805659", 
    "latest_draft": "https://zenodo.org/api/deposit/depositions/805659", 
    "latest_draft_html": "https://zenodo.org/deposit/805659", 
    "publish": "https://zenodo.org/api/deposit/depositions/805659/actions/publish", 
    "self": "https://zenodo.org/api/deposit/depositions/805659"
  }, 
  "metadata": {
    "access_right": "open", 
    "communities": [
      {
        "identifier": "biosyslit"
      }
    ], 
    "creators": [
      {
        "name": "Allen, A.A."
      }
    ], 
    "description": "uploaded by Plazi from Taxodros", 
    "journal_pages": "105-109", 
    "journal_title": "Ent. Rec.", 
    "journal_volume": "77", 
    "keywords": [
      "Biodiversity", 
      "Taxonomy", 
      "Animalia", 
      "Arthropoda", 
      "Insecta", 
      "Diptera", 
      "Drosophilidae", 
      "flies", 
      "fruit flies", 
      "terrestrial"
    ], 
    "license": "CC-BY-4.0", 
    "prereserve_doi": {
      "doi": "10.5281/zenodo.805659", 
      "recid": 805659
    }, 
    "publication_date": "1965-04-15", 
    "publication_type": "article", 
    "title": "A Few Notable Diptera from Windsor Forest.", 
    "upload_type": "publication"
  }, 
  "modified": "2017-06-10T16:19:54.701682+00:00", 
  "owner": 1161, 
  "record_id": 805659, 
  "state": "unsubmitted", 
  "submitted": false, 
  "title": "A Few Notable Diptera from Windsor Forest."
}HTTP/1.1 100 Continue

HTTP/1.1 201 CREATED
Server: nginx/1.10.2
Date: Sat, 10 Jun 2017 16:19:57 GMT
Content-Type: application/json
Content-Length: 355
X-RateLimit-Limit: 5000
X-RateLimit-Remaining: 4999
X-RateLimit-Reset: 1497115195
Retry-After: 3597
Access-Control-Allow-Origin: *
Access-Control-Expose-Headers: Content-Type, ETag, Link, X-RateLimit-Limit, X-RateLimit-Remaining, X-RateLimit-Reset
X-Sentry-ID: None
Strict-Transport-Security: max-age=31536000

{"checksum": "21ca8416608c29a64106685453c77c1c", "filename": "allen_1965.pdf", "filesize": 180073, "id": "074d3531-3a5d-48e8-b8c4-6105ec8d7f49", "links": {"download": "https://zenodo.org/api/files/907125aa-c46f-4236-ad04-a7f04648e3d8/allen_1965.pdf", "self": "https://zenodo.org/api/deposit/depositions/805659/files/074d3531-3a5d-48e8-b8c4-6105ec8d7f49"}}HTTP/1.1 202 ACCEPTED
Server: nginx/1.10.2
Date: Sat, 10 Jun 2017 16:19:59 GMT
Content-Type: application/json
Content-Length: 2411
ETag: "2"
Last-Modified: Sat, 10 Jun 2017 16:19:59 GMT
Location: https://zenodo.org/api/deposit/depositions/805659
X-RateLimit-Limit: 5000
X-RateLimit-Remaining: 4999
X-RateLimit-Reset: 1497115198
Retry-After: 3598
Access-Control-Allow-Origin: *
Access-Control-Expose-Headers: Content-Type, ETag, Link, X-RateLimit-Limit, X-RateLimit-Remaining, X-RateLimit-Reset
X-Sentry-ID: None

{
  "conceptdoi": "10.5281/zenodo.805658", 
  "conceptrecid": "805658", 
  "created": "2017-06-10T16:19:54.701673+00:00", 
  "doi": "10.5281/zenodo.805659", 
  "doi_url": "https://doi.org/10.5281/zenodo.805659", 
  "files": [
    {
      "checksum": "21ca8416608c29a64106685453c77c1c", 
      "filename": "allen_1965.pdf", 
      "filesize": 180073, 
      "id": "074d3531-3a5d-48e8-b8c4-6105ec8d7f49", 
      "links": {
        "download": "https://zenodo.org/api/files/907125aa-c46f-4236-ad04-a7f04648e3d8/allen_1965.pdf", 
        "self": "https://zenodo.org/api/deposit/depositions/804610/files/074d3531-3a5d-48e8-b8c4-6105ec8d7f49"
      }
    }
  ], 
  "id": 805659, 
  "links": {
    "badge": "https://zenodo.org/badge/doi/10.5281/zenodo.805659.svg", 
    "bucket": "https://zenodo.org/api/files/907125aa-c46f-4236-ad04-a7f04648e3d8", 
    "conceptbadge": "https://zenodo.org/badge/doi/10.5281/zenodo.805658.svg", 
    "conceptdoi": "https://doi.org/10.5281/zenodo.805658", 
    "doi": "https://doi.org/10.5281/zenodo.805659", 
    "latest": "https://zenodo.org/api/records/805659", 
    "latest_html": "https://zenodo.org/record/805659", 
    "record": "https://zenodo.org/api/records/805659", 
    "record_html": "https://zenodo.org/record/805659"
  }, 
  "metadata": {
    "access_right": "open", 
    "communities": [
      {
        "identifier": "biosyslit"
      }, 
      {
        "identifier": "zenodo"
      }
    ], 
    "creators": [
      {
        "name": "Allen, A.A."
      }
    ], 
    "description": "uploaded by Plazi from Taxodros", 
    "doi": "10.5281/zenodo.805659", 
    "journal_pages": "105-109", 
    "journal_title": "Ent. Rec.", 
    "journal_volume": "77", 
    "keywords": [
      "Biodiversity", 
      "Taxonomy", 
      "Animalia", 
      "Arthropoda", 
      "Insecta", 
      "Diptera", 
      "Drosophilidae", 
      "flies", 
      "fruit flies", 
      "terrestrial"
    ], 
    "license": "CC-BY-4.0", 
    "prereserve_doi": {
      "doi": "10.5281/zenodo.805659", 
      "recid": 805659
    }, 
    "publication_date": "1965-04-15", 
    "publication_type": "article", 
    "title": "A Few Notable Diptera from Windsor Forest.", 
    "upload_type": "publication"
  }, 
  "modified": "2017-06-10T16:19:59.140423+00:00", 
  "owner": 1161, 
  "record_id": 805659, 
  "state": "done", 
  "submitted": true, 
  "title": "A Few Notable Diptera from Windsor Forest."
}