{
  "conceptrecid": "805634", 
  "created": "2017-06-10T16:09:45.290500+00:00", 
  "files": [], 
  "id": 805635, 
  "links": {
    "bucket": "https://zenodo.org/api/files/b0adfcda-1793-49ba-9e8e-e6e8cb33d611", 
    "discard": "https://zenodo.org/api/deposit/depositions/805635/actions/discard", 
    "edit": "https://zenodo.org/api/deposit/depositions/805635/actions/edit", 
    "files": "https://zenodo.org/api/deposit/depositions/805635/files", 
    "html": "https://zenodo.org/deposit/805635", 
    "latest_draft": "https://zenodo.org/api/deposit/depositions/805635", 
    "latest_draft_html": "https://zenodo.org/deposit/805635", 
    "publish": "https://zenodo.org/api/deposit/depositions/805635/actions/publish", 
    "self": "https://zenodo.org/api/deposit/depositions/805635"
  }, 
  "metadata": {
    "access_right": "open", 
    "communities": [
      {
        "identifier": "biosyslit"
      }
    ], 
    "creators": [
      {
        "name": "Allemand, R."
      }, 
      {
        "name": "David, J.R."
      }
    ], 
    "description": "uploaded by Plazi from Taxodros", 
    "journal_pages": "1403-1405", 
    "journal_title": "Experientia", 
    "journal_volume": "32", 
    "keywords": [
      "Biodiversity", 
      "Taxonomy", 
      "Animalia", 
      "Arthropoda", 
      "Insecta", 
      "Diptera", 
      "Drosophilidae", 
      "flies", 
      "fruit flies", 
      "terrestrial"
    ], 
    "license": "CC-BY-4.0", 
    "prereserve_doi": {
      "doi": "10.5281/zenodo.805635", 
      "recid": 805635
    }, 
    "publication_date": "1976-11-15", 
    "publication_type": "article", 
    "title": "The Circadian Rhythm of Oviposition in Drosophila melanogaster: A Genetic Latitudinal Cline in Wild Populations.", 
    "upload_type": "publication"
  }, 
  "modified": "2017-06-10T16:09:45.290510+00:00", 
  "owner": 1161, 
  "record_id": 805635, 
  "state": "unsubmitted", 
  "submitted": false, 
  "title": "The Circadian Rhythm of Oviposition in Drosophila melanogaster: A Genetic Latitudinal Cline in Wild Populations."
}HTTP/1.1 100 Continue

HTTP/1.1 201 CREATED
Server: nginx/1.10.2
Date: Sat, 10 Jun 2017 16:09:47 GMT
Content-Type: application/json
Content-Length: 374
X-RateLimit-Limit: 5000
X-RateLimit-Remaining: 4998
X-RateLimit-Reset: 1497114378
Retry-After: 3390
Access-Control-Allow-Origin: *
Access-Control-Expose-Headers: Content-Type, ETag, Link, X-RateLimit-Limit, X-RateLimit-Remaining, X-RateLimit-Reset
X-Sentry-ID: None
Strict-Transport-Security: max-age=31536000

{"checksum": "dabe989b288a5a1ec5f02e7cf2d01727", "filename": "allemand__david_1976.pdf", "filesize": 95757, "id": "bf23bdb2-e10f-4a2b-bb70-ce94ac54b87c", "links": {"download": "https://zenodo.org/api/files/b0adfcda-1793-49ba-9e8e-e6e8cb33d611/allemand__david_1976.pdf", "self": "https://zenodo.org/api/deposit/depositions/805635/files/bf23bdb2-e10f-4a2b-bb70-ce94ac54b87c"}}HTTP/1.1 202 ACCEPTED
Server: nginx/1.10.2
Date: Sat, 10 Jun 2017 16:09:48 GMT
Content-Type: application/json
Content-Length: 2623
ETag: "2"
Last-Modified: Sat, 10 Jun 2017 16:09:48 GMT
Location: https://zenodo.org/api/deposit/depositions/805635
X-RateLimit-Limit: 5000
X-RateLimit-Remaining: 4998
X-RateLimit-Reset: 1497114380
Retry-After: 3391
Access-Control-Allow-Origin: *
Access-Control-Expose-Headers: Content-Type, ETag, Link, X-RateLimit-Limit, X-RateLimit-Remaining, X-RateLimit-Reset
X-Sentry-ID: None

{
  "conceptdoi": "10.5281/zenodo.805634", 
  "conceptrecid": "805634", 
  "created": "2017-06-10T16:09:45.290500+00:00", 
  "doi": "10.5281/zenodo.805635", 
  "doi_url": "https://doi.org/10.5281/zenodo.805635", 
  "files": [
    {
      "checksum": "dabe989b288a5a1ec5f02e7cf2d01727", 
      "filename": "allemand__david_1976.pdf", 
      "filesize": 95757, 
      "id": "bf23bdb2-e10f-4a2b-bb70-ce94ac54b87c", 
      "links": {
        "download": "https://zenodo.org/api/files/b0adfcda-1793-49ba-9e8e-e6e8cb33d611/allemand__david_1976.pdf", 
        "self": "https://zenodo.org/api/deposit/depositions/804687/files/bf23bdb2-e10f-4a2b-bb70-ce94ac54b87c"
      }
    }
  ], 
  "id": 805635, 
  "links": {
    "badge": "https://zenodo.org/badge/doi/10.5281/zenodo.805635.svg", 
    "bucket": "https://zenodo.org/api/files/b0adfcda-1793-49ba-9e8e-e6e8cb33d611", 
    "conceptbadge": "https://zenodo.org/badge/doi/10.5281/zenodo.805634.svg", 
    "conceptdoi": "https://doi.org/10.5281/zenodo.805634", 
    "doi": "https://doi.org/10.5281/zenodo.805635", 
    "latest": "https://zenodo.org/api/records/805635", 
    "latest_html": "https://zenodo.org/record/805635", 
    "record": "https://zenodo.org/api/records/805635", 
    "record_html": "https://zenodo.org/record/805635"
  }, 
  "metadata": {
    "access_right": "open", 
    "communities": [
      {
        "identifier": "biosyslit"
      }, 
      {
        "identifier": "zenodo"
      }
    ], 
    "creators": [
      {
        "name": "Allemand, R."
      }, 
      {
        "name": "David, J.R."
      }
    ], 
    "description": "uploaded by Plazi from Taxodros", 
    "doi": "10.5281/zenodo.805635", 
    "journal_pages": "1403-1405", 
    "journal_title": "Experientia", 
    "journal_volume": "32", 
    "keywords": [
      "Biodiversity", 
      "Taxonomy", 
      "Animalia", 
      "Arthropoda", 
      "Insecta", 
      "Diptera", 
      "Drosophilidae", 
      "flies", 
      "fruit flies", 
      "terrestrial"
    ], 
    "license": "CC-BY-4.0", 
    "prereserve_doi": {
      "doi": "10.5281/zenodo.805635", 
      "recid": 805635
    }, 
    "publication_date": "1976-11-15", 
    "publication_type": "article", 
    "title": "The Circadian Rhythm of Oviposition in Drosophila melanogaster: A Genetic Latitudinal Cline in Wild Populations.", 
    "upload_type": "publication"
  }, 
  "modified": "2017-06-10T16:09:48.364477+00:00", 
  "owner": 1161, 
  "record_id": 805635, 
  "state": "done", 
  "submitted": true, 
  "title": "The Circadian Rhythm of Oviposition in Drosophila melanogaster: A Genetic Latitudinal Cline in Wild Populations."
}