{
  "conceptrecid": "805660", 
  "created": "2017-06-10T16:20:00.427403+00:00", 
  "files": [], 
  "id": 805661, 
  "links": {
    "bucket": "https://zenodo.org/api/files/628bcc68-d642-4883-bda9-5d78a80cab58", 
    "discard": "https://zenodo.org/api/deposit/depositions/805661/actions/discard", 
    "edit": "https://zenodo.org/api/deposit/depositions/805661/actions/edit", 
    "files": "https://zenodo.org/api/deposit/depositions/805661/files", 
    "html": "https://zenodo.org/deposit/805661", 
    "latest_draft": "https://zenodo.org/api/deposit/depositions/805661", 
    "latest_draft_html": "https://zenodo.org/deposit/805661", 
    "publish": "https://zenodo.org/api/deposit/depositions/805661/actions/publish", 
    "self": "https://zenodo.org/api/deposit/depositions/805661"
  }, 
  "metadata": {
    "access_right": "open", 
    "communities": [
      {
        "identifier": "biosyslit"
      }
    ], 
    "creators": [
      {
        "name": "Allen, A.C."
      }
    ], 
    "description": "uploaded by Plazi from Taxodros", 
    "journal_pages": "1409-1422", 
    "journal_title": "Genetics", 
    "journal_volume": "54", 
    "keywords": [
      "Biodiversity", 
      "Taxonomy", 
      "Animalia", 
      "Arthropoda", 
      "Insecta", 
      "Diptera", 
      "Drosophilidae", 
      "flies", 
      "fruit flies", 
      "terrestrial"
    ], 
    "license": "CC-BY-4.0", 
    "prereserve_doi": {
      "doi": "10.5281/zenodo.805661", 
      "recid": 805661
    }, 
    "publication_date": "1966-12-06", 
    "publication_type": "article", 
    "title": "The effects of recombination on quasinormal second and third chromosomes of Drosophila melanogaster from a natural population.", 
    "upload_type": "publication"
  }, 
  "modified": "2017-06-10T16:20:00.427411+00:00", 
  "owner": 1161, 
  "record_id": 805661, 
  "state": "unsubmitted", 
  "submitted": false, 
  "title": "The effects of recombination on quasinormal second and third chromosomes of Drosophila melanogaster from a natural population."
}HTTP/1.1 100 Continue

HTTP/1.1 201 CREATED
Server: nginx/1.10.2
Date: Sat, 10 Jun 2017 16:20:03 GMT
Content-Type: application/json
Content-Length: 355
X-RateLimit-Limit: 5000
X-RateLimit-Remaining: 4997
X-RateLimit-Reset: 1497114389
Retry-After: 2785
Access-Control-Allow-Origin: *
Access-Control-Expose-Headers: Content-Type, ETag, Link, X-RateLimit-Limit, X-RateLimit-Remaining, X-RateLimit-Reset
X-Sentry-ID: None
Strict-Transport-Security: max-age=31536000

{"checksum": "8e4182df853371fcf506e64b464ceed2", "filename": "allen_1966.pdf", "filesize": 285587, "id": "e9730ac0-d08e-4c7a-8786-698c1a9fafa6", "links": {"download": "https://zenodo.org/api/files/628bcc68-d642-4883-bda9-5d78a80cab58/allen_1966.pdf", "self": "https://zenodo.org/api/deposit/depositions/805661/files/e9730ac0-d08e-4c7a-8786-698c1a9fafa6"}}HTTP/1.1 202 ACCEPTED
Server: nginx/1.10.2
Date: Sat, 10 Jun 2017 16:20:05 GMT
Content-Type: application/json
Content-Length: 2580
ETag: "2"
Last-Modified: Sat, 10 Jun 2017 16:20:05 GMT
Location: https://zenodo.org/api/deposit/depositions/805661
X-RateLimit-Limit: 5000
X-RateLimit-Remaining: 4997
X-RateLimit-Reset: 1497114417
Retry-After: 2811
Access-Control-Allow-Origin: *
Access-Control-Expose-Headers: Content-Type, ETag, Link, X-RateLimit-Limit, X-RateLimit-Remaining, X-RateLimit-Reset
X-Sentry-ID: None

{
  "conceptdoi": "10.5281/zenodo.805660", 
  "conceptrecid": "805660", 
  "created": "2017-06-10T16:20:00.427403+00:00", 
  "doi": "10.5281/zenodo.805661", 
  "doi_url": "https://doi.org/10.5281/zenodo.805661", 
  "files": [
    {
      "checksum": "8e4182df853371fcf506e64b464ceed2", 
      "filename": "allen_1966.pdf", 
      "filesize": 285587, 
      "id": "e9730ac0-d08e-4c7a-8786-698c1a9fafa6", 
      "links": {
        "download": "https://zenodo.org/api/files/628bcc68-d642-4883-bda9-5d78a80cab58/allen_1966.pdf", 
        "self": "https://zenodo.org/api/deposit/depositions/804529/files/e9730ac0-d08e-4c7a-8786-698c1a9fafa6"
      }
    }
  ], 
  "id": 805661, 
  "links": {
    "badge": "https://zenodo.org/badge/doi/10.5281/zenodo.805661.svg", 
    "bucket": "https://zenodo.org/api/files/628bcc68-d642-4883-bda9-5d78a80cab58", 
    "conceptbadge": "https://zenodo.org/badge/doi/10.5281/zenodo.805660.svg", 
    "conceptdoi": "https://doi.org/10.5281/zenodo.805660", 
    "doi": "https://doi.org/10.5281/zenodo.805661", 
    "latest": "https://zenodo.org/api/records/805661", 
    "latest_html": "https://zenodo.org/record/805661", 
    "record": "https://zenodo.org/api/records/805661", 
    "record_html": "https://zenodo.org/record/805661"
  }, 
  "metadata": {
    "access_right": "open", 
    "communities": [
      {
        "identifier": "biosyslit"
      }, 
      {
        "identifier": "zenodo"
      }
    ], 
    "creators": [
      {
        "name": "Allen, A.C."
      }
    ], 
    "description": "uploaded by Plazi from Taxodros", 
    "doi": "10.5281/zenodo.805661", 
    "journal_pages": "1409-1422", 
    "journal_title": "Genetics", 
    "journal_volume": "54", 
    "keywords": [
      "Biodiversity", 
      "Taxonomy", 
      "Animalia", 
      "Arthropoda", 
      "Insecta", 
      "Diptera", 
      "Drosophilidae", 
      "flies", 
      "fruit flies", 
      "terrestrial"
    ], 
    "license": "CC-BY-4.0", 
    "prereserve_doi": {
      "doi": "10.5281/zenodo.805661", 
      "recid": 805661
    }, 
    "publication_date": "1966-12-06", 
    "publication_type": "article", 
    "title": "The effects of recombination on quasinormal second and third chromosomes of Drosophila melanogaster from a natural population.", 
    "upload_type": "publication"
  }, 
  "modified": "2017-06-10T16:20:05.125698+00:00", 
  "owner": 1161, 
  "record_id": 805661, 
  "state": "done", 
  "submitted": true, 
  "title": "The effects of recombination on quasinormal second and third chromosomes of Drosophila melanogaster from a natural population."
}