{
  "conceptrecid": "805646", 
  "created": "2017-06-10T16:19:18.739405+00:00", 
  "files": [], 
  "id": 805647, 
  "links": {
    "bucket": "https://zenodo.org/api/files/c2553dd6-9d34-4627-b29b-adbc7fe1f583", 
    "discard": "https://zenodo.org/api/deposit/depositions/805647/actions/discard", 
    "edit": "https://zenodo.org/api/deposit/depositions/805647/actions/edit", 
    "files": "https://zenodo.org/api/deposit/depositions/805647/files", 
    "html": "https://zenodo.org/deposit/805647", 
    "latest_draft": "https://zenodo.org/api/deposit/depositions/805647", 
    "latest_draft_html": "https://zenodo.org/deposit/805647", 
    "publish": "https://zenodo.org/api/deposit/depositions/805647/actions/publish", 
    "self": "https://zenodo.org/api/deposit/depositions/805647"
  }, 
  "metadata": {
    "access_right": "open", 
    "communities": [
      {
        "identifier": "biosyslit"
      }
    ], 
    "creators": [
      {
        "name": "Allemand, R."
      }
    ], 
    "description": "uploaded by Plazi from Taxodros", 
    "journal_pages": "85-88", 
    "journal_title": "C. r. Seanc. Acad. Sci., Paris", 
    "journal_volume": "282", 
    "keywords": [
      "Biodiversity", 
      "Taxonomy", 
      "Animalia", 
      "Arthropoda", 
      "Insecta", 
      "Diptera", 
      "Drosophilidae", 
      "flies", 
      "fruit flies", 
      "terrestrial"
    ], 
    "license": "CC-BY-4.0", 
    "prereserve_doi": {
      "doi": "10.5281/zenodo.805647", 
      "recid": 805647
    }, 
    "publication_date": "1976-01-05", 
    "publication_type": "article", 
    "title": "Importance adaptative du rythme circadien de ponte chez les drosophilides: comparaison de huit especes du genre Zaprionus.", 
    "upload_type": "publication"
  }, 
  "modified": "2017-06-10T16:19:18.739412+00:00", 
  "owner": 1161, 
  "record_id": 805647, 
  "state": "unsubmitted", 
  "submitted": false, 
  "title": "Importance adaptative du rythme circadien de ponte chez les drosophilides: comparaison de huit especes du genre Zaprionus."
}HTTP/1.1 100 Continue

HTTP/1.1 201 CREATED
Server: nginx/1.10.2
Date: Sat, 10 Jun 2017 16:19:21 GMT
Content-Type: application/json
Content-Length: 363
X-RateLimit-Limit: 5000
X-RateLimit-Remaining: 4997
X-RateLimit-Reset: 1497114530
Retry-After: 2968
Access-Control-Allow-Origin: *
Access-Control-Expose-Headers: Content-Type, ETag, Link, X-RateLimit-Limit, X-RateLimit-Remaining, X-RateLimit-Reset
X-Sentry-ID: None
Strict-Transport-Security: max-age=31536000

{"checksum": "23376e243476a8787f55d05704a10ee3", "filename": "allemand_1976c.pdf", "filesize": 158690, "id": "74c5aab6-778a-4b57-82ae-3165ae8b6641", "links": {"download": "https://zenodo.org/api/files/c2553dd6-9d34-4627-b29b-adbc7fe1f583/allemand_1976c.pdf", "self": "https://zenodo.org/api/deposit/depositions/805647/files/74c5aab6-778a-4b57-82ae-3165ae8b6641"}}HTTP/1.1 202 ACCEPTED
Server: nginx/1.10.2
Date: Sat, 10 Jun 2017 16:19:23 GMT
Content-Type: application/json
Content-Length: 2600
ETag: "2"
Last-Modified: Sat, 10 Jun 2017 16:19:23 GMT
Location: https://zenodo.org/api/deposit/depositions/805647
X-RateLimit-Limit: 5000
X-RateLimit-Remaining: 4999
X-RateLimit-Reset: 1497115162
Retry-After: 3598
Access-Control-Allow-Origin: *
Access-Control-Expose-Headers: Content-Type, ETag, Link, X-RateLimit-Limit, X-RateLimit-Remaining, X-RateLimit-Reset
X-Sentry-ID: None

{
  "conceptdoi": "10.5281/zenodo.805646", 
  "conceptrecid": "805646", 
  "created": "2017-06-10T16:19:18.739405+00:00", 
  "doi": "10.5281/zenodo.805647", 
  "doi_url": "https://doi.org/10.5281/zenodo.805647", 
  "files": [
    {
      "checksum": "23376e243476a8787f55d05704a10ee3", 
      "filename": "allemand_1976c.pdf", 
      "filesize": 158690, 
      "id": "74c5aab6-778a-4b57-82ae-3165ae8b6641", 
      "links": {
        "download": "https://zenodo.org/api/files/c2553dd6-9d34-4627-b29b-adbc7fe1f583/allemand_1976c.pdf", 
        "self": "https://zenodo.org/api/deposit/depositions/804606/files/74c5aab6-778a-4b57-82ae-3165ae8b6641"
      }
    }
  ], 
  "id": 805647, 
  "links": {
    "badge": "https://zenodo.org/badge/doi/10.5281/zenodo.805647.svg", 
    "bucket": "https://zenodo.org/api/files/c2553dd6-9d34-4627-b29b-adbc7fe1f583", 
    "conceptbadge": "https://zenodo.org/badge/doi/10.5281/zenodo.805646.svg", 
    "conceptdoi": "https://doi.org/10.5281/zenodo.805646", 
    "doi": "https://doi.org/10.5281/zenodo.805647", 
    "latest": "https://zenodo.org/api/records/805647", 
    "latest_html": "https://zenodo.org/record/805647", 
    "record": "https://zenodo.org/api/records/805647", 
    "record_html": "https://zenodo.org/record/805647"
  }, 
  "metadata": {
    "access_right": "open", 
    "communities": [
      {
        "identifier": "biosyslit"
      }, 
      {
        "identifier": "zenodo"
      }
    ], 
    "creators": [
      {
        "name": "Allemand, R."
      }
    ], 
    "description": "uploaded by Plazi from Taxodros", 
    "doi": "10.5281/zenodo.805647", 
    "journal_pages": "85-88", 
    "journal_title": "C. r. Seanc. Acad. Sci., Paris", 
    "journal_volume": "282", 
    "keywords": [
      "Biodiversity", 
      "Taxonomy", 
      "Animalia", 
      "Arthropoda", 
      "Insecta", 
      "Diptera", 
      "Drosophilidae", 
      "flies", 
      "fruit flies", 
      "terrestrial"
    ], 
    "license": "CC-BY-4.0", 
    "prereserve_doi": {
      "doi": "10.5281/zenodo.805647", 
      "recid": 805647
    }, 
    "publication_date": "1976-01-05", 
    "publication_type": "article", 
    "title": "Importance adaptative du rythme circadien de ponte chez les drosophilides: comparaison de huit especes du genre Zaprionus.", 
    "upload_type": "publication"
  }, 
  "modified": "2017-06-10T16:19:23.102362+00:00", 
  "owner": 1161, 
  "record_id": 805647, 
  "state": "done", 
  "submitted": true, 
  "title": "Importance adaptative du rythme circadien de ponte chez les drosophilides: comparaison de huit especes du genre Zaprionus."
}