{
  "conceptrecid": "805670", 
  "created": "2017-06-10T16:20:27.041990+00:00", 
  "files": [], 
  "id": 805671, 
  "links": {
    "bucket": "https://zenodo.org/api/files/4fbb2794-a8d8-463d-8748-ed8276e88caf", 
    "discard": "https://zenodo.org/api/deposit/depositions/805671/actions/discard", 
    "edit": "https://zenodo.org/api/deposit/depositions/805671/actions/edit", 
    "files": "https://zenodo.org/api/deposit/depositions/805671/files", 
    "html": "https://zenodo.org/deposit/805671", 
    "latest_draft": "https://zenodo.org/api/deposit/depositions/805671", 
    "latest_draft_html": "https://zenodo.org/deposit/805671", 
    "publish": "https://zenodo.org/api/deposit/depositions/805671/actions/publish", 
    "self": "https://zenodo.org/api/deposit/depositions/805671"
  }, 
  "metadata": {
    "access_right": "closed", 
    "communities": [
      {
        "identifier": "biosyslit"
      }
    ], 
    "creators": [
      {
        "name": "de Almeida, L.M."
      }, 
      {
        "name": "Carareto, C.M.A."
      }
    ], 
    "description": "uploaded by Plazi from Taxodros", 
    "journal_pages": "583-594", 
    "journal_title": "Molec. Phylog. Evol.", 
    "journal_volume": "35", 
    "keywords": [
      "Biodiversity", 
      "Taxonomy", 
      "Animalia", 
      "Arthropoda", 
      "Insecta", 
      "Diptera", 
      "Drosophilidae", 
      "flies", 
      "fruit flies", 
      "terrestrial"
    ], 
    "prereserve_doi": {
      "doi": "10.5281/zenodo.805671", 
      "recid": 805671
    }, 
    "publication_date": "2005-12-31", 
    "publication_type": "article", 
    "title": "Multiple events of horizontal transfer of the Minos transposable element between Drosophila species.", 
    "upload_type": "publication"
  }, 
  "modified": "2017-06-10T16:20:27.041997+00:00", 
  "owner": 1161, 
  "record_id": 805671, 
  "state": "unsubmitted", 
  "submitted": false, 
  "title": "Multiple events of horizontal transfer of the Minos transposable element between Drosophila species."
}HTTP/1.1 100 Continue

HTTP/1.1 201 CREATED
Server: nginx/1.10.2
Date: Sat, 10 Jun 2017 16:20:30 GMT
Content-Type: application/json
Content-Length: 379
X-RateLimit-Limit: 5000
X-RateLimit-Remaining: 4996
X-RateLimit-Reset: 1497114367
Retry-After: 2736
Access-Control-Allow-Origin: *
Access-Control-Expose-Headers: Content-Type, ETag, Link, X-RateLimit-Limit, X-RateLimit-Remaining, X-RateLimit-Reset
X-Sentry-ID: None
Strict-Transport-Security: max-age=31536000

{"checksum": "8e1f187cefaaddae7d2cc871fc8337cd", "filename": "almeida__carareto_2005.pdf", "filesize": 911109, "id": "ea18dc31-9e52-4c89-a317-50495454ceac", "links": {"download": "https://zenodo.org/api/files/4fbb2794-a8d8-463d-8748-ed8276e88caf/almeida__carareto_2005.pdf", "self": "https://zenodo.org/api/deposit/depositions/805671/files/ea18dc31-9e52-4c89-a317-50495454ceac"}}HTTP/1.1 202 ACCEPTED
Server: nginx/1.10.2
Date: Sat, 10 Jun 2017 16:20:32 GMT
Content-Type: application/json
Content-Length: 2593
ETag: "2"
Last-Modified: Sat, 10 Jun 2017 16:20:32 GMT
Location: https://zenodo.org/api/deposit/depositions/805671
X-RateLimit-Limit: 5000
X-RateLimit-Remaining: 4999
X-RateLimit-Reset: 1497115231
Retry-After: 3598
Access-Control-Allow-Origin: *
Access-Control-Expose-Headers: Content-Type, ETag, Link, X-RateLimit-Limit, X-RateLimit-Remaining, X-RateLimit-Reset
X-Sentry-ID: None

{
  "conceptdoi": "10.5281/zenodo.805670", 
  "conceptrecid": "805670", 
  "created": "2017-06-10T16:20:27.041990+00:00", 
  "doi": "10.5281/zenodo.805671", 
  "doi_url": "https://doi.org/10.5281/zenodo.805671", 
  "files": [
    {
      "checksum": "8e1f187cefaaddae7d2cc871fc8337cd", 
      "filename": "almeida__carareto_2005.pdf", 
      "filesize": 911109, 
      "id": "ea18dc31-9e52-4c89-a317-50495454ceac", 
      "links": {
        "download": "https://zenodo.org/api/files/4fbb2794-a8d8-463d-8748-ed8276e88caf/almeida__carareto_2005.pdf", 
        "self": "https://zenodo.org/api/deposit/depositions/804606/files/ea18dc31-9e52-4c89-a317-50495454ceac"
      }
    }
  ], 
  "id": 805671, 
  "links": {
    "badge": "https://zenodo.org/badge/doi/10.5281/zenodo.805671.svg", 
    "bucket": "https://zenodo.org/api/files/4fbb2794-a8d8-463d-8748-ed8276e88caf", 
    "conceptbadge": "https://zenodo.org/badge/doi/10.5281/zenodo.805670.svg", 
    "conceptdoi": "https://doi.org/10.5281/zenodo.805670", 
    "doi": "https://doi.org/10.5281/zenodo.805671", 
    "latest": "https://zenodo.org/api/records/805671", 
    "latest_html": "https://zenodo.org/record/805671", 
    "record": "https://zenodo.org/api/records/805671", 
    "record_html": "https://zenodo.org/record/805671"
  }, 
  "metadata": {
    "access_right": "closed", 
    "communities": [
      {
        "identifier": "biosyslit"
      }, 
      {
        "identifier": "zenodo"
      }
    ], 
    "creators": [
      {
        "name": "de Almeida, L.M."
      }, 
      {
        "name": "Carareto, C.M.A."
      }
    ], 
    "description": "uploaded by Plazi from Taxodros", 
    "doi": "10.5281/zenodo.805671", 
    "journal_pages": "583-594", 
    "journal_title": "Molec. Phylog. Evol.", 
    "journal_volume": "35", 
    "keywords": [
      "Biodiversity", 
      "Taxonomy", 
      "Animalia", 
      "Arthropoda", 
      "Insecta", 
      "Diptera", 
      "Drosophilidae", 
      "flies", 
      "fruit flies", 
      "terrestrial"
    ], 
    "prereserve_doi": {
      "doi": "10.5281/zenodo.805671", 
      "recid": 805671
    }, 
    "publication_date": "2005-12-31", 
    "publication_type": "article", 
    "title": "Multiple events of horizontal transfer of the Minos transposable element between Drosophila species.", 
    "upload_type": "publication"
  }, 
  "modified": "2017-06-10T16:20:32.170147+00:00", 
  "owner": 1161, 
  "record_id": 805671, 
  "state": "done", 
  "submitted": true, 
  "title": "Multiple events of horizontal transfer of the Minos transposable element between Drosophila species."
}