{
  "conceptrecid": "805666", 
  "created": "2017-06-10T16:20:18.334300+00:00", 
  "files": [], 
  "id": 805667, 
  "links": {
    "bucket": "https://zenodo.org/api/files/d4326657-a684-4b05-a731-0250dc40c24e", 
    "discard": "https://zenodo.org/api/deposit/depositions/805667/actions/discard", 
    "edit": "https://zenodo.org/api/deposit/depositions/805667/actions/edit", 
    "files": "https://zenodo.org/api/deposit/depositions/805667/files", 
    "html": "https://zenodo.org/deposit/805667", 
    "latest_draft": "https://zenodo.org/api/deposit/depositions/805667", 
    "latest_draft_html": "https://zenodo.org/deposit/805667", 
    "publish": "https://zenodo.org/api/deposit/depositions/805667/actions/publish", 
    "self": "https://zenodo.org/api/deposit/depositions/805667"
  }, 
  "metadata": {
    "access_right": "closed", 
    "communities": [
      {
        "identifier": "biosyslit"
      }
    ], 
    "creators": [
      {
        "name": "de Almeida, L.M."
      }, 
      {
        "name": "Carareto, C.M.A."
      }
    ], 
    "description": "uploaded by Plazi from Taxodros", 
    "journal_pages": "71-79", 
    "journal_title": "Iheringia, Ser. Zool.", 
    "journal_volume": "92", 
    "keywords": [
      "Biodiversity", 
      "Taxonomy", 
      "Animalia", 
      "Arthropoda", 
      "Insecta", 
      "Diptera", 
      "Drosophilidae", 
      "flies", 
      "fruit flies", 
      "terrestrial"
    ], 
    "prereserve_doi": {
      "doi": "10.5281/zenodo.805667", 
      "recid": 805667
    }, 
    "publication_date": "2002-12-31", 
    "publication_type": "article", 
    "title": "Gonadal hybrid dysgenesis in Drosophila sturtevanti (Diptera, Drosophilidae).", 
    "upload_type": "publication"
  }, 
  "modified": "2017-06-10T16:20:18.334308+00:00", 
  "owner": 1161, 
  "record_id": 805667, 
  "state": "unsubmitted", 
  "submitted": false, 
  "title": "Gonadal hybrid dysgenesis in Drosophila sturtevanti (Diptera, Drosophilidae)."
}HTTP/1.1 100 Continue

HTTP/1.1 201 CREATED
Server: nginx/1.10.2
Date: Sat, 10 Jun 2017 16:20:21 GMT
Content-Type: application/json
Content-Length: 379
X-RateLimit-Limit: 5000
X-RateLimit-Remaining: 4996
X-RateLimit-Reset: 1497114389
Retry-After: 2767
Access-Control-Allow-Origin: *
Access-Control-Expose-Headers: Content-Type, ETag, Link, X-RateLimit-Limit, X-RateLimit-Remaining, X-RateLimit-Reset
X-Sentry-ID: None
Strict-Transport-Security: max-age=31536000

{"checksum": "dcbc2f467120787e057c0715d4094d8e", "filename": "almeida__carareto_2002.pdf", "filesize": 334808, "id": "19ef71dc-d0c7-4158-874d-2638993aee82", "links": {"download": "https://zenodo.org/api/files/d4326657-a684-4b05-a731-0250dc40c24e/almeida__carareto_2002.pdf", "self": "https://zenodo.org/api/deposit/depositions/805667/files/19ef71dc-d0c7-4158-874d-2638993aee82"}}HTTP/1.1 202 ACCEPTED
Server: nginx/1.10.2
Date: Sat, 10 Jun 2017 16:20:22 GMT
Content-Type: application/json
Content-Length: 2546
ETag: "2"
Last-Modified: Sat, 10 Jun 2017 16:20:22 GMT
Location: https://zenodo.org/api/deposit/depositions/805667
X-RateLimit-Limit: 5000
X-RateLimit-Remaining: 4997
X-RateLimit-Reset: 1497114547
Retry-After: 2924
Access-Control-Allow-Origin: *
Access-Control-Expose-Headers: Content-Type, ETag, Link, X-RateLimit-Limit, X-RateLimit-Remaining, X-RateLimit-Reset
X-Sentry-ID: None

{
  "conceptdoi": "10.5281/zenodo.805666", 
  "conceptrecid": "805666", 
  "created": "2017-06-10T16:20:18.334300+00:00", 
  "doi": "10.5281/zenodo.805667", 
  "doi_url": "https://doi.org/10.5281/zenodo.805667", 
  "files": [
    {
      "checksum": "dcbc2f467120787e057c0715d4094d8e", 
      "filename": "almeida__carareto_2002.pdf", 
      "filesize": 334808, 
      "id": "19ef71dc-d0c7-4158-874d-2638993aee82", 
      "links": {
        "download": "https://zenodo.org/api/files/d4326657-a684-4b05-a731-0250dc40c24e/almeida__carareto_2002.pdf", 
        "self": "https://zenodo.org/api/deposit/depositions/804695/files/19ef71dc-d0c7-4158-874d-2638993aee82"
      }
    }
  ], 
  "id": 805667, 
  "links": {
    "badge": "https://zenodo.org/badge/doi/10.5281/zenodo.805667.svg", 
    "bucket": "https://zenodo.org/api/files/d4326657-a684-4b05-a731-0250dc40c24e", 
    "conceptbadge": "https://zenodo.org/badge/doi/10.5281/zenodo.805666.svg", 
    "conceptdoi": "https://doi.org/10.5281/zenodo.805666", 
    "doi": "https://doi.org/10.5281/zenodo.805667", 
    "latest": "https://zenodo.org/api/records/805667", 
    "latest_html": "https://zenodo.org/record/805667", 
    "record": "https://zenodo.org/api/records/805667", 
    "record_html": "https://zenodo.org/record/805667"
  }, 
  "metadata": {
    "access_right": "closed", 
    "communities": [
      {
        "identifier": "biosyslit"
      }, 
      {
        "identifier": "zenodo"
      }
    ], 
    "creators": [
      {
        "name": "de Almeida, L.M."
      }, 
      {
        "name": "Carareto, C.M.A."
      }
    ], 
    "description": "uploaded by Plazi from Taxodros", 
    "doi": "10.5281/zenodo.805667", 
    "journal_pages": "71-79", 
    "journal_title": "Iheringia, Ser. Zool.", 
    "journal_volume": "92", 
    "keywords": [
      "Biodiversity", 
      "Taxonomy", 
      "Animalia", 
      "Arthropoda", 
      "Insecta", 
      "Diptera", 
      "Drosophilidae", 
      "flies", 
      "fruit flies", 
      "terrestrial"
    ], 
    "prereserve_doi": {
      "doi": "10.5281/zenodo.805667", 
      "recid": 805667
    }, 
    "publication_date": "2002-12-31", 
    "publication_type": "article", 
    "title": "Gonadal hybrid dysgenesis in Drosophila sturtevanti (Diptera, Drosophilidae).", 
    "upload_type": "publication"
  }, 
  "modified": "2017-06-10T16:20:22.469375+00:00", 
  "owner": 1161, 
  "record_id": 805667, 
  "state": "done", 
  "submitted": true, 
  "title": "Gonadal hybrid dysgenesis in Drosophila sturtevanti (Diptera, Drosophilidae)."
}