{
  "conceptrecid": "805680", 
  "created": "2017-06-10T16:20:57.698801+00:00", 
  "files": [], 
  "id": 805681, 
  "links": {
    "bucket": "https://zenodo.org/api/files/d929d426-e56b-4af5-a8e9-17224cdff5e9", 
    "discard": "https://zenodo.org/api/deposit/depositions/805681/actions/discard", 
    "edit": "https://zenodo.org/api/deposit/depositions/805681/actions/edit", 
    "files": "https://zenodo.org/api/deposit/depositions/805681/files", 
    "html": "https://zenodo.org/deposit/805681", 
    "latest_draft": "https://zenodo.org/api/deposit/depositions/805681", 
    "latest_draft_html": "https://zenodo.org/deposit/805681", 
    "publish": "https://zenodo.org/api/deposit/depositions/805681/actions/publish", 
    "self": "https://zenodo.org/api/deposit/depositions/805681"
  }, 
  "metadata": {
    "access_right": "closed", 
    "communities": [
      {
        "identifier": "biosyslit"
      }
    ], 
    "creators": [
      {
        "name": "de Almeida, L.M."
      }, 
      {
        "name": "Langeani, F."
      }, 
      {
        "name": "Carareto, C.M.A."
      }
    ], 
    "description": "uploaded by Plazi from Taxodros", 
    "journal_pages": "175-179", 
    "journal_title": "Genet. and Molec. Biol.", 
    "journal_volume": "26", 
    "keywords": [
      "Biodiversity", 
      "Taxonomy", 
      "Animalia", 
      "Arthropoda", 
      "Insecta", 
      "Diptera", 
      "Drosophilidae", 
      "flies", 
      "fruit flies", 
      "terrestrial"
    ], 
    "prereserve_doi": {
      "doi": "10.5281/zenodo.805681", 
      "recid": 805681
    }, 
    "publication_date": "2003-12-31", 
    "publication_type": "article", 
    "title": "Geographic polymorphism of P element in populations of Drosophila sturtevanti.", 
    "upload_type": "publication"
  }, 
  "modified": "2017-06-10T16:20:57.698810+00:00", 
  "owner": 1161, 
  "record_id": 805681, 
  "state": "unsubmitted", 
  "submitted": false, 
  "title": "Geographic polymorphism of P element in populations of Drosophila sturtevanti."
}HTTP/1.1 100 Continue

HTTP/1.1 201 CREATED
Server: nginx/1.10.2
Date: Sat, 10 Jun 2017 16:21:00 GMT
Content-Type: application/json
Content-Length: 373
X-RateLimit-Limit: 5000
X-RateLimit-Remaining: 4997
X-RateLimit-Reset: 1497114408
Retry-After: 2747
Access-Control-Allow-Origin: *
Access-Control-Expose-Headers: Content-Type, ETag, Link, X-RateLimit-Limit, X-RateLimit-Remaining, X-RateLimit-Reset
X-Sentry-ID: None
Strict-Transport-Security: max-age=31536000

{"checksum": "e24d6d895ddf68ec923c0f6e4aadf864", "filename": "almeida_et_al__2003.pdf", "filesize": 159975, "id": "a982f9d9-a632-49fa-9df7-f76dd7bde793", "links": {"download": "https://zenodo.org/api/files/d929d426-e56b-4af5-a8e9-17224cdff5e9/almeida_et_al__2003.pdf", "self": "https://zenodo.org/api/deposit/depositions/805681/files/a982f9d9-a632-49fa-9df7-f76dd7bde793"}}HTTP/1.1 202 ACCEPTED
Server: nginx/1.10.2
Date: Sat, 10 Jun 2017 16:21:01 GMT
Content-Type: application/json
Content-Length: 2595
ETag: "2"
Last-Modified: Sat, 10 Jun 2017 16:21:01 GMT
Location: https://zenodo.org/api/deposit/depositions/805681
X-RateLimit-Limit: 5000
X-RateLimit-Remaining: 4999
X-RateLimit-Reset: 1497115261
Retry-After: 3599
Access-Control-Allow-Origin: *
Access-Control-Expose-Headers: Content-Type, ETag, Link, X-RateLimit-Limit, X-RateLimit-Remaining, X-RateLimit-Reset
X-Sentry-ID: None

{
  "conceptdoi": "10.5281/zenodo.805680", 
  "conceptrecid": "805680", 
  "created": "2017-06-10T16:20:57.698801+00:00", 
  "doi": "10.5281/zenodo.805681", 
  "doi_url": "https://doi.org/10.5281/zenodo.805681", 
  "files": [
    {
      "checksum": "e24d6d895ddf68ec923c0f6e4aadf864", 
      "filename": "almeida_et_al__2003.pdf", 
      "filesize": 159975, 
      "id": "a982f9d9-a632-49fa-9df7-f76dd7bde793", 
      "links": {
        "download": "https://zenodo.org/api/files/d929d426-e56b-4af5-a8e9-17224cdff5e9/almeida_et_al__2003.pdf", 
        "self": "https://zenodo.org/api/deposit/depositions/128482/files/a982f9d9-a632-49fa-9df7-f76dd7bde793"
      }
    }
  ], 
  "id": 805681, 
  "links": {
    "badge": "https://zenodo.org/badge/doi/10.5281/zenodo.805681.svg", 
    "bucket": "https://zenodo.org/api/files/d929d426-e56b-4af5-a8e9-17224cdff5e9", 
    "conceptbadge": "https://zenodo.org/badge/doi/10.5281/zenodo.805680.svg", 
    "conceptdoi": "https://doi.org/10.5281/zenodo.805680", 
    "doi": "https://doi.org/10.5281/zenodo.805681", 
    "latest": "https://zenodo.org/api/records/805681", 
    "latest_html": "https://zenodo.org/record/805681", 
    "record": "https://zenodo.org/api/records/805681", 
    "record_html": "https://zenodo.org/record/805681"
  }, 
  "metadata": {
    "access_right": "closed", 
    "communities": [
      {
        "identifier": "biosyslit"
      }, 
      {
        "identifier": "zenodo"
      }
    ], 
    "creators": [
      {
        "name": "de Almeida, L.M."
      }, 
      {
        "name": "Langeani, F."
      }, 
      {
        "name": "Carareto, C.M.A."
      }
    ], 
    "description": "uploaded by Plazi from Taxodros", 
    "doi": "10.5281/zenodo.805681", 
    "journal_pages": "175-179", 
    "journal_title": "Genet. and Molec. Biol.", 
    "journal_volume": "26", 
    "keywords": [
      "Biodiversity", 
      "Taxonomy", 
      "Animalia", 
      "Arthropoda", 
      "Insecta", 
      "Diptera", 
      "Drosophilidae", 
      "flies", 
      "fruit flies", 
      "terrestrial"
    ], 
    "prereserve_doi": {
      "doi": "10.5281/zenodo.805681", 
      "recid": 805681
    }, 
    "publication_date": "2003-12-31", 
    "publication_type": "article", 
    "title": "Geographic polymorphism of P element in populations of Drosophila sturtevanti.", 
    "upload_type": "publication"
  }, 
  "modified": "2017-06-10T16:21:01.572049+00:00", 
  "owner": 1161, 
  "record_id": 805681, 
  "state": "done", 
  "submitted": true, 
  "title": "Geographic polymorphism of P element in populations of Drosophila sturtevanti."
}