{
  "conceptrecid": "805688", 
  "created": "2017-06-10T16:21:22.417724+00:00", 
  "files": [], 
  "id": 805689, 
  "links": {
    "bucket": "https://zenodo.org/api/files/3a97a1e1-5d61-4c4b-a73d-261831916853", 
    "discard": "https://zenodo.org/api/deposit/depositions/805689/actions/discard", 
    "edit": "https://zenodo.org/api/deposit/depositions/805689/actions/edit", 
    "files": "https://zenodo.org/api/deposit/depositions/805689/files", 
    "html": "https://zenodo.org/deposit/805689", 
    "latest_draft": "https://zenodo.org/api/deposit/depositions/805689", 
    "latest_draft_html": "https://zenodo.org/deposit/805689", 
    "publish": "https://zenodo.org/api/deposit/depositions/805689/actions/publish", 
    "self": "https://zenodo.org/api/deposit/depositions/805689"
  }, 
  "metadata": {
    "access_right": "open", 
    "communities": [
      {
        "identifier": "biosyslit"
      }
    ], 
    "creators": [
      {
        "name": "Alonso-Pimentel, H."
      }, 
      {
        "name": "Tobin, T.R."
      }
    ], 
    "description": "uploaded by Plazi from Taxodros", 
    "journal_pages": "131-139", 
    "journal_title": "J. Insect Behav.", 
    "journal_volume": "5", 
    "keywords": [
      "Biodiversity", 
      "Taxonomy", 
      "Animalia", 
      "Arthropoda", 
      "Insecta", 
      "Diptera", 
      "Drosophilidae", 
      "flies", 
      "fruit flies", 
      "terrestrial"
    ], 
    "license": "CC-BY-4.0", 
    "prereserve_doi": {
      "doi": "10.5281/zenodo.805689", 
      "recid": 805689
    }, 
    "publication_date": "1992-01-31", 
    "publication_type": "article", 
    "title": "Discriminant Function Analysis of the Courtship Behavior of Drosophila mojavensis (Diptera: Drosophilidae).", 
    "upload_type": "publication"
  }, 
  "modified": "2017-06-10T16:21:22.417733+00:00", 
  "owner": 1161, 
  "record_id": 805689, 
  "state": "unsubmitted", 
  "submitted": false, 
  "title": "Discriminant Function Analysis of the Courtship Behavior of Drosophila mojavensis (Diptera: Drosophilidae)."
}HTTP/1.1 100 Continue

HTTP/1.1 201 CREATED
Server: nginx/1.10.2
Date: Sat, 10 Jun 2017 16:21:28 GMT
Content-Type: application/json
Content-Length: 371
X-RateLimit-Limit: 5000
X-RateLimit-Remaining: 4996
X-RateLimit-Reset: 1497114383
Retry-After: 2694
Access-Control-Allow-Origin: *
Access-Control-Expose-Headers: Content-Type, ETag, Link, X-RateLimit-Limit, X-RateLimit-Remaining, X-RateLimit-Reset
X-Sentry-ID: None
Strict-Transport-Security: max-age=31536000

{"checksum": "3589320cd17639df1198508512e4cb92", "filename": "alonso__tobin_1992.pdf", "filesize": 313261, "id": "5ed89136-8030-4f53-8e27-097c8d96633d", "links": {"download": "https://zenodo.org/api/files/3a97a1e1-5d61-4c4b-a73d-261831916853/alonso__tobin_1992.pdf", "self": "https://zenodo.org/api/deposit/depositions/805689/files/5ed89136-8030-4f53-8e27-097c8d96633d"}}HTTP/1.1 202 ACCEPTED
Server: nginx/1.10.2
Date: Sat, 10 Jun 2017 16:21:30 GMT
Content-Type: application/json
Content-Length: 2619
ETag: "2"
Last-Modified: Sat, 10 Jun 2017 16:21:30 GMT
Location: https://zenodo.org/api/deposit/depositions/805689
X-RateLimit-Limit: 5000
X-RateLimit-Remaining: 4996
X-RateLimit-Reset: 1497114374
Retry-After: 2683
Access-Control-Allow-Origin: *
Access-Control-Expose-Headers: Content-Type, ETag, Link, X-RateLimit-Limit, X-RateLimit-Remaining, X-RateLimit-Reset
X-Sentry-ID: None

{
  "conceptdoi": "10.5281/zenodo.805688", 
  "conceptrecid": "805688", 
  "created": "2017-06-10T16:21:22.417724+00:00", 
  "doi": "10.5281/zenodo.805689", 
  "doi_url": "https://doi.org/10.5281/zenodo.805689", 
  "files": [
    {
      "checksum": "3589320cd17639df1198508512e4cb92", 
      "filename": "alonso__tobin_1992.pdf", 
      "filesize": 313261, 
      "id": "5ed89136-8030-4f53-8e27-097c8d96633d", 
      "links": {
        "download": "https://zenodo.org/api/files/3a97a1e1-5d61-4c4b-a73d-261831916853/alonso__tobin_1992.pdf", 
        "self": "https://zenodo.org/api/deposit/depositions/804703/files/5ed89136-8030-4f53-8e27-097c8d96633d"
      }
    }
  ], 
  "id": 805689, 
  "links": {
    "badge": "https://zenodo.org/badge/doi/10.5281/zenodo.805689.svg", 
    "bucket": "https://zenodo.org/api/files/3a97a1e1-5d61-4c4b-a73d-261831916853", 
    "conceptbadge": "https://zenodo.org/badge/doi/10.5281/zenodo.805688.svg", 
    "conceptdoi": "https://doi.org/10.5281/zenodo.805688", 
    "doi": "https://doi.org/10.5281/zenodo.805689", 
    "latest": "https://zenodo.org/api/records/805689", 
    "latest_html": "https://zenodo.org/record/805689", 
    "record": "https://zenodo.org/api/records/805689", 
    "record_html": "https://zenodo.org/record/805689"
  }, 
  "metadata": {
    "access_right": "open", 
    "communities": [
      {
        "identifier": "biosyslit"
      }, 
      {
        "identifier": "zenodo"
      }
    ], 
    "creators": [
      {
        "name": "Alonso-Pimentel, H."
      }, 
      {
        "name": "Tobin, T.R."
      }
    ], 
    "description": "uploaded by Plazi from Taxodros", 
    "doi": "10.5281/zenodo.805689", 
    "journal_pages": "131-139", 
    "journal_title": "J. Insect Behav.", 
    "journal_volume": "5", 
    "keywords": [
      "Biodiversity", 
      "Taxonomy", 
      "Animalia", 
      "Arthropoda", 
      "Insecta", 
      "Diptera", 
      "Drosophilidae", 
      "flies", 
      "fruit flies", 
      "terrestrial"
    ], 
    "license": "CC-BY-4.0", 
    "prereserve_doi": {
      "doi": "10.5281/zenodo.805689", 
      "recid": 805689
    }, 
    "publication_date": "1992-01-31", 
    "publication_type": "article", 
    "title": "Discriminant Function Analysis of the Courtship Behavior of Drosophila mojavensis (Diptera: Drosophilidae).", 
    "upload_type": "publication"
  }, 
  "modified": "2017-06-10T16:21:30.013751+00:00", 
  "owner": 1161, 
  "record_id": 805689, 
  "state": "done", 
  "submitted": true, 
  "title": "Discriminant Function Analysis of the Courtship Behavior of Drosophila mojavensis (Diptera: Drosophilidae)."
}