{
  "conceptrecid": "805682", 
  "created": "2017-06-10T16:21:02.971623+00:00", 
  "files": [], 
  "id": 805683, 
  "links": {
    "bucket": "https://zenodo.org/api/files/c5efc3f3-4d05-4dc4-92ad-25542e6aab19", 
    "discard": "https://zenodo.org/api/deposit/depositions/805683/actions/discard", 
    "edit": "https://zenodo.org/api/deposit/depositions/805683/actions/edit", 
    "files": "https://zenodo.org/api/deposit/depositions/805683/files", 
    "html": "https://zenodo.org/deposit/805683", 
    "latest_draft": "https://zenodo.org/api/deposit/depositions/805683", 
    "latest_draft_html": "https://zenodo.org/deposit/805683", 
    "publish": "https://zenodo.org/api/deposit/depositions/805683/actions/publish", 
    "self": "https://zenodo.org/api/deposit/depositions/805683"
  }, 
  "metadata": {
    "access_right": "open", 
    "communities": [
      {
        "identifier": "biosyslit"
      }
    ], 
    "creators": [
      {
        "name": "Alonso-Moraga, A."
      }, 
      {
        "name": "Munoz-Serrano, A."
      }
    ], 
    "description": "uploaded by Plazi from Taxodros", 
    "journal_pages": "1048-1050", 
    "journal_title": "Experientia", 
    "journal_volume": "42", 
    "keywords": [
      "Biodiversity", 
      "Taxonomy", 
      "Animalia", 
      "Arthropoda", 
      "Insecta", 
      "Diptera", 
      "Drosophilidae", 
      "flies", 
      "fruit flies", 
      "terrestrial"
    ], 
    "license": "CC-BY-4.0", 
    "prereserve_doi": {
      "doi": "10.5281/zenodo.805683", 
      "recid": 805683
    }, 
    "publication_date": "1986-11-15", 
    "publication_type": "article", 
    "title": "Allozyme polymorphism and linkage disequilibrium of Adh and Alpha-Gpdh loci in wine cellar and field populations of Drosophila melanogaster.", 
    "upload_type": "publication"
  }, 
  "modified": "2017-06-10T16:21:02.971642+00:00", 
  "owner": 1161, 
  "record_id": 805683, 
  "state": "unsubmitted", 
  "submitted": false, 
  "title": "Allozyme polymorphism and linkage disequilibrium of Adh and Alpha-Gpdh loci in wine cellar and field populations of Drosophila melanogaster."
}HTTP/1.1 100 Continue

HTTP/1.1 201 CREATED
Server: nginx/1.10.2
Date: Sat, 10 Jun 2017 16:21:06 GMT
Content-Type: application/json
Content-Length: 371
X-RateLimit-Limit: 5000
X-RateLimit-Remaining: 4998
X-RateLimit-Reset: 1497115241
Retry-After: 3574
Access-Control-Allow-Origin: *
Access-Control-Expose-Headers: Content-Type, ETag, Link, X-RateLimit-Limit, X-RateLimit-Remaining, X-RateLimit-Reset
X-Sentry-ID: None
Strict-Transport-Security: max-age=31536000

{"checksum": "c8352b4201294922e75e511d62661047", "filename": "alonso__munoz_1986.pdf", "filesize": 131583, "id": "7a2ba094-ea45-4226-b897-f05075c5abad", "links": {"download": "https://zenodo.org/api/files/c5efc3f3-4d05-4dc4-92ad-25542e6aab19/alonso__munoz_1986.pdf", "self": "https://zenodo.org/api/deposit/depositions/805683/files/7a2ba094-ea45-4226-b897-f05075c5abad"}}HTTP/1.1 202 ACCEPTED
Server: nginx/1.10.2
Date: Sat, 10 Jun 2017 16:21:07 GMT
Content-Type: application/json
Content-Length: 2687
ETag: "2"
Last-Modified: Sat, 10 Jun 2017 16:21:07 GMT
Location: https://zenodo.org/api/deposit/depositions/805683
X-RateLimit-Limit: 5000
X-RateLimit-Remaining: 4998
X-RateLimit-Reset: 1497115198
Retry-After: 3530
Access-Control-Allow-Origin: *
Access-Control-Expose-Headers: Content-Type, ETag, Link, X-RateLimit-Limit, X-RateLimit-Remaining, X-RateLimit-Reset
X-Sentry-ID: None

{
  "conceptdoi": "10.5281/zenodo.805682", 
  "conceptrecid": "805682", 
  "created": "2017-06-10T16:21:02.971623+00:00", 
  "doi": "10.5281/zenodo.805683", 
  "doi_url": "https://doi.org/10.5281/zenodo.805683", 
  "files": [
    {
      "checksum": "c8352b4201294922e75e511d62661047", 
      "filename": "alonso__munoz_1986.pdf", 
      "filesize": 131583, 
      "id": "7a2ba094-ea45-4226-b897-f05075c5abad", 
      "links": {
        "download": "https://zenodo.org/api/files/c5efc3f3-4d05-4dc4-92ad-25542e6aab19/alonso__munoz_1986.pdf", 
        "self": "https://zenodo.org/api/deposit/depositions/804610/files/7a2ba094-ea45-4226-b897-f05075c5abad"
      }
    }
  ], 
  "id": 805683, 
  "links": {
    "badge": "https://zenodo.org/badge/doi/10.5281/zenodo.805683.svg", 
    "bucket": "https://zenodo.org/api/files/c5efc3f3-4d05-4dc4-92ad-25542e6aab19", 
    "conceptbadge": "https://zenodo.org/badge/doi/10.5281/zenodo.805682.svg", 
    "conceptdoi": "https://doi.org/10.5281/zenodo.805682", 
    "doi": "https://doi.org/10.5281/zenodo.805683", 
    "latest": "https://zenodo.org/api/records/805683", 
    "latest_html": "https://zenodo.org/record/805683", 
    "record": "https://zenodo.org/api/records/805683", 
    "record_html": "https://zenodo.org/record/805683"
  }, 
  "metadata": {
    "access_right": "open", 
    "communities": [
      {
        "identifier": "biosyslit"
      }, 
      {
        "identifier": "zenodo"
      }
    ], 
    "creators": [
      {
        "name": "Alonso-Moraga, A."
      }, 
      {
        "name": "Munoz-Serrano, A."
      }
    ], 
    "description": "uploaded by Plazi from Taxodros", 
    "doi": "10.5281/zenodo.805683", 
    "journal_pages": "1048-1050", 
    "journal_title": "Experientia", 
    "journal_volume": "42", 
    "keywords": [
      "Biodiversity", 
      "Taxonomy", 
      "Animalia", 
      "Arthropoda", 
      "Insecta", 
      "Diptera", 
      "Drosophilidae", 
      "flies", 
      "fruit flies", 
      "terrestrial"
    ], 
    "license": "CC-BY-4.0", 
    "prereserve_doi": {
      "doi": "10.5281/zenodo.805683", 
      "recid": 805683
    }, 
    "publication_date": "1986-11-15", 
    "publication_type": "article", 
    "title": "Allozyme polymorphism and linkage disequilibrium of Adh and Alpha-Gpdh loci in wine cellar and field populations of Drosophila melanogaster.", 
    "upload_type": "publication"
  }, 
  "modified": "2017-06-10T16:21:07.414337+00:00", 
  "owner": 1161, 
  "record_id": 805683, 
  "state": "done", 
  "submitted": true, 
  "title": "Allozyme polymorphism and linkage disequilibrium of Adh and Alpha-Gpdh loci in wine cellar and field populations of Drosophila melanogaster."
}