{
  "conceptrecid": "805735", 
  "created": "2017-06-10T20:06:57.354507+00:00", 
  "files": [], 
  "id": 805736, 
  "links": {
    "bucket": "https://zenodo.org/api/files/e3e94be1-213f-4066-8182-4fea462d933f", 
    "discard": "https://zenodo.org/api/deposit/depositions/805736/actions/discard", 
    "edit": "https://zenodo.org/api/deposit/depositions/805736/actions/edit", 
    "files": "https://zenodo.org/api/deposit/depositions/805736/files", 
    "html": "https://zenodo.org/deposit/805736", 
    "latest_draft": "https://zenodo.org/api/deposit/depositions/805736", 
    "latest_draft_html": "https://zenodo.org/deposit/805736", 
    "publish": "https://zenodo.org/api/deposit/depositions/805736/actions/publish", 
    "self": "https://zenodo.org/api/deposit/depositions/805736"
  }, 
  "metadata": {
    "access_right": "open", 
    "communities": [
      {
        "identifier": "biosyslit"
      }
    ], 
    "creators": [
      {
        "name": "Alonso-Pimentel, H."
      }, 
      {
        "name": "Spangler, H.G."
      }, 
      {
        "name": "Heed, W.B."
      }
    ], 
    "description": "uploaded by Plazi from Taxodros", 
    "journal_pages": "1031-1039", 
    "journal_title": "Anim. Behav.", 
    "journal_volume": "50", 
    "keywords": [
      "Biodiversity", 
      "Taxonomy", 
      "Animalia", 
      "Arthropoda", 
      "Insecta", 
      "Diptera", 
      "Drosophilidae", 
      "flies", 
      "fruit flies", 
      "terrestrial"
    ], 
    "license": "CC-BY-4.0", 
    "prereserve_doi": {
      "doi": "10.5281/zenodo.805736", 
      "recid": 805736
    }, 
    "publication_date": "1995-12-31", 
    "publication_type": "article", 
    "title": "Courtship sounds and behaviour of the two saguaro-breeding Drosophila and their relatives.", 
    "upload_type": "publication"
  }, 
  "modified": "2017-06-10T20:06:57.354514+00:00", 
  "owner": 1161, 
  "record_id": 805736, 
  "state": "unsubmitted", 
  "submitted": false, 
  "title": "Courtship sounds and behaviour of the two saguaro-breeding Drosophila and their relatives."
}HTTP/1.1 100 Continue

HTTP/1.1 201 CREATED
Server: nginx/1.10.2
Date: Sat, 10 Jun 2017 20:07:01 GMT
Content-Type: application/json
Content-Length: 371
X-RateLimit-Limit: 5000
X-RateLimit-Remaining: 4998
X-RateLimit-Reset: 1497128813
Retry-After: 3591
Access-Control-Allow-Origin: *
Access-Control-Expose-Headers: Content-Type, ETag, Link, X-RateLimit-Limit, X-RateLimit-Remaining, X-RateLimit-Reset
X-Sentry-ID: None
Strict-Transport-Security: max-age=31536000

{"checksum": "78a54e6ef0a6ac0c95ddafaede59c55f", "filename": "alonso_et_al__1995.pdf", "filesize": 744724, "id": "6bcc6ccd-2da0-4eb2-8e80-22c4ab237bbe", "links": {"download": "https://zenodo.org/api/files/e3e94be1-213f-4066-8182-4fea462d933f/alonso_et_al__1995.pdf", "self": "https://zenodo.org/api/deposit/depositions/805736/files/6bcc6ccd-2da0-4eb2-8e80-22c4ab237bbe"}}HTTP/1.1 202 ACCEPTED
Server: nginx/1.10.2
Date: Sat, 10 Jun 2017 20:07:03 GMT
Content-Type: application/json
Content-Length: 2634
ETag: "2"
Last-Modified: Sat, 10 Jun 2017 20:07:03 GMT
Location: https://zenodo.org/api/deposit/depositions/805736
X-RateLimit-Limit: 5000
X-RateLimit-Remaining: 4999
X-RateLimit-Reset: 1497128822
Retry-After: 3598
Access-Control-Allow-Origin: *
Access-Control-Expose-Headers: Content-Type, ETag, Link, X-RateLimit-Limit, X-RateLimit-Remaining, X-RateLimit-Reset
X-Sentry-ID: None

{
  "conceptdoi": "10.5281/zenodo.805735", 
  "conceptrecid": "805735", 
  "created": "2017-06-10T20:06:57.354507+00:00", 
  "doi": "10.5281/zenodo.805736", 
  "doi_url": "https://doi.org/10.5281/zenodo.805736", 
  "files": [
    {
      "checksum": "78a54e6ef0a6ac0c95ddafaede59c55f", 
      "filename": "alonso_et_al__1995.pdf", 
      "filesize": 744724, 
      "id": "6bcc6ccd-2da0-4eb2-8e80-22c4ab237bbe", 
      "links": {
        "download": "https://zenodo.org/api/files/e3e94be1-213f-4066-8182-4fea462d933f/alonso_et_al__1995.pdf", 
        "self": "https://zenodo.org/api/deposit/depositions/142767/files/6bcc6ccd-2da0-4eb2-8e80-22c4ab237bbe"
      }
    }
  ], 
  "id": 805736, 
  "links": {
    "badge": "https://zenodo.org/badge/doi/10.5281/zenodo.805736.svg", 
    "bucket": "https://zenodo.org/api/files/e3e94be1-213f-4066-8182-4fea462d933f", 
    "conceptbadge": "https://zenodo.org/badge/doi/10.5281/zenodo.805735.svg", 
    "conceptdoi": "https://doi.org/10.5281/zenodo.805735", 
    "doi": "https://doi.org/10.5281/zenodo.805736", 
    "latest": "https://zenodo.org/api/records/805736", 
    "latest_html": "https://zenodo.org/record/805736", 
    "record": "https://zenodo.org/api/records/805736", 
    "record_html": "https://zenodo.org/record/805736"
  }, 
  "metadata": {
    "access_right": "open", 
    "communities": [
      {
        "identifier": "biosyslit"
      }, 
      {
        "identifier": "zenodo"
      }
    ], 
    "creators": [
      {
        "name": "Alonso-Pimentel, H."
      }, 
      {
        "name": "Spangler, H.G."
      }, 
      {
        "name": "Heed, W.B."
      }
    ], 
    "description": "uploaded by Plazi from Taxodros", 
    "doi": "10.5281/zenodo.805736", 
    "journal_pages": "1031-1039", 
    "journal_title": "Anim. Behav.", 
    "journal_volume": "50", 
    "keywords": [
      "Biodiversity", 
      "Taxonomy", 
      "Animalia", 
      "Arthropoda", 
      "Insecta", 
      "Diptera", 
      "Drosophilidae", 
      "flies", 
      "fruit flies", 
      "terrestrial"
    ], 
    "license": "CC-BY-4.0", 
    "prereserve_doi": {
      "doi": "10.5281/zenodo.805736", 
      "recid": 805736
    }, 
    "publication_date": "1995-12-31", 
    "publication_type": "article", 
    "title": "Courtship sounds and behaviour of the two saguaro-breeding Drosophila and their relatives.", 
    "upload_type": "publication"
  }, 
  "modified": "2017-06-10T20:07:03.050056+00:00", 
  "owner": 1161, 
  "record_id": 805736, 
  "state": "done", 
  "submitted": true, 
  "title": "Courtship sounds and behaviour of the two saguaro-breeding Drosophila and their relatives."
}