{
  "conceptrecid": "805690", 
  "created": "2017-06-10T16:21:31.395759+00:00", 
  "files": [], 
  "id": 805691, 
  "links": {
    "bucket": "https://zenodo.org/api/files/ab73291b-a0db-4de1-a1ea-bf13f2af8365", 
    "discard": "https://zenodo.org/api/deposit/depositions/805691/actions/discard", 
    "edit": "https://zenodo.org/api/deposit/depositions/805691/actions/edit", 
    "files": "https://zenodo.org/api/deposit/depositions/805691/files", 
    "html": "https://zenodo.org/deposit/805691", 
    "latest_draft": "https://zenodo.org/api/deposit/depositions/805691", 
    "latest_draft_html": "https://zenodo.org/deposit/805691", 
    "publish": "https://zenodo.org/api/deposit/depositions/805691/actions/publish", 
    "self": "https://zenodo.org/api/deposit/depositions/805691"
  }, 
  "metadata": {
    "access_right": "open", 
    "communities": [
      {
        "identifier": "biosyslit"
      }
    ], 
    "creators": [
      {
        "name": "Alonso-Moraga, A."
      }, 
      {
        "name": "Munoz-Serrano, A."
      }, 
      {
        "name": "and Rodero, A."
      }
    ], 
    "description": "uploaded by Plazi from Taxodros", 
    "journal_pages": "435-442", 
    "journal_title": "Genet. Sel. Evol.", 
    "journal_volume": "17", 
    "keywords": [
      "Biodiversity", 
      "Taxonomy", 
      "Animalia", 
      "Arthropoda", 
      "Insecta", 
      "Diptera", 
      "Drosophilidae", 
      "flies", 
      "fruit flies", 
      "terrestrial"
    ], 
    "license": "CC-BY-4.0", 
    "prereserve_doi": {
      "doi": "10.5281/zenodo.805691", 
      "recid": 805691
    }, 
    "publication_date": "1985-12-31", 
    "publication_type": "article", 
    "title": "Variation of allozyme frequencies in Spanish field and cellar populations of D. melanogaster.", 
    "upload_type": "publication"
  }, 
  "modified": "2017-06-10T16:21:31.395766+00:00", 
  "owner": 1161, 
  "record_id": 805691, 
  "state": "unsubmitted", 
  "submitted": false, 
  "title": "Variation of allozyme frequencies in Spanish field and cellar populations of D. melanogaster."
}HTTP/1.1 100 Continue

HTTP/1.1 201 CREATED
Server: nginx/1.10.2
Date: Sat, 10 Jun 2017 16:21:36 GMT
Content-Type: application/json
Content-Length: 371
X-RateLimit-Limit: 5000
X-RateLimit-Remaining: 4999
X-RateLimit-Reset: 1497115293
Retry-After: 3596
Access-Control-Allow-Origin: *
Access-Control-Expose-Headers: Content-Type, ETag, Link, X-RateLimit-Limit, X-RateLimit-Remaining, X-RateLimit-Reset
X-Sentry-ID: None
Strict-Transport-Security: max-age=31536000

{"checksum": "ef9a3ed99549ca3810397c599c82b615", "filename": "alonso_et_al__1985.pdf", "filesize": 309215, "id": "f7c52025-26b8-4cdb-80e3-49b8e1cc1d00", "links": {"download": "https://zenodo.org/api/files/ab73291b-a0db-4de1-a1ea-bf13f2af8365/alonso_et_al__1985.pdf", "self": "https://zenodo.org/api/deposit/depositions/805691/files/f7c52025-26b8-4cdb-80e3-49b8e1cc1d00"}}HTTP/1.1 202 ACCEPTED
Server: nginx/1.10.2
Date: Sat, 10 Jun 2017 16:21:40 GMT
Content-Type: application/json
Content-Length: 2648
ETag: "2"
Last-Modified: Sat, 10 Jun 2017 16:21:39 GMT
Location: https://zenodo.org/api/deposit/depositions/805691
X-RateLimit-Limit: 5000
X-RateLimit-Remaining: 4995
X-RateLimit-Reset: 1497114547
Retry-After: 2846
Access-Control-Allow-Origin: *
Access-Control-Expose-Headers: Content-Type, ETag, Link, X-RateLimit-Limit, X-RateLimit-Remaining, X-RateLimit-Reset
X-Sentry-ID: None

{
  "conceptdoi": "10.5281/zenodo.805690", 
  "conceptrecid": "805690", 
  "created": "2017-06-10T16:21:31.395759+00:00", 
  "doi": "10.5281/zenodo.805691", 
  "doi_url": "https://doi.org/10.5281/zenodo.805691", 
  "files": [
    {
      "checksum": "ef9a3ed99549ca3810397c599c82b615", 
      "filename": "alonso_et_al__1985.pdf", 
      "filesize": 309215, 
      "id": "f7c52025-26b8-4cdb-80e3-49b8e1cc1d00", 
      "links": {
        "download": "https://zenodo.org/api/files/ab73291b-a0db-4de1-a1ea-bf13f2af8365/alonso_et_al__1985.pdf", 
        "self": "https://zenodo.org/api/deposit/depositions/804695/files/f7c52025-26b8-4cdb-80e3-49b8e1cc1d00"
      }
    }
  ], 
  "id": 805691, 
  "links": {
    "badge": "https://zenodo.org/badge/doi/10.5281/zenodo.805691.svg", 
    "bucket": "https://zenodo.org/api/files/ab73291b-a0db-4de1-a1ea-bf13f2af8365", 
    "conceptbadge": "https://zenodo.org/badge/doi/10.5281/zenodo.805690.svg", 
    "conceptdoi": "https://doi.org/10.5281/zenodo.805690", 
    "doi": "https://doi.org/10.5281/zenodo.805691", 
    "latest": "https://zenodo.org/api/records/805691", 
    "latest_html": "https://zenodo.org/record/805691", 
    "record": "https://zenodo.org/api/records/805691", 
    "record_html": "https://zenodo.org/record/805691"
  }, 
  "metadata": {
    "access_right": "open", 
    "communities": [
      {
        "identifier": "biosyslit"
      }, 
      {
        "identifier": "zenodo"
      }
    ], 
    "creators": [
      {
        "name": "Alonso-Moraga, A."
      }, 
      {
        "name": "Munoz-Serrano, A."
      }, 
      {
        "name": "and Rodero, A."
      }
    ], 
    "description": "uploaded by Plazi from Taxodros", 
    "doi": "10.5281/zenodo.805691", 
    "journal_pages": "435-442", 
    "journal_title": "Genet. Sel. Evol.", 
    "journal_volume": "17", 
    "keywords": [
      "Biodiversity", 
      "Taxonomy", 
      "Animalia", 
      "Arthropoda", 
      "Insecta", 
      "Diptera", 
      "Drosophilidae", 
      "flies", 
      "fruit flies", 
      "terrestrial"
    ], 
    "license": "CC-BY-4.0", 
    "prereserve_doi": {
      "doi": "10.5281/zenodo.805691", 
      "recid": 805691
    }, 
    "publication_date": "1985-12-31", 
    "publication_type": "article", 
    "title": "Variation of allozyme frequencies in Spanish field and cellar populations of D. melanogaster.", 
    "upload_type": "publication"
  }, 
  "modified": "2017-06-10T16:21:39.414794+00:00", 
  "owner": 1161, 
  "record_id": 805691, 
  "state": "done", 
  "submitted": true, 
  "title": "Variation of allozyme frequencies in Spanish field and cellar populations of D. melanogaster."
}