{
  "conceptrecid": "805737", 
  "created": "2017-06-10T20:07:04.323566+00:00", 
  "files": [], 
  "id": 805738, 
  "links": {
    "bucket": "https://zenodo.org/api/files/630b3a5f-63e8-4df4-979f-237353195b51", 
    "discard": "https://zenodo.org/api/deposit/depositions/805738/actions/discard", 
    "edit": "https://zenodo.org/api/deposit/depositions/805738/actions/edit", 
    "files": "https://zenodo.org/api/deposit/depositions/805738/files", 
    "html": "https://zenodo.org/deposit/805738", 
    "latest_draft": "https://zenodo.org/api/deposit/depositions/805738", 
    "latest_draft_html": "https://zenodo.org/deposit/805738", 
    "publish": "https://zenodo.org/api/deposit/depositions/805738/actions/publish", 
    "self": "https://zenodo.org/api/deposit/depositions/805738"
  }, 
  "metadata": {
    "access_right": "closed", 
    "communities": [
      {
        "identifier": "biosyslit"
      }
    ], 
    "creators": [
      {
        "name": "Alonso-Gonzalez, L."
      }, 
      {
        "name": "Dominguez, A."
      }, 
      {
        "name": "Albornoz, J."
      }
    ], 
    "description": "uploaded by Plazi from Taxodros", 
    "journal_pages": "11-19", 
    "journal_title": "Genetica", 
    "journal_volume": "128", 
    "keywords": [
      "Biodiversity", 
      "Taxonomy", 
      "Animalia", 
      "Arthropoda", 
      "Insecta", 
      "Diptera", 
      "Drosophilidae", 
      "flies", 
      "fruit flies", 
      "terrestrial"
    ], 
    "prereserve_doi": {
      "doi": "10.5281/zenodo.805738", 
      "recid": 805738
    }, 
    "publication_date": "2006-12-31", 
    "publication_type": "article", 
    "title": "Direct determination of the influence of extreme temperature on transposition and structural mutation rates of Drosophila melanogaster mobile elements.", 
    "upload_type": "publication"
  }, 
  "modified": "2017-06-10T20:07:04.323572+00:00", 
  "owner": 1161, 
  "record_id": 805738, 
  "state": "unsubmitted", 
  "submitted": false, 
  "title": "Direct determination of the influence of extreme temperature on transposition and structural mutation rates of Drosophila melanogaster mobile elements."
}HTTP/1.1 100 Continue

HTTP/1.1 201 CREATED
Server: nginx/1.10.2
Date: Sat, 10 Jun 2017 20:07:07 GMT
Content-Type: application/json
Content-Length: 371
X-RateLimit-Limit: 5000
X-RateLimit-Remaining: 4999
X-RateLimit-Reset: 1497128825
Retry-After: 3597
Access-Control-Allow-Origin: *
Access-Control-Expose-Headers: Content-Type, ETag, Link, X-RateLimit-Limit, X-RateLimit-Remaining, X-RateLimit-Reset
X-Sentry-ID: None
Strict-Transport-Security: max-age=31536000

{"checksum": "ec14c2699e17449fd8f241dfcf9aae2a", "filename": "alonso_et_al__2006.pdf", "filesize": 272135, "id": "2d22bfec-8ac6-4b07-86d8-7698a7e73c35", "links": {"download": "https://zenodo.org/api/files/630b3a5f-63e8-4df4-979f-237353195b51/alonso_et_al__2006.pdf", "self": "https://zenodo.org/api/deposit/depositions/805738/files/2d22bfec-8ac6-4b07-86d8-7698a7e73c35"}}HTTP/1.1 202 ACCEPTED
Server: nginx/1.10.2
Date: Sat, 10 Jun 2017 20:07:09 GMT
Content-Type: application/json
Content-Length: 2723
ETag: "2"
Last-Modified: Sat, 10 Jun 2017 20:07:08 GMT
Location: https://zenodo.org/api/deposit/depositions/805738
X-RateLimit-Limit: 5000
X-RateLimit-Remaining: 4999
X-RateLimit-Reset: 1497128828
Retry-After: 3598
Access-Control-Allow-Origin: *
Access-Control-Expose-Headers: Content-Type, ETag, Link, X-RateLimit-Limit, X-RateLimit-Remaining, X-RateLimit-Reset
X-Sentry-ID: None

{
  "conceptdoi": "10.5281/zenodo.805737", 
  "conceptrecid": "805737", 
  "created": "2017-06-10T20:07:04.323566+00:00", 
  "doi": "10.5281/zenodo.805738", 
  "doi_url": "https://doi.org/10.5281/zenodo.805738", 
  "files": [
    {
      "checksum": "ec14c2699e17449fd8f241dfcf9aae2a", 
      "filename": "alonso_et_al__2006.pdf", 
      "filesize": 272135, 
      "id": "2d22bfec-8ac6-4b07-86d8-7698a7e73c35", 
      "links": {
        "download": "https://zenodo.org/api/files/630b3a5f-63e8-4df4-979f-237353195b51/alonso_et_al__2006.pdf", 
        "self": "https://zenodo.org/api/deposit/depositions/804711/files/2d22bfec-8ac6-4b07-86d8-7698a7e73c35"
      }
    }
  ], 
  "id": 805738, 
  "links": {
    "badge": "https://zenodo.org/badge/doi/10.5281/zenodo.805738.svg", 
    "bucket": "https://zenodo.org/api/files/630b3a5f-63e8-4df4-979f-237353195b51", 
    "conceptbadge": "https://zenodo.org/badge/doi/10.5281/zenodo.805737.svg", 
    "conceptdoi": "https://doi.org/10.5281/zenodo.805737", 
    "doi": "https://doi.org/10.5281/zenodo.805738", 
    "latest": "https://zenodo.org/api/records/805738", 
    "latest_html": "https://zenodo.org/record/805738", 
    "record": "https://zenodo.org/api/records/805738", 
    "record_html": "https://zenodo.org/record/805738"
  }, 
  "metadata": {
    "access_right": "closed", 
    "communities": [
      {
        "identifier": "biosyslit"
      }, 
      {
        "identifier": "zenodo"
      }
    ], 
    "creators": [
      {
        "name": "Alonso-Gonzalez, L."
      }, 
      {
        "name": "Dominguez, A."
      }, 
      {
        "name": "Albornoz, J."
      }
    ], 
    "description": "uploaded by Plazi from Taxodros", 
    "doi": "10.5281/zenodo.805738", 
    "journal_pages": "11-19", 
    "journal_title": "Genetica", 
    "journal_volume": "128", 
    "keywords": [
      "Biodiversity", 
      "Taxonomy", 
      "Animalia", 
      "Arthropoda", 
      "Insecta", 
      "Diptera", 
      "Drosophilidae", 
      "flies", 
      "fruit flies", 
      "terrestrial"
    ], 
    "prereserve_doi": {
      "doi": "10.5281/zenodo.805738", 
      "recid": 805738
    }, 
    "publication_date": "2006-12-31", 
    "publication_type": "article", 
    "title": "Direct determination of the influence of extreme temperature on transposition and structural mutation rates of Drosophila melanogaster mobile elements.", 
    "upload_type": "publication"
  }, 
  "modified": "2017-06-10T20:07:08.799790+00:00", 
  "owner": 1161, 
  "record_id": 805738, 
  "state": "done", 
  "submitted": true, 
  "title": "Direct determination of the influence of extreme temperature on transposition and structural mutation rates of Drosophila melanogaster mobile elements."
}