{
  "conceptrecid": "805692", 
  "created": "2017-06-10T16:21:41.792693+00:00", 
  "files": [], 
  "id": 805693, 
  "links": {
    "bucket": "https://zenodo.org/api/files/98d62350-b436-4010-bcf8-a0303c44f031", 
    "discard": "https://zenodo.org/api/deposit/depositions/805693/actions/discard", 
    "edit": "https://zenodo.org/api/deposit/depositions/805693/actions/edit", 
    "files": "https://zenodo.org/api/deposit/depositions/805693/files", 
    "html": "https://zenodo.org/deposit/805693", 
    "latest_draft": "https://zenodo.org/api/deposit/depositions/805693", 
    "latest_draft_html": "https://zenodo.org/deposit/805693", 
    "publish": "https://zenodo.org/api/deposit/depositions/805693/actions/publish", 
    "self": "https://zenodo.org/api/deposit/depositions/805693"
  }, 
  "metadata": {
    "access_right": "open", 
    "communities": [
      {
        "identifier": "biosyslit"
      }
    ], 
    "creators": [
      {
        "name": "Alonso-Moraga, A."
      }, 
      {
        "name": "Munoz-Serrano, A."
      }, 
      {
        "name": "Serradilla, J.M."
      }, 
      {
        "name": "David, J.R."
      }
    ], 
    "description": "uploaded by Plazi from Taxodros", 
    "journal_pages": "307-314", 
    "journal_title": "Genet. Sel. Evol.", 
    "journal_volume": "20", 
    "keywords": [
      "Biodiversity", 
      "Taxonomy", 
      "Animalia", 
      "Arthropoda", 
      "Insecta", 
      "Diptera", 
      "Drosophilidae", 
      "flies", 
      "fruit flies", 
      "terrestrial"
    ], 
    "license": "CC-BY-4.0", 
    "prereserve_doi": {
      "doi": "10.5281/zenodo.805693", 
      "recid": 805693
    }, 
    "publication_date": "1988-09-30", 
    "publication_type": "article", 
    "title": "Microspatial differentiation of Drosophila melanogaster populations in and around a wine cellar in southern Spain.", 
    "upload_type": "publication"
  }, 
  "modified": "2017-06-10T16:21:41.792699+00:00", 
  "owner": 1161, 
  "record_id": 805693, 
  "state": "unsubmitted", 
  "submitted": false, 
  "title": "Microspatial differentiation of Drosophila melanogaster populations in and around a wine cellar in southern Spain."
}HTTP/1.1 100 Continue

HTTP/1.1 201 CREATED
Server: nginx/1.10.2
Date: Sat, 10 Jun 2017 16:21:46 GMT
Content-Type: application/json
Content-Length: 371
X-RateLimit-Limit: 5000
X-RateLimit-Remaining: 4997
X-RateLimit-Reset: 1497115241
Retry-After: 3534
Access-Control-Allow-Origin: *
Access-Control-Expose-Headers: Content-Type, ETag, Link, X-RateLimit-Limit, X-RateLimit-Remaining, X-RateLimit-Reset
X-Sentry-ID: None
Strict-Transport-Security: max-age=31536000

{"checksum": "ae0e9fd9986ca142b7cdfeb7a4bc2552", "filename": "alonso_et_al__1988.pdf", "filesize": 406473, "id": "f3d5602d-f14f-46cf-a654-57864bbb6ebc", "links": {"download": "https://zenodo.org/api/files/98d62350-b436-4010-bcf8-a0303c44f031/alonso_et_al__1988.pdf", "self": "https://zenodo.org/api/deposit/depositions/805693/files/f3d5602d-f14f-46cf-a654-57864bbb6ebc"}}HTTP/1.1 202 ACCEPTED
Server: nginx/1.10.2
Date: Sat, 10 Jun 2017 16:21:49 GMT
Content-Type: application/json
Content-Length: 2740
ETag: "2"
Last-Modified: Sat, 10 Jun 2017 16:21:49 GMT
Location: https://zenodo.org/api/deposit/depositions/805693
X-RateLimit-Limit: 5000
X-RateLimit-Remaining: 4996
X-RateLimit-Reset: 1497114424
Retry-After: 2714
Access-Control-Allow-Origin: *
Access-Control-Expose-Headers: Content-Type, ETag, Link, X-RateLimit-Limit, X-RateLimit-Remaining, X-RateLimit-Reset
X-Sentry-ID: None

{
  "conceptdoi": "10.5281/zenodo.805692", 
  "conceptrecid": "805692", 
  "created": "2017-06-10T16:21:41.792693+00:00", 
  "doi": "10.5281/zenodo.805693", 
  "doi_url": "https://doi.org/10.5281/zenodo.805693", 
  "files": [
    {
      "checksum": "ae0e9fd9986ca142b7cdfeb7a4bc2552", 
      "filename": "alonso_et_al__1988.pdf", 
      "filesize": 406473, 
      "id": "f3d5602d-f14f-46cf-a654-57864bbb6ebc", 
      "links": {
        "download": "https://zenodo.org/api/files/98d62350-b436-4010-bcf8-a0303c44f031/alonso_et_al__1988.pdf", 
        "self": "https://zenodo.org/api/deposit/depositions/804612/files/f3d5602d-f14f-46cf-a654-57864bbb6ebc"
      }
    }
  ], 
  "id": 805693, 
  "links": {
    "badge": "https://zenodo.org/badge/doi/10.5281/zenodo.805693.svg", 
    "bucket": "https://zenodo.org/api/files/98d62350-b436-4010-bcf8-a0303c44f031", 
    "conceptbadge": "https://zenodo.org/badge/doi/10.5281/zenodo.805692.svg", 
    "conceptdoi": "https://doi.org/10.5281/zenodo.805692", 
    "doi": "https://doi.org/10.5281/zenodo.805693", 
    "latest": "https://zenodo.org/api/records/805693", 
    "latest_html": "https://zenodo.org/record/805693", 
    "record": "https://zenodo.org/api/records/805693", 
    "record_html": "https://zenodo.org/record/805693"
  }, 
  "metadata": {
    "access_right": "open", 
    "communities": [
      {
        "identifier": "biosyslit"
      }, 
      {
        "identifier": "zenodo"
      }
    ], 
    "creators": [
      {
        "name": "Alonso-Moraga, A."
      }, 
      {
        "name": "Munoz-Serrano, A."
      }, 
      {
        "name": "Serradilla, J.M."
      }, 
      {
        "name": "David, J.R."
      }
    ], 
    "description": "uploaded by Plazi from Taxodros", 
    "doi": "10.5281/zenodo.805693", 
    "journal_pages": "307-314", 
    "journal_title": "Genet. Sel. Evol.", 
    "journal_volume": "20", 
    "keywords": [
      "Biodiversity", 
      "Taxonomy", 
      "Animalia", 
      "Arthropoda", 
      "Insecta", 
      "Diptera", 
      "Drosophilidae", 
      "flies", 
      "fruit flies", 
      "terrestrial"
    ], 
    "license": "CC-BY-4.0", 
    "prereserve_doi": {
      "doi": "10.5281/zenodo.805693", 
      "recid": 805693
    }, 
    "publication_date": "1988-09-30", 
    "publication_type": "article", 
    "title": "Microspatial differentiation of Drosophila melanogaster populations in and around a wine cellar in southern Spain.", 
    "upload_type": "publication"
  }, 
  "modified": "2017-06-10T16:21:49.336424+00:00", 
  "owner": 1161, 
  "record_id": 805693, 
  "state": "done", 
  "submitted": true, 
  "title": "Microspatial differentiation of Drosophila melanogaster populations in and around a wine cellar in southern Spain."
}