{
  "conceptrecid": "805741", 
  "created": "2017-06-10T20:07:17.205742+00:00", 
  "files": [], 
  "id": 805742, 
  "links": {
    "bucket": "https://zenodo.org/api/files/01865904-a408-4aaa-9ee0-0be40ae6ad75", 
    "discard": "https://zenodo.org/api/deposit/depositions/805742/actions/discard", 
    "edit": "https://zenodo.org/api/deposit/depositions/805742/actions/edit", 
    "files": "https://zenodo.org/api/deposit/depositions/805742/files", 
    "html": "https://zenodo.org/deposit/805742", 
    "latest_draft": "https://zenodo.org/api/deposit/depositions/805742", 
    "latest_draft_html": "https://zenodo.org/deposit/805742", 
    "publish": "https://zenodo.org/api/deposit/depositions/805742/actions/publish", 
    "self": "https://zenodo.org/api/deposit/depositions/805742"
  }, 
  "metadata": {
    "access_right": "open", 
    "communities": [
      {
        "identifier": "biosyslit"
      }
    ], 
    "creators": [
      {
        "name": "van Alphen, J.J.M."
      }, 
      {
        "name": "Janssen, A.R.M."
      }
    ], 
    "description": "uploaded by Plazi from Taxodros", 
    "journal_pages": "194-214", 
    "journal_title": "Neth. J. Zool.", 
    "journal_volume": "32", 
    "keywords": [
      "Biodiversity", 
      "Taxonomy", 
      "Animalia", 
      "Arthropoda", 
      "Insecta", 
      "Diptera", 
      "Drosophilidae", 
      "flies", 
      "fruit flies", 
      "terrestrial"
    ], 
    "license": "CC-BY-4.0", 
    "prereserve_doi": {
      "doi": "10.5281/zenodo.805742", 
      "recid": 805742
    }, 
    "publication_date": "1982-12-31", 
    "publication_type": "article", 
    "title": "Host selection by Asobara tabida nees (Braconidae; Alysiinae) a larval parasitoid of fruit inhabiting Drosophila species. II. Host species selection.", 
    "upload_type": "publication"
  }, 
  "modified": "2017-06-10T20:07:17.205748+00:00", 
  "owner": 1161, 
  "record_id": 805742, 
  "state": "unsubmitted", 
  "submitted": false, 
  "title": "Host selection by Asobara tabida nees (Braconidae; Alysiinae) a larval parasitoid of fruit inhabiting Drosophila species. II. Host species selection."
}HTTP/1.1 100 Continue

HTTP/1.1 201 CREATED
Server: nginx/1.10.2
Date: Sat, 10 Jun 2017 20:07:21 GMT
Content-Type: application/json
Content-Length: 378
X-RateLimit-Limit: 5000
X-RateLimit-Remaining: 4999
X-RateLimit-Reset: 1497128838
Retry-After: 3596
Access-Control-Allow-Origin: *
Access-Control-Expose-Headers: Content-Type, ETag, Link, X-RateLimit-Limit, X-RateLimit-Remaining, X-RateLimit-Reset
X-Sentry-ID: None
Strict-Transport-Security: max-age=31536000

{"checksum": "bb968d61fd18b00f2bd203719cf97307", "filename": "alphen__janssen_1982a.pdf", "filesize": 1401849, "id": "149dd412-61f9-4a23-81fd-2db7bdf5bd57", "links": {"download": "https://zenodo.org/api/files/01865904-a408-4aaa-9ee0-0be40ae6ad75/alphen__janssen_1982a.pdf", "self": "https://zenodo.org/api/deposit/depositions/805742/files/149dd412-61f9-4a23-81fd-2db7bdf5bd57"}}HTTP/1.1 202 ACCEPTED
Server: nginx/1.10.2
Date: Sat, 10 Jun 2017 20:07:22 GMT
Content-Type: application/json
Content-Length: 2712
ETag: "2"
Last-Modified: Sat, 10 Jun 2017 20:07:22 GMT
Location: https://zenodo.org/api/deposit/depositions/805742
X-RateLimit-Limit: 5000
X-RateLimit-Remaining: 4999
X-RateLimit-Reset: 1497128842
Retry-After: 3599
Access-Control-Allow-Origin: *
Access-Control-Expose-Headers: Content-Type, ETag, Link, X-RateLimit-Limit, X-RateLimit-Remaining, X-RateLimit-Reset
X-Sentry-ID: None

{
  "conceptdoi": "10.5281/zenodo.805741", 
  "conceptrecid": "805741", 
  "created": "2017-06-10T20:07:17.205742+00:00", 
  "doi": "10.5281/zenodo.805742", 
  "doi_url": "https://doi.org/10.5281/zenodo.805742", 
  "files": [
    {
      "checksum": "bb968d61fd18b00f2bd203719cf97307", 
      "filename": "alphen__janssen_1982a.pdf", 
      "filesize": 1401849, 
      "id": "149dd412-61f9-4a23-81fd-2db7bdf5bd57", 
      "links": {
        "download": "https://zenodo.org/api/files/01865904-a408-4aaa-9ee0-0be40ae6ad75/alphen__janssen_1982a.pdf", 
        "self": "https://zenodo.org/api/deposit/depositions/804769/files/149dd412-61f9-4a23-81fd-2db7bdf5bd57"
      }
    }
  ], 
  "id": 805742, 
  "links": {
    "badge": "https://zenodo.org/badge/doi/10.5281/zenodo.805742.svg", 
    "bucket": "https://zenodo.org/api/files/01865904-a408-4aaa-9ee0-0be40ae6ad75", 
    "conceptbadge": "https://zenodo.org/badge/doi/10.5281/zenodo.805741.svg", 
    "conceptdoi": "https://doi.org/10.5281/zenodo.805741", 
    "doi": "https://doi.org/10.5281/zenodo.805742", 
    "latest": "https://zenodo.org/api/records/805742", 
    "latest_html": "https://zenodo.org/record/805742", 
    "record": "https://zenodo.org/api/records/805742", 
    "record_html": "https://zenodo.org/record/805742"
  }, 
  "metadata": {
    "access_right": "open", 
    "communities": [
      {
        "identifier": "biosyslit"
      }, 
      {
        "identifier": "zenodo"
      }
    ], 
    "creators": [
      {
        "name": "van Alphen, J.J.M."
      }, 
      {
        "name": "Janssen, A.R.M."
      }
    ], 
    "description": "uploaded by Plazi from Taxodros", 
    "doi": "10.5281/zenodo.805742", 
    "journal_pages": "194-214", 
    "journal_title": "Neth. J. Zool.", 
    "journal_volume": "32", 
    "keywords": [
      "Biodiversity", 
      "Taxonomy", 
      "Animalia", 
      "Arthropoda", 
      "Insecta", 
      "Diptera", 
      "Drosophilidae", 
      "flies", 
      "fruit flies", 
      "terrestrial"
    ], 
    "license": "CC-BY-4.0", 
    "prereserve_doi": {
      "doi": "10.5281/zenodo.805742", 
      "recid": 805742
    }, 
    "publication_date": "1982-12-31", 
    "publication_type": "article", 
    "title": "Host selection by Asobara tabida nees (Braconidae; Alysiinae) a larval parasitoid of fruit inhabiting Drosophila species. II. Host species selection.", 
    "upload_type": "publication"
  }, 
  "modified": "2017-06-10T20:07:22.529394+00:00", 
  "owner": 1161, 
  "record_id": 805742, 
  "state": "done", 
  "submitted": true, 
  "title": "Host selection by Asobara tabida nees (Braconidae; Alysiinae) a larval parasitoid of fruit inhabiting Drosophila species. II. Host species selection."
}