{
  "conceptrecid": "805745", 
  "created": "2017-06-10T20:07:31.374153+00:00", 
  "files": [], 
  "id": 805746, 
  "links": {
    "bucket": "https://zenodo.org/api/files/71743d49-2790-4174-b4a5-6aa8855141f9", 
    "discard": "https://zenodo.org/api/deposit/depositions/805746/actions/discard", 
    "edit": "https://zenodo.org/api/deposit/depositions/805746/actions/edit", 
    "files": "https://zenodo.org/api/deposit/depositions/805746/files", 
    "html": "https://zenodo.org/deposit/805746", 
    "latest_draft": "https://zenodo.org/api/deposit/depositions/805746", 
    "latest_draft_html": "https://zenodo.org/deposit/805746", 
    "publish": "https://zenodo.org/api/deposit/depositions/805746/actions/publish", 
    "self": "https://zenodo.org/api/deposit/depositions/805746"
  }, 
  "metadata": {
    "access_right": "open", 
    "communities": [
      {
        "identifier": "biosyslit"
      }
    ], 
    "creators": [
      {
        "name": "van Alphen, J.J.M."
      }, 
      {
        "name": "van Dijken, M.J."
      }, 
      {
        "name": "Waage, J.K."
      }
    ], 
    "description": "uploaded by Plazi from Taxodros", 
    "journal_pages": "167-179", 
    "journal_title": "Neth. J. Zool.", 
    "journal_volume": "37", 
    "keywords": [
      "Biodiversity", 
      "Taxonomy", 
      "Animalia", 
      "Arthropoda", 
      "Insecta", 
      "Diptera", 
      "Drosophilidae", 
      "flies", 
      "fruit flies", 
      "terrestrial"
    ], 
    "license": "CC-BY-4.0", 
    "prereserve_doi": {
      "doi": "10.5281/zenodo.805746", 
      "recid": 805746
    }, 
    "publication_date": "1987-12-31", 
    "publication_type": "article", 
    "title": "A functional approach to superparasitism: host discrimination needs not be learnt.", 
    "upload_type": "publication"
  }, 
  "modified": "2017-06-10T20:07:31.374160+00:00", 
  "owner": 1161, 
  "record_id": 805746, 
  "state": "unsubmitted", 
  "submitted": false, 
  "title": "A functional approach to superparasitism: host discrimination needs not be learnt."
}HTTP/1.1 100 Continue

HTTP/1.1 201 CREATED
Server: nginx/1.10.2
Date: Sat, 10 Jun 2017 20:07:33 GMT
Content-Type: application/json
Content-Length: 371
X-RateLimit-Limit: 5000
X-RateLimit-Remaining: 4999
X-RateLimit-Reset: 1497128852
Retry-After: 3598
Access-Control-Allow-Origin: *
Access-Control-Expose-Headers: Content-Type, ETag, Link, X-RateLimit-Limit, X-RateLimit-Remaining, X-RateLimit-Reset
X-Sentry-ID: None
Strict-Transport-Security: max-age=31536000

{"checksum": "eed1d83289e55710f5239739c994e51a", "filename": "alphen_et_al__1987.pdf", "filesize": 117768, "id": "d674ac05-76e2-4e11-ad7d-3714b28efb17", "links": {"download": "https://zenodo.org/api/files/71743d49-2790-4174-b4a5-6aa8855141f9/alphen_et_al__1987.pdf", "self": "https://zenodo.org/api/deposit/depositions/805746/files/d674ac05-76e2-4e11-ad7d-3714b28efb17"}}HTTP/1.1 202 ACCEPTED
Server: nginx/1.10.2
Date: Sat, 10 Jun 2017 20:07:35 GMT
Content-Type: application/json
Content-Length: 2620
ETag: "2"
Last-Modified: Sat, 10 Jun 2017 20:07:35 GMT
Location: https://zenodo.org/api/deposit/depositions/805746
X-RateLimit-Limit: 5000
X-RateLimit-Remaining: 4999
X-RateLimit-Reset: 1497128854
Retry-After: 3598
Access-Control-Allow-Origin: *
Access-Control-Expose-Headers: Content-Type, ETag, Link, X-RateLimit-Limit, X-RateLimit-Remaining, X-RateLimit-Reset
X-Sentry-ID: None

{
  "conceptdoi": "10.5281/zenodo.805745", 
  "conceptrecid": "805745", 
  "created": "2017-06-10T20:07:31.374153+00:00", 
  "doi": "10.5281/zenodo.805746", 
  "doi_url": "https://doi.org/10.5281/zenodo.805746", 
  "files": [
    {
      "checksum": "eed1d83289e55710f5239739c994e51a", 
      "filename": "alphen_et_al__1987.pdf", 
      "filesize": 117768, 
      "id": "d674ac05-76e2-4e11-ad7d-3714b28efb17", 
      "links": {
        "download": "https://zenodo.org/api/files/71743d49-2790-4174-b4a5-6aa8855141f9/alphen_et_al__1987.pdf", 
        "self": "https://zenodo.org/api/deposit/depositions/322378/files/d674ac05-76e2-4e11-ad7d-3714b28efb17"
      }
    }
  ], 
  "id": 805746, 
  "links": {
    "badge": "https://zenodo.org/badge/doi/10.5281/zenodo.805746.svg", 
    "bucket": "https://zenodo.org/api/files/71743d49-2790-4174-b4a5-6aa8855141f9", 
    "conceptbadge": "https://zenodo.org/badge/doi/10.5281/zenodo.805745.svg", 
    "conceptdoi": "https://doi.org/10.5281/zenodo.805745", 
    "doi": "https://doi.org/10.5281/zenodo.805746", 
    "latest": "https://zenodo.org/api/records/805746", 
    "latest_html": "https://zenodo.org/record/805746", 
    "record": "https://zenodo.org/api/records/805746", 
    "record_html": "https://zenodo.org/record/805746"
  }, 
  "metadata": {
    "access_right": "open", 
    "communities": [
      {
        "identifier": "biosyslit"
      }, 
      {
        "identifier": "zenodo"
      }
    ], 
    "creators": [
      {
        "name": "van Alphen, J.J.M."
      }, 
      {
        "name": "van Dijken, M.J."
      }, 
      {
        "name": "Waage, J.K."
      }
    ], 
    "description": "uploaded by Plazi from Taxodros", 
    "doi": "10.5281/zenodo.805746", 
    "journal_pages": "167-179", 
    "journal_title": "Neth. J. Zool.", 
    "journal_volume": "37", 
    "keywords": [
      "Biodiversity", 
      "Taxonomy", 
      "Animalia", 
      "Arthropoda", 
      "Insecta", 
      "Diptera", 
      "Drosophilidae", 
      "flies", 
      "fruit flies", 
      "terrestrial"
    ], 
    "license": "CC-BY-4.0", 
    "prereserve_doi": {
      "doi": "10.5281/zenodo.805746", 
      "recid": 805746
    }, 
    "publication_date": "1987-12-31", 
    "publication_type": "article", 
    "title": "A functional approach to superparasitism: host discrimination needs not be learnt.", 
    "upload_type": "publication"
  }, 
  "modified": "2017-06-10T20:07:35.284850+00:00", 
  "owner": 1161, 
  "record_id": 805746, 
  "state": "done", 
  "submitted": true, 
  "title": "A functional approach to superparasitism: host discrimination needs not be learnt."
}