{
  "conceptrecid": "805747", 
  "created": "2017-06-10T20:07:36.484391+00:00", 
  "files": [], 
  "id": 805748, 
  "links": {
    "bucket": "https://zenodo.org/api/files/e6272d58-f459-4888-b604-fff7a6484fb4", 
    "discard": "https://zenodo.org/api/deposit/depositions/805748/actions/discard", 
    "edit": "https://zenodo.org/api/deposit/depositions/805748/actions/edit", 
    "files": "https://zenodo.org/api/deposit/depositions/805748/files", 
    "html": "https://zenodo.org/deposit/805748", 
    "latest_draft": "https://zenodo.org/api/deposit/depositions/805748", 
    "latest_draft_html": "https://zenodo.org/deposit/805748", 
    "publish": "https://zenodo.org/api/deposit/depositions/805748/actions/publish", 
    "self": "https://zenodo.org/api/deposit/depositions/805748"
  }, 
  "metadata": {
    "access_right": "open", 
    "communities": [
      {
        "identifier": "biosyslit"
      }
    ], 
    "creators": [
      {
        "name": "van Alphen, J.J.M."
      }, 
      {
        "name": "Nordlander, G."
      }, 
      {
        "name": "Eijs, I."
      }
    ], 
    "description": "uploaded by Plazi from Taxodros", 
    "journal_pages": "324-329", 
    "journal_title": "Oecologia", 
    "journal_volume": "87", 
    "keywords": [
      "Biodiversity", 
      "Taxonomy", 
      "Animalia", 
      "Arthropoda", 
      "Insecta", 
      "Diptera", 
      "Drosophilidae", 
      "flies", 
      "fruit flies", 
      "terrestrial"
    ], 
    "license": "CC-BY-4.0", 
    "prereserve_doi": {
      "doi": "10.5281/zenodo.805748", 
      "recid": 805748
    }, 
    "publication_date": "1991-12-31", 
    "publication_type": "article", 
    "title": "Host habitat finding and host selection of the Drosophila parasitoid Leptopilina australis (Hymenoptera, Eucoilidae), with a comparison of the niches of European Leptopilina species.", 
    "upload_type": "publication"
  }, 
  "modified": "2017-06-10T20:07:36.484398+00:00", 
  "owner": 1161, 
  "record_id": 805748, 
  "state": "unsubmitted", 
  "submitted": false, 
  "title": "Host habitat finding and host selection of the Drosophila parasitoid Leptopilina australis (Hymenoptera, Eucoilidae), with a comparison of the niches of European Leptopilina species."
}HTTP/1.1 100 Continue

HTTP/1.1 201 CREATED
Server: nginx/1.10.2
Date: Sat, 10 Jun 2017 20:07:39 GMT
Content-Type: application/json
Content-Length: 371
X-RateLimit-Limit: 5000
X-RateLimit-Remaining: 4999
X-RateLimit-Reset: 1497128857
Retry-After: 3597
Access-Control-Allow-Origin: *
Access-Control-Expose-Headers: Content-Type, ETag, Link, X-RateLimit-Limit, X-RateLimit-Remaining, X-RateLimit-Reset
X-Sentry-ID: None
Strict-Transport-Security: max-age=31536000

{"checksum": "a9241d0a5524c9fbd54fa6dec6c415a2", "filename": "alphen_et_al__1991.pdf", "filesize": 213825, "id": "b5abde2c-50d7-494a-8db9-a0eb968ed829", "links": {"download": "https://zenodo.org/api/files/e6272d58-f459-4888-b604-fff7a6484fb4/alphen_et_al__1991.pdf", "self": "https://zenodo.org/api/deposit/depositions/805748/files/b5abde2c-50d7-494a-8db9-a0eb968ed829"}}HTTP/1.1 202 ACCEPTED
Server: nginx/1.10.2
Date: Sat, 10 Jun 2017 20:07:40 GMT
Content-Type: application/json
Content-Length: 2810
ETag: "2"
Last-Modified: Sat, 10 Jun 2017 20:07:40 GMT
Location: https://zenodo.org/api/deposit/depositions/805748
X-RateLimit-Limit: 5000
X-RateLimit-Remaining: 4999
X-RateLimit-Reset: 1497128860
Retry-After: 3599
Access-Control-Allow-Origin: *
Access-Control-Expose-Headers: Content-Type, ETag, Link, X-RateLimit-Limit, X-RateLimit-Remaining, X-RateLimit-Reset
X-Sentry-ID: None

{
  "conceptdoi": "10.5281/zenodo.805747", 
  "conceptrecid": "805747", 
  "created": "2017-06-10T20:07:36.484391+00:00", 
  "doi": "10.5281/zenodo.805748", 
  "doi_url": "https://doi.org/10.5281/zenodo.805748", 
  "files": [
    {
      "checksum": "a9241d0a5524c9fbd54fa6dec6c415a2", 
      "filename": "alphen_et_al__1991.pdf", 
      "filesize": 213825, 
      "id": "b5abde2c-50d7-494a-8db9-a0eb968ed829", 
      "links": {
        "download": "https://zenodo.org/api/files/e6272d58-f459-4888-b604-fff7a6484fb4/alphen_et_al__1991.pdf", 
        "self": "https://zenodo.org/api/deposit/depositions/804695/files/b5abde2c-50d7-494a-8db9-a0eb968ed829"
      }
    }
  ], 
  "id": 805748, 
  "links": {
    "badge": "https://zenodo.org/badge/doi/10.5281/zenodo.805748.svg", 
    "bucket": "https://zenodo.org/api/files/e6272d58-f459-4888-b604-fff7a6484fb4", 
    "conceptbadge": "https://zenodo.org/badge/doi/10.5281/zenodo.805747.svg", 
    "conceptdoi": "https://doi.org/10.5281/zenodo.805747", 
    "doi": "https://doi.org/10.5281/zenodo.805748", 
    "latest": "https://zenodo.org/api/records/805748", 
    "latest_html": "https://zenodo.org/record/805748", 
    "record": "https://zenodo.org/api/records/805748", 
    "record_html": "https://zenodo.org/record/805748"
  }, 
  "metadata": {
    "access_right": "open", 
    "communities": [
      {
        "identifier": "biosyslit"
      }, 
      {
        "identifier": "zenodo"
      }
    ], 
    "creators": [
      {
        "name": "van Alphen, J.J.M."
      }, 
      {
        "name": "Nordlander, G."
      }, 
      {
        "name": "Eijs, I."
      }
    ], 
    "description": "uploaded by Plazi from Taxodros", 
    "doi": "10.5281/zenodo.805748", 
    "journal_pages": "324-329", 
    "journal_title": "Oecologia", 
    "journal_volume": "87", 
    "keywords": [
      "Biodiversity", 
      "Taxonomy", 
      "Animalia", 
      "Arthropoda", 
      "Insecta", 
      "Diptera", 
      "Drosophilidae", 
      "flies", 
      "fruit flies", 
      "terrestrial"
    ], 
    "license": "CC-BY-4.0", 
    "prereserve_doi": {
      "doi": "10.5281/zenodo.805748", 
      "recid": 805748
    }, 
    "publication_date": "1991-12-31", 
    "publication_type": "article", 
    "title": "Host habitat finding and host selection of the Drosophila parasitoid Leptopilina australis (Hymenoptera, Eucoilidae), with a comparison of the niches of European Leptopilina species.", 
    "upload_type": "publication"
  }, 
  "modified": "2017-06-10T20:07:40.502734+00:00", 
  "owner": 1161, 
  "record_id": 805748, 
  "state": "done", 
  "submitted": true, 
  "title": "Host habitat finding and host selection of the Drosophila parasitoid Leptopilina australis (Hymenoptera, Eucoilidae), with a comparison of the niches of European Leptopilina species."
}