{
  "conceptrecid": "805739", 
  "created": "2017-06-10T20:07:10.183487+00:00", 
  "files": [], 
  "id": 805740, 
  "links": {
    "bucket": "https://zenodo.org/api/files/0d54ee4a-21ba-4a2e-b239-d404ea984507", 
    "discard": "https://zenodo.org/api/deposit/depositions/805740/actions/discard", 
    "edit": "https://zenodo.org/api/deposit/depositions/805740/actions/edit", 
    "files": "https://zenodo.org/api/deposit/depositions/805740/files", 
    "html": "https://zenodo.org/deposit/805740", 
    "latest_draft": "https://zenodo.org/api/deposit/depositions/805740", 
    "latest_draft_html": "https://zenodo.org/deposit/805740", 
    "publish": "https://zenodo.org/api/deposit/depositions/805740/actions/publish", 
    "self": "https://zenodo.org/api/deposit/depositions/805740"
  }, 
  "metadata": {
    "access_right": "open", 
    "communities": [
      {
        "identifier": "biosyslit"
      }
    ], 
    "creators": [
      {
        "name": "van Alphen, J.J.M."
      }, 
      {
        "name": "Drijver, R.A.B."
      }
    ], 
    "description": "uploaded by Plazi from Taxodros", 
    "journal_pages": "215-231", 
    "journal_title": "Neth. J. Zool.", 
    "journal_volume": "32", 
    "keywords": [
      "Biodiversity", 
      "Taxonomy", 
      "Animalia", 
      "Arthropoda", 
      "Insecta", 
      "Diptera", 
      "Drosophilidae", 
      "flies", 
      "fruit flies", 
      "terrestrial"
    ], 
    "license": "CC-BY-4.0", 
    "prereserve_doi": {
      "doi": "10.5281/zenodo.805740", 
      "recid": 805740
    }, 
    "publication_date": "1982-12-31", 
    "publication_type": "article", 
    "title": "Host selection by Asobara tabida Nees (Braconidae: Alysiinae) a larval parasitoid of fruit inhabiting Drosophila species. I. Host stage selection with Drosophila melanogaster as host species", 
    "upload_type": "publication"
  }, 
  "modified": "2017-06-10T20:07:10.183493+00:00", 
  "owner": 1161, 
  "record_id": 805740, 
  "state": "unsubmitted", 
  "submitted": false, 
  "title": "Host selection by Asobara tabida Nees (Braconidae: Alysiinae) a larval parasitoid of fruit inhabiting Drosophila species. I. Host stage selection with Drosophila melanogaster as host species"
}HTTP/1.1 100 Continue

HTTP/1.1 201 CREATED
Server: nginx/1.10.2
Date: Sat, 10 Jun 2017 20:07:14 GMT
Content-Type: application/json
Content-Length: 376
X-RateLimit-Limit: 5000
X-RateLimit-Remaining: 4999
X-RateLimit-Reset: 1497128831
Retry-After: 3596
Access-Control-Allow-Origin: *
Access-Control-Expose-Headers: Content-Type, ETag, Link, X-RateLimit-Limit, X-RateLimit-Remaining, X-RateLimit-Reset
X-Sentry-ID: None
Strict-Transport-Security: max-age=31536000

{"checksum": "0966dcfb96bd3c18f84c62b6186b0787", "filename": "alphen__drijver_1982.pdf", "filesize": 1068155, "id": "c67c190d-d217-448c-bac2-4d0ad53b1968", "links": {"download": "https://zenodo.org/api/files/0d54ee4a-21ba-4a2e-b239-d404ea984507/alphen__drijver_1982.pdf", "self": "https://zenodo.org/api/deposit/depositions/805740/files/c67c190d-d217-448c-bac2-4d0ad53b1968"}}HTTP/1.1 202 ACCEPTED
Server: nginx/1.10.2
Date: Sat, 10 Jun 2017 20:07:16 GMT
Content-Type: application/json
Content-Length: 2792
ETag: "2"
Last-Modified: Sat, 10 Jun 2017 20:07:15 GMT
Location: https://zenodo.org/api/deposit/depositions/805740
X-RateLimit-Limit: 5000
X-RateLimit-Remaining: 4999
X-RateLimit-Reset: 1497128835
Retry-After: 3598
Access-Control-Allow-Origin: *
Access-Control-Expose-Headers: Content-Type, ETag, Link, X-RateLimit-Limit, X-RateLimit-Remaining, X-RateLimit-Reset
X-Sentry-ID: None

{
  "conceptdoi": "10.5281/zenodo.805739", 
  "conceptrecid": "805739", 
  "created": "2017-06-10T20:07:10.183487+00:00", 
  "doi": "10.5281/zenodo.805740", 
  "doi_url": "https://doi.org/10.5281/zenodo.805740", 
  "files": [
    {
      "checksum": "0966dcfb96bd3c18f84c62b6186b0787", 
      "filename": "alphen__drijver_1982.pdf", 
      "filesize": 1068155, 
      "id": "c67c190d-d217-448c-bac2-4d0ad53b1968", 
      "links": {
        "download": "https://zenodo.org/api/files/0d54ee4a-21ba-4a2e-b239-d404ea984507/alphen__drijver_1982.pdf", 
        "self": "https://zenodo.org/api/deposit/depositions/128482/files/c67c190d-d217-448c-bac2-4d0ad53b1968"
      }
    }
  ], 
  "id": 805740, 
  "links": {
    "badge": "https://zenodo.org/badge/doi/10.5281/zenodo.805740.svg", 
    "bucket": "https://zenodo.org/api/files/0d54ee4a-21ba-4a2e-b239-d404ea984507", 
    "conceptbadge": "https://zenodo.org/badge/doi/10.5281/zenodo.805739.svg", 
    "conceptdoi": "https://doi.org/10.5281/zenodo.805739", 
    "doi": "https://doi.org/10.5281/zenodo.805740", 
    "latest": "https://zenodo.org/api/records/805740", 
    "latest_html": "https://zenodo.org/record/805740", 
    "record": "https://zenodo.org/api/records/805740", 
    "record_html": "https://zenodo.org/record/805740"
  }, 
  "metadata": {
    "access_right": "open", 
    "communities": [
      {
        "identifier": "biosyslit"
      }, 
      {
        "identifier": "zenodo"
      }
    ], 
    "creators": [
      {
        "name": "van Alphen, J.J.M."
      }, 
      {
        "name": "Drijver, R.A.B."
      }
    ], 
    "description": "uploaded by Plazi from Taxodros", 
    "doi": "10.5281/zenodo.805740", 
    "journal_pages": "215-231", 
    "journal_title": "Neth. J. Zool.", 
    "journal_volume": "32", 
    "keywords": [
      "Biodiversity", 
      "Taxonomy", 
      "Animalia", 
      "Arthropoda", 
      "Insecta", 
      "Diptera", 
      "Drosophilidae", 
      "flies", 
      "fruit flies", 
      "terrestrial"
    ], 
    "license": "CC-BY-4.0", 
    "prereserve_doi": {
      "doi": "10.5281/zenodo.805740", 
      "recid": 805740
    }, 
    "publication_date": "1982-12-31", 
    "publication_type": "article", 
    "title": "Host selection by Asobara tabida Nees (Braconidae: Alysiinae) a larval parasitoid of fruit inhabiting Drosophila species. I. Host stage selection with Drosophila melanogaster as host species", 
    "upload_type": "publication"
  }, 
  "modified": "2017-06-10T20:07:15.992679+00:00", 
  "owner": 1161, 
  "record_id": 805740, 
  "state": "done", 
  "submitted": true, 
  "title": "Host selection by Asobara tabida Nees (Braconidae: Alysiinae) a larval parasitoid of fruit inhabiting Drosophila species. I. Host stage selection with Drosophila melanogaster as host species"
}