{
  "conceptrecid": "805743", 
  "created": "2017-06-10T20:07:23.935029+00:00", 
  "files": [], 
  "id": 805744, 
  "links": {
    "bucket": "https://zenodo.org/api/files/26e90c99-0445-49e5-b1a5-29a404f3eecd", 
    "discard": "https://zenodo.org/api/deposit/depositions/805744/actions/discard", 
    "edit": "https://zenodo.org/api/deposit/depositions/805744/actions/edit", 
    "files": "https://zenodo.org/api/deposit/depositions/805744/files", 
    "html": "https://zenodo.org/deposit/805744", 
    "latest_draft": "https://zenodo.org/api/deposit/depositions/805744", 
    "latest_draft_html": "https://zenodo.org/deposit/805744", 
    "publish": "https://zenodo.org/api/deposit/depositions/805744/actions/publish", 
    "self": "https://zenodo.org/api/deposit/depositions/805744"
  }, 
  "metadata": {
    "access_right": "open", 
    "communities": [
      {
        "identifier": "biosyslit"
      }
    ], 
    "creators": [
      {
        "name": "van Alphen, J.J.M."
      }, 
      {
        "name": "Nell, H.W."
      }
    ], 
    "description": "uploaded by Plazi from Taxodros", 
    "journal_pages": "232-260", 
    "journal_title": "Neth. J. Zool.", 
    "journal_volume": "32", 
    "keywords": [
      "Biodiversity", 
      "Taxonomy", 
      "Animalia", 
      "Arthropoda", 
      "Insecta", 
      "Diptera", 
      "Drosophilidae", 
      "flies", 
      "fruit flies", 
      "terrestrial"
    ], 
    "license": "CC-BY-4.0", 
    "prereserve_doi": {
      "doi": "10.5281/zenodo.805744", 
      "recid": 805744
    }, 
    "publication_date": "1982-08-18", 
    "publication_type": "article", 
    "title": "Superparasitism and host discrimination by Asobara tabida nees (Braconidae: Alysiinae), a larval parasitoid of Drosophilidae.", 
    "upload_type": "publication"
  }, 
  "modified": "2017-06-10T20:07:23.935036+00:00", 
  "owner": 1161, 
  "record_id": 805744, 
  "state": "unsubmitted", 
  "submitted": false, 
  "title": "Superparasitism and host discrimination by Asobara tabida nees (Braconidae: Alysiinae), a larval parasitoid of Drosophilidae."
}HTTP/1.1 100 Continue

HTTP/1.1 201 CREATED
Server: nginx/1.10.2
Date: Sat, 10 Jun 2017 20:07:28 GMT
Content-Type: application/json
Content-Length: 372
X-RateLimit-Limit: 5000
X-RateLimit-Remaining: 4999
X-RateLimit-Reset: 1497128845
Retry-After: 3596
Access-Control-Allow-Origin: *
Access-Control-Expose-Headers: Content-Type, ETag, Link, X-RateLimit-Limit, X-RateLimit-Remaining, X-RateLimit-Reset
X-Sentry-ID: None
Strict-Transport-Security: max-age=31536000

{"checksum": "b0696dec8c397e83bfdcd41a32d9b77c", "filename": "alphen__nell_1982b.pdf", "filesize": 1888778, "id": "0d704c50-584d-4352-a7f0-5d4d8c606ca2", "links": {"download": "https://zenodo.org/api/files/26e90c99-0445-49e5-b1a5-29a404f3eecd/alphen__nell_1982b.pdf", "self": "https://zenodo.org/api/deposit/depositions/805744/files/0d704c50-584d-4352-a7f0-5d4d8c606ca2"}}HTTP/1.1 202 ACCEPTED
Server: nginx/1.10.2
Date: Sat, 10 Jun 2017 20:07:30 GMT
Content-Type: application/json
Content-Length: 2653
ETag: "2"
Last-Modified: Sat, 10 Jun 2017 20:07:30 GMT
Location: https://zenodo.org/api/deposit/depositions/805744
X-RateLimit-Limit: 5000
X-RateLimit-Remaining: 4999
X-RateLimit-Reset: 1497128849
Retry-After: 3598
Access-Control-Allow-Origin: *
Access-Control-Expose-Headers: Content-Type, ETag, Link, X-RateLimit-Limit, X-RateLimit-Remaining, X-RateLimit-Reset
X-Sentry-ID: None

{
  "conceptdoi": "10.5281/zenodo.805743", 
  "conceptrecid": "805743", 
  "created": "2017-06-10T20:07:23.935029+00:00", 
  "doi": "10.5281/zenodo.805744", 
  "doi_url": "https://doi.org/10.5281/zenodo.805744", 
  "files": [
    {
      "checksum": "b0696dec8c397e83bfdcd41a32d9b77c", 
      "filename": "alphen__nell_1982b.pdf", 
      "filesize": 1888778, 
      "id": "0d704c50-584d-4352-a7f0-5d4d8c606ca2", 
      "links": {
        "download": "https://zenodo.org/api/files/26e90c99-0445-49e5-b1a5-29a404f3eecd/alphen__nell_1982b.pdf", 
        "self": "https://zenodo.org/api/deposit/depositions/804352/files/0d704c50-584d-4352-a7f0-5d4d8c606ca2"
      }
    }
  ], 
  "id": 805744, 
  "links": {
    "badge": "https://zenodo.org/badge/doi/10.5281/zenodo.805744.svg", 
    "bucket": "https://zenodo.org/api/files/26e90c99-0445-49e5-b1a5-29a404f3eecd", 
    "conceptbadge": "https://zenodo.org/badge/doi/10.5281/zenodo.805743.svg", 
    "conceptdoi": "https://doi.org/10.5281/zenodo.805743", 
    "doi": "https://doi.org/10.5281/zenodo.805744", 
    "latest": "https://zenodo.org/api/records/805744", 
    "latest_html": "https://zenodo.org/record/805744", 
    "record": "https://zenodo.org/api/records/805744", 
    "record_html": "https://zenodo.org/record/805744"
  }, 
  "metadata": {
    "access_right": "open", 
    "communities": [
      {
        "identifier": "biosyslit"
      }, 
      {
        "identifier": "zenodo"
      }
    ], 
    "creators": [
      {
        "name": "van Alphen, J.J.M."
      }, 
      {
        "name": "Nell, H.W."
      }
    ], 
    "description": "uploaded by Plazi from Taxodros", 
    "doi": "10.5281/zenodo.805744", 
    "journal_pages": "232-260", 
    "journal_title": "Neth. J. Zool.", 
    "journal_volume": "32", 
    "keywords": [
      "Biodiversity", 
      "Taxonomy", 
      "Animalia", 
      "Arthropoda", 
      "Insecta", 
      "Diptera", 
      "Drosophilidae", 
      "flies", 
      "fruit flies", 
      "terrestrial"
    ], 
    "license": "CC-BY-4.0", 
    "prereserve_doi": {
      "doi": "10.5281/zenodo.805744", 
      "recid": 805744
    }, 
    "publication_date": "1982-08-18", 
    "publication_type": "article", 
    "title": "Superparasitism and host discrimination by Asobara tabida nees (Braconidae: Alysiinae), a larval parasitoid of Drosophilidae.", 
    "upload_type": "publication"
  }, 
  "modified": "2017-06-10T20:07:30.062796+00:00", 
  "owner": 1161, 
  "record_id": 805744, 
  "state": "done", 
  "submitted": true, 
  "title": "Superparasitism and host discrimination by Asobara tabida nees (Braconidae: Alysiinae), a larval parasitoid of Drosophilidae."
}