{
  "conceptrecid": "805751", 
  "created": "2017-06-10T20:07:47.398926+00:00", 
  "files": [], 
  "id": 805752, 
  "links": {
    "bucket": "https://zenodo.org/api/files/3cedd798-8ac5-4806-aa2a-10d3ea45b1d3", 
    "discard": "https://zenodo.org/api/deposit/depositions/805752/actions/discard", 
    "edit": "https://zenodo.org/api/deposit/depositions/805752/actions/edit", 
    "files": "https://zenodo.org/api/deposit/depositions/805752/files", 
    "html": "https://zenodo.org/deposit/805752", 
    "latest_draft": "https://zenodo.org/api/deposit/depositions/805752", 
    "latest_draft_html": "https://zenodo.org/deposit/805752", 
    "publish": "https://zenodo.org/api/deposit/depositions/805752/actions/publish", 
    "self": "https://zenodo.org/api/deposit/depositions/805752"
  }, 
  "metadata": {
    "access_right": "open", 
    "communities": [
      {
        "identifier": "biosyslit"
      }
    ], 
    "creators": [
      {
        "name": "Altenburg, E."
      }, 
      {
        "name": "Muller, H.J."
      }
    ], 
    "description": "uploaded by Plazi from Taxodros", 
    "journal_pages": "1-59", 
    "journal_title": "Genetics", 
    "journal_volume": "5", 
    "keywords": [
      "Biodiversity", 
      "Taxonomy", 
      "Animalia", 
      "Arthropoda", 
      "Insecta", 
      "Diptera", 
      "Drosophilidae", 
      "flies", 
      "fruit flies", 
      "terrestrial"
    ], 
    "license": "CC-BY-4.0", 
    "prereserve_doi": {
      "doi": "10.5281/zenodo.805752", 
      "recid": 805752
    }, 
    "publication_date": "1920-12-31", 
    "publication_type": "article", 
    "title": "The genetic basis of truncate wing. - An inconstant and modifiable character in Drosophila.", 
    "upload_type": "publication"
  }, 
  "modified": "2017-06-10T20:07:47.398933+00:00", 
  "owner": 1161, 
  "record_id": 805752, 
  "state": "unsubmitted", 
  "submitted": false, 
  "title": "The genetic basis of truncate wing. - An inconstant and modifiable character in Drosophila."
}HTTP/1.1 100 Continue

HTTP/1.1 201 CREATED
Server: nginx/1.10.2
Date: Sat, 10 Jun 2017 20:07:53 GMT
Content-Type: application/json
Content-Length: 380
X-RateLimit-Limit: 5000
X-RateLimit-Remaining: 4999
X-RateLimit-Reset: 1497128868
Retry-After: 3594
Access-Control-Allow-Origin: *
Access-Control-Expose-Headers: Content-Type, ETag, Link, X-RateLimit-Limit, X-RateLimit-Remaining, X-RateLimit-Reset
X-Sentry-ID: None
Strict-Transport-Security: max-age=31536000

{"checksum": "48baabd2a76844aff70fcbdf9b81686b", "filename": "altenburg__muller_1920.pdf", "filesize": 3560915, "id": "47ad0fde-09d3-41d0-8f3e-d4160154402d", "links": {"download": "https://zenodo.org/api/files/3cedd798-8ac5-4806-aa2a-10d3ea45b1d3/altenburg__muller_1920.pdf", "self": "https://zenodo.org/api/deposit/depositions/805752/files/47ad0fde-09d3-41d0-8f3e-d4160154402d"}}HTTP/1.1 202 ACCEPTED
Server: nginx/1.10.2
Date: Sat, 10 Jun 2017 20:07:55 GMT
Content-Type: application/json
Content-Length: 2580
ETag: "2"
Last-Modified: Sat, 10 Jun 2017 20:07:54 GMT
Location: https://zenodo.org/api/deposit/depositions/805752
X-RateLimit-Limit: 5000
X-RateLimit-Remaining: 4999
X-RateLimit-Reset: 1497128874
Retry-After: 3598
Access-Control-Allow-Origin: *
Access-Control-Expose-Headers: Content-Type, ETag, Link, X-RateLimit-Limit, X-RateLimit-Remaining, X-RateLimit-Reset
X-Sentry-ID: None

{
  "conceptdoi": "10.5281/zenodo.805751", 
  "conceptrecid": "805751", 
  "created": "2017-06-10T20:07:47.398926+00:00", 
  "doi": "10.5281/zenodo.805752", 
  "doi_url": "https://doi.org/10.5281/zenodo.805752", 
  "files": [
    {
      "checksum": "48baabd2a76844aff70fcbdf9b81686b", 
      "filename": "altenburg__muller_1920.pdf", 
      "filesize": 3560915, 
      "id": "47ad0fde-09d3-41d0-8f3e-d4160154402d", 
      "links": {
        "download": "https://zenodo.org/api/files/3cedd798-8ac5-4806-aa2a-10d3ea45b1d3/altenburg__muller_1920.pdf", 
        "self": "https://zenodo.org/api/deposit/depositions/804703/files/47ad0fde-09d3-41d0-8f3e-d4160154402d"
      }
    }
  ], 
  "id": 805752, 
  "links": {
    "badge": "https://zenodo.org/badge/doi/10.5281/zenodo.805752.svg", 
    "bucket": "https://zenodo.org/api/files/3cedd798-8ac5-4806-aa2a-10d3ea45b1d3", 
    "conceptbadge": "https://zenodo.org/badge/doi/10.5281/zenodo.805751.svg", 
    "conceptdoi": "https://doi.org/10.5281/zenodo.805751", 
    "doi": "https://doi.org/10.5281/zenodo.805752", 
    "latest": "https://zenodo.org/api/records/805752", 
    "latest_html": "https://zenodo.org/record/805752", 
    "record": "https://zenodo.org/api/records/805752", 
    "record_html": "https://zenodo.org/record/805752"
  }, 
  "metadata": {
    "access_right": "open", 
    "communities": [
      {
        "identifier": "biosyslit"
      }, 
      {
        "identifier": "zenodo"
      }
    ], 
    "creators": [
      {
        "name": "Altenburg, E."
      }, 
      {
        "name": "Muller, H.J."
      }
    ], 
    "description": "uploaded by Plazi from Taxodros", 
    "doi": "10.5281/zenodo.805752", 
    "journal_pages": "1-59", 
    "journal_title": "Genetics", 
    "journal_volume": "5", 
    "keywords": [
      "Biodiversity", 
      "Taxonomy", 
      "Animalia", 
      "Arthropoda", 
      "Insecta", 
      "Diptera", 
      "Drosophilidae", 
      "flies", 
      "fruit flies", 
      "terrestrial"
    ], 
    "license": "CC-BY-4.0", 
    "prereserve_doi": {
      "doi": "10.5281/zenodo.805752", 
      "recid": 805752
    }, 
    "publication_date": "1920-12-31", 
    "publication_type": "article", 
    "title": "The genetic basis of truncate wing. - An inconstant and modifiable character in Drosophila.", 
    "upload_type": "publication"
  }, 
  "modified": "2017-06-10T20:07:54.684976+00:00", 
  "owner": 1161, 
  "record_id": 805752, 
  "state": "done", 
  "submitted": true, 
  "title": "The genetic basis of truncate wing. - An inconstant and modifiable character in Drosophila."
}