{
  "conceptrecid": "805753", 
  "created": "2017-06-10T20:07:56.043942+00:00", 
  "files": [], 
  "id": 805754, 
  "links": {
    "bucket": "https://zenodo.org/api/files/061d47c2-c044-4112-a0ef-2a59044035fd", 
    "discard": "https://zenodo.org/api/deposit/depositions/805754/actions/discard", 
    "edit": "https://zenodo.org/api/deposit/depositions/805754/actions/edit", 
    "files": "https://zenodo.org/api/deposit/depositions/805754/files", 
    "html": "https://zenodo.org/deposit/805754", 
    "latest_draft": "https://zenodo.org/api/deposit/depositions/805754", 
    "latest_draft_html": "https://zenodo.org/deposit/805754", 
    "publish": "https://zenodo.org/api/deposit/depositions/805754/actions/publish", 
    "self": "https://zenodo.org/api/deposit/depositions/805754"
  }, 
  "metadata": {
    "access_right": "closed", 
    "communities": [
      {
        "identifier": "biosyslit"
      }
    ], 
    "creators": [
      {
        "name": "Al T'Oma, Z."
      }, 
      {
        "name": "Mohammad, A.R."
      }, 
      {
        "name": "van der Linde, K."
      }
    ], 
    "description": "uploaded by Plazi from Taxodros", 
    "journal_pages": "197-200", 
    "journal_title": "D. I. S.", 
    "journal_volume": "93", 
    "keywords": [
      "Biodiversity", 
      "Taxonomy", 
      "Animalia", 
      "Arthropoda", 
      "Insecta", 
      "Diptera", 
      "Drosophilidae", 
      "flies", 
      "fruit flies", 
      "terrestrial"
    ], 
    "prereserve_doi": {
      "doi": "10.5281/zenodo.805754", 
      "recid": 805754
    }, 
    "publication_date": "2010-12-31", 
    "publication_type": "article", 
    "title": "First records of Zaprionus indianus (Diptera: Drosophilidae) from the Basra governorate in Iraq.", 
    "upload_type": "publication"
  }, 
  "modified": "2017-06-10T20:07:56.043948+00:00", 
  "owner": 1161, 
  "record_id": 805754, 
  "state": "unsubmitted", 
  "submitted": false, 
  "title": "First records of Zaprionus indianus (Diptera: Drosophilidae) from the Basra governorate in Iraq."
}HTTP/1.1 100 Continue

HTTP/1.1 201 CREATED
Server: nginx/1.10.2
Date: Sat, 10 Jun 2017 20:07:59 GMT
Content-Type: application/json
Content-Length: 371
X-RateLimit-Limit: 5000
X-RateLimit-Remaining: 4999
X-RateLimit-Reset: 1497128877
Retry-After: 3597
Access-Control-Allow-Origin: *
Access-Control-Expose-Headers: Content-Type, ETag, Link, X-RateLimit-Limit, X-RateLimit-Remaining, X-RateLimit-Reset
X-Sentry-ID: None
Strict-Transport-Security: max-age=31536000

{"checksum": "ac2048963ef1aa31ff66c661253d71a0", "filename": "altoma_et_al__2010.pdf", "filesize": 272379, "id": "67c0f9dd-8a52-4566-81b0-7b96eb923133", "links": {"download": "https://zenodo.org/api/files/061d47c2-c044-4112-a0ef-2a59044035fd/altoma_et_al__2010.pdf", "self": "https://zenodo.org/api/deposit/depositions/805754/files/67c0f9dd-8a52-4566-81b0-7b96eb923133"}}HTTP/1.1 202 ACCEPTED
Server: nginx/1.10.2
Date: Sat, 10 Jun 2017 20:08:01 GMT
Content-Type: application/json
Content-Length: 2613
ETag: "2"
Last-Modified: Sat, 10 Jun 2017 20:08:00 GMT
Location: https://zenodo.org/api/deposit/depositions/805754
X-RateLimit-Limit: 5000
X-RateLimit-Remaining: 4998
X-RateLimit-Reset: 1497128874
Retry-After: 3592
Access-Control-Allow-Origin: *
Access-Control-Expose-Headers: Content-Type, ETag, Link, X-RateLimit-Limit, X-RateLimit-Remaining, X-RateLimit-Reset
X-Sentry-ID: None

{
  "conceptdoi": "10.5281/zenodo.805753", 
  "conceptrecid": "805753", 
  "created": "2017-06-10T20:07:56.043942+00:00", 
  "doi": "10.5281/zenodo.805754", 
  "doi_url": "https://doi.org/10.5281/zenodo.805754", 
  "files": [
    {
      "checksum": "ac2048963ef1aa31ff66c661253d71a0", 
      "filename": "altoma_et_al__2010.pdf", 
      "filesize": 272379, 
      "id": "67c0f9dd-8a52-4566-81b0-7b96eb923133", 
      "links": {
        "download": "https://zenodo.org/api/files/061d47c2-c044-4112-a0ef-2a59044035fd/altoma_et_al__2010.pdf", 
        "self": "https://zenodo.org/api/deposit/depositions/804703/files/67c0f9dd-8a52-4566-81b0-7b96eb923133"
      }
    }
  ], 
  "id": 805754, 
  "links": {
    "badge": "https://zenodo.org/badge/doi/10.5281/zenodo.805754.svg", 
    "bucket": "https://zenodo.org/api/files/061d47c2-c044-4112-a0ef-2a59044035fd", 
    "conceptbadge": "https://zenodo.org/badge/doi/10.5281/zenodo.805753.svg", 
    "conceptdoi": "https://doi.org/10.5281/zenodo.805753", 
    "doi": "https://doi.org/10.5281/zenodo.805754", 
    "latest": "https://zenodo.org/api/records/805754", 
    "latest_html": "https://zenodo.org/record/805754", 
    "record": "https://zenodo.org/api/records/805754", 
    "record_html": "https://zenodo.org/record/805754"
  }, 
  "metadata": {
    "access_right": "closed", 
    "communities": [
      {
        "identifier": "biosyslit"
      }, 
      {
        "identifier": "zenodo"
      }
    ], 
    "creators": [
      {
        "name": "Al T'Oma, Z."
      }, 
      {
        "name": "Mohammad, A.R."
      }, 
      {
        "name": "van der Linde, K."
      }
    ], 
    "description": "uploaded by Plazi from Taxodros", 
    "doi": "10.5281/zenodo.805754", 
    "journal_pages": "197-200", 
    "journal_title": "D. I. S.", 
    "journal_volume": "93", 
    "keywords": [
      "Biodiversity", 
      "Taxonomy", 
      "Animalia", 
      "Arthropoda", 
      "Insecta", 
      "Diptera", 
      "Drosophilidae", 
      "flies", 
      "fruit flies", 
      "terrestrial"
    ], 
    "prereserve_doi": {
      "doi": "10.5281/zenodo.805754", 
      "recid": 805754
    }, 
    "publication_date": "2010-12-31", 
    "publication_type": "article", 
    "title": "First records of Zaprionus indianus (Diptera: Drosophilidae) from the Basra governorate in Iraq.", 
    "upload_type": "publication"
  }, 
  "modified": "2017-06-10T20:08:00.791961+00:00", 
  "owner": 1161, 
  "record_id": 805754, 
  "state": "done", 
  "submitted": true, 
  "title": "First records of Zaprionus indianus (Diptera: Drosophilidae) from the Basra governorate in Iraq."
}