{
  "conceptrecid": "805761", 
  "created": "2017-06-10T20:08:19.408789+00:00", 
  "files": [], 
  "id": 805762, 
  "links": {
    "bucket": "https://zenodo.org/api/files/69a34b08-06df-44a8-bd9c-091f1638eb8e", 
    "discard": "https://zenodo.org/api/deposit/depositions/805762/actions/discard", 
    "edit": "https://zenodo.org/api/deposit/depositions/805762/actions/edit", 
    "files": "https://zenodo.org/api/deposit/depositions/805762/files", 
    "html": "https://zenodo.org/deposit/805762", 
    "latest_draft": "https://zenodo.org/api/deposit/depositions/805762", 
    "latest_draft_html": "https://zenodo.org/deposit/805762", 
    "publish": "https://zenodo.org/api/deposit/depositions/805762/actions/publish", 
    "self": "https://zenodo.org/api/deposit/depositions/805762"
  }, 
  "metadata": {
    "access_right": "closed", 
    "communities": [
      {
        "identifier": "biosyslit"
      }
    ], 
    "creators": [
      {
        "name": "Alvarez, D."
      }, 
      {
        "name": "Ruiz-Garcia, M."
      }, 
      {
        "name": "Noor, M."
      }, 
      {
        "name": "Salceda, V.M."
      }
    ], 
    "description": "uploaded by Plazi from Taxodros", 
    "journal_pages": "75-82", 
    "journal_title": "D. I. S.", 
    "journal_volume": "84", 
    "keywords": [
      "Biodiversity", 
      "Taxonomy", 
      "Animalia", 
      "Arthropoda", 
      "Insecta", 
      "Diptera", 
      "Drosophilidae", 
      "flies", 
      "fruit flies", 
      "terrestrial"
    ], 
    "prereserve_doi": {
      "doi": "10.5281/zenodo.805762", 
      "recid": 805762
    }, 
    "publication_date": "2001-12-31", 
    "publication_type": "article", 
    "title": "Comparative genetic structure among Colombian and Mexican Drosophila pseudoobscura populations by using 14 microsatellite markers: a first approach.", 
    "upload_type": "publication"
  }, 
  "modified": "2017-06-10T20:08:19.408795+00:00", 
  "owner": 1161, 
  "record_id": 805762, 
  "state": "unsubmitted", 
  "submitted": false, 
  "title": "Comparative genetic structure among Colombian and Mexican Drosophila pseudoobscura populations by using 14 microsatellite markers: a first approach."
}HTTP/1.1 100 Continue

HTTP/1.1 201 CREATED
Server: nginx/1.10.2
Date: Sat, 10 Jun 2017 20:08:21 GMT
Content-Type: application/json
Content-Length: 372
X-RateLimit-Limit: 5000
X-RateLimit-Remaining: 4998
X-RateLimit-Reset: 1497128868
Retry-After: 3566
Access-Control-Allow-Origin: *
Access-Control-Expose-Headers: Content-Type, ETag, Link, X-RateLimit-Limit, X-RateLimit-Remaining, X-RateLimit-Reset
X-Sentry-ID: None
Strict-Transport-Security: max-age=31536000

{"checksum": "361f44aa5f6ace866f916a50ef158435", "filename": "alvarez_et_al__2001.pdf", "filesize": 99602, "id": "30d43528-3f31-45ab-9d1d-a6c12317d9eb", "links": {"download": "https://zenodo.org/api/files/69a34b08-06df-44a8-bd9c-091f1638eb8e/alvarez_et_al__2001.pdf", "self": "https://zenodo.org/api/deposit/depositions/805762/files/30d43528-3f31-45ab-9d1d-a6c12317d9eb"}}HTTP/1.1 202 ACCEPTED
Server: nginx/1.10.2
Date: Sat, 10 Jun 2017 20:08:23 GMT
Content-Type: application/json
Content-Length: 2757
ETag: "2"
Last-Modified: Sat, 10 Jun 2017 20:08:23 GMT
Location: https://zenodo.org/api/deposit/depositions/805762
X-RateLimit-Limit: 5000
X-RateLimit-Remaining: 4999
X-RateLimit-Reset: 1497128902
Retry-After: 3598
Access-Control-Allow-Origin: *
Access-Control-Expose-Headers: Content-Type, ETag, Link, X-RateLimit-Limit, X-RateLimit-Remaining, X-RateLimit-Reset
X-Sentry-ID: None

{
  "conceptdoi": "10.5281/zenodo.805761", 
  "conceptrecid": "805761", 
  "created": "2017-06-10T20:08:19.408789+00:00", 
  "doi": "10.5281/zenodo.805762", 
  "doi_url": "https://doi.org/10.5281/zenodo.805762", 
  "files": [
    {
      "checksum": "361f44aa5f6ace866f916a50ef158435", 
      "filename": "alvarez_et_al__2001.pdf", 
      "filesize": 99602, 
      "id": "30d43528-3f31-45ab-9d1d-a6c12317d9eb", 
      "links": {
        "download": "https://zenodo.org/api/files/69a34b08-06df-44a8-bd9c-091f1638eb8e/alvarez_et_al__2001.pdf", 
        "self": "https://zenodo.org/api/deposit/depositions/804617/files/30d43528-3f31-45ab-9d1d-a6c12317d9eb"
      }
    }
  ], 
  "id": 805762, 
  "links": {
    "badge": "https://zenodo.org/badge/doi/10.5281/zenodo.805762.svg", 
    "bucket": "https://zenodo.org/api/files/69a34b08-06df-44a8-bd9c-091f1638eb8e", 
    "conceptbadge": "https://zenodo.org/badge/doi/10.5281/zenodo.805761.svg", 
    "conceptdoi": "https://doi.org/10.5281/zenodo.805761", 
    "doi": "https://doi.org/10.5281/zenodo.805762", 
    "latest": "https://zenodo.org/api/records/805762", 
    "latest_html": "https://zenodo.org/record/805762", 
    "record": "https://zenodo.org/api/records/805762", 
    "record_html": "https://zenodo.org/record/805762"
  }, 
  "metadata": {
    "access_right": "closed", 
    "communities": [
      {
        "identifier": "biosyslit"
      }, 
      {
        "identifier": "zenodo"
      }
    ], 
    "creators": [
      {
        "name": "Alvarez, D."
      }, 
      {
        "name": "Ruiz-Garcia, M."
      }, 
      {
        "name": "Noor, M."
      }, 
      {
        "name": "Salceda, V.M."
      }
    ], 
    "description": "uploaded by Plazi from Taxodros", 
    "doi": "10.5281/zenodo.805762", 
    "journal_pages": "75-82", 
    "journal_title": "D. I. S.", 
    "journal_volume": "84", 
    "keywords": [
      "Biodiversity", 
      "Taxonomy", 
      "Animalia", 
      "Arthropoda", 
      "Insecta", 
      "Diptera", 
      "Drosophilidae", 
      "flies", 
      "fruit flies", 
      "terrestrial"
    ], 
    "prereserve_doi": {
      "doi": "10.5281/zenodo.805762", 
      "recid": 805762
    }, 
    "publication_date": "2001-12-31", 
    "publication_type": "article", 
    "title": "Comparative genetic structure among Colombian and Mexican Drosophila pseudoobscura populations by using 14 microsatellite markers: a first approach.", 
    "upload_type": "publication"
  }, 
  "modified": "2017-06-10T20:08:23.127265+00:00", 
  "owner": 1161, 
  "record_id": 805762, 
  "state": "done", 
  "submitted": true, 
  "title": "Comparative genetic structure among Colombian and Mexican Drosophila pseudoobscura populations by using 14 microsatellite markers: a first approach."
}