{
  "conceptrecid": "805757", 
  "created": "2017-06-10T20:08:07.724341+00:00", 
  "files": [], 
  "id": 805758, 
  "links": {
    "bucket": "https://zenodo.org/api/files/a4755af9-c203-4ffc-a03f-2ae3dcaecd0e", 
    "discard": "https://zenodo.org/api/deposit/depositions/805758/actions/discard", 
    "edit": "https://zenodo.org/api/deposit/depositions/805758/actions/edit", 
    "files": "https://zenodo.org/api/deposit/depositions/805758/files", 
    "html": "https://zenodo.org/deposit/805758", 
    "latest_draft": "https://zenodo.org/api/deposit/depositions/805758", 
    "latest_draft_html": "https://zenodo.org/deposit/805758", 
    "publish": "https://zenodo.org/api/deposit/depositions/805758/actions/publish", 
    "self": "https://zenodo.org/api/deposit/depositions/805758"
  }, 
  "metadata": {
    "access_right": "open", 
    "communities": [
      {
        "identifier": "biosyslit"
      }
    ], 
    "creators": [
      {
        "name": "Alvarez, D."
      }, 
      {
        "name": "Iannini, A."
      }, 
      {
        "name": "Cardenas, H."
      }, 
      {
        "name": "Hoenigsberg, H.F."
      }
    ], 
    "description": "uploaded by Plazi from Taxodros", 
    "journal_pages": "269-311", 
    "journal_title": "Evol. Biol., Bogota", 
    "journal_volume": "3", 
    "keywords": [
      "Biodiversity", 
      "Taxonomy", 
      "Animalia", 
      "Arthropoda", 
      "Insecta", 
      "Diptera", 
      "Drosophilidae", 
      "flies", 
      "fruit flies", 
      "terrestrial"
    ], 
    "license": "CC-BY-4.0", 
    "prereserve_doi": {
      "doi": "10.5281/zenodo.805758", 
      "recid": 805758
    }, 
    "publication_date": "1989-08-31", 
    "publication_type": "article", 
    "title": "Population genetics in the American tropics. XXXIX. Asymmetry as a divergence factor in demes of Drosophila pseudoobscura in the Cundiboyacense Altiplano of Colombia.", 
    "upload_type": "publication"
  }, 
  "modified": "2017-06-10T20:08:07.724347+00:00", 
  "owner": 1161, 
  "record_id": 805758, 
  "state": "unsubmitted", 
  "submitted": false, 
  "title": "Population genetics in the American tropics. XXXIX. Asymmetry as a divergence factor in demes of Drosophila pseudoobscura in the Cundiboyacense Altiplano of Colombia."
}HTTP/1.1 100 Continue

HTTP/1.1 201 CREATED
Server: nginx/1.10.2
Date: Sat, 10 Jun 2017 20:08:11 GMT
Content-Type: application/json
Content-Length: 373
X-RateLimit-Limit: 5000
X-RateLimit-Remaining: 4999
X-RateLimit-Reset: 1497128888
Retry-After: 3596
Access-Control-Allow-Origin: *
Access-Control-Expose-Headers: Content-Type, ETag, Link, X-RateLimit-Limit, X-RateLimit-Remaining, X-RateLimit-Reset
X-Sentry-ID: None
Strict-Transport-Security: max-age=31536000

{"checksum": "f80d25327c7a2fe35dc1959be1e8b225", "filename": "alvarez_et_al__1989.pdf", "filesize": 253307, "id": "cc57b614-32da-4efe-aa59-abd44605191d", "links": {"download": "https://zenodo.org/api/files/a4755af9-c203-4ffc-a03f-2ae3dcaecd0e/alvarez_et_al__1989.pdf", "self": "https://zenodo.org/api/deposit/depositions/805758/files/cc57b614-32da-4efe-aa59-abd44605191d"}}HTTP/1.1 202 ACCEPTED
Server: nginx/1.10.2
Date: Sat, 10 Jun 2017 20:08:13 GMT
Content-Type: application/json
Content-Length: 2837
ETag: "2"
Last-Modified: Sat, 10 Jun 2017 20:08:12 GMT
Location: https://zenodo.org/api/deposit/depositions/805758
X-RateLimit-Limit: 5000
X-RateLimit-Remaining: 4999
X-RateLimit-Reset: 1497128892
Retry-After: 3598
Access-Control-Allow-Origin: *
Access-Control-Expose-Headers: Content-Type, ETag, Link, X-RateLimit-Limit, X-RateLimit-Remaining, X-RateLimit-Reset
X-Sentry-ID: None

{
  "conceptdoi": "10.5281/zenodo.805757", 
  "conceptrecid": "805757", 
  "created": "2017-06-10T20:08:07.724341+00:00", 
  "doi": "10.5281/zenodo.805758", 
  "doi_url": "https://doi.org/10.5281/zenodo.805758", 
  "files": [
    {
      "checksum": "f80d25327c7a2fe35dc1959be1e8b225", 
      "filename": "alvarez_et_al__1989.pdf", 
      "filesize": 253307, 
      "id": "cc57b614-32da-4efe-aa59-abd44605191d", 
      "links": {
        "download": "https://zenodo.org/api/files/a4755af9-c203-4ffc-a03f-2ae3dcaecd0e/alvarez_et_al__1989.pdf", 
        "self": "https://zenodo.org/api/deposit/depositions/804865/files/cc57b614-32da-4efe-aa59-abd44605191d"
      }
    }
  ], 
  "id": 805758, 
  "links": {
    "badge": "https://zenodo.org/badge/doi/10.5281/zenodo.805758.svg", 
    "bucket": "https://zenodo.org/api/files/a4755af9-c203-4ffc-a03f-2ae3dcaecd0e", 
    "conceptbadge": "https://zenodo.org/badge/doi/10.5281/zenodo.805757.svg", 
    "conceptdoi": "https://doi.org/10.5281/zenodo.805757", 
    "doi": "https://doi.org/10.5281/zenodo.805758", 
    "latest": "https://zenodo.org/api/records/805758", 
    "latest_html": "https://zenodo.org/record/805758", 
    "record": "https://zenodo.org/api/records/805758", 
    "record_html": "https://zenodo.org/record/805758"
  }, 
  "metadata": {
    "access_right": "open", 
    "communities": [
      {
        "identifier": "biosyslit"
      }, 
      {
        "identifier": "zenodo"
      }
    ], 
    "creators": [
      {
        "name": "Alvarez, D."
      }, 
      {
        "name": "Iannini, A."
      }, 
      {
        "name": "Cardenas, H."
      }, 
      {
        "name": "Hoenigsberg, H.F."
      }
    ], 
    "description": "uploaded by Plazi from Taxodros", 
    "doi": "10.5281/zenodo.805758", 
    "journal_pages": "269-311", 
    "journal_title": "Evol. Biol., Bogota", 
    "journal_volume": "3", 
    "keywords": [
      "Biodiversity", 
      "Taxonomy", 
      "Animalia", 
      "Arthropoda", 
      "Insecta", 
      "Diptera", 
      "Drosophilidae", 
      "flies", 
      "fruit flies", 
      "terrestrial"
    ], 
    "license": "CC-BY-4.0", 
    "prereserve_doi": {
      "doi": "10.5281/zenodo.805758", 
      "recid": 805758
    }, 
    "publication_date": "1989-08-31", 
    "publication_type": "article", 
    "title": "Population genetics in the American tropics. XXXIX. Asymmetry as a divergence factor in demes of Drosophila pseudoobscura in the Cundiboyacense Altiplano of Colombia.", 
    "upload_type": "publication"
  }, 
  "modified": "2017-06-10T20:08:12.706354+00:00", 
  "owner": 1161, 
  "record_id": 805758, 
  "state": "done", 
  "submitted": true, 
  "title": "Population genetics in the American tropics. XXXIX. Asymmetry as a divergence factor in demes of Drosophila pseudoobscura in the Cundiboyacense Altiplano of Colombia."
}