{
  "conceptrecid": "805755", 
  "created": "2017-06-10T20:08:02.046387+00:00", 
  "files": [], 
  "id": 805756, 
  "links": {
    "bucket": "https://zenodo.org/api/files/fc76a460-5dd7-44cb-a28a-d0ed4e74cf58", 
    "discard": "https://zenodo.org/api/deposit/depositions/805756/actions/discard", 
    "edit": "https://zenodo.org/api/deposit/depositions/805756/actions/edit", 
    "files": "https://zenodo.org/api/deposit/depositions/805756/files", 
    "html": "https://zenodo.org/deposit/805756", 
    "latest_draft": "https://zenodo.org/api/deposit/depositions/805756", 
    "latest_draft_html": "https://zenodo.org/deposit/805756", 
    "publish": "https://zenodo.org/api/deposit/depositions/805756/actions/publish", 
    "self": "https://zenodo.org/api/deposit/depositions/805756"
  }, 
  "metadata": {
    "access_right": "open", 
    "communities": [
      {
        "identifier": "biosyslit"
      }
    ], 
    "creators": [
      {
        "name": "Alvarez, G."
      }, 
      {
        "name": "Zapata, C."
      }, 
      {
        "name": "Fontdevila, A."
      }
    ], 
    "description": "uploaded by Plazi from Taxodros", 
    "journal_pages": "81-89", 
    "journal_title": "Acta biol. jugosl., Genetika", 
    "journal_volume": "12", 
    "keywords": [
      "Biodiversity", 
      "Taxonomy", 
      "Animalia", 
      "Arthropoda", 
      "Insecta", 
      "Diptera", 
      "Drosophilidae", 
      "flies", 
      "fruit flies", 
      "terrestrial"
    ], 
    "license": "CC-BY-4.0", 
    "prereserve_doi": {
      "doi": "10.5281/zenodo.805756", 
      "recid": 805756
    }, 
    "publication_date": "1980-12-31", 
    "publication_type": "article", 
    "title": "Modifier variability in a natural population of Drosophila subobscura.", 
    "upload_type": "publication"
  }, 
  "modified": "2017-06-10T20:08:02.046393+00:00", 
  "owner": 1161, 
  "record_id": 805756, 
  "state": "unsubmitted", 
  "submitted": false, 
  "title": "Modifier variability in a natural population of Drosophila subobscura."
}HTTP/1.1 100 Continue

HTTP/1.1 201 CREATED
Server: nginx/1.10.2
Date: Sat, 10 Jun 2017 20:08:05 GMT
Content-Type: application/json
Content-Length: 373
X-RateLimit-Limit: 5000
X-RateLimit-Remaining: 4998
X-RateLimit-Reset: 1497128831
Retry-After: 3545
Access-Control-Allow-Origin: *
Access-Control-Expose-Headers: Content-Type, ETag, Link, X-RateLimit-Limit, X-RateLimit-Remaining, X-RateLimit-Reset
X-Sentry-ID: None
Strict-Transport-Security: max-age=31536000

{"checksum": "25a67b5b54f4459d0b5387b5028e993d", "filename": "alvarez_et_al__1980.pdf", "filesize": 353194, "id": "692e6a4c-1a88-4656-8135-5c30ddb8223d", "links": {"download": "https://zenodo.org/api/files/fc76a460-5dd7-44cb-a28a-d0ed4e74cf58/alvarez_et_al__1980.pdf", "self": "https://zenodo.org/api/deposit/depositions/805756/files/692e6a4c-1a88-4656-8135-5c30ddb8223d"}}HTTP/1.1 202 ACCEPTED
Server: nginx/1.10.2
Date: Sat, 10 Jun 2017 20:08:06 GMT
Content-Type: application/json
Content-Length: 2600
ETag: "2"
Last-Modified: Sat, 10 Jun 2017 20:08:06 GMT
Location: https://zenodo.org/api/deposit/depositions/805756
X-RateLimit-Limit: 5000
X-RateLimit-Remaining: 4999
X-RateLimit-Reset: 1497128886
Retry-After: 3599
Access-Control-Allow-Origin: *
Access-Control-Expose-Headers: Content-Type, ETag, Link, X-RateLimit-Limit, X-RateLimit-Remaining, X-RateLimit-Reset
X-Sentry-ID: None

{
  "conceptdoi": "10.5281/zenodo.805755", 
  "conceptrecid": "805755", 
  "created": "2017-06-10T20:08:02.046387+00:00", 
  "doi": "10.5281/zenodo.805756", 
  "doi_url": "https://doi.org/10.5281/zenodo.805756", 
  "files": [
    {
      "checksum": "25a67b5b54f4459d0b5387b5028e993d", 
      "filename": "alvarez_et_al__1980.pdf", 
      "filesize": 353194, 
      "id": "692e6a4c-1a88-4656-8135-5c30ddb8223d", 
      "links": {
        "download": "https://zenodo.org/api/files/fc76a460-5dd7-44cb-a28a-d0ed4e74cf58/alvarez_et_al__1980.pdf", 
        "self": "https://zenodo.org/api/deposit/depositions/804771/files/692e6a4c-1a88-4656-8135-5c30ddb8223d"
      }
    }
  ], 
  "id": 805756, 
  "links": {
    "badge": "https://zenodo.org/badge/doi/10.5281/zenodo.805756.svg", 
    "bucket": "https://zenodo.org/api/files/fc76a460-5dd7-44cb-a28a-d0ed4e74cf58", 
    "conceptbadge": "https://zenodo.org/badge/doi/10.5281/zenodo.805755.svg", 
    "conceptdoi": "https://doi.org/10.5281/zenodo.805755", 
    "doi": "https://doi.org/10.5281/zenodo.805756", 
    "latest": "https://zenodo.org/api/records/805756", 
    "latest_html": "https://zenodo.org/record/805756", 
    "record": "https://zenodo.org/api/records/805756", 
    "record_html": "https://zenodo.org/record/805756"
  }, 
  "metadata": {
    "access_right": "open", 
    "communities": [
      {
        "identifier": "biosyslit"
      }, 
      {
        "identifier": "zenodo"
      }
    ], 
    "creators": [
      {
        "name": "Alvarez, G."
      }, 
      {
        "name": "Zapata, C."
      }, 
      {
        "name": "Fontdevila, A."
      }
    ], 
    "description": "uploaded by Plazi from Taxodros", 
    "doi": "10.5281/zenodo.805756", 
    "journal_pages": "81-89", 
    "journal_title": "Acta biol. jugosl., Genetika", 
    "journal_volume": "12", 
    "keywords": [
      "Biodiversity", 
      "Taxonomy", 
      "Animalia", 
      "Arthropoda", 
      "Insecta", 
      "Diptera", 
      "Drosophilidae", 
      "flies", 
      "fruit flies", 
      "terrestrial"
    ], 
    "license": "CC-BY-4.0", 
    "prereserve_doi": {
      "doi": "10.5281/zenodo.805756", 
      "recid": 805756
    }, 
    "publication_date": "1980-12-31", 
    "publication_type": "article", 
    "title": "Modifier variability in a natural population of Drosophila subobscura.", 
    "upload_type": "publication"
  }, 
  "modified": "2017-06-10T20:08:06.438312+00:00", 
  "owner": 1161, 
  "record_id": 805756, 
  "state": "done", 
  "submitted": true, 
  "title": "Modifier variability in a natural population of Drosophila subobscura."
}