{
  "conceptrecid": "805765", 
  "created": "2017-06-10T20:08:31.313575+00:00", 
  "files": [], 
  "id": 805766, 
  "links": {
    "bucket": "https://zenodo.org/api/files/b9cc317c-5423-4380-8863-c806c54b1dce", 
    "discard": "https://zenodo.org/api/deposit/depositions/805766/actions/discard", 
    "edit": "https://zenodo.org/api/deposit/depositions/805766/actions/edit", 
    "files": "https://zenodo.org/api/deposit/depositions/805766/files", 
    "html": "https://zenodo.org/deposit/805766", 
    "latest_draft": "https://zenodo.org/api/deposit/depositions/805766", 
    "latest_draft_html": "https://zenodo.org/deposit/805766", 
    "publish": "https://zenodo.org/api/deposit/depositions/805766/actions/publish", 
    "self": "https://zenodo.org/api/deposit/depositions/805766"
  }, 
  "metadata": {
    "access_right": "closed", 
    "communities": [
      {
        "identifier": "biosyslit"
      }
    ], 
    "creators": [
      {
        "name": "Alvarez, D."
      }, 
      {
        "name": "Noor, M.A.F."
      }, 
      {
        "name": "Ruiz-Garcia, M."
      }
    ], 
    "description": "uploaded by Plazi from Taxodros", 
    "journal_pages": "81-92", 
    "journal_title": "Biotropica", 
    "journal_volume": "34", 
    "keywords": [
      "Biodiversity", 
      "Taxonomy", 
      "Animalia", 
      "Arthropoda", 
      "Insecta", 
      "Diptera", 
      "Drosophilidae", 
      "flies", 
      "fruit flies", 
      "terrestrial"
    ], 
    "prereserve_doi": {
      "doi": "10.5281/zenodo.805766", 
      "recid": 805766
    }, 
    "publication_date": "2002-12-31", 
    "publication_type": "article", 
    "title": "Comparative Genetic Structure between Tropical Colombian and North American Drosophila pseudoobscura Populations.", 
    "upload_type": "publication"
  }, 
  "modified": "2017-06-10T20:08:31.313581+00:00", 
  "owner": 1161, 
  "record_id": 805766, 
  "state": "unsubmitted", 
  "submitted": false, 
  "title": "Comparative Genetic Structure between Tropical Colombian and North American Drosophila pseudoobscura Populations."
}HTTP/1.1 100 Continue

HTTP/1.1 201 CREATED
Server: nginx/1.10.2
Date: Sat, 10 Jun 2017 20:08:36 GMT
Content-Type: application/json
Content-Length: 375
X-RateLimit-Limit: 5000
X-RateLimit-Remaining: 4999
X-RateLimit-Reset: 1497128913
Retry-After: 3596
Access-Control-Allow-Origin: *
Access-Control-Expose-Headers: Content-Type, ETag, Link, X-RateLimit-Limit, X-RateLimit-Remaining, X-RateLimit-Reset
X-Sentry-ID: None
Strict-Transport-Security: max-age=31536000

{"checksum": "3e1a1b9451ac5666f0a93d32d43f48a7", "filename": "alvarez_et_al__2002b.pdf", "filesize": 825318, "id": "e3203e08-b517-49a7-bc32-19ae51a9c387", "links": {"download": "https://zenodo.org/api/files/b9cc317c-5423-4380-8863-c806c54b1dce/alvarez_et_al__2002b.pdf", "self": "https://zenodo.org/api/deposit/depositions/805766/files/e3203e08-b517-49a7-bc32-19ae51a9c387"}}HTTP/1.1 202 ACCEPTED
Server: nginx/1.10.2
Date: Sat, 10 Jun 2017 20:08:39 GMT
Content-Type: application/json
Content-Length: 2646
ETag: "2"
Last-Modified: Sat, 10 Jun 2017 20:08:38 GMT
Location: https://zenodo.org/api/deposit/depositions/805766
X-RateLimit-Limit: 5000
X-RateLimit-Remaining: 4997
X-RateLimit-Reset: 1497128874
Retry-After: 3554
Access-Control-Allow-Origin: *
Access-Control-Expose-Headers: Content-Type, ETag, Link, X-RateLimit-Limit, X-RateLimit-Remaining, X-RateLimit-Reset
X-Sentry-ID: None

{
  "conceptdoi": "10.5281/zenodo.805765", 
  "conceptrecid": "805765", 
  "created": "2017-06-10T20:08:31.313575+00:00", 
  "doi": "10.5281/zenodo.805766", 
  "doi_url": "https://doi.org/10.5281/zenodo.805766", 
  "files": [
    {
      "checksum": "3e1a1b9451ac5666f0a93d32d43f48a7", 
      "filename": "alvarez_et_al__2002b.pdf", 
      "filesize": 825318, 
      "id": "e3203e08-b517-49a7-bc32-19ae51a9c387", 
      "links": {
        "download": "https://zenodo.org/api/files/b9cc317c-5423-4380-8863-c806c54b1dce/alvarez_et_al__2002b.pdf", 
        "self": "https://zenodo.org/api/deposit/depositions/804703/files/e3203e08-b517-49a7-bc32-19ae51a9c387"
      }
    }
  ], 
  "id": 805766, 
  "links": {
    "badge": "https://zenodo.org/badge/doi/10.5281/zenodo.805766.svg", 
    "bucket": "https://zenodo.org/api/files/b9cc317c-5423-4380-8863-c806c54b1dce", 
    "conceptbadge": "https://zenodo.org/badge/doi/10.5281/zenodo.805765.svg", 
    "conceptdoi": "https://doi.org/10.5281/zenodo.805765", 
    "doi": "https://doi.org/10.5281/zenodo.805766", 
    "latest": "https://zenodo.org/api/records/805766", 
    "latest_html": "https://zenodo.org/record/805766", 
    "record": "https://zenodo.org/api/records/805766", 
    "record_html": "https://zenodo.org/record/805766"
  }, 
  "metadata": {
    "access_right": "closed", 
    "communities": [
      {
        "identifier": "biosyslit"
      }, 
      {
        "identifier": "zenodo"
      }
    ], 
    "creators": [
      {
        "name": "Alvarez, D."
      }, 
      {
        "name": "Noor, M.A.F."
      }, 
      {
        "name": "Ruiz-Garcia, M."
      }
    ], 
    "description": "uploaded by Plazi from Taxodros", 
    "doi": "10.5281/zenodo.805766", 
    "journal_pages": "81-92", 
    "journal_title": "Biotropica", 
    "journal_volume": "34", 
    "keywords": [
      "Biodiversity", 
      "Taxonomy", 
      "Animalia", 
      "Arthropoda", 
      "Insecta", 
      "Diptera", 
      "Drosophilidae", 
      "flies", 
      "fruit flies", 
      "terrestrial"
    ], 
    "prereserve_doi": {
      "doi": "10.5281/zenodo.805766", 
      "recid": 805766
    }, 
    "publication_date": "2002-12-31", 
    "publication_type": "article", 
    "title": "Comparative Genetic Structure between Tropical Colombian and North American Drosophila pseudoobscura Populations.", 
    "upload_type": "publication"
  }, 
  "modified": "2017-06-10T20:08:38.834261+00:00", 
  "owner": 1161, 
  "record_id": 805766, 
  "state": "done", 
  "submitted": true, 
  "title": "Comparative Genetic Structure between Tropical Colombian and North American Drosophila pseudoobscura Populations."
}