{
  "conceptrecid": "805769", 
  "created": "2017-06-10T20:08:42.927128+00:00", 
  "files": [], 
  "id": 805770, 
  "links": {
    "bucket": "https://zenodo.org/api/files/0af07ea5-38aa-4a39-8976-49483e0307ec", 
    "discard": "https://zenodo.org/api/deposit/depositions/805770/actions/discard", 
    "edit": "https://zenodo.org/api/deposit/depositions/805770/actions/edit", 
    "files": "https://zenodo.org/api/deposit/depositions/805770/files", 
    "html": "https://zenodo.org/deposit/805770", 
    "latest_draft": "https://zenodo.org/api/deposit/depositions/805770", 
    "latest_draft_html": "https://zenodo.org/deposit/805770", 
    "publish": "https://zenodo.org/api/deposit/depositions/805770/actions/publish", 
    "self": "https://zenodo.org/api/deposit/depositions/805770"
  }, 
  "metadata": {
    "access_right": "closed", 
    "communities": [
      {
        "identifier": "biosyslit"
      }
    ], 
    "creators": [
      {
        "name": "Alves, N.S."
      }, 
      {
        "name": "Machado, L.P.B."
      }, 
      {
        "name": "Mateus, R.P."
      }
    ], 
    "description": "uploaded by Plazi from Taxodros", 
    "journal_pages": "234", 
    "journal_title": "Resum. Congr. bras. Genet.", 
    "journal_volume": "53", 
    "keywords": [
      "Biodiversity", 
      "Taxonomy", 
      "Animalia", 
      "Arthropoda", 
      "Insecta", 
      "Diptera", 
      "Drosophilidae", 
      "flies", 
      "fruit flies", 
      "terrestrial"
    ], 
    "prereserve_doi": {
      "doi": "10.5281/zenodo.805770", 
      "recid": 805770
    }, 
    "publication_date": "2007-12-31", 
    "publication_type": "article", 
    "title": "Perfil de esterases ao longo do desenvolvimento de populacoes da especie Drosophila mercatorum pararepleta (Diptera; Drosophilidae). (Abstract).", 
    "upload_type": "publication"
  }, 
  "modified": "2017-06-10T20:08:42.927135+00:00", 
  "owner": 1161, 
  "record_id": 805770, 
  "state": "unsubmitted", 
  "submitted": false, 
  "title": "Perfil de esterases ao longo do desenvolvimento de populacoes da especie Drosophila mercatorum pararepleta (Diptera; Drosophilidae). (Abstract)."
}HTTP/1.1 100 Continue

HTTP/1.1 201 CREATED
Server: nginx/1.10.2
Date: Sat, 10 Jun 2017 20:08:53 GMT
Content-Type: application/json
Content-Length: 369
X-RateLimit-Limit: 5000
X-RateLimit-Remaining: 4999
X-RateLimit-Reset: 1497128924
Retry-After: 3590
Access-Control-Allow-Origin: *
Access-Control-Expose-Headers: Content-Type, ETag, Link, X-RateLimit-Limit, X-RateLimit-Remaining, X-RateLimit-Reset
X-Sentry-ID: None
Strict-Transport-Security: max-age=31536000

{"checksum": "e00bdb6a43027bebb8bb536d454fb639", "filename": "alves_et_al__2007.pdf", "filesize": 137315, "id": "5aa1635e-569e-440c-8d39-74fe31257d71", "links": {"download": "https://zenodo.org/api/files/0af07ea5-38aa-4a39-8976-49483e0307ec/alves_et_al__2007.pdf", "self": "https://zenodo.org/api/deposit/depositions/805770/files/5aa1635e-569e-440c-8d39-74fe31257d71"}}HTTP/1.1 202 ACCEPTED
Server: nginx/1.10.2
Date: Sat, 10 Jun 2017 20:08:55 GMT
Content-Type: application/json
Content-Length: 2716
ETag: "2"
Last-Modified: Sat, 10 Jun 2017 20:08:55 GMT
Location: https://zenodo.org/api/deposit/depositions/805770
X-RateLimit-Limit: 5000
X-RateLimit-Remaining: 4998
X-RateLimit-Reset: 1497128842
Retry-After: 3506
Access-Control-Allow-Origin: *
Access-Control-Expose-Headers: Content-Type, ETag, Link, X-RateLimit-Limit, X-RateLimit-Remaining, X-RateLimit-Reset
X-Sentry-ID: None

{
  "conceptdoi": "10.5281/zenodo.805769", 
  "conceptrecid": "805769", 
  "created": "2017-06-10T20:08:42.927128+00:00", 
  "doi": "10.5281/zenodo.805770", 
  "doi_url": "https://doi.org/10.5281/zenodo.805770", 
  "files": [
    {
      "checksum": "e00bdb6a43027bebb8bb536d454fb639", 
      "filename": "alves_et_al__2007.pdf", 
      "filesize": 137315, 
      "id": "5aa1635e-569e-440c-8d39-74fe31257d71", 
      "links": {
        "download": "https://zenodo.org/api/files/0af07ea5-38aa-4a39-8976-49483e0307ec/alves_et_al__2007.pdf", 
        "self": "https://zenodo.org/api/deposit/depositions/804769/files/5aa1635e-569e-440c-8d39-74fe31257d71"
      }
    }
  ], 
  "id": 805770, 
  "links": {
    "badge": "https://zenodo.org/badge/doi/10.5281/zenodo.805770.svg", 
    "bucket": "https://zenodo.org/api/files/0af07ea5-38aa-4a39-8976-49483e0307ec", 
    "conceptbadge": "https://zenodo.org/badge/doi/10.5281/zenodo.805769.svg", 
    "conceptdoi": "https://doi.org/10.5281/zenodo.805769", 
    "doi": "https://doi.org/10.5281/zenodo.805770", 
    "latest": "https://zenodo.org/api/records/805770", 
    "latest_html": "https://zenodo.org/record/805770", 
    "record": "https://zenodo.org/api/records/805770", 
    "record_html": "https://zenodo.org/record/805770"
  }, 
  "metadata": {
    "access_right": "closed", 
    "communities": [
      {
        "identifier": "biosyslit"
      }, 
      {
        "identifier": "zenodo"
      }
    ], 
    "creators": [
      {
        "name": "Alves, N.S."
      }, 
      {
        "name": "Machado, L.P.B."
      }, 
      {
        "name": "Mateus, R.P."
      }
    ], 
    "description": "uploaded by Plazi from Taxodros", 
    "doi": "10.5281/zenodo.805770", 
    "journal_pages": "234", 
    "journal_title": "Resum. Congr. bras. Genet.", 
    "journal_volume": "53", 
    "keywords": [
      "Biodiversity", 
      "Taxonomy", 
      "Animalia", 
      "Arthropoda", 
      "Insecta", 
      "Diptera", 
      "Drosophilidae", 
      "flies", 
      "fruit flies", 
      "terrestrial"
    ], 
    "prereserve_doi": {
      "doi": "10.5281/zenodo.805770", 
      "recid": 805770
    }, 
    "publication_date": "2007-12-31", 
    "publication_type": "article", 
    "title": "Perfil de esterases ao longo do desenvolvimento de populacoes da especie Drosophila mercatorum pararepleta (Diptera; Drosophilidae). (Abstract).", 
    "upload_type": "publication"
  }, 
  "modified": "2017-06-10T20:08:55.052120+00:00", 
  "owner": 1161, 
  "record_id": 805770, 
  "state": "done", 
  "submitted": true, 
  "title": "Perfil de esterases ao longo do desenvolvimento de populacoes da especie Drosophila mercatorum pararepleta (Diptera; Drosophilidae). (Abstract)."
}