{
  "conceptrecid": "805775", 
  "created": "2017-06-10T20:09:08.888151+00:00", 
  "files": [], 
  "id": 805776, 
  "links": {
    "bucket": "https://zenodo.org/api/files/1173c54e-6812-4951-bd6a-bc65cc904cd1", 
    "discard": "https://zenodo.org/api/deposit/depositions/805776/actions/discard", 
    "edit": "https://zenodo.org/api/deposit/depositions/805776/actions/edit", 
    "files": "https://zenodo.org/api/deposit/depositions/805776/files", 
    "html": "https://zenodo.org/deposit/805776", 
    "latest_draft": "https://zenodo.org/api/deposit/depositions/805776", 
    "latest_draft_html": "https://zenodo.org/deposit/805776", 
    "publish": "https://zenodo.org/api/deposit/depositions/805776/actions/publish", 
    "self": "https://zenodo.org/api/deposit/depositions/805776"
  }, 
  "metadata": {
    "access_right": "closed", 
    "communities": [
      {
        "identifier": "biosyslit"
      }
    ], 
    "creators": [
      {
        "name": "Amador, R.B."
      }, 
      {
        "name": "Martins, M.B."
      }, 
      {
        "name": "da Silva Furtado, I."
      }
    ], 
    "description": "uploaded by Plazi from Taxodros", 
    "journal_pages": "73", 
    "journal_title": "D. I. S.", 
    "journal_volume": "94", 
    "keywords": [
      "Biodiversity", 
      "Taxonomy", 
      "Animalia", 
      "Arthropoda", 
      "Insecta", 
      "Diptera", 
      "Drosophilidae", 
      "flies", 
      "fruit flies", 
      "terrestrial"
    ], 
    "prereserve_doi": {
      "doi": "10.5281/zenodo.805776", 
      "recid": 805776
    }, 
    "publication_date": "2011-12-31", 
    "publication_type": "article", 
    "title": "Is Zaprionus indianus invading a preserved Amazon forest?", 
    "upload_type": "publication"
  }, 
  "modified": "2017-06-10T20:09:08.888157+00:00", 
  "owner": 1161, 
  "record_id": 805776, 
  "state": "unsubmitted", 
  "submitted": false, 
  "title": "Is Zaprionus indianus invading a preserved Amazon forest?"
}HTTP/1.1 100 Continue

HTTP/1.1 201 CREATED
Server: nginx/1.10.2
Date: Sat, 10 Jun 2017 20:09:11 GMT
Content-Type: application/json
Content-Length: 370
X-RateLimit-Limit: 5000
X-RateLimit-Remaining: 4998
X-RateLimit-Reset: 1497128937
Retry-After: 3585
Access-Control-Allow-Origin: *
Access-Control-Expose-Headers: Content-Type, ETag, Link, X-RateLimit-Limit, X-RateLimit-Remaining, X-RateLimit-Reset
X-Sentry-ID: None
Strict-Transport-Security: max-age=31536000

{"checksum": "411ca19a30b838a4ea23936b600f3b2f", "filename": "amador_et_al__2011.pdf", "filesize": 74943, "id": "e05f2c85-6867-42fd-b958-6201b2eebba1", "links": {"download": "https://zenodo.org/api/files/1173c54e-6812-4951-bd6a-bc65cc904cd1/amador_et_al__2011.pdf", "self": "https://zenodo.org/api/deposit/depositions/805776/files/e05f2c85-6867-42fd-b958-6201b2eebba1"}}HTTP/1.1 202 ACCEPTED
Server: nginx/1.10.2
Date: Sat, 10 Jun 2017 20:09:13 GMT
Content-Type: application/json
Content-Length: 2531
ETag: "2"
Last-Modified: Sat, 10 Jun 2017 20:09:12 GMT
Location: https://zenodo.org/api/deposit/depositions/805776
X-RateLimit-Limit: 5000
X-RateLimit-Remaining: 4999
X-RateLimit-Reset: 1497128952
Retry-After: 3598
Access-Control-Allow-Origin: *
Access-Control-Expose-Headers: Content-Type, ETag, Link, X-RateLimit-Limit, X-RateLimit-Remaining, X-RateLimit-Reset
X-Sentry-ID: None

{
  "conceptdoi": "10.5281/zenodo.805775", 
  "conceptrecid": "805775", 
  "created": "2017-06-10T20:09:08.888151+00:00", 
  "doi": "10.5281/zenodo.805776", 
  "doi_url": "https://doi.org/10.5281/zenodo.805776", 
  "files": [
    {
      "checksum": "411ca19a30b838a4ea23936b600f3b2f", 
      "filename": "amador_et_al__2011.pdf", 
      "filesize": 74943, 
      "id": "e05f2c85-6867-42fd-b958-6201b2eebba1", 
      "links": {
        "download": "https://zenodo.org/api/files/1173c54e-6812-4951-bd6a-bc65cc904cd1/amador_et_al__2011.pdf", 
        "self": "https://zenodo.org/api/deposit/depositions/804865/files/e05f2c85-6867-42fd-b958-6201b2eebba1"
      }
    }
  ], 
  "id": 805776, 
  "links": {
    "badge": "https://zenodo.org/badge/doi/10.5281/zenodo.805776.svg", 
    "bucket": "https://zenodo.org/api/files/1173c54e-6812-4951-bd6a-bc65cc904cd1", 
    "conceptbadge": "https://zenodo.org/badge/doi/10.5281/zenodo.805775.svg", 
    "conceptdoi": "https://doi.org/10.5281/zenodo.805775", 
    "doi": "https://doi.org/10.5281/zenodo.805776", 
    "latest": "https://zenodo.org/api/records/805776", 
    "latest_html": "https://zenodo.org/record/805776", 
    "record": "https://zenodo.org/api/records/805776", 
    "record_html": "https://zenodo.org/record/805776"
  }, 
  "metadata": {
    "access_right": "closed", 
    "communities": [
      {
        "identifier": "biosyslit"
      }, 
      {
        "identifier": "zenodo"
      }
    ], 
    "creators": [
      {
        "name": "Amador, R.B."
      }, 
      {
        "name": "Martins, M.B."
      }, 
      {
        "name": "da Silva Furtado, I."
      }
    ], 
    "description": "uploaded by Plazi from Taxodros", 
    "doi": "10.5281/zenodo.805776", 
    "journal_pages": "73", 
    "journal_title": "D. I. S.", 
    "journal_volume": "94", 
    "keywords": [
      "Biodiversity", 
      "Taxonomy", 
      "Animalia", 
      "Arthropoda", 
      "Insecta", 
      "Diptera", 
      "Drosophilidae", 
      "flies", 
      "fruit flies", 
      "terrestrial"
    ], 
    "prereserve_doi": {
      "doi": "10.5281/zenodo.805776", 
      "recid": 805776
    }, 
    "publication_date": "2011-12-31", 
    "publication_type": "article", 
    "title": "Is Zaprionus indianus invading a preserved Amazon forest?", 
    "upload_type": "publication"
  }, 
  "modified": "2017-06-10T20:09:12.791029+00:00", 
  "owner": 1161, 
  "record_id": 805776, 
  "state": "done", 
  "submitted": true, 
  "title": "Is Zaprionus indianus invading a preserved Amazon forest?"
}