{
  "conceptrecid": "805777", 
  "created": "2017-06-10T20:09:14.181557+00:00", 
  "files": [], 
  "id": 805778, 
  "links": {
    "bucket": "https://zenodo.org/api/files/551a3360-51df-4444-b516-013a5cca0730", 
    "discard": "https://zenodo.org/api/deposit/depositions/805778/actions/discard", 
    "edit": "https://zenodo.org/api/deposit/depositions/805778/actions/edit", 
    "files": "https://zenodo.org/api/deposit/depositions/805778/files", 
    "html": "https://zenodo.org/deposit/805778", 
    "latest_draft": "https://zenodo.org/api/deposit/depositions/805778", 
    "latest_draft_html": "https://zenodo.org/deposit/805778", 
    "publish": "https://zenodo.org/api/deposit/depositions/805778/actions/publish", 
    "self": "https://zenodo.org/api/deposit/depositions/805778"
  }, 
  "metadata": {
    "access_right": "open", 
    "communities": [
      {
        "identifier": "biosyslit"
      }
    ], 
    "creators": [
      {
        "name": "Amante, E."
      }, 
      {
        "name": "Vulcano, A."
      }, 
      {
        "name": "Abrahao, J."
      }
    ], 
    "description": "uploaded by Plazi from Taxodros", 
    "journal_pages": "102-105", 
    "journal_title": "Biologico", 
    "journal_volume": "37", 
    "keywords": [
      "Biodiversity", 
      "Taxonomy", 
      "Animalia", 
      "Arthropoda", 
      "Insecta", 
      "Diptera", 
      "Drosophilidae", 
      "flies", 
      "fruit flies", 
      "terrestrial"
    ], 
    "license": "CC-BY-4.0", 
    "prereserve_doi": {
      "doi": "10.5281/zenodo.805778", 
      "recid": 805778
    }, 
    "publication_date": "1971-04-30", 
    "publication_type": "article", 
    "title": "Observacoes preliminares sobre a influencia da entomofauna na dispersao dos uredosporos da ferrugem do cafeeiro (Hemileia vastatrix).", 
    "upload_type": "publication"
  }, 
  "modified": "2017-06-10T20:09:14.181564+00:00", 
  "owner": 1161, 
  "record_id": 805778, 
  "state": "unsubmitted", 
  "submitted": false, 
  "title": "Observacoes preliminares sobre a influencia da entomofauna na dispersao dos uredosporos da ferrugem do cafeeiro (Hemileia vastatrix)."
}HTTP/1.1 100 Continue

HTTP/1.1 201 CREATED
Server: nginx/1.10.2
Date: Sat, 10 Jun 2017 20:09:17 GMT
Content-Type: application/json
Content-Length: 371
X-RateLimit-Limit: 5000
X-RateLimit-Remaining: 4999
X-RateLimit-Reset: 1497128955
Retry-After: 3597
Access-Control-Allow-Origin: *
Access-Control-Expose-Headers: Content-Type, ETag, Link, X-RateLimit-Limit, X-RateLimit-Remaining, X-RateLimit-Reset
X-Sentry-ID: None
Strict-Transport-Security: max-age=31536000

{"checksum": "0e856a3ff3999b1801b8fabbdcc464a2", "filename": "amante_et_al__1971.pdf", "filesize": 498768, "id": "9adcf908-fa0f-4403-82a5-dc4463de60ea", "links": {"download": "https://zenodo.org/api/files/551a3360-51df-4444-b516-013a5cca0730/amante_et_al__1971.pdf", "self": "https://zenodo.org/api/deposit/depositions/805778/files/9adcf908-fa0f-4403-82a5-dc4463de60ea"}}HTTP/1.1 202 ACCEPTED
Server: nginx/1.10.2
Date: Sat, 10 Jun 2017 20:09:19 GMT
Content-Type: application/json
Content-Length: 2704
ETag: "2"
Last-Modified: Sat, 10 Jun 2017 20:09:18 GMT
Location: https://zenodo.org/api/deposit/depositions/805778
X-RateLimit-Limit: 5000
X-RateLimit-Remaining: 4999
X-RateLimit-Reset: 1497128958
Retry-After: 3598
Access-Control-Allow-Origin: *
Access-Control-Expose-Headers: Content-Type, ETag, Link, X-RateLimit-Limit, X-RateLimit-Remaining, X-RateLimit-Reset
X-Sentry-ID: None

{
  "conceptdoi": "10.5281/zenodo.805777", 
  "conceptrecid": "805777", 
  "created": "2017-06-10T20:09:14.181557+00:00", 
  "doi": "10.5281/zenodo.805778", 
  "doi_url": "https://doi.org/10.5281/zenodo.805778", 
  "files": [
    {
      "checksum": "0e856a3ff3999b1801b8fabbdcc464a2", 
      "filename": "amante_et_al__1971.pdf", 
      "filesize": 498768, 
      "id": "9adcf908-fa0f-4403-82a5-dc4463de60ea", 
      "links": {
        "download": "https://zenodo.org/api/files/551a3360-51df-4444-b516-013a5cca0730/amante_et_al__1971.pdf", 
        "self": "https://zenodo.org/api/deposit/depositions/804848/files/9adcf908-fa0f-4403-82a5-dc4463de60ea"
      }
    }
  ], 
  "id": 805778, 
  "links": {
    "badge": "https://zenodo.org/badge/doi/10.5281/zenodo.805778.svg", 
    "bucket": "https://zenodo.org/api/files/551a3360-51df-4444-b516-013a5cca0730", 
    "conceptbadge": "https://zenodo.org/badge/doi/10.5281/zenodo.805777.svg", 
    "conceptdoi": "https://doi.org/10.5281/zenodo.805777", 
    "doi": "https://doi.org/10.5281/zenodo.805778", 
    "latest": "https://zenodo.org/api/records/805778", 
    "latest_html": "https://zenodo.org/record/805778", 
    "record": "https://zenodo.org/api/records/805778", 
    "record_html": "https://zenodo.org/record/805778"
  }, 
  "metadata": {
    "access_right": "open", 
    "communities": [
      {
        "identifier": "biosyslit"
      }, 
      {
        "identifier": "zenodo"
      }
    ], 
    "creators": [
      {
        "name": "Amante, E."
      }, 
      {
        "name": "Vulcano, A."
      }, 
      {
        "name": "Abrahao, J."
      }
    ], 
    "description": "uploaded by Plazi from Taxodros", 
    "doi": "10.5281/zenodo.805778", 
    "journal_pages": "102-105", 
    "journal_title": "Biologico", 
    "journal_volume": "37", 
    "keywords": [
      "Biodiversity", 
      "Taxonomy", 
      "Animalia", 
      "Arthropoda", 
      "Insecta", 
      "Diptera", 
      "Drosophilidae", 
      "flies", 
      "fruit flies", 
      "terrestrial"
    ], 
    "license": "CC-BY-4.0", 
    "prereserve_doi": {
      "doi": "10.5281/zenodo.805778", 
      "recid": 805778
    }, 
    "publication_date": "1971-04-30", 
    "publication_type": "article", 
    "title": "Observacoes preliminares sobre a influencia da entomofauna na dispersao dos uredosporos da ferrugem do cafeeiro (Hemileia vastatrix).", 
    "upload_type": "publication"
  }, 
  "modified": "2017-06-10T20:09:18.893381+00:00", 
  "owner": 1161, 
  "record_id": 805778, 
  "state": "done", 
  "submitted": true, 
  "title": "Observacoes preliminares sobre a influencia da entomofauna na dispersao dos uredosporos da ferrugem do cafeeiro (Hemileia vastatrix)."
}