{
  "conceptrecid": "805783", 
  "created": "2017-06-10T20:09:33.017982+00:00", 
  "files": [], 
  "id": 805784, 
  "links": {
    "bucket": "https://zenodo.org/api/files/869592d6-78da-4f6a-a124-3cfd79579594", 
    "discard": "https://zenodo.org/api/deposit/depositions/805784/actions/discard", 
    "edit": "https://zenodo.org/api/deposit/depositions/805784/actions/edit", 
    "files": "https://zenodo.org/api/deposit/depositions/805784/files", 
    "html": "https://zenodo.org/deposit/805784", 
    "latest_draft": "https://zenodo.org/api/deposit/depositions/805784", 
    "latest_draft_html": "https://zenodo.org/deposit/805784", 
    "publish": "https://zenodo.org/api/deposit/depositions/805784/actions/publish", 
    "self": "https://zenodo.org/api/deposit/depositions/805784"
  }, 
  "metadata": {
    "access_right": "open", 
    "communities": [
      {
        "identifier": "biosyslit"
      }
    ], 
    "creators": [
      {
        "name": "Amlou, M."
      }, 
      {
        "name": "Pla, E."
      }, 
      {
        "name": "Moreteau, B."
      }, 
      {
        "name": "David, J.R."
      }
    ], 
    "description": "uploaded by Plazi from Taxodros", 
    "journal_pages": "511-522", 
    "journal_title": "Genet. Sel. Evol.", 
    "journal_volume": "29", 
    "keywords": [
      "Biodiversity", 
      "Taxonomy", 
      "Animalia", 
      "Arthropoda", 
      "Insecta", 
      "Diptera", 
      "Drosophilidae", 
      "flies", 
      "fruit flies", 
      "terrestrial"
    ], 
    "license": "CC-BY-4.0", 
    "prereserve_doi": {
      "doi": "10.5281/zenodo.805784", 
      "recid": 805784
    }, 
    "publication_date": "1997-12-31", 
    "publication_type": "article", 
    "title": "Genetic analysis by interspecific crosses of the tolerance of Drosophila sechellia to major aliphatic acids of its host plant.", 
    "upload_type": "publication"
  }, 
  "modified": "2017-06-10T20:09:33.017988+00:00", 
  "owner": 1161, 
  "record_id": 805784, 
  "state": "unsubmitted", 
  "submitted": false, 
  "title": "Genetic analysis by interspecific crosses of the tolerance of Drosophila sechellia to major aliphatic acids of its host plant."
}HTTP/1.1 100 Continue

HTTP/1.1 201 CREATED
Server: nginx/1.10.2
Date: Sat, 10 Jun 2017 20:09:37 GMT
Content-Type: application/json
Content-Length: 369
X-RateLimit-Limit: 5000
X-RateLimit-Remaining: 4999
X-RateLimit-Reset: 1497128974
Retry-After: 3596
Access-Control-Allow-Origin: *
Access-Control-Expose-Headers: Content-Type, ETag, Link, X-RateLimit-Limit, X-RateLimit-Remaining, X-RateLimit-Reset
X-Sentry-ID: None
Strict-Transport-Security: max-age=31536000

{"checksum": "7c01080bcf01cd57e0e1dc97bb24dac9", "filename": "amlou_et_al__1997.pdf", "filesize": 745571, "id": "f4f7515c-604b-43a8-aacc-432dc9799a69", "links": {"download": "https://zenodo.org/api/files/869592d6-78da-4f6a-a124-3cfd79579594/amlou_et_al__1997.pdf", "self": "https://zenodo.org/api/deposit/depositions/805784/files/f4f7515c-604b-43a8-aacc-432dc9799a69"}}HTTP/1.1 202 ACCEPTED
Server: nginx/1.10.2
Date: Sat, 10 Jun 2017 20:09:38 GMT
Content-Type: application/json
Content-Length: 2740
ETag: "2"
Last-Modified: Sat, 10 Jun 2017 20:09:38 GMT
Location: https://zenodo.org/api/deposit/depositions/805784
X-RateLimit-Limit: 5000
X-RateLimit-Remaining: 4999
X-RateLimit-Reset: 1497128977
Retry-After: 3598
Access-Control-Allow-Origin: *
Access-Control-Expose-Headers: Content-Type, ETag, Link, X-RateLimit-Limit, X-RateLimit-Remaining, X-RateLimit-Reset
X-Sentry-ID: None

{
  "conceptdoi": "10.5281/zenodo.805783", 
  "conceptrecid": "805783", 
  "created": "2017-06-10T20:09:33.017982+00:00", 
  "doi": "10.5281/zenodo.805784", 
  "doi_url": "https://doi.org/10.5281/zenodo.805784", 
  "files": [
    {
      "checksum": "7c01080bcf01cd57e0e1dc97bb24dac9", 
      "filename": "amlou_et_al__1997.pdf", 
      "filesize": 745571, 
      "id": "f4f7515c-604b-43a8-aacc-432dc9799a69", 
      "links": {
        "download": "https://zenodo.org/api/files/869592d6-78da-4f6a-a124-3cfd79579594/amlou_et_al__1997.pdf", 
        "self": "https://zenodo.org/api/deposit/depositions/804606/files/f4f7515c-604b-43a8-aacc-432dc9799a69"
      }
    }
  ], 
  "id": 805784, 
  "links": {
    "badge": "https://zenodo.org/badge/doi/10.5281/zenodo.805784.svg", 
    "bucket": "https://zenodo.org/api/files/869592d6-78da-4f6a-a124-3cfd79579594", 
    "conceptbadge": "https://zenodo.org/badge/doi/10.5281/zenodo.805783.svg", 
    "conceptdoi": "https://doi.org/10.5281/zenodo.805783", 
    "doi": "https://doi.org/10.5281/zenodo.805784", 
    "latest": "https://zenodo.org/api/records/805784", 
    "latest_html": "https://zenodo.org/record/805784", 
    "record": "https://zenodo.org/api/records/805784", 
    "record_html": "https://zenodo.org/record/805784"
  }, 
  "metadata": {
    "access_right": "open", 
    "communities": [
      {
        "identifier": "biosyslit"
      }, 
      {
        "identifier": "zenodo"
      }
    ], 
    "creators": [
      {
        "name": "Amlou, M."
      }, 
      {
        "name": "Pla, E."
      }, 
      {
        "name": "Moreteau, B."
      }, 
      {
        "name": "David, J.R."
      }
    ], 
    "description": "uploaded by Plazi from Taxodros", 
    "doi": "10.5281/zenodo.805784", 
    "journal_pages": "511-522", 
    "journal_title": "Genet. Sel. Evol.", 
    "journal_volume": "29", 
    "keywords": [
      "Biodiversity", 
      "Taxonomy", 
      "Animalia", 
      "Arthropoda", 
      "Insecta", 
      "Diptera", 
      "Drosophilidae", 
      "flies", 
      "fruit flies", 
      "terrestrial"
    ], 
    "license": "CC-BY-4.0", 
    "prereserve_doi": {
      "doi": "10.5281/zenodo.805784", 
      "recid": 805784
    }, 
    "publication_date": "1997-12-31", 
    "publication_type": "article", 
    "title": "Genetic analysis by interspecific crosses of the tolerance of Drosophila sechellia to major aliphatic acids of its host plant.", 
    "upload_type": "publication"
  }, 
  "modified": "2017-06-10T20:09:38.277144+00:00", 
  "owner": 1161, 
  "record_id": 805784, 
  "state": "done", 
  "submitted": true, 
  "title": "Genetic analysis by interspecific crosses of the tolerance of Drosophila sechellia to major aliphatic acids of its host plant."
}