{
  "conceptrecid": "805789", 
  "created": "2017-06-10T20:09:57.589122+00:00", 
  "files": [], 
  "id": 805790, 
  "links": {
    "bucket": "https://zenodo.org/api/files/755c287f-ee0e-4584-9c98-ef4945e3ac65", 
    "discard": "https://zenodo.org/api/deposit/depositions/805790/actions/discard", 
    "edit": "https://zenodo.org/api/deposit/depositions/805790/actions/edit", 
    "files": "https://zenodo.org/api/deposit/depositions/805790/files", 
    "html": "https://zenodo.org/deposit/805790", 
    "latest_draft": "https://zenodo.org/api/deposit/depositions/805790", 
    "latest_draft_html": "https://zenodo.org/deposit/805790", 
    "publish": "https://zenodo.org/api/deposit/depositions/805790/actions/publish", 
    "self": "https://zenodo.org/api/deposit/depositions/805790"
  }, 
  "metadata": {
    "access_right": "open", 
    "communities": [
      {
        "identifier": "biosyslit"
      }
    ], 
    "creators": [
      {
        "name": "Ammerman, G.R."
      }, 
      {
        "name": "Davis, J.J."
      }, 
      {
        "name": "Desrosier, N.W."
      }
    ], 
    "description": "uploaded by Plazi from Taxodros", 
    "journal_pages": "81-82", 
    "journal_title": "Proc. N. Centr. Brch ent. Soc. Am.", 
    "journal_volume": "9", 
    "keywords": [
      "Biodiversity", 
      "Taxonomy", 
      "Animalia", 
      "Arthropoda", 
      "Insecta", 
      "Diptera", 
      "Drosophilidae", 
      "flies", 
      "fruit flies", 
      "terrestrial"
    ], 
    "license": "CC-BY-4.0", 
    "prereserve_doi": {
      "doi": "10.5281/zenodo.805790", 
      "recid": 805790
    }, 
    "publication_date": "1954-12-31", 
    "publication_type": "article", 
    "title": "Drosophila Control in Indiana Tomato Factories.", 
    "upload_type": "publication"
  }, 
  "modified": "2017-06-10T20:09:57.589129+00:00", 
  "owner": 1161, 
  "record_id": 805790, 
  "state": "unsubmitted", 
  "submitted": false, 
  "title": "Drosophila Control in Indiana Tomato Factories."
}HTTP/1.1 100 Continue

HTTP/1.1 201 CREATED
Server: nginx/1.10.2
Date: Sat, 10 Jun 2017 20:10:00 GMT
Content-Type: application/json
Content-Length: 375
X-RateLimit-Limit: 5000
X-RateLimit-Remaining: 4998
X-RateLimit-Reset: 1497128888
Retry-After: 3487
Access-Control-Allow-Origin: *
Access-Control-Expose-Headers: Content-Type, ETag, Link, X-RateLimit-Limit, X-RateLimit-Remaining, X-RateLimit-Reset
X-Sentry-ID: None
Strict-Transport-Security: max-age=31536000

{"checksum": "d0847e6e7ac059d19d38d125c350d835", "filename": "ammerman_et_al__1954.pdf", "filesize": 172035, "id": "acbf6599-bd74-4ac2-96f7-dd64bc36cca5", "links": {"download": "https://zenodo.org/api/files/755c287f-ee0e-4584-9c98-ef4945e3ac65/ammerman_et_al__1954.pdf", "self": "https://zenodo.org/api/deposit/depositions/805790/files/acbf6599-bd74-4ac2-96f7-dd64bc36cca5"}}HTTP/1.1 202 ACCEPTED
Server: nginx/1.10.2
Date: Sat, 10 Jun 2017 20:10:02 GMT
Content-Type: application/json
Content-Length: 2566
ETag: "2"
Last-Modified: Sat, 10 Jun 2017 20:10:02 GMT
Location: https://zenodo.org/api/deposit/depositions/805790
X-RateLimit-Limit: 5000
X-RateLimit-Remaining: 4999
X-RateLimit-Reset: 1497129001
Retry-After: 3598
Access-Control-Allow-Origin: *
Access-Control-Expose-Headers: Content-Type, ETag, Link, X-RateLimit-Limit, X-RateLimit-Remaining, X-RateLimit-Reset
X-Sentry-ID: None

{
  "conceptdoi": "10.5281/zenodo.805789", 
  "conceptrecid": "805789", 
  "created": "2017-06-10T20:09:57.589122+00:00", 
  "doi": "10.5281/zenodo.805790", 
  "doi_url": "https://doi.org/10.5281/zenodo.805790", 
  "files": [
    {
      "checksum": "d0847e6e7ac059d19d38d125c350d835", 
      "filename": "ammerman_et_al__1954.pdf", 
      "filesize": 172035, 
      "id": "acbf6599-bd74-4ac2-96f7-dd64bc36cca5", 
      "links": {
        "download": "https://zenodo.org/api/files/755c287f-ee0e-4584-9c98-ef4945e3ac65/ammerman_et_al__1954.pdf", 
        "self": "https://zenodo.org/api/deposit/depositions/155396/files/acbf6599-bd74-4ac2-96f7-dd64bc36cca5"
      }
    }
  ], 
  "id": 805790, 
  "links": {
    "badge": "https://zenodo.org/badge/doi/10.5281/zenodo.805790.svg", 
    "bucket": "https://zenodo.org/api/files/755c287f-ee0e-4584-9c98-ef4945e3ac65", 
    "conceptbadge": "https://zenodo.org/badge/doi/10.5281/zenodo.805789.svg", 
    "conceptdoi": "https://doi.org/10.5281/zenodo.805789", 
    "doi": "https://doi.org/10.5281/zenodo.805790", 
    "latest": "https://zenodo.org/api/records/805790", 
    "latest_html": "https://zenodo.org/record/805790", 
    "record": "https://zenodo.org/api/records/805790", 
    "record_html": "https://zenodo.org/record/805790"
  }, 
  "metadata": {
    "access_right": "open", 
    "communities": [
      {
        "identifier": "biosyslit"
      }, 
      {
        "identifier": "zenodo"
      }
    ], 
    "creators": [
      {
        "name": "Ammerman, G.R."
      }, 
      {
        "name": "Davis, J.J."
      }, 
      {
        "name": "Desrosier, N.W."
      }
    ], 
    "description": "uploaded by Plazi from Taxodros", 
    "doi": "10.5281/zenodo.805790", 
    "journal_pages": "81-82", 
    "journal_title": "Proc. N. Centr. Brch ent. Soc. Am.", 
    "journal_volume": "9", 
    "keywords": [
      "Biodiversity", 
      "Taxonomy", 
      "Animalia", 
      "Arthropoda", 
      "Insecta", 
      "Diptera", 
      "Drosophilidae", 
      "flies", 
      "fruit flies", 
      "terrestrial"
    ], 
    "license": "CC-BY-4.0", 
    "prereserve_doi": {
      "doi": "10.5281/zenodo.805790", 
      "recid": 805790
    }, 
    "publication_date": "1954-12-31", 
    "publication_type": "article", 
    "title": "Drosophila Control in Indiana Tomato Factories.", 
    "upload_type": "publication"
  }, 
  "modified": "2017-06-10T20:10:02.210511+00:00", 
  "owner": 1161, 
  "record_id": 805790, 
  "state": "done", 
  "submitted": true, 
  "title": "Drosophila Control in Indiana Tomato Factories."
}