{
  "conceptrecid": "805793", 
  "created": "2017-06-10T20:10:09.788135+00:00", 
  "files": [], 
  "id": 805794, 
  "links": {
    "bucket": "https://zenodo.org/api/files/ad93c029-99c3-478d-8d84-a5ca1e4dcd9d", 
    "discard": "https://zenodo.org/api/deposit/depositions/805794/actions/discard", 
    "edit": "https://zenodo.org/api/deposit/depositions/805794/actions/edit", 
    "files": "https://zenodo.org/api/deposit/depositions/805794/files", 
    "html": "https://zenodo.org/deposit/805794", 
    "latest_draft": "https://zenodo.org/api/deposit/depositions/805794", 
    "latest_draft_html": "https://zenodo.org/deposit/805794", 
    "publish": "https://zenodo.org/api/deposit/depositions/805794/actions/publish", 
    "self": "https://zenodo.org/api/deposit/depositions/805794"
  }, 
  "metadata": {
    "access_right": "open", 
    "communities": [
      {
        "identifier": "biosyslit"
      }
    ], 
    "creators": [
      {
        "name": "Amosova, I.S."
      }
    ], 
    "description": "uploaded by Plazi from Taxodros", 
    "journal_pages": "495-499", 
    "journal_title": "Ent. Obozr.", 
    "journal_volume": "69", 
    "keywords": [
      "Biodiversity", 
      "Taxonomy", 
      "Animalia", 
      "Arthropoda", 
      "Insecta", 
      "Diptera", 
      "Drosophilidae", 
      "flies", 
      "fruit flies", 
      "terrestrial"
    ], 
    "license": "CC-BY-4.0", 
    "prereserve_doi": {
      "doi": "10.5281/zenodo.805794", 
      "recid": 805794
    }, 
    "publication_date": "1990-12-31", 
    "publication_type": "article", 
    "title": "Some indices of thermophily and heat resistance in two species of the genus Drosophila Fll. (Diptera, Drosophilidae). (in Russian, with English summary).", 
    "upload_type": "publication"
  }, 
  "modified": "2017-06-10T20:10:09.788142+00:00", 
  "owner": 1161, 
  "record_id": 805794, 
  "state": "unsubmitted", 
  "submitted": false, 
  "title": "Some indices of thermophily and heat resistance in two species of the genus Drosophila Fll. (Diptera, Drosophilidae). (in Russian, with English summary)."
}HTTP/1.1 100 Continue

HTTP/1.1 201 CREATED
Server: nginx/1.10.2
Date: Sat, 10 Jun 2017 20:10:13 GMT
Content-Type: application/json
Content-Length: 359
X-RateLimit-Limit: 5000
X-RateLimit-Remaining: 4998
X-RateLimit-Reset: 1497128967
Retry-After: 3553
Access-Control-Allow-Origin: *
Access-Control-Expose-Headers: Content-Type, ETag, Link, X-RateLimit-Limit, X-RateLimit-Remaining, X-RateLimit-Reset
X-Sentry-ID: None
Strict-Transport-Security: max-age=31536000

{"checksum": "f4de1f7e43a0c7ea8fe9478b6a9a5638", "filename": "amosova_1990.pdf", "filesize": 256830, "id": "e1a1151e-6cfe-4110-90a4-61cc6b8c9a6d", "links": {"download": "https://zenodo.org/api/files/ad93c029-99c3-478d-8d84-a5ca1e4dcd9d/amosova_1990.pdf", "self": "https://zenodo.org/api/deposit/depositions/805794/files/e1a1151e-6cfe-4110-90a4-61cc6b8c9a6d"}}HTTP/1.1 202 ACCEPTED
Server: nginx/1.10.2
Date: Sat, 10 Jun 2017 20:10:14 GMT
Content-Type: application/json
Content-Length: 2641
ETag: "2"
Last-Modified: Sat, 10 Jun 2017 20:10:14 GMT
Location: https://zenodo.org/api/deposit/depositions/805794
X-RateLimit-Limit: 5000
X-RateLimit-Remaining: 4999
X-RateLimit-Reset: 1497129014
Retry-After: 3599
Access-Control-Allow-Origin: *
Access-Control-Expose-Headers: Content-Type, ETag, Link, X-RateLimit-Limit, X-RateLimit-Remaining, X-RateLimit-Reset
X-Sentry-ID: None

{
  "conceptdoi": "10.5281/zenodo.805793", 
  "conceptrecid": "805793", 
  "created": "2017-06-10T20:10:09.788135+00:00", 
  "doi": "10.5281/zenodo.805794", 
  "doi_url": "https://doi.org/10.5281/zenodo.805794", 
  "files": [
    {
      "checksum": "f4de1f7e43a0c7ea8fe9478b6a9a5638", 
      "filename": "amosova_1990.pdf", 
      "filesize": 256830, 
      "id": "e1a1151e-6cfe-4110-90a4-61cc6b8c9a6d", 
      "links": {
        "download": "https://zenodo.org/api/files/ad93c029-99c3-478d-8d84-a5ca1e4dcd9d/amosova_1990.pdf", 
        "self": "https://zenodo.org/api/deposit/depositions/376790/files/e1a1151e-6cfe-4110-90a4-61cc6b8c9a6d"
      }
    }
  ], 
  "id": 805794, 
  "links": {
    "badge": "https://zenodo.org/badge/doi/10.5281/zenodo.805794.svg", 
    "bucket": "https://zenodo.org/api/files/ad93c029-99c3-478d-8d84-a5ca1e4dcd9d", 
    "conceptbadge": "https://zenodo.org/badge/doi/10.5281/zenodo.805793.svg", 
    "conceptdoi": "https://doi.org/10.5281/zenodo.805793", 
    "doi": "https://doi.org/10.5281/zenodo.805794", 
    "latest": "https://zenodo.org/api/records/805794", 
    "latest_html": "https://zenodo.org/record/805794", 
    "record": "https://zenodo.org/api/records/805794", 
    "record_html": "https://zenodo.org/record/805794"
  }, 
  "metadata": {
    "access_right": "open", 
    "communities": [
      {
        "identifier": "biosyslit"
      }, 
      {
        "identifier": "zenodo"
      }
    ], 
    "creators": [
      {
        "name": "Amosova, I.S."
      }
    ], 
    "description": "uploaded by Plazi from Taxodros", 
    "doi": "10.5281/zenodo.805794", 
    "journal_pages": "495-499", 
    "journal_title": "Ent. Obozr.", 
    "journal_volume": "69", 
    "keywords": [
      "Biodiversity", 
      "Taxonomy", 
      "Animalia", 
      "Arthropoda", 
      "Insecta", 
      "Diptera", 
      "Drosophilidae", 
      "flies", 
      "fruit flies", 
      "terrestrial"
    ], 
    "license": "CC-BY-4.0", 
    "prereserve_doi": {
      "doi": "10.5281/zenodo.805794", 
      "recid": 805794
    }, 
    "publication_date": "1990-12-31", 
    "publication_type": "article", 
    "title": "Some indices of thermophily and heat resistance in two species of the genus Drosophila Fll. (Diptera, Drosophilidae). (in Russian, with English summary).", 
    "upload_type": "publication"
  }, 
  "modified": "2017-06-10T20:10:14.537340+00:00", 
  "owner": 1161, 
  "record_id": 805794, 
  "state": "done", 
  "submitted": true, 
  "title": "Some indices of thermophily and heat resistance in two species of the genus Drosophila Fll. (Diptera, Drosophilidae). (in Russian, with English summary)."
}