{
  "conceptrecid": "805801", 
  "created": "2017-06-10T20:10:33.989562+00:00", 
  "files": [], 
  "id": 805802, 
  "links": {
    "bucket": "https://zenodo.org/api/files/b7a956fa-69d3-4f39-82aa-555311dd4415", 
    "discard": "https://zenodo.org/api/deposit/depositions/805802/actions/discard", 
    "edit": "https://zenodo.org/api/deposit/depositions/805802/actions/edit", 
    "files": "https://zenodo.org/api/deposit/depositions/805802/files", 
    "html": "https://zenodo.org/deposit/805802", 
    "latest_draft": "https://zenodo.org/api/deposit/depositions/805802", 
    "latest_draft_html": "https://zenodo.org/deposit/805802", 
    "publish": "https://zenodo.org/api/deposit/depositions/805802/actions/publish", 
    "self": "https://zenodo.org/api/deposit/depositions/805802"
  }, 
  "metadata": {
    "access_right": "open", 
    "communities": [
      {
        "identifier": "biosyslit"
      }
    ], 
    "creators": [
      {
        "name": "Amsel, H.G."
      }, 
      {
        "name": "Hering, M."
      }
    ], 
    "description": "uploaded by Plazi from Taxodros", 
    "journal_pages": "113-152", 
    "journal_title": "Dtsch. ent. Z.", 
    "journal_volume": "1931", 
    "keywords": [
      "Biodiversity", 
      "Taxonomy", 
      "Animalia", 
      "Arthropoda", 
      "Insecta", 
      "Diptera", 
      "Drosophilidae", 
      "flies", 
      "fruit flies", 
      "terrestrial"
    ], 
    "license": "CC-BY-4.0", 
    "prereserve_doi": {
      "doi": "10.5281/zenodo.805802", 
      "recid": 805802
    }, 
    "publication_date": "1931-12-31", 
    "publication_type": "article", 
    "title": "Beitrag zur Kenntnis der Minenfauna Palastinas.", 
    "upload_type": "publication"
  }, 
  "modified": "2017-06-10T20:10:33.989580+00:00", 
  "owner": 1161, 
  "record_id": 805802, 
  "state": "unsubmitted", 
  "submitted": false, 
  "title": "Beitrag zur Kenntnis der Minenfauna Palastinas."
}HTTP/1.1 100 Continue

HTTP/1.1 201 CREATED
Server: nginx/1.10.2
Date: Sat, 10 Jun 2017 20:10:36 GMT
Content-Type: application/json
Content-Length: 371
X-RateLimit-Limit: 5000
X-RateLimit-Remaining: 4999
X-RateLimit-Reset: 1497129035
Retry-After: 3598
Access-Control-Allow-Origin: *
Access-Control-Expose-Headers: Content-Type, ETag, Link, X-RateLimit-Limit, X-RateLimit-Remaining, X-RateLimit-Reset
X-Sentry-ID: None
Strict-Transport-Security: max-age=31536000

{"checksum": "0beea15672758ee1e4597545a3f7ba92", "filename": "amsel__hering_1931.pdf", "filesize": 111571, "id": "5d43a981-4230-4454-807a-fe3a41b109ea", "links": {"download": "https://zenodo.org/api/files/b7a956fa-69d3-4f39-82aa-555311dd4415/amsel__hering_1931.pdf", "self": "https://zenodo.org/api/deposit/depositions/805802/files/5d43a981-4230-4454-807a-fe3a41b109ea"}}HTTP/1.1 202 ACCEPTED
Server: nginx/1.10.2
Date: Sat, 10 Jun 2017 20:10:38 GMT
Content-Type: application/json
Content-Length: 2491
ETag: "2"
Last-Modified: Sat, 10 Jun 2017 20:10:38 GMT
Location: https://zenodo.org/api/deposit/depositions/805802
X-RateLimit-Limit: 5000
X-RateLimit-Remaining: 4998
X-RateLimit-Reset: 1497128921
Retry-After: 3482
Access-Control-Allow-Origin: *
Access-Control-Expose-Headers: Content-Type, ETag, Link, X-RateLimit-Limit, X-RateLimit-Remaining, X-RateLimit-Reset
X-Sentry-ID: None

{
  "conceptdoi": "10.5281/zenodo.805801", 
  "conceptrecid": "805801", 
  "created": "2017-06-10T20:10:33.989562+00:00", 
  "doi": "10.5281/zenodo.805802", 
  "doi_url": "https://doi.org/10.5281/zenodo.805802", 
  "files": [
    {
      "checksum": "0beea15672758ee1e4597545a3f7ba92", 
      "filename": "amsel__hering_1931.pdf", 
      "filesize": 111571, 
      "id": "5d43a981-4230-4454-807a-fe3a41b109ea", 
      "links": {
        "download": "https://zenodo.org/api/files/b7a956fa-69d3-4f39-82aa-555311dd4415/amsel__hering_1931.pdf", 
        "self": "https://zenodo.org/api/deposit/depositions/804689/files/5d43a981-4230-4454-807a-fe3a41b109ea"
      }
    }
  ], 
  "id": 805802, 
  "links": {
    "badge": "https://zenodo.org/badge/doi/10.5281/zenodo.805802.svg", 
    "bucket": "https://zenodo.org/api/files/b7a956fa-69d3-4f39-82aa-555311dd4415", 
    "conceptbadge": "https://zenodo.org/badge/doi/10.5281/zenodo.805801.svg", 
    "conceptdoi": "https://doi.org/10.5281/zenodo.805801", 
    "doi": "https://doi.org/10.5281/zenodo.805802", 
    "latest": "https://zenodo.org/api/records/805802", 
    "latest_html": "https://zenodo.org/record/805802", 
    "record": "https://zenodo.org/api/records/805802", 
    "record_html": "https://zenodo.org/record/805802"
  }, 
  "metadata": {
    "access_right": "open", 
    "communities": [
      {
        "identifier": "biosyslit"
      }, 
      {
        "identifier": "zenodo"
      }
    ], 
    "creators": [
      {
        "name": "Amsel, H.G."
      }, 
      {
        "name": "Hering, M."
      }
    ], 
    "description": "uploaded by Plazi from Taxodros", 
    "doi": "10.5281/zenodo.805802", 
    "journal_pages": "113-152", 
    "journal_title": "Dtsch. ent. Z.", 
    "journal_volume": "1931", 
    "keywords": [
      "Biodiversity", 
      "Taxonomy", 
      "Animalia", 
      "Arthropoda", 
      "Insecta", 
      "Diptera", 
      "Drosophilidae", 
      "flies", 
      "fruit flies", 
      "terrestrial"
    ], 
    "license": "CC-BY-4.0", 
    "prereserve_doi": {
      "doi": "10.5281/zenodo.805802", 
      "recid": 805802
    }, 
    "publication_date": "1931-12-31", 
    "publication_type": "article", 
    "title": "Beitrag zur Kenntnis der Minenfauna Palastinas.", 
    "upload_type": "publication"
  }, 
  "modified": "2017-06-10T20:10:38.027191+00:00", 
  "owner": 1161, 
  "record_id": 805802, 
  "state": "done", 
  "submitted": true, 
  "title": "Beitrag zur Kenntnis der Minenfauna Palastinas."
}