{
  "conceptrecid": "805803", 
  "created": "2017-06-10T20:10:39.261725+00:00", 
  "files": [], 
  "id": 805804, 
  "links": {
    "bucket": "https://zenodo.org/api/files/366be2ee-00ab-4492-8bee-baf8cb685a6d", 
    "discard": "https://zenodo.org/api/deposit/depositions/805804/actions/discard", 
    "edit": "https://zenodo.org/api/deposit/depositions/805804/actions/edit", 
    "files": "https://zenodo.org/api/deposit/depositions/805804/files", 
    "html": "https://zenodo.org/deposit/805804", 
    "latest_draft": "https://zenodo.org/api/deposit/depositions/805804", 
    "latest_draft_html": "https://zenodo.org/deposit/805804", 
    "publish": "https://zenodo.org/api/deposit/depositions/805804/actions/publish", 
    "self": "https://zenodo.org/api/deposit/depositions/805804"
  }, 
  "metadata": {
    "access_right": "open", 
    "communities": [
      {
        "identifier": "biosyslit"
      }
    ], 
    "creators": [
      {
        "name": "Am Stein, (J.R.)"
      }
    ], 
    "description": "uploaded by Plazi from Taxodros", 
    "journal_pages": "89-111", 
    "journal_title": "Jber. naturf. Ges. Graub.", 
    "journal_volume": "2", 
    "keywords": [
      "Biodiversity", 
      "Taxonomy", 
      "Animalia", 
      "Arthropoda", 
      "Insecta", 
      "Diptera", 
      "Drosophilidae", 
      "flies", 
      "fruit flies", 
      "terrestrial"
    ], 
    "license": "CC-BY-4.0", 
    "prereserve_doi": {
      "doi": "10.5281/zenodo.805804", 
      "recid": 805804
    }, 
    "publication_date": "1857-12-31", 
    "publication_type": "article", 
    "title": "Bundner Dipteren.", 
    "upload_type": "publication"
  }, 
  "modified": "2017-06-10T20:10:39.261731+00:00", 
  "owner": 1161, 
  "record_id": 805804, 
  "state": "unsubmitted", 
  "submitted": false, 
  "title": "Bundner Dipteren."
}HTTP/1.1 100 Continue

HTTP/1.1 201 CREATED
Server: nginx/1.10.2
Date: Sat, 10 Jun 2017 20:10:41 GMT
Content-Type: application/json
Content-Length: 358
X-RateLimit-Limit: 5000
X-RateLimit-Remaining: 4998
X-RateLimit-Reset: 1497128895
Retry-After: 3453
Access-Control-Allow-Origin: *
Access-Control-Expose-Headers: Content-Type, ETag, Link, X-RateLimit-Limit, X-RateLimit-Remaining, X-RateLimit-Reset
X-Sentry-ID: None
Strict-Transport-Security: max-age=31536000

{"checksum": "e7dec1ae8e88034d25eec6d2b57405d0", "filename": "amstein_1857.pdf", "filesize": 47025, "id": "4d9a2b28-f5f4-4dbf-9f97-15794e5c92fd", "links": {"download": "https://zenodo.org/api/files/366be2ee-00ab-4492-8bee-baf8cb685a6d/amstein_1857.pdf", "self": "https://zenodo.org/api/deposit/depositions/805804/files/4d9a2b28-f5f4-4dbf-9f97-15794e5c92fd"}}HTTP/1.1 202 ACCEPTED
Server: nginx/1.10.2
Date: Sat, 10 Jun 2017 20:10:43 GMT
Content-Type: application/json
Content-Length: 2383
ETag: "2"
Last-Modified: Sat, 10 Jun 2017 20:10:43 GMT
Location: https://zenodo.org/api/deposit/depositions/805804
X-RateLimit-Limit: 5000
X-RateLimit-Remaining: 4997
X-RateLimit-Reset: 1497128822
Retry-After: 3378
Access-Control-Allow-Origin: *
Access-Control-Expose-Headers: Content-Type, ETag, Link, X-RateLimit-Limit, X-RateLimit-Remaining, X-RateLimit-Reset
X-Sentry-ID: None

{
  "conceptdoi": "10.5281/zenodo.805803", 
  "conceptrecid": "805803", 
  "created": "2017-06-10T20:10:39.261725+00:00", 
  "doi": "10.5281/zenodo.805804", 
  "doi_url": "https://doi.org/10.5281/zenodo.805804", 
  "files": [
    {
      "checksum": "e7dec1ae8e88034d25eec6d2b57405d0", 
      "filename": "amstein_1857.pdf", 
      "filesize": 47025, 
      "id": "4d9a2b28-f5f4-4dbf-9f97-15794e5c92fd", 
      "links": {
        "download": "https://zenodo.org/api/files/366be2ee-00ab-4492-8bee-baf8cb685a6d/amstein_1857.pdf", 
        "self": "https://zenodo.org/api/deposit/depositions/142767/files/4d9a2b28-f5f4-4dbf-9f97-15794e5c92fd"
      }
    }
  ], 
  "id": 805804, 
  "links": {
    "badge": "https://zenodo.org/badge/doi/10.5281/zenodo.805804.svg", 
    "bucket": "https://zenodo.org/api/files/366be2ee-00ab-4492-8bee-baf8cb685a6d", 
    "conceptbadge": "https://zenodo.org/badge/doi/10.5281/zenodo.805803.svg", 
    "conceptdoi": "https://doi.org/10.5281/zenodo.805803", 
    "doi": "https://doi.org/10.5281/zenodo.805804", 
    "latest": "https://zenodo.org/api/records/805804", 
    "latest_html": "https://zenodo.org/record/805804", 
    "record": "https://zenodo.org/api/records/805804", 
    "record_html": "https://zenodo.org/record/805804"
  }, 
  "metadata": {
    "access_right": "open", 
    "communities": [
      {
        "identifier": "biosyslit"
      }, 
      {
        "identifier": "zenodo"
      }
    ], 
    "creators": [
      {
        "name": "Am Stein, (J.R.)"
      }
    ], 
    "description": "uploaded by Plazi from Taxodros", 
    "doi": "10.5281/zenodo.805804", 
    "journal_pages": "89-111", 
    "journal_title": "Jber. naturf. Ges. Graub.", 
    "journal_volume": "2", 
    "keywords": [
      "Biodiversity", 
      "Taxonomy", 
      "Animalia", 
      "Arthropoda", 
      "Insecta", 
      "Diptera", 
      "Drosophilidae", 
      "flies", 
      "fruit flies", 
      "terrestrial"
    ], 
    "license": "CC-BY-4.0", 
    "prereserve_doi": {
      "doi": "10.5281/zenodo.805804", 
      "recid": 805804
    }, 
    "publication_date": "1857-12-31", 
    "publication_type": "article", 
    "title": "Bundner Dipteren.", 
    "upload_type": "publication"
  }, 
  "modified": "2017-06-10T20:10:43.211669+00:00", 
  "owner": 1161, 
  "record_id": 805804, 
  "state": "done", 
  "submitted": true, 
  "title": "Bundner Dipteren."
}