{
  "conceptrecid": "805811", 
  "created": "2017-06-10T20:11:05.783784+00:00", 
  "files": [], 
  "id": 805812, 
  "links": {
    "bucket": "https://zenodo.org/api/files/91466452-f9d4-448d-b0de-0acd67bf8f89", 
    "discard": "https://zenodo.org/api/deposit/depositions/805812/actions/discard", 
    "edit": "https://zenodo.org/api/deposit/depositions/805812/actions/edit", 
    "files": "https://zenodo.org/api/deposit/depositions/805812/files", 
    "html": "https://zenodo.org/deposit/805812", 
    "latest_draft": "https://zenodo.org/api/deposit/depositions/805812", 
    "latest_draft_html": "https://zenodo.org/deposit/805812", 
    "publish": "https://zenodo.org/api/deposit/depositions/805812/actions/publish", 
    "self": "https://zenodo.org/api/deposit/depositions/805812"
  }, 
  "metadata": {
    "access_right": "closed", 
    "communities": [
      {
        "identifier": "biosyslit"
      }
    ], 
    "creators": [
      {
        "name": "Ananina, G."
      }, 
      {
        "name": "Peixoto, A.A."
      }, 
      {
        "name": "Bitner-Mathe, B.C."
      }, 
      {
        "name": "Souza, W.N."
      }, 
      {
        "name": "Basso da Silva, L."
      }, 
      {
        "name": "Valente, V.L.S."
      }, 
      {
        "name": "Klaczko, L.B."
      }
    ], 
    "description": "uploaded by Plazi from Taxodros", 
    "journal_pages": "61-69", 
    "journal_title": "Genet. and Molec. Biol.", 
    "journal_volume": "27", 
    "keywords": [
      "Biodiversity", 
      "Taxonomy", 
      "Animalia", 
      "Arthropoda", 
      "Insecta", 
      "Diptera", 
      "Drosophilidae", 
      "flies", 
      "fruit flies", 
      "terrestrial"
    ], 
    "prereserve_doi": {
      "doi": "10.5281/zenodo.805812", 
      "recid": 805812
    }, 
    "publication_date": "2004-12-31", 
    "publication_type": "article", 
    "title": "Chromosomal inversion polymorphism in Drosophila mediopunctata: seasonal, altitudinal, and latitudinal variation.", 
    "upload_type": "publication"
  }, 
  "modified": "2017-06-10T20:11:05.783790+00:00", 
  "owner": 1161, 
  "record_id": 805812, 
  "state": "unsubmitted", 
  "submitted": false, 
  "title": "Chromosomal inversion polymorphism in Drosophila mediopunctata: seasonal, altitudinal, and latitudinal variation."
}HTTP/1.1 100 Continue

HTTP/1.1 201 CREATED
Server: nginx/1.10.2
Date: Sat, 10 Jun 2017 20:11:09 GMT
Content-Type: application/json
Content-Length: 373
X-RateLimit-Limit: 5000
X-RateLimit-Remaining: 4999
X-RateLimit-Reset: 1497129067
Retry-After: 3597
Access-Control-Allow-Origin: *
Access-Control-Expose-Headers: Content-Type, ETag, Link, X-RateLimit-Limit, X-RateLimit-Remaining, X-RateLimit-Reset
X-Sentry-ID: None
Strict-Transport-Security: max-age=31536000

{"checksum": "766c57106d7615021bf7e160c35c7a3a", "filename": "ananina_et_al__2004.pdf", "filesize": 105826, "id": "be80880d-6f4e-4445-b499-0cbf3651bd9d", "links": {"download": "https://zenodo.org/api/files/91466452-f9d4-448d-b0de-0acd67bf8f89/ananina_et_al__2004.pdf", "self": "https://zenodo.org/api/deposit/depositions/805812/files/be80880d-6f4e-4445-b499-0cbf3651bd9d"}}HTTP/1.1 202 ACCEPTED
Server: nginx/1.10.2
Date: Sat, 10 Jun 2017 20:11:10 GMT
Content-Type: application/json
Content-Length: 2866
ETag: "2"
Last-Modified: Sat, 10 Jun 2017 20:11:10 GMT
Location: https://zenodo.org/api/deposit/depositions/805812
X-RateLimit-Limit: 5000
X-RateLimit-Remaining: 4999
X-RateLimit-Reset: 1497129070
Retry-After: 3599
Access-Control-Allow-Origin: *
Access-Control-Expose-Headers: Content-Type, ETag, Link, X-RateLimit-Limit, X-RateLimit-Remaining, X-RateLimit-Reset
X-Sentry-ID: None

{
  "conceptdoi": "10.5281/zenodo.805811", 
  "conceptrecid": "805811", 
  "created": "2017-06-10T20:11:05.783784+00:00", 
  "doi": "10.5281/zenodo.805812", 
  "doi_url": "https://doi.org/10.5281/zenodo.805812", 
  "files": [
    {
      "checksum": "766c57106d7615021bf7e160c35c7a3a", 
      "filename": "ananina_et_al__2004.pdf", 
      "filesize": 105826, 
      "id": "be80880d-6f4e-4445-b499-0cbf3651bd9d", 
      "links": {
        "download": "https://zenodo.org/api/files/91466452-f9d4-448d-b0de-0acd67bf8f89/ananina_et_al__2004.pdf", 
        "self": "https://zenodo.org/api/deposit/depositions/804689/files/be80880d-6f4e-4445-b499-0cbf3651bd9d"
      }
    }
  ], 
  "id": 805812, 
  "links": {
    "badge": "https://zenodo.org/badge/doi/10.5281/zenodo.805812.svg", 
    "bucket": "https://zenodo.org/api/files/91466452-f9d4-448d-b0de-0acd67bf8f89", 
    "conceptbadge": "https://zenodo.org/badge/doi/10.5281/zenodo.805811.svg", 
    "conceptdoi": "https://doi.org/10.5281/zenodo.805811", 
    "doi": "https://doi.org/10.5281/zenodo.805812", 
    "latest": "https://zenodo.org/api/records/805812", 
    "latest_html": "https://zenodo.org/record/805812", 
    "record": "https://zenodo.org/api/records/805812", 
    "record_html": "https://zenodo.org/record/805812"
  }, 
  "metadata": {
    "access_right": "closed", 
    "communities": [
      {
        "identifier": "biosyslit"
      }, 
      {
        "identifier": "zenodo"
      }
    ], 
    "creators": [
      {
        "name": "Ananina, G."
      }, 
      {
        "name": "Peixoto, A.A."
      }, 
      {
        "name": "Bitner-Mathe, B.C."
      }, 
      {
        "name": "Souza, W.N."
      }, 
      {
        "name": "Basso da Silva, L."
      }, 
      {
        "name": "Valente, V.L.S."
      }, 
      {
        "name": "Klaczko, L.B."
      }
    ], 
    "description": "uploaded by Plazi from Taxodros", 
    "doi": "10.5281/zenodo.805812", 
    "journal_pages": "61-69", 
    "journal_title": "Genet. and Molec. Biol.", 
    "journal_volume": "27", 
    "keywords": [
      "Biodiversity", 
      "Taxonomy", 
      "Animalia", 
      "Arthropoda", 
      "Insecta", 
      "Diptera", 
      "Drosophilidae", 
      "flies", 
      "fruit flies", 
      "terrestrial"
    ], 
    "prereserve_doi": {
      "doi": "10.5281/zenodo.805812", 
      "recid": 805812
    }, 
    "publication_date": "2004-12-31", 
    "publication_type": "article", 
    "title": "Chromosomal inversion polymorphism in Drosophila mediopunctata: seasonal, altitudinal, and latitudinal variation.", 
    "upload_type": "publication"
  }, 
  "modified": "2017-06-10T20:11:10.582490+00:00", 
  "owner": 1161, 
  "record_id": 805812, 
  "state": "done", 
  "submitted": true, 
  "title": "Chromosomal inversion polymorphism in Drosophila mediopunctata: seasonal, altitudinal, and latitudinal variation."
}