{
  "conceptrecid": "805807", 
  "created": "2017-06-10T20:10:49.467491+00:00", 
  "files": [], 
  "id": 805808, 
  "links": {
    "bucket": "https://zenodo.org/api/files/818fc3de-cc3d-490c-b284-7f86c19119d9", 
    "discard": "https://zenodo.org/api/deposit/depositions/805808/actions/discard", 
    "edit": "https://zenodo.org/api/deposit/depositions/805808/actions/edit", 
    "files": "https://zenodo.org/api/deposit/depositions/805808/files", 
    "html": "https://zenodo.org/deposit/805808", 
    "latest_draft": "https://zenodo.org/api/deposit/depositions/805808", 
    "latest_draft_html": "https://zenodo.org/deposit/805808", 
    "publish": "https://zenodo.org/api/deposit/depositions/805808/actions/publish", 
    "self": "https://zenodo.org/api/deposit/depositions/805808"
  }, 
  "metadata": {
    "access_right": "closed", 
    "communities": [
      {
        "identifier": "biosyslit"
      }
    ], 
    "creators": [
      {
        "name": "Ananina, G."
      }, 
      {
        "name": "Klaczko, L.B."
      }
    ], 
    "description": "uploaded by Plazi from Taxodros", 
    "journal_pages": "116-121", 
    "journal_title": "D. I. S.", 
    "journal_volume": "90", 
    "keywords": [
      "Biodiversity", 
      "Taxonomy", 
      "Animalia", 
      "Arthropoda", 
      "Insecta", 
      "Diptera", 
      "Drosophilidae", 
      "flies", 
      "fruit flies", 
      "terrestrial"
    ], 
    "prereserve_doi": {
      "doi": "10.5281/zenodo.805808", 
      "recid": 805808
    }, 
    "publication_date": "2007-12-31", 
    "publication_type": "article", 
    "title": "Endemic inversions in Brazilian populations of Drosophila melanogaster.", 
    "upload_type": "publication"
  }, 
  "modified": "2017-06-10T20:10:49.467498+00:00", 
  "owner": 1161, 
  "record_id": 805808, 
  "state": "unsubmitted", 
  "submitted": false, 
  "title": "Endemic inversions in Brazilian populations of Drosophila melanogaster."
}HTTP/1.1 100 Continue

HTTP/1.1 201 CREATED
Server: nginx/1.10.2
Date: Sat, 10 Jun 2017 20:10:54 GMT
Content-Type: application/json
Content-Length: 378
X-RateLimit-Limit: 5000
X-RateLimit-Remaining: 4999
X-RateLimit-Reset: 1497129050
Retry-After: 3595
Access-Control-Allow-Origin: *
Access-Control-Expose-Headers: Content-Type, ETag, Link, X-RateLimit-Limit, X-RateLimit-Remaining, X-RateLimit-Reset
X-Sentry-ID: None
Strict-Transport-Security: max-age=31536000

{"checksum": "9acaedde6d178e81c1576cdb7a6e5730", "filename": "ananina__klaczko_2007.pdf", "filesize": 1844665, "id": "b9607055-8b45-4616-82ed-b5c635a39353", "links": {"download": "https://zenodo.org/api/files/818fc3de-cc3d-490c-b284-7f86c19119d9/ananina__klaczko_2007.pdf", "self": "https://zenodo.org/api/deposit/depositions/805808/files/b9607055-8b45-4616-82ed-b5c635a39353"}}HTTP/1.1 202 ACCEPTED
Server: nginx/1.10.2
Date: Sat, 10 Jun 2017 20:10:55 GMT
Content-Type: application/json
Content-Length: 2514
ETag: "2"
Last-Modified: Sat, 10 Jun 2017 20:10:55 GMT
Location: https://zenodo.org/api/deposit/depositions/805808
X-RateLimit-Limit: 5000
X-RateLimit-Remaining: 4998
X-RateLimit-Reset: 1497128970
Retry-After: 3514
Access-Control-Allow-Origin: *
Access-Control-Expose-Headers: Content-Type, ETag, Link, X-RateLimit-Limit, X-RateLimit-Remaining, X-RateLimit-Reset
X-Sentry-ID: None

{
  "conceptdoi": "10.5281/zenodo.805807", 
  "conceptrecid": "805807", 
  "created": "2017-06-10T20:10:49.467491+00:00", 
  "doi": "10.5281/zenodo.805808", 
  "doi_url": "https://doi.org/10.5281/zenodo.805808", 
  "files": [
    {
      "checksum": "9acaedde6d178e81c1576cdb7a6e5730", 
      "filename": "ananina__klaczko_2007.pdf", 
      "filesize": 1844665, 
      "id": "b9607055-8b45-4616-82ed-b5c635a39353", 
      "links": {
        "download": "https://zenodo.org/api/files/818fc3de-cc3d-490c-b284-7f86c19119d9/ananina__klaczko_2007.pdf", 
        "self": "https://zenodo.org/api/deposit/depositions/804687/files/b9607055-8b45-4616-82ed-b5c635a39353"
      }
    }
  ], 
  "id": 805808, 
  "links": {
    "badge": "https://zenodo.org/badge/doi/10.5281/zenodo.805808.svg", 
    "bucket": "https://zenodo.org/api/files/818fc3de-cc3d-490c-b284-7f86c19119d9", 
    "conceptbadge": "https://zenodo.org/badge/doi/10.5281/zenodo.805807.svg", 
    "conceptdoi": "https://doi.org/10.5281/zenodo.805807", 
    "doi": "https://doi.org/10.5281/zenodo.805808", 
    "latest": "https://zenodo.org/api/records/805808", 
    "latest_html": "https://zenodo.org/record/805808", 
    "record": "https://zenodo.org/api/records/805808", 
    "record_html": "https://zenodo.org/record/805808"
  }, 
  "metadata": {
    "access_right": "closed", 
    "communities": [
      {
        "identifier": "biosyslit"
      }, 
      {
        "identifier": "zenodo"
      }
    ], 
    "creators": [
      {
        "name": "Ananina, G."
      }, 
      {
        "name": "Klaczko, L.B."
      }
    ], 
    "description": "uploaded by Plazi from Taxodros", 
    "doi": "10.5281/zenodo.805808", 
    "journal_pages": "116-121", 
    "journal_title": "D. I. S.", 
    "journal_volume": "90", 
    "keywords": [
      "Biodiversity", 
      "Taxonomy", 
      "Animalia", 
      "Arthropoda", 
      "Insecta", 
      "Diptera", 
      "Drosophilidae", 
      "flies", 
      "fruit flies", 
      "terrestrial"
    ], 
    "prereserve_doi": {
      "doi": "10.5281/zenodo.805808", 
      "recid": 805808
    }, 
    "publication_date": "2007-12-31", 
    "publication_type": "article", 
    "title": "Endemic inversions in Brazilian populations of Drosophila melanogaster.", 
    "upload_type": "publication"
  }, 
  "modified": "2017-06-10T20:10:55.575687+00:00", 
  "owner": 1161, 
  "record_id": 805808, 
  "state": "done", 
  "submitted": true, 
  "title": "Endemic inversions in Brazilian populations of Drosophila melanogaster."
}