{
  "conceptrecid": "805821", 
  "created": "2017-06-10T20:11:37.186879+00:00", 
  "files": [], 
  "id": 805822, 
  "links": {
    "bucket": "https://zenodo.org/api/files/f11a1aed-f78a-4310-88c6-6bb4b9b0aedc", 
    "discard": "https://zenodo.org/api/deposit/depositions/805822/actions/discard", 
    "edit": "https://zenodo.org/api/deposit/depositions/805822/actions/edit", 
    "files": "https://zenodo.org/api/deposit/depositions/805822/files", 
    "html": "https://zenodo.org/deposit/805822", 
    "latest_draft": "https://zenodo.org/api/deposit/depositions/805822", 
    "latest_draft_html": "https://zenodo.org/deposit/805822", 
    "publish": "https://zenodo.org/api/deposit/depositions/805822/actions/publish", 
    "self": "https://zenodo.org/api/deposit/depositions/805822"
  }, 
  "metadata": {
    "access_right": "closed", 
    "communities": [
      {
        "identifier": "biosyslit"
      }
    ], 
    "creators": [
      {
        "name": "Anderson, W.W."
      }, 
      {
        "name": "Kim, Y.-K."
      }
    ], 
    "description": "uploaded by Plazi from Taxodros", 
    "journal_pages": "305-312", 
    "journal_title": "Behav. Genet.", 
    "journal_volume": "35", 
    "keywords": [
      "Biodiversity", 
      "Taxonomy", 
      "Animalia", 
      "Arthropoda", 
      "Insecta", 
      "Diptera", 
      "Drosophilidae", 
      "flies", 
      "fruit flies", 
      "terrestrial"
    ], 
    "prereserve_doi": {
      "doi": "10.5281/zenodo.805822", 
      "recid": 805822
    }, 
    "publication_date": "2005-12-31", 
    "publication_type": "article", 
    "title": "Sexual Isolation Between Sympatric and Allopatric Populations of Drosophila pseudoobscura and D. persimilis.", 
    "upload_type": "publication"
  }, 
  "modified": "2017-06-10T20:11:37.186886+00:00", 
  "owner": 1161, 
  "record_id": 805822, 
  "state": "unsubmitted", 
  "submitted": false, 
  "title": "Sexual Isolation Between Sympatric and Allopatric Populations of Drosophila pseudoobscura and D. persimilis."
}HTTP/1.1 100 Continue

HTTP/1.1 201 CREATED
Server: nginx/1.10.2
Date: Sat, 10 Jun 2017 20:11:40 GMT
Content-Type: application/json
Content-Length: 371
X-RateLimit-Limit: 5000
X-RateLimit-Remaining: 4998
X-RateLimit-Reset: 1497128924
Retry-After: 3423
Access-Control-Allow-Origin: *
Access-Control-Expose-Headers: Content-Type, ETag, Link, X-RateLimit-Limit, X-RateLimit-Remaining, X-RateLimit-Reset
X-Sentry-ID: None
Strict-Transport-Security: max-age=31536000

{"checksum": "fbd6fd97ee65fe30535d2fd6238476e9", "filename": "anderson__kim_2005.pdf", "filesize": 296866, "id": "21d36756-24de-473a-ba7e-560eeccc4d31", "links": {"download": "https://zenodo.org/api/files/f11a1aed-f78a-4310-88c6-6bb4b9b0aedc/anderson__kim_2005.pdf", "self": "https://zenodo.org/api/deposit/depositions/805822/files/21d36756-24de-473a-ba7e-560eeccc4d31"}}HTTP/1.1 202 ACCEPTED
Server: nginx/1.10.2
Date: Sat, 10 Jun 2017 20:11:42 GMT
Content-Type: application/json
Content-Length: 2586
ETag: "2"
Last-Modified: Sat, 10 Jun 2017 20:11:41 GMT
Location: https://zenodo.org/api/deposit/depositions/805822
X-RateLimit-Limit: 5000
X-RateLimit-Remaining: 4998
X-RateLimit-Reset: 1497128854
Retry-After: 3351
Access-Control-Allow-Origin: *
Access-Control-Expose-Headers: Content-Type, ETag, Link, X-RateLimit-Limit, X-RateLimit-Remaining, X-RateLimit-Reset
X-Sentry-ID: None

{
  "conceptdoi": "10.5281/zenodo.805821", 
  "conceptrecid": "805821", 
  "created": "2017-06-10T20:11:37.186879+00:00", 
  "doi": "10.5281/zenodo.805822", 
  "doi_url": "https://doi.org/10.5281/zenodo.805822", 
  "files": [
    {
      "checksum": "fbd6fd97ee65fe30535d2fd6238476e9", 
      "filename": "anderson__kim_2005.pdf", 
      "filesize": 296866, 
      "id": "21d36756-24de-473a-ba7e-560eeccc4d31", 
      "links": {
        "download": "https://zenodo.org/api/files/f11a1aed-f78a-4310-88c6-6bb4b9b0aedc/anderson__kim_2005.pdf", 
        "self": "https://zenodo.org/api/deposit/depositions/322378/files/21d36756-24de-473a-ba7e-560eeccc4d31"
      }
    }
  ], 
  "id": 805822, 
  "links": {
    "badge": "https://zenodo.org/badge/doi/10.5281/zenodo.805822.svg", 
    "bucket": "https://zenodo.org/api/files/f11a1aed-f78a-4310-88c6-6bb4b9b0aedc", 
    "conceptbadge": "https://zenodo.org/badge/doi/10.5281/zenodo.805821.svg", 
    "conceptdoi": "https://doi.org/10.5281/zenodo.805821", 
    "doi": "https://doi.org/10.5281/zenodo.805822", 
    "latest": "https://zenodo.org/api/records/805822", 
    "latest_html": "https://zenodo.org/record/805822", 
    "record": "https://zenodo.org/api/records/805822", 
    "record_html": "https://zenodo.org/record/805822"
  }, 
  "metadata": {
    "access_right": "closed", 
    "communities": [
      {
        "identifier": "biosyslit"
      }, 
      {
        "identifier": "zenodo"
      }
    ], 
    "creators": [
      {
        "name": "Anderson, W.W."
      }, 
      {
        "name": "Kim, Y.-K."
      }
    ], 
    "description": "uploaded by Plazi from Taxodros", 
    "doi": "10.5281/zenodo.805822", 
    "journal_pages": "305-312", 
    "journal_title": "Behav. Genet.", 
    "journal_volume": "35", 
    "keywords": [
      "Biodiversity", 
      "Taxonomy", 
      "Animalia", 
      "Arthropoda", 
      "Insecta", 
      "Diptera", 
      "Drosophilidae", 
      "flies", 
      "fruit flies", 
      "terrestrial"
    ], 
    "prereserve_doi": {
      "doi": "10.5281/zenodo.805822", 
      "recid": 805822
    }, 
    "publication_date": "2005-12-31", 
    "publication_type": "article", 
    "title": "Sexual Isolation Between Sympatric and Allopatric Populations of Drosophila pseudoobscura and D. persimilis.", 
    "upload_type": "publication"
  }, 
  "modified": "2017-06-10T20:11:41.761070+00:00", 
  "owner": 1161, 
  "record_id": 805822, 
  "state": "done", 
  "submitted": true, 
  "title": "Sexual Isolation Between Sympatric and Allopatric Populations of Drosophila pseudoobscura and D. persimilis."
}