{
  "conceptrecid": "805823", 
  "created": "2017-06-10T20:11:42.981928+00:00", 
  "files": [], 
  "id": 805824, 
  "links": {
    "bucket": "https://zenodo.org/api/files/c5026b3c-fda0-4288-b938-d498c26d36d1", 
    "discard": "https://zenodo.org/api/deposit/depositions/805824/actions/discard", 
    "edit": "https://zenodo.org/api/deposit/depositions/805824/actions/edit", 
    "files": "https://zenodo.org/api/deposit/depositions/805824/files", 
    "html": "https://zenodo.org/deposit/805824", 
    "latest_draft": "https://zenodo.org/api/deposit/depositions/805824", 
    "latest_draft_html": "https://zenodo.org/deposit/805824", 
    "publish": "https://zenodo.org/api/deposit/depositions/805824/actions/publish", 
    "self": "https://zenodo.org/api/deposit/depositions/805824"
  }, 
  "metadata": {
    "access_right": "closed", 
    "communities": [
      {
        "identifier": "biosyslit"
      }
    ], 
    "creators": [
      {
        "name": "Anderson, W.W."
      }, 
      {
        "name": "Kim, Y.-K."
      }
    ], 
    "description": "uploaded by Plazi from Taxodros", 
    "journal_pages": "328-330", 
    "journal_title": "Behav. Genet.", 
    "journal_volume": "36", 
    "keywords": [
      "Biodiversity", 
      "Taxonomy", 
      "Animalia", 
      "Arthropoda", 
      "Insecta", 
      "Diptera", 
      "Drosophilidae", 
      "flies", 
      "fruit flies", 
      "terrestrial"
    ], 
    "prereserve_doi": {
      "doi": "10.5281/zenodo.805824", 
      "recid": 805824
    }, 
    "publication_date": "2006-12-31", 
    "publication_type": "article", 
    "title": "A Further Analysis of Sexual Isolation Between Sympatric and Allopatric Populations of Drosophila pseudoobscura and D. persimilis.", 
    "upload_type": "publication"
  }, 
  "modified": "2017-06-10T20:11:42.981934+00:00", 
  "owner": 1161, 
  "record_id": 805824, 
  "state": "unsubmitted", 
  "submitted": false, 
  "title": "A Further Analysis of Sexual Isolation Between Sympatric and Allopatric Populations of Drosophila pseudoobscura and D. persimilis."
}HTTP/1.1 100 Continue

HTTP/1.1 201 CREATED
Server: nginx/1.10.2
Date: Sat, 10 Jun 2017 20:11:45 GMT
Content-Type: application/json
Content-Length: 371
X-RateLimit-Limit: 5000
X-RateLimit-Remaining: 4997
X-RateLimit-Reset: 1497128974
Retry-After: 3468
Access-Control-Allow-Origin: *
Access-Control-Expose-Headers: Content-Type, ETag, Link, X-RateLimit-Limit, X-RateLimit-Remaining, X-RateLimit-Reset
X-Sentry-ID: None
Strict-Transport-Security: max-age=31536000

{"checksum": "b89ac21a76d6d15d69c3754543905ff5", "filename": "anderson__kim_2006.pdf", "filesize": 176951, "id": "09d8530f-05cb-480e-9137-2ea7cff7be32", "links": {"download": "https://zenodo.org/api/files/c5026b3c-fda0-4288-b938-d498c26d36d1/anderson__kim_2006.pdf", "self": "https://zenodo.org/api/deposit/depositions/805824/files/09d8530f-05cb-480e-9137-2ea7cff7be32"}}HTTP/1.1 202 ACCEPTED
Server: nginx/1.10.2
Date: Sat, 10 Jun 2017 20:11:47 GMT
Content-Type: application/json
Content-Length: 2630
ETag: "2"
Last-Modified: Sat, 10 Jun 2017 20:11:47 GMT
Location: https://zenodo.org/api/deposit/depositions/805824
X-RateLimit-Limit: 5000
X-RateLimit-Remaining: 4996
X-RateLimit-Reset: 1497128822
Retry-After: 3314
Access-Control-Allow-Origin: *
Access-Control-Expose-Headers: Content-Type, ETag, Link, X-RateLimit-Limit, X-RateLimit-Remaining, X-RateLimit-Reset
X-Sentry-ID: None

{
  "conceptdoi": "10.5281/zenodo.805823", 
  "conceptrecid": "805823", 
  "created": "2017-06-10T20:11:42.981928+00:00", 
  "doi": "10.5281/zenodo.805824", 
  "doi_url": "https://doi.org/10.5281/zenodo.805824", 
  "files": [
    {
      "checksum": "b89ac21a76d6d15d69c3754543905ff5", 
      "filename": "anderson__kim_2006.pdf", 
      "filesize": 176951, 
      "id": "09d8530f-05cb-480e-9137-2ea7cff7be32", 
      "links": {
        "download": "https://zenodo.org/api/files/c5026b3c-fda0-4288-b938-d498c26d36d1/anderson__kim_2006.pdf", 
        "self": "https://zenodo.org/api/deposit/depositions/142767/files/09d8530f-05cb-480e-9137-2ea7cff7be32"
      }
    }
  ], 
  "id": 805824, 
  "links": {
    "badge": "https://zenodo.org/badge/doi/10.5281/zenodo.805824.svg", 
    "bucket": "https://zenodo.org/api/files/c5026b3c-fda0-4288-b938-d498c26d36d1", 
    "conceptbadge": "https://zenodo.org/badge/doi/10.5281/zenodo.805823.svg", 
    "conceptdoi": "https://doi.org/10.5281/zenodo.805823", 
    "doi": "https://doi.org/10.5281/zenodo.805824", 
    "latest": "https://zenodo.org/api/records/805824", 
    "latest_html": "https://zenodo.org/record/805824", 
    "record": "https://zenodo.org/api/records/805824", 
    "record_html": "https://zenodo.org/record/805824"
  }, 
  "metadata": {
    "access_right": "closed", 
    "communities": [
      {
        "identifier": "biosyslit"
      }, 
      {
        "identifier": "zenodo"
      }
    ], 
    "creators": [
      {
        "name": "Anderson, W.W."
      }, 
      {
        "name": "Kim, Y.-K."
      }
    ], 
    "description": "uploaded by Plazi from Taxodros", 
    "doi": "10.5281/zenodo.805824", 
    "journal_pages": "328-330", 
    "journal_title": "Behav. Genet.", 
    "journal_volume": "36", 
    "keywords": [
      "Biodiversity", 
      "Taxonomy", 
      "Animalia", 
      "Arthropoda", 
      "Insecta", 
      "Diptera", 
      "Drosophilidae", 
      "flies", 
      "fruit flies", 
      "terrestrial"
    ], 
    "prereserve_doi": {
      "doi": "10.5281/zenodo.805824", 
      "recid": 805824
    }, 
    "publication_date": "2006-12-31", 
    "publication_type": "article", 
    "title": "A Further Analysis of Sexual Isolation Between Sympatric and Allopatric Populations of Drosophila pseudoobscura and D. persimilis.", 
    "upload_type": "publication"
  }, 
  "modified": "2017-06-10T20:11:47.220727+00:00", 
  "owner": 1161, 
  "record_id": 805824, 
  "state": "done", 
  "submitted": true, 
  "title": "A Further Analysis of Sexual Isolation Between Sympatric and Allopatric Populations of Drosophila pseudoobscura and D. persimilis."
}