{
  "conceptrecid": "805819", 
  "created": "2017-06-10T20:11:31.407379+00:00", 
  "files": [], 
  "id": 805820, 
  "links": {
    "bucket": "https://zenodo.org/api/files/0b2d4a13-3891-41a8-948d-d47f24baeb19", 
    "discard": "https://zenodo.org/api/deposit/depositions/805820/actions/discard", 
    "edit": "https://zenodo.org/api/deposit/depositions/805820/actions/edit", 
    "files": "https://zenodo.org/api/deposit/depositions/805820/files", 
    "html": "https://zenodo.org/deposit/805820", 
    "latest_draft": "https://zenodo.org/api/deposit/depositions/805820", 
    "latest_draft_html": "https://zenodo.org/deposit/805820", 
    "publish": "https://zenodo.org/api/deposit/depositions/805820/actions/publish", 
    "self": "https://zenodo.org/api/deposit/depositions/805820"
  }, 
  "metadata": {
    "access_right": "open", 
    "communities": [
      {
        "identifier": "biosyslit"
      }
    ], 
    "creators": [
      {
        "name": "Anderson, D.G."
      }, 
      {
        "name": "Gibson, J.B."
      }
    ], 
    "description": "uploaded by Plazi from Taxodros", 
    "journal_pages": "13-19", 
    "journal_title": "Genetica", 
    "journal_volume": "67", 
    "keywords": [
      "Biodiversity", 
      "Taxonomy", 
      "Animalia", 
      "Arthropoda", 
      "Insecta", 
      "Diptera", 
      "Drosophilidae", 
      "flies", 
      "fruit flies", 
      "terrestrial"
    ], 
    "license": "CC-BY-4.0", 
    "prereserve_doi": {
      "doi": "10.5281/zenodo.805820", 
      "recid": 805820
    }, 
    "publication_date": "1985-07-31", 
    "publication_type": "article", 
    "title": "Variation in alcohol dehydrogenase activity in vitro in flies from natural populations of Drosophila melanogaster.", 
    "upload_type": "publication"
  }, 
  "modified": "2017-06-10T20:11:31.407385+00:00", 
  "owner": 1161, 
  "record_id": 805820, 
  "state": "unsubmitted", 
  "submitted": false, 
  "title": "Variation in alcohol dehydrogenase activity in vitro in flies from natural populations of Drosophila melanogaster."
}HTTP/1.1 100 Continue

HTTP/1.1 201 CREATED
Server: nginx/1.10.2
Date: Sat, 10 Jun 2017 20:11:34 GMT
Content-Type: application/json
Content-Length: 377
X-RateLimit-Limit: 5000
X-RateLimit-Remaining: 4997
X-RateLimit-Reset: 1497128877
Retry-After: 3382
Access-Control-Allow-Origin: *
Access-Control-Expose-Headers: Content-Type, ETag, Link, X-RateLimit-Limit, X-RateLimit-Remaining, X-RateLimit-Reset
X-Sentry-ID: None
Strict-Transport-Security: max-age=31536000

{"checksum": "20210a035d58f0097808daaeb6f21a59", "filename": "anderson__gibson_1985.pdf", "filesize": 211042, "id": "0313723c-80bb-4390-91a0-0f42a9bc7761", "links": {"download": "https://zenodo.org/api/files/0b2d4a13-3891-41a8-948d-d47f24baeb19/anderson__gibson_1985.pdf", "self": "https://zenodo.org/api/deposit/depositions/805820/files/0313723c-80bb-4390-91a0-0f42a9bc7761"}}HTTP/1.1 202 ACCEPTED
Server: nginx/1.10.2
Date: Sat, 10 Jun 2017 20:11:36 GMT
Content-Type: application/json
Content-Length: 2626
ETag: "2"
Last-Modified: Sat, 10 Jun 2017 20:11:35 GMT
Location: https://zenodo.org/api/deposit/depositions/805820
X-RateLimit-Limit: 5000
X-RateLimit-Remaining: 4997
X-RateLimit-Reset: 1497128886
Retry-After: 3389
Access-Control-Allow-Origin: *
Access-Control-Expose-Headers: Content-Type, ETag, Link, X-RateLimit-Limit, X-RateLimit-Remaining, X-RateLimit-Reset
X-Sentry-ID: None

{
  "conceptdoi": "10.5281/zenodo.805819", 
  "conceptrecid": "805819", 
  "created": "2017-06-10T20:11:31.407379+00:00", 
  "doi": "10.5281/zenodo.805820", 
  "doi_url": "https://doi.org/10.5281/zenodo.805820", 
  "files": [
    {
      "checksum": "20210a035d58f0097808daaeb6f21a59", 
      "filename": "anderson__gibson_1985.pdf", 
      "filesize": 211042, 
      "id": "0313723c-80bb-4390-91a0-0f42a9bc7761", 
      "links": {
        "download": "https://zenodo.org/api/files/0b2d4a13-3891-41a8-948d-d47f24baeb19/anderson__gibson_1985.pdf", 
        "self": "https://zenodo.org/api/deposit/depositions/804771/files/0313723c-80bb-4390-91a0-0f42a9bc7761"
      }
    }
  ], 
  "id": 805820, 
  "links": {
    "badge": "https://zenodo.org/badge/doi/10.5281/zenodo.805820.svg", 
    "bucket": "https://zenodo.org/api/files/0b2d4a13-3891-41a8-948d-d47f24baeb19", 
    "conceptbadge": "https://zenodo.org/badge/doi/10.5281/zenodo.805819.svg", 
    "conceptdoi": "https://doi.org/10.5281/zenodo.805819", 
    "doi": "https://doi.org/10.5281/zenodo.805820", 
    "latest": "https://zenodo.org/api/records/805820", 
    "latest_html": "https://zenodo.org/record/805820", 
    "record": "https://zenodo.org/api/records/805820", 
    "record_html": "https://zenodo.org/record/805820"
  }, 
  "metadata": {
    "access_right": "open", 
    "communities": [
      {
        "identifier": "biosyslit"
      }, 
      {
        "identifier": "zenodo"
      }
    ], 
    "creators": [
      {
        "name": "Anderson, D.G."
      }, 
      {
        "name": "Gibson, J.B."
      }
    ], 
    "description": "uploaded by Plazi from Taxodros", 
    "doi": "10.5281/zenodo.805820", 
    "journal_pages": "13-19", 
    "journal_title": "Genetica", 
    "journal_volume": "67", 
    "keywords": [
      "Biodiversity", 
      "Taxonomy", 
      "Animalia", 
      "Arthropoda", 
      "Insecta", 
      "Diptera", 
      "Drosophilidae", 
      "flies", 
      "fruit flies", 
      "terrestrial"
    ], 
    "license": "CC-BY-4.0", 
    "prereserve_doi": {
      "doi": "10.5281/zenodo.805820", 
      "recid": 805820
    }, 
    "publication_date": "1985-07-31", 
    "publication_type": "article", 
    "title": "Variation in alcohol dehydrogenase activity in vitro in flies from natural populations of Drosophila melanogaster.", 
    "upload_type": "publication"
  }, 
  "modified": "2017-06-10T20:11:35.853937+00:00", 
  "owner": 1161, 
  "record_id": 805820, 
  "state": "done", 
  "submitted": true, 
  "title": "Variation in alcohol dehydrogenase activity in vitro in flies from natural populations of Drosophila melanogaster."
}