{
  "conceptrecid": "805829", 
  "created": "2017-06-10T20:12:00.415329+00:00", 
  "files": [], 
  "id": 805830, 
  "links": {
    "bucket": "https://zenodo.org/api/files/909f2c04-0d45-4b4e-9ff4-f61f38ad3db2", 
    "discard": "https://zenodo.org/api/deposit/depositions/805830/actions/discard", 
    "edit": "https://zenodo.org/api/deposit/depositions/805830/actions/edit", 
    "files": "https://zenodo.org/api/deposit/depositions/805830/files", 
    "html": "https://zenodo.org/deposit/805830", 
    "latest_draft": "https://zenodo.org/api/deposit/depositions/805830", 
    "latest_draft_html": "https://zenodo.org/deposit/805830", 
    "publish": "https://zenodo.org/api/deposit/depositions/805830/actions/publish", 
    "self": "https://zenodo.org/api/deposit/depositions/805830"
  }, 
  "metadata": {
    "access_right": "open", 
    "communities": [
      {
        "identifier": "biosyslit"
      }
    ], 
    "creators": [
      {
        "name": "Anderson, P.R."
      }, 
      {
        "name": "Oakeshott, J.G."
      }
    ], 
    "description": "uploaded by Plazi from Taxodros", 
    "journal_pages": "185-190", 
    "journal_title": "Hereditas", 
    "journal_volume": "56", 
    "keywords": [
      "Biodiversity", 
      "Taxonomy", 
      "Animalia", 
      "Arthropoda", 
      "Insecta", 
      "Diptera", 
      "Drosophilidae", 
      "flies", 
      "fruit flies", 
      "terrestrial"
    ], 
    "license": "CC-BY-4.0", 
    "prereserve_doi": {
      "doi": "10.5281/zenodo.805830", 
      "recid": 805830
    }, 
    "publication_date": "1986-04-30", 
    "publication_type": "article", 
    "title": "Ethanol tolerance and alcohol dehydrogenase activity in Australian populations of Drosophila simulans.", 
    "upload_type": "publication"
  }, 
  "modified": "2017-06-10T20:12:00.415336+00:00", 
  "owner": 1161, 
  "record_id": 805830, 
  "state": "unsubmitted", 
  "submitted": false, 
  "title": "Ethanol tolerance and alcohol dehydrogenase activity in Australian populations of Drosophila simulans."
}HTTP/1.1 100 Continue

HTTP/1.1 201 CREATED
Server: nginx/1.10.2
Date: Sat, 10 Jun 2017 20:12:09 GMT
Content-Type: application/json
Content-Length: 383
X-RateLimit-Limit: 5000
X-RateLimit-Remaining: 4996
X-RateLimit-Reset: 1497128877
Retry-After: 3347
Access-Control-Allow-Origin: *
Access-Control-Expose-Headers: Content-Type, ETag, Link, X-RateLimit-Limit, X-RateLimit-Remaining, X-RateLimit-Reset
X-Sentry-ID: None
Strict-Transport-Security: max-age=31536000

{"checksum": "b520c393bb3f20413cef3c96febd4cf5", "filename": "anderson__oakeshott_1986.pdf", "filesize": 237652, "id": "da0badcf-6e2b-445b-bd87-778ba5de4274", "links": {"download": "https://zenodo.org/api/files/909f2c04-0d45-4b4e-9ff4-f61f38ad3db2/anderson__oakeshott_1986.pdf", "self": "https://zenodo.org/api/deposit/depositions/805830/files/da0badcf-6e2b-445b-bd87-778ba5de4274"}}HTTP/1.1 202 ACCEPTED
Server: nginx/1.10.2
Date: Sat, 10 Jun 2017 20:12:11 GMT
Content-Type: application/json
Content-Length: 2614
ETag: "2"
Last-Modified: Sat, 10 Jun 2017 20:12:10 GMT
Location: https://zenodo.org/api/deposit/depositions/805830
X-RateLimit-Limit: 5000
X-RateLimit-Remaining: 4999
X-RateLimit-Reset: 1497129130
Retry-After: 3598
Access-Control-Allow-Origin: *
Access-Control-Expose-Headers: Content-Type, ETag, Link, X-RateLimit-Limit, X-RateLimit-Remaining, X-RateLimit-Reset
X-Sentry-ID: None

{
  "conceptdoi": "10.5281/zenodo.805829", 
  "conceptrecid": "805829", 
  "created": "2017-06-10T20:12:00.415329+00:00", 
  "doi": "10.5281/zenodo.805830", 
  "doi_url": "https://doi.org/10.5281/zenodo.805830", 
  "files": [
    {
      "checksum": "b520c393bb3f20413cef3c96febd4cf5", 
      "filename": "anderson__oakeshott_1986.pdf", 
      "filesize": 237652, 
      "id": "da0badcf-6e2b-445b-bd87-778ba5de4274", 
      "links": {
        "download": "https://zenodo.org/api/files/909f2c04-0d45-4b4e-9ff4-f61f38ad3db2/anderson__oakeshott_1986.pdf", 
        "self": "https://zenodo.org/api/deposit/depositions/804689/files/da0badcf-6e2b-445b-bd87-778ba5de4274"
      }
    }
  ], 
  "id": 805830, 
  "links": {
    "badge": "https://zenodo.org/badge/doi/10.5281/zenodo.805830.svg", 
    "bucket": "https://zenodo.org/api/files/909f2c04-0d45-4b4e-9ff4-f61f38ad3db2", 
    "conceptbadge": "https://zenodo.org/badge/doi/10.5281/zenodo.805829.svg", 
    "conceptdoi": "https://doi.org/10.5281/zenodo.805829", 
    "doi": "https://doi.org/10.5281/zenodo.805830", 
    "latest": "https://zenodo.org/api/records/805830", 
    "latest_html": "https://zenodo.org/record/805830", 
    "record": "https://zenodo.org/api/records/805830", 
    "record_html": "https://zenodo.org/record/805830"
  }, 
  "metadata": {
    "access_right": "open", 
    "communities": [
      {
        "identifier": "biosyslit"
      }, 
      {
        "identifier": "zenodo"
      }
    ], 
    "creators": [
      {
        "name": "Anderson, P.R."
      }, 
      {
        "name": "Oakeshott, J.G."
      }
    ], 
    "description": "uploaded by Plazi from Taxodros", 
    "doi": "10.5281/zenodo.805830", 
    "journal_pages": "185-190", 
    "journal_title": "Hereditas", 
    "journal_volume": "56", 
    "keywords": [
      "Biodiversity", 
      "Taxonomy", 
      "Animalia", 
      "Arthropoda", 
      "Insecta", 
      "Diptera", 
      "Drosophilidae", 
      "flies", 
      "fruit flies", 
      "terrestrial"
    ], 
    "license": "CC-BY-4.0", 
    "prereserve_doi": {
      "doi": "10.5281/zenodo.805830", 
      "recid": 805830
    }, 
    "publication_date": "1986-04-30", 
    "publication_type": "article", 
    "title": "Ethanol tolerance and alcohol dehydrogenase activity in Australian populations of Drosophila simulans.", 
    "upload_type": "publication"
  }, 
  "modified": "2017-06-10T20:12:10.817725+00:00", 
  "owner": 1161, 
  "record_id": 805830, 
  "state": "done", 
  "submitted": true, 
  "title": "Ethanol tolerance and alcohol dehydrogenase activity in Australian populations of Drosophila simulans."
}