{
  "conceptrecid": "805815", 
  "created": "2017-06-10T20:11:18.192911+00:00", 
  "files": [], 
  "id": 805816, 
  "links": {
    "bucket": "https://zenodo.org/api/files/700bd730-b6dd-4f72-a3b4-084ac3f6bb49", 
    "discard": "https://zenodo.org/api/deposit/depositions/805816/actions/discard", 
    "edit": "https://zenodo.org/api/deposit/depositions/805816/actions/edit", 
    "files": "https://zenodo.org/api/deposit/depositions/805816/files", 
    "html": "https://zenodo.org/deposit/805816", 
    "latest_draft": "https://zenodo.org/api/deposit/depositions/805816", 
    "latest_draft_html": "https://zenodo.org/deposit/805816", 
    "publish": "https://zenodo.org/api/deposit/depositions/805816/actions/publish", 
    "self": "https://zenodo.org/api/deposit/depositions/805816"
  }, 
  "metadata": {
    "access_right": "closed", 
    "communities": [
      {
        "identifier": "biosyslit"
      }
    ], 
    "creators": [
      {
        "name": "Andersen, D.H."
      }, 
      {
        "name": "Pertoldi, C."
      }, 
      {
        "name": "Scali, V."
      }, 
      {
        "name": "Loeschcke, V."
      }
    ], 
    "description": "uploaded by Plazi from Taxodros", 
    "journal_pages": "603-621", 
    "journal_title": "Evol. Ecol. Res.", 
    "journal_volume": "4", 
    "keywords": [
      "Biodiversity", 
      "Taxonomy", 
      "Animalia", 
      "Arthropoda", 
      "Insecta", 
      "Diptera", 
      "Drosophilidae", 
      "flies", 
      "fruit flies", 
      "terrestrial"
    ], 
    "prereserve_doi": {
      "doi": "10.5281/zenodo.805816", 
      "recid": 805816
    }, 
    "publication_date": "2002-12-31", 
    "publication_type": "article", 
    "title": "Intraspecific hybridization, developmental stability and fitness in Drosophila mercatorum.", 
    "upload_type": "publication"
  }, 
  "modified": "2017-06-10T20:11:18.192919+00:00", 
  "owner": 1161, 
  "record_id": 805816, 
  "state": "unsubmitted", 
  "submitted": false, 
  "title": "Intraspecific hybridization, developmental stability and fitness in Drosophila mercatorum."
}HTTP/1.1 100 Continue

HTTP/1.1 201 CREATED
Server: nginx/1.10.2
Date: Sat, 10 Jun 2017 20:11:23 GMT
Content-Type: application/json
Content-Length: 375
X-RateLimit-Limit: 5000
X-RateLimit-Remaining: 4998
X-RateLimit-Reset: 1497128913
Retry-After: 3429
Access-Control-Allow-Origin: *
Access-Control-Expose-Headers: Content-Type, ETag, Link, X-RateLimit-Limit, X-RateLimit-Remaining, X-RateLimit-Reset
X-Sentry-ID: None
Strict-Transport-Security: max-age=31536000

{"checksum": "2f2e85f6755cd172f69b864d7af5d44c", "filename": "andersen_et_al__2002.pdf", "filesize": 185810, "id": "01b7dc0e-732e-4785-8d92-299b95339271", "links": {"download": "https://zenodo.org/api/files/700bd730-b6dd-4f72-a3b4-084ac3f6bb49/andersen_et_al__2002.pdf", "self": "https://zenodo.org/api/deposit/depositions/805816/files/01b7dc0e-732e-4785-8d92-299b95339271"}}HTTP/1.1 202 ACCEPTED
Server: nginx/1.10.2
Date: Sat, 10 Jun 2017 20:11:25 GMT
Content-Type: application/json
Content-Length: 2654
ETag: "2"
Last-Modified: Sat, 10 Jun 2017 20:11:25 GMT
Location: https://zenodo.org/api/deposit/depositions/805816
X-RateLimit-Limit: 5000
X-RateLimit-Remaining: 4997
X-RateLimit-Reset: 1497129001
Retry-After: 3515
Access-Control-Allow-Origin: *
Access-Control-Expose-Headers: Content-Type, ETag, Link, X-RateLimit-Limit, X-RateLimit-Remaining, X-RateLimit-Reset
X-Sentry-ID: None

{
  "conceptdoi": "10.5281/zenodo.805815", 
  "conceptrecid": "805815", 
  "created": "2017-06-10T20:11:18.192911+00:00", 
  "doi": "10.5281/zenodo.805816", 
  "doi_url": "https://doi.org/10.5281/zenodo.805816", 
  "files": [
    {
      "checksum": "2f2e85f6755cd172f69b864d7af5d44c", 
      "filename": "andersen_et_al__2002.pdf", 
      "filesize": 185810, 
      "id": "01b7dc0e-732e-4785-8d92-299b95339271", 
      "links": {
        "download": "https://zenodo.org/api/files/700bd730-b6dd-4f72-a3b4-084ac3f6bb49/andersen_et_al__2002.pdf", 
        "self": "https://zenodo.org/api/deposit/depositions/155396/files/01b7dc0e-732e-4785-8d92-299b95339271"
      }
    }
  ], 
  "id": 805816, 
  "links": {
    "badge": "https://zenodo.org/badge/doi/10.5281/zenodo.805816.svg", 
    "bucket": "https://zenodo.org/api/files/700bd730-b6dd-4f72-a3b4-084ac3f6bb49", 
    "conceptbadge": "https://zenodo.org/badge/doi/10.5281/zenodo.805815.svg", 
    "conceptdoi": "https://doi.org/10.5281/zenodo.805815", 
    "doi": "https://doi.org/10.5281/zenodo.805816", 
    "latest": "https://zenodo.org/api/records/805816", 
    "latest_html": "https://zenodo.org/record/805816", 
    "record": "https://zenodo.org/api/records/805816", 
    "record_html": "https://zenodo.org/record/805816"
  }, 
  "metadata": {
    "access_right": "closed", 
    "communities": [
      {
        "identifier": "biosyslit"
      }, 
      {
        "identifier": "zenodo"
      }
    ], 
    "creators": [
      {
        "name": "Andersen, D.H."
      }, 
      {
        "name": "Pertoldi, C."
      }, 
      {
        "name": "Scali, V."
      }, 
      {
        "name": "Loeschcke, V."
      }
    ], 
    "description": "uploaded by Plazi from Taxodros", 
    "doi": "10.5281/zenodo.805816", 
    "journal_pages": "603-621", 
    "journal_title": "Evol. Ecol. Res.", 
    "journal_volume": "4", 
    "keywords": [
      "Biodiversity", 
      "Taxonomy", 
      "Animalia", 
      "Arthropoda", 
      "Insecta", 
      "Diptera", 
      "Drosophilidae", 
      "flies", 
      "fruit flies", 
      "terrestrial"
    ], 
    "prereserve_doi": {
      "doi": "10.5281/zenodo.805816", 
      "recid": 805816
    }, 
    "publication_date": "2002-12-31", 
    "publication_type": "article", 
    "title": "Intraspecific hybridization, developmental stability and fitness in Drosophila mercatorum.", 
    "upload_type": "publication"
  }, 
  "modified": "2017-06-10T20:11:25.111288+00:00", 
  "owner": 1161, 
  "record_id": 805816, 
  "state": "done", 
  "submitted": true, 
  "title": "Intraspecific hybridization, developmental stability and fitness in Drosophila mercatorum."
}