{"status": 400, "message": "Validation error.", "errors": [{"field": "metadata.publication_date", "message": "Not a valid date."}]}HTTP/1.1 100 Continue

HTTP/1.1 404 NOT FOUND
Server: nginx/1.10.2
Date: Sat, 10 Jun 2017 13:12:56 GMT
Content-Type: application/json
Content-Length: 49
Access-Control-Allow-Origin: *
Access-Control-Expose-Headers: Content-Type, ETag, Link, X-RateLimit-Limit, X-RateLimit-Remaining, X-RateLimit-Reset
X-RateLimit-Limit: 5000
X-RateLimit-Remaining: 4999
X-RateLimit-Reset: 1497103974
Retry-After: 3597
X-Sentry-ID: None

{"status": 404, "message": "PID does not exist."}HTTP/1.1 404 NOT FOUND
Server: nginx/1.10.2
Date: Sat, 10 Jun 2017 13:12:58 GMT
Content-Type: application/json
Content-Length: 49
Access-Control-Allow-Origin: *
Access-Control-Expose-Headers: Content-Type, ETag, Link, X-RateLimit-Limit, X-RateLimit-Remaining, X-RateLimit-Reset
X-RateLimit-Limit: 5000
X-RateLimit-Remaining: 4999
X-RateLimit-Reset: 1497103978
Retry-After: 3599
X-Sentry-ID: None

{"status": 404, "message": "PID does not exist."}